        INFO: cmd_ln.c(691): Parsing command line:
pocketsphinx_batch \
	-hmm /home/jerrin/Documents/project/main upload/chakka/trained data builds/tuttorialchakka_1/chakka/model_parameters/chakka.cd_cont_200 \
	-lw 10 \
	-feat 1s_c_d_dd \
	-beam 1e-80 \
	-wbeam 1e-40 \
	-dict /home/jerrin/Documents/project/main upload/chakka/trained data builds/tuttorialchakka_1/chakka/etc/chakka.dic \
	-lm /home/jerrin/Documents/project/main upload/chakka/trained data builds/tuttorialchakka_1/chakka/etc/chakka.lm.DMP \
	-wip 0.2 \
	-ctl /home/jerrin/Documents/project/main upload/chakka/trained data builds/tuttorialchakka_1/chakka/etc/chakka_test.fileids \
	-ctloffset 0 \
	-ctlcount 560 \
	-cepdir /home/jerrin/Documents/project/main upload/chakka/trained data builds/tuttorialchakka_1/chakka/feat \
	-cepext .mfc \
	-hyp /home/jerrin/Documents/project/main upload/chakka/trained data builds/tuttorialchakka_1/chakka/result/chakka-1-1.match \
	-agc none \
	-varnorm no \
	-cmn current 

Current configuration:
[NAME]		[DEFLT]		[VALUE]
-adchdr		0		0
-adcin		no		no
-agc		none		none
-agcthresh	2.0		2.000000e+00
-alpha		0.97		9.700000e-01
-argfile			
-ascale		20.0		2.000000e+01
-aw		1		1
-backtrace	no		no
-beam		1e-48		1.000000e-80
-bestpath	yes		yes
-bestpathlw	9.5		9.500000e+00
-bghist		no		no
-build_outdirs	yes		yes
-cepdir				/home/jerrin/Documents/project/main upload/chakka/trained data builds/tuttorialchakka_1/chakka/feat
-cepext		.mfc		.mfc
-ceplen		13		13
-cmn		current		current
-cmninit	8.0		8.0
-compallsen	no		no
-ctl				/home/jerrin/Documents/project/main upload/chakka/trained data builds/tuttorialchakka_1/chakka/etc/chakka_test.fileids
-ctlcount	-1		560
-ctlincr	1		1
-ctloffset	0		0
-ctm				
-debug				0
-dict				/home/jerrin/Documents/project/main upload/chakka/trained data builds/tuttorialchakka_1/chakka/etc/chakka.dic
-dictcase	no		no
-dither		no		no
-doublebw	no		no
-ds		1		1
-fdict				
-feat		1s_c_d_dd	1s_c_d_dd
-featparams			
-fillprob	1e-8		1.000000e-08
-frate		100		100
-fsg				
-fsgctl				
-fsgdir				
-fsgext				
-fsgusealtpron	yes		yes
-fsgusefiller	yes		yes
-fwdflat	yes		yes
-fwdflatbeam	1e-64		1.000000e-64
-fwdflatefwid	4		4
-fwdflatlw	8.5		8.500000e+00
-fwdflatsfwin	25		25
-fwdflatwbeam	7e-29		7.000000e-29
-fwdtree	yes		yes
-hmm				/home/jerrin/Documents/project/main upload/chakka/trained data builds/tuttorialchakka_1/chakka/model_parameters/chakka.cd_cont_200
-hyp				/home/jerrin/Documents/project/main upload/chakka/trained data builds/tuttorialchakka_1/chakka/result/chakka-1-1.match
-hypseg				
-input_endian	little		little
-jsgf				
-kdmaxbbi	-1		-1
-kdmaxdepth	0		0
-kdtree				
-latsize	5000		5000
-lda				
-ldadim		0		0
-lextreedump	0		0
-lifter		0		0
-lm				/home/jerrin/Documents/project/main upload/chakka/trained data builds/tuttorialchakka_1/chakka/etc/chakka.lm.DMP
-lmctl				
-lmname		default		default
-lmnamectl			
-logbase	1.0001		1.000100e+00
-logfn				
-logspec	no		no
-lowerf		133.33334	1.333333e+02
-lpbeam		1e-40		1.000000e-40
-lponlybeam	7e-29		7.000000e-29
-lw		6.5		1.000000e+01
-maxhmmpf	-1		-1
-maxnewoov	20		20
-maxwpf		-1		-1
-mdef				
-mean				
-mfclogdir			
-min_endfr	0		0
-mixw				
-mixwfloor	0.0000001	1.000000e-07
-mllr				
-mllrctl			
-mllrdir			
-mllrext			
-mmap		yes		yes
-nbest		0		0
-nbestdir			
-nbestext	.hyp		.hyp
-ncep		13		13
-nfft		512		512
-nfilt		40		40
-nwpen		1.0		1.000000e+00
-outlatbeam	1e-5		1.000000e-05
-outlatdir			
-outlatext	.lat		.lat
-outlatfmt	s3		s3
-pbeam		1e-48		1.000000e-48
-pip		1.0		1.000000e+00
-pl_beam	1e-10		1.000000e-10
-pl_pbeam	1e-5		1.000000e-05
-pl_window	0		0
-rawlogdir			
-remove_dc	no		no
-round_filters	yes		yes
-samprate	16000		1.600000e+04
-seed		-1		-1
-sendump			
-senin		no		no
-senlogdir			
-senmgau			
-silprob	0.005		5.000000e-03
-smoothspec	no		no
-svspec				
-tmat				
-tmatfloor	0.0001		1.000000e-04
-topn		4		4
-topn_beam	0		0
-toprule			
-transform	legacy		legacy
-unit_area	yes		yes
-upperf		6855.4976	6.855498e+03
-usewdphones	no		no
-uw		1.0		1.000000e+00
-var				
-varfloor	0.0001		1.000000e-04
-varnorm	no		no
-verbose	no		no
-warp_params			
-warp_type	inverse_linear	inverse_linear
-wbeam		7e-29		1.000000e-40
-wip		0.65		2.000000e-01
-wlen		0.025625	2.562500e-02

INFO: cmd_ln.c(691): Parsing command line:
\
	-nfilt 40 \
	-lowerf 133.3334 \
	-upperf 6855.4976 \
	-feat 1s_c_d_dd \
	-agc none \
	-cmn current \
	-varnorm no 

Current configuration:
[NAME]		[DEFLT]		[VALUE]
-agc		none		none
-agcthresh	2.0		2.000000e+00
-alpha		0.97		9.700000e-01
-ceplen		13		13
-cmn		current		current
-cmninit	8.0		8.0
-dither		no		no
-doublebw	no		no
-feat		1s_c_d_dd	1s_c_d_dd
-frate		100		100
-input_endian	little		little
-lda				
-ldadim		0		0
-lifter		0		0
-logspec	no		no
-lowerf		133.33334	1.333334e+02
-ncep		13		13
-nfft		512		512
-nfilt		40		40
-remove_dc	no		no
-round_filters	yes		yes
-samprate	16000		1.600000e+04
-seed		-1		-1
-smoothspec	no		no
-svspec				
-transform	legacy		legacy
-unit_area	yes		yes
-upperf		6855.4976	6.855498e+03
-varnorm	no		no
-verbose	no		no
-warp_params			
-warp_type	inverse_linear	inverse_linear
-wlen		0.025625	2.562500e-02

INFO: acmod.c(246): Parsed model-specific feature parameters from /home/jerrin/Documents/project/main upload/chakka/trained data builds/tuttorialchakka_1/chakka/model_parameters/chakka.cd_cont_200/feat.params
INFO: feat.c(713): Initializing feature stream to type: '1s_c_d_dd', ceplen=13, CMN='current', VARNORM='no', AGC='none'
INFO: cmn.c(142): mean[0]= 12.00, mean[1..12]= 0.0
INFO: mdef.c(517): Reading model definition: /home/jerrin/Documents/project/main upload/chakka/trained data builds/tuttorialchakka_1/chakka/model_parameters/chakka.cd_cont_200/mdef
INFO: bin_mdef.c(179): Allocating 1535 * 8 bytes (11 KiB) for CD tree
INFO: tmat.c(205): Reading HMM transition probability matrices: /home/jerrin/Documents/project/main upload/chakka/trained data builds/tuttorialchakka_1/chakka/model_parameters/chakka.cd_cont_200/transition_matrices
INFO: acmod.c(121): Attempting to use SCHMM computation module
INFO: ms_gauden.c(198): Reading mixture gaussian parameter: /home/jerrin/Documents/project/main upload/chakka/trained data builds/tuttorialchakka_1/chakka/model_parameters/chakka.cd_cont_200/means
INFO: ms_gauden.c(292): 335 codebook, 1 feature, size: 
INFO: ms_gauden.c(294):  8x39
INFO: ms_gauden.c(198): Reading mixture gaussian parameter: /home/jerrin/Documents/project/main upload/chakka/trained data builds/tuttorialchakka_1/chakka/model_parameters/chakka.cd_cont_200/variances
INFO: ms_gauden.c(292): 335 codebook, 1 feature, size: 
INFO: ms_gauden.c(294):  8x39
INFO: ms_gauden.c(354): 105 variance values floored
INFO: acmod.c(123): Attempting to use PTHMM computation module
INFO: ms_gauden.c(198): Reading mixture gaussian parameter: /home/jerrin/Documents/project/main upload/chakka/trained data builds/tuttorialchakka_1/chakka/model_parameters/chakka.cd_cont_200/means
INFO: ms_gauden.c(292): 335 codebook, 1 feature, size: 
INFO: ms_gauden.c(294):  8x39
INFO: ms_gauden.c(198): Reading mixture gaussian parameter: /home/jerrin/Documents/project/main upload/chakka/trained data builds/tuttorialchakka_1/chakka/model_parameters/chakka.cd_cont_200/variances
INFO: ms_gauden.c(292): 335 codebook, 1 feature, size: 
INFO: ms_gauden.c(294):  8x39
INFO: ms_gauden.c(354): 105 variance values floored
INFO: ptm_mgau.c(792): Number of codebooks exceeds 256: 335
INFO: acmod.c(125): Falling back to general multi-stream GMM computation
INFO: ms_gauden.c(198): Reading mixture gaussian parameter: /home/jerrin/Documents/project/main upload/chakka/trained data builds/tuttorialchakka_1/chakka/model_parameters/chakka.cd_cont_200/means
INFO: ms_gauden.c(292): 335 codebook, 1 feature, size: 
INFO: ms_gauden.c(294):  8x39
INFO: ms_gauden.c(198): Reading mixture gaussian parameter: /home/jerrin/Documents/project/main upload/chakka/trained data builds/tuttorialchakka_1/chakka/model_parameters/chakka.cd_cont_200/variances
INFO: ms_gauden.c(292): 335 codebook, 1 feature, size: 
INFO: ms_gauden.c(294):  8x39
INFO: ms_gauden.c(354): 105 variance values floored
INFO: ms_senone.c(149): Reading senone mixture weights: /home/jerrin/Documents/project/main upload/chakka/trained data builds/tuttorialchakka_1/chakka/model_parameters/chakka.cd_cont_200/mixture_weights
INFO: ms_senone.c(200): Truncating senone logs3(pdf) values by 10 bits
INFO: ms_senone.c(207): Not transposing mixture weights in memory
INFO: ms_senone.c(266): Read mixture weights for 335 senones: 1 features x 8 codewords
INFO: ms_senone.c(320): Mapping senones to individual codebooks
INFO: ms_mgau.c(141): The value of topn: 4
INFO: dict.c(317): Allocating 4134 * 20 bytes (80 KiB) for word entries
INFO: dict.c(332): Reading main dictionary: /home/jerrin/Documents/project/main upload/chakka/trained data builds/tuttorialchakka_1/chakka/etc/chakka.dic
INFO: dict.c(211): Allocated 0 KiB for strings, 0 KiB for phones
INFO: dict.c(335): 35 words read
INFO: dict.c(341): Reading filler dictionary: /home/jerrin/Documents/project/main upload/chakka/trained data builds/tuttorialchakka_1/chakka/model_parameters/chakka.cd_cont_200/noisedict
INFO: dict.c(211): Allocated 0 KiB for strings, 0 KiB for phones
INFO: dict.c(344): 3 words read
INFO: dict2pid.c(396): Building PID tables for dictionary
INFO: dict2pid.c(404): Allocating 45^3 * 2 bytes (177 KiB) for word-initial triphones
INFO: dict2pid.c(131): Allocated 24480 bytes (23 KiB) for word-final triphones
INFO: dict2pid.c(195): Allocated 24480 bytes (23 KiB) for single-phone word triphones
ERROR: "ngram_model_arpa.c", line 466: File /home/jerrin/Documents/project/main upload/chakka/trained data builds/tuttorialchakka_1/chakka/etc/chakka.lm.DMP not found
ERROR: "ngram_model_dmp.c", line 106: Dump file /home/jerrin/Documents/project/main upload/chakka/trained data builds/tuttorialchakka_1/chakka/etc/chakka.lm.DMP not found
ERROR: "ngram_search.c", line 208: Failed to read language model file: /home/jerrin/Documents/project/main upload/chakka/trained data builds/tuttorialchakka_1/chakka/etc/chakka.lm.DMP
FATAL_ERROR: "batch.c", line 819: PocketSphinx decoder init failed
Sat Mar 30 00:24:51 2013
