INFO: cmd_ln.c(691): Parsing command line:
/usr/libexec/sphinxtrain/inc_comp \
	-ninc 1 \
	-dcountfn /home/jerrin/Documents/project/main upload/chakka/trained data builds/tuttorialchakka_1/chakka/model_parameters/chakka.cd_cont_200/mixture_weights \
	-inmixwfn /home/jerrin/Documents/project/main upload/chakka/trained data builds/tuttorialchakka_1/chakka/model_parameters/chakka.cd_cont_200/mixture_weights \
	-outmixwfn /home/jerrin/Documents/project/main upload/chakka/trained data builds/tuttorialchakka_1/chakka/model_parameters/chakka.cd_cont_initial/mixture_weights \
	-inmeanfn /home/jerrin/Documents/project/main upload/chakka/trained data builds/tuttorialchakka_1/chakka/model_parameters/chakka.cd_cont_200/means \
	-outmeanfn /home/jerrin/Documents/project/main upload/chakka/trained data builds/tuttorialchakka_1/chakka/model_parameters/chakka.cd_cont_initial/means \
	-invarfn /home/jerrin/Documents/project/main upload/chakka/trained data builds/tuttorialchakka_1/chakka/model_parameters/chakka.cd_cont_200/variances \
	-outvarfn /home/jerrin/Documents/project/main upload/chakka/trained data builds/tuttorialchakka_1/chakka/model_parameters/chakka.cd_cont_initial/variances \
	-fullvar no 

Current configuration:
[NAME]		[DEFLT]	[VALUE]
-dcountfn		/home/jerrin/Documents/project/main upload/chakka/trained data builds/tuttorialchakka_1/chakka/model_parameters/chakka.cd_cont_200/mixture_weights
-example	no	no
-fullvar	no	no
-help		no	no
-inmeanfn		/home/jerrin/Documents/project/main upload/chakka/trained data builds/tuttorialchakka_1/chakka/model_parameters/chakka.cd_cont_200/means
-inmixwfn		/home/jerrin/Documents/project/main upload/chakka/trained data builds/tuttorialchakka_1/chakka/model_parameters/chakka.cd_cont_200/mixture_weights
-invarfn		/home/jerrin/Documents/project/main upload/chakka/trained data builds/tuttorialchakka_1/chakka/model_parameters/chakka.cd_cont_200/variances
-ninc		1	1
-outmeanfn		/home/jerrin/Documents/project/main upload/chakka/trained data builds/tuttorialchakka_1/chakka/model_parameters/chakka.cd_cont_initial/means
-outmixwfn		/home/jerrin/Documents/project/main upload/chakka/trained data builds/tuttorialchakka_1/chakka/model_parameters/chakka.cd_cont_initial/mixture_weights
-outvarfn		/home/jerrin/Documents/project/main upload/chakka/trained data builds/tuttorialchakka_1/chakka/model_parameters/chakka.cd_cont_initial/variances

INFO: main.c(85): Reading mixing weight file /home/jerrin/Documents/project/main upload/chakka/trained data builds/tuttorialchakka_1/chakka/model_parameters/chakka.cd_cont_200/mixture_weights.
INFO: s3mixw_io.c(116): Read /home/jerrin/Documents/project/main upload/chakka/trained data builds/tuttorialchakka_1/chakka/model_parameters/chakka.cd_cont_200/mixture_weights [335x1x1 array]
INFO: s3gau_io.c(166): Read /home/jerrin/Documents/project/main upload/chakka/trained data builds/tuttorialchakka_1/chakka/model_parameters/chakka.cd_cont_200/means [335x1x1 array]
INFO: s3gau_io.c(166): Read /home/jerrin/Documents/project/main upload/chakka/trained data builds/tuttorialchakka_1/chakka/model_parameters/chakka.cd_cont_200/variances [335x1x1 array]
INFO: s3gau_io.c(550): Read /home/jerrin/Documents/project/main upload/chakka/trained data builds/tuttorialchakka_1/chakka/model_parameters/chakka.cd_cont_200/mixture_weights [335x1x1 array]
INFO: main.c(151): output n_density == 2
0:0(2.25e+03)
1:0(3.19e+03)
2:0(3.30e+03)
3:0(1.30e+03)
4:0(2.63e+03)
5:0(1.43e+03)
6:0(9.77e+02)
7:0(1.52e+03)
8:0(3.01e+03)
9:0(6.01e+02)
10:0(1.65e+02)
11:0(1.30e+02)
12:0(2.48e+02)
13:0(9.12e+01)
14:0(2.43e+02)
15:0(2.97e+02)
16:0(2.13e+02)
17:0(1.76e+02)
18:0(7.53e+02)
19:0(6.20e+02)
20:0(7.31e+02)
21:0(4.96e+02)
22:0(1.71e+02)
23:0(1.17e+02)
24:0(1.20e+02)
25:0(8.36e+01)
26:0(7.52e+01)
27:0(1.25e+02)
28:0(9.81e+01)
29:0(4.55e+02)
30:0(8.44e+02)
31:0(1.02e+03)
32:0(8.85e+02)
33:0(1.96e+02)
34:0(4.72e+02)
35:0(3.72e+02)
36:0(1.55e+02)
37:0(4.80e+02)
38:0(3.58e+02)
39:0(9.30e+02)
40:0(3.88e+02)
41:0(3.20e+02)
42:0(1.10e+02)
43:0(1.39e+02)
44:0(9.60e+01)
45:0(1.20e+02)
46:0(6.08e+01)
47:0(5.12e+01)
48:0(3.99e+02)
49:0(2.42e+02)
50:0(5.36e+02)
51:0(1.71e+02)
52:0(1.45e+02)
53:0(6.27e+02)
54:0(9.05e+01)
55:0(1.65e+02)
56:0(3.28e+02)
57:0(2.29e+02)
58:0(3.05e+02)
59:0(2.85e+02)
60:0(1.58e+02)
61:0(2.84e+02)
62:0(4.00e+02)
63:0(2.00e+03)
64:0(1.38e+03)
65:0(1.27e+03)
66:0(3.23e+02)
67:0(4.65e+01)
68:0(1.16e+02)
69:0(1.46e+02)
70:0(1.95e+02)
71:0(1.60e+02)
72:0(1.45e+02)
73:0(2.03e+02)
74:0(1.31e+02)
75:0(5.50e+02)
76:0(6.64e+02)
77:0(4.48e+02)
78:0(4.56e+02)
79:0(2.67e+02)
80:0(4.11e+02)
81:0(1.78e+02)
82:0(1.60e+02)
83:0(1.80e+02)
84:0(2.38e+02)
85:0(2.01e+02)
86:0(2.65e+02)
87:0(1.96e+01)
88:0(3.60e+01)
89:0(4.72e+01)
90:0(1.09e+02)
91:0(1.45e+02)
92:0(8.87e+01)
93:0(1.66e+02)
94:0(3.39e+02)
95:0(1.82e+02)
96:0(5.95e+02)
97:0(3.02e+02)
98:0(4.41e+02)
99:0(5.98e+02)
100:0(8.33e+02)
101:0(7.03e+02)
102:0(7.23e+02)
103:0(4.13e+02)
104:0(4.92e+02)
105:0(4.04e+01)
106:0(1.05e+02)
107:0(6.46e+01)
108:0(1.69e+03)
109:0(1.81e+03)
110:0(4.93e+03)
111:0(5.37e+02)
112:0(2.32e+02)
113:0(1.72e+02)
114:0(1.61e+03)
115:0(5.28e+02)
116:0(5.57e+02)
117:0(1.98e+02)
118:0(1.08e+02)
119:0(1.10e+02)
120:0(4.03e+02)
121:0(2.67e+02)
122:0(1.76e+02)
123:0(4.40e+02)
124:0(3.74e+02)
125:0(4.29e+02)
126:0(3.88e+02)
127:0(2.65e+02)
128:0(2.86e+02)
129:0(9.41e+02)
130:0(4.21e+02)
131:0(3.52e+02)
132:0(1.22e+02)
133:0(9.62e+01)
134:0(1.42e+02)
135:0(4.68e+02)
136:0(8.21e+02)
137:0(6.31e+02)
138:0(3.34e+02)
139:0(3.76e+02)
140:0(4.89e+02)
141:0(8.46e+02)
142:0(1.48e+03)
143:0(1.90e+02)
144:0(4.06e+02)
145:0(2.27e+02)
146:0(6.47e+02)
147:0(6.09e+02)
148:0(1.22e+03)
149:0(4.31e+02)
150:0(2.90e+02)
151:0(3.66e+02)
152:0(2.10e+02)
153:0(6.06e+02)
154:0(3.58e+02)
155:0(1.36e+03)
156:0(3.03e+02)
157:0(5.70e+02)
158:0(7.29e+02)
159:0(1.32e+02)
160:0(2.31e+02)
161:0(7.46e+02)
162:0(7.03e+02)
163:0(8.18e+02)
164:0(2.40e+03)
165:0(5.19e+02)
166:0(9.78e+01)
167:0(6.01e+02)
168:0(1.65e+02)
169:0(1.30e+02)
170:0(2.48e+02)
171:0(9.12e+01)
172:0(2.43e+02)
173:0(2.97e+02)
174:0(2.13e+02)
175:0(1.76e+02)
176:0(3.88e+02)
177:0(3.65e+02)
178:0(4.03e+02)
179:0(2.17e+02)
180:0(4.41e+02)
181:0(2.91e+02)
182:0(4.96e+02)
183:0(1.71e+02)
184:0(1.17e+02)
185:0(1.20e+02)
186:0(8.36e+01)
187:0(7.52e+01)
188:0(1.25e+02)
189:0(9.81e+01)
190:0(4.55e+02)
191:0(4.58e+02)
192:0(3.86e+02)
193:0(7.24e+02)
194:0(2.92e+02)
195:0(4.84e+02)
196:0(4.01e+02)
197:0(1.96e+02)
198:0(4.72e+02)
199:0(3.72e+02)
200:0(1.55e+02)
201:0(2.78e+02)
202:0(2.02e+02)
203:0(2.61e+02)
204:0(9.76e+01)
205:0(8.56e+02)
206:0(7.38e+01)
207:0(3.88e+02)
208:0(3.20e+02)
209:0(1.10e+02)
210:0(1.39e+02)
211:0(9.60e+01)
212:0(1.20e+02)
213:0(6.08e+01)
214:0(5.12e+01)
215:0(3.99e+02)
216:0(2.42e+02)
217:0(2.02e+02)
218:0(3.34e+02)
219:0(1.71e+02)
220:0(1.45e+02)
221:0(6.27e+02)
222:0(9.05e+01)
223:0(1.65e+02)
224:0(3.28e+02)
225:0(2.29e+02)
226:0(3.05e+02)
227:0(2.85e+02)
228:0(1.58e+02)
229:0(2.84e+02)
230:0(4.00e+02)
231:0(4.15e+02)
232:0(9.67e+02)
233:0(6.18e+02)
234:0(3.56e+02)
235:0(4.13e+02)
236:0(6.16e+02)
237:0(3.31e+02)
238:0(5.00e+02)
239:0(4.37e+02)
240:0(3.23e+02)
241:0(4.65e+01)
242:0(1.16e+02)
243:0(1.46e+02)
244:0(1.95e+02)
245:0(1.60e+02)
246:0(1.45e+02)
247:0(2.03e+02)
248:0(1.31e+02)
249:0(3.12e+02)
250:0(2.37e+02)
251:0(3.33e+02)
252:0(3.31e+02)
253:0(3.26e+02)
254:0(1.22e+02)
255:0(1.71e+02)
256:0(2.85e+02)
257:0(2.67e+02)
258:0(4.11e+02)
259:0(1.78e+02)
260:0(1.60e+02)
261:0(1.80e+02)
262:0(2.38e+02)
263:0(1.01e+02)
264:0(9.99e+01)
265:0(1.62e+02)
266:0(1.03e+02)
267:0(1.96e+01)
268:0(3.60e+01)
269:0(4.72e+01)
270:0(1.09e+02)
271:0(1.45e+02)
272:0(8.87e+01)
273:0(1.66e+02)
274:0(3.39e+02)
275:0(1.82e+02)
276:0(3.19e+02)
277:0(2.76e+02)
278:0(3.02e+02)
279:0(2.64e+02)
280:0(1.77e+02)
281:0(1.99e+02)
282:0(3.99e+02)
283:0(3.73e+02)
284:0(2.53e+02)
285:0(2.07e+02)
286:0(2.21e+02)
287:0(2.89e+02)
288:0(1.92e+02)
289:0(5.23e+02)
290:0(2.00e+02)
291:0(4.13e+02)
292:0(2.61e+02)
293:0(2.31e+02)
294:0(4.04e+01)
295:0(1.05e+02)
296:0(6.46e+01)
297:0(5.37e+02)
298:0(2.32e+02)
299:0(1.72e+02)
300:0(1.01e+03)
301:0(4.34e+02)
302:0(1.65e+02)
303:0(5.28e+02)
304:0(3.77e+02)
305:0(1.80e+02)
306:0(1.98e+02)
307:0(1.08e+02)
308:0(1.10e+02)
309:0(2.11e+02)
310:0(1.92e+02)
311:0(2.67e+02)
312:0(1.76e+02)
313:0(1.44e+02)
314:0(2.96e+02)
315:0(2.26e+02)
316:0(1.48e+02)
317:0(2.24e+02)
318:0(2.05e+02)
319:0(2.54e+02)
320:0(1.34e+02)
321:0(2.65e+02)
322:0(1.65e+02)
323:0(1.21e+02)
324:0(2.78e+02)
325:0(2.93e+02)
326:0(3.70e+02)
327:0(2.24e+02)
328:0(1.97e+02)
329:0(2.30e+02)
330:0(1.23e+02)
331:0(1.22e+02)
332:0(3.39e+01)
333:0(6.24e+01)
334:0(1.42e+02)INFO: s3mixw_io.c(232): Wrote /home/jerrin/Documents/project/main upload/chakka/trained data builds/tuttorialchakka_1/chakka/model_parameters/chakka.cd_cont_initial/mixture_weights [335x1x2 array]
INFO: s3gau_io.c(226): Wrote /home/jerrin/Documents/project/main upload/chakka/trained data builds/tuttorialchakka_1/chakka/model_parameters/chakka.cd_cont_initial/means [335x1x2 array]
INFO: s3gau_io.c(226): Wrote /home/jerrin/Documents/project/main upload/chakka/trained data builds/tuttorialchakka_1/chakka/model_parameters/chakka.cd_cont_initial/variances [335x1x2 array]

Sat Mar 30 00:24:12 2013
