INFO: cmd_ln.c(691): Parsing command line:
/usr/libexec/sphinxtrain/inc_comp \
	-ninc 4 \
	-dcountfn /home/jerrin/Documents/project/main upload/chakka/trained data builds/tuttorialchakka_1/chakka/model_parameters/chakka.cd_cont_200/mixture_weights \
	-inmixwfn /home/jerrin/Documents/project/main upload/chakka/trained data builds/tuttorialchakka_1/chakka/model_parameters/chakka.cd_cont_200/mixture_weights \
	-outmixwfn /home/jerrin/Documents/project/main upload/chakka/trained data builds/tuttorialchakka_1/chakka/model_parameters/chakka.cd_cont_initial/mixture_weights \
	-inmeanfn /home/jerrin/Documents/project/main upload/chakka/trained data builds/tuttorialchakka_1/chakka/model_parameters/chakka.cd_cont_200/means \
	-outmeanfn /home/jerrin/Documents/project/main upload/chakka/trained data builds/tuttorialchakka_1/chakka/model_parameters/chakka.cd_cont_initial/means \
	-invarfn /home/jerrin/Documents/project/main upload/chakka/trained data builds/tuttorialchakka_1/chakka/model_parameters/chakka.cd_cont_200/variances \
	-outvarfn /home/jerrin/Documents/project/main upload/chakka/trained data builds/tuttorialchakka_1/chakka/model_parameters/chakka.cd_cont_initial/variances \
	-fullvar no 

Current configuration:
[NAME]		[DEFLT]	[VALUE]
-dcountfn		/home/jerrin/Documents/project/main upload/chakka/trained data builds/tuttorialchakka_1/chakka/model_parameters/chakka.cd_cont_200/mixture_weights
-example	no	no
-fullvar	no	no
-help		no	no
-inmeanfn		/home/jerrin/Documents/project/main upload/chakka/trained data builds/tuttorialchakka_1/chakka/model_parameters/chakka.cd_cont_200/means
-inmixwfn		/home/jerrin/Documents/project/main upload/chakka/trained data builds/tuttorialchakka_1/chakka/model_parameters/chakka.cd_cont_200/mixture_weights
-invarfn		/home/jerrin/Documents/project/main upload/chakka/trained data builds/tuttorialchakka_1/chakka/model_parameters/chakka.cd_cont_200/variances
-ninc		1	4
-outmeanfn		/home/jerrin/Documents/project/main upload/chakka/trained data builds/tuttorialchakka_1/chakka/model_parameters/chakka.cd_cont_initial/means
-outmixwfn		/home/jerrin/Documents/project/main upload/chakka/trained data builds/tuttorialchakka_1/chakka/model_parameters/chakka.cd_cont_initial/mixture_weights
-outvarfn		/home/jerrin/Documents/project/main upload/chakka/trained data builds/tuttorialchakka_1/chakka/model_parameters/chakka.cd_cont_initial/variances

INFO: main.c(85): Reading mixing weight file /home/jerrin/Documents/project/main upload/chakka/trained data builds/tuttorialchakka_1/chakka/model_parameters/chakka.cd_cont_200/mixture_weights.
INFO: s3mixw_io.c(116): Read /home/jerrin/Documents/project/main upload/chakka/trained data builds/tuttorialchakka_1/chakka/model_parameters/chakka.cd_cont_200/mixture_weights [335x1x4 array]
INFO: s3gau_io.c(166): Read /home/jerrin/Documents/project/main upload/chakka/trained data builds/tuttorialchakka_1/chakka/model_parameters/chakka.cd_cont_200/means [335x1x4 array]
INFO: s3gau_io.c(166): Read /home/jerrin/Documents/project/main upload/chakka/trained data builds/tuttorialchakka_1/chakka/model_parameters/chakka.cd_cont_200/variances [335x1x4 array]
INFO: s3gau_io.c(550): Read /home/jerrin/Documents/project/main upload/chakka/trained data builds/tuttorialchakka_1/chakka/model_parameters/chakka.cd_cont_200/mixture_weights [335x1x4 array]
INFO: main.c(151): output n_density == 8
0:1(8.58e+02)3(7.36e+02)2(4.70e+02)0(2.16e+02)
1:0(1.04e+03)1(7.59e+02)3(4.61e+02)2(4.35e+02)
2:0(1.20e+03)2(8.90e+02)1(7.73e+02)3(6.19e+02)
3:2(4.60e+02)3(4.40e+02)0(3.01e+02)1(2.61e+02)
4:2(5.91e+02)3(5.44e+02)0(5.41e+02)1(4.66e+02)
5:1(5.37e+02)0(3.97e+02)3(3.04e+02)2(2.32e+02)
6:0(3.06e+02)2(2.97e+02)3(2.40e+02)1(2.22e+02)
7:0(4.58e+02)1(3.09e+02)2(2.85e+02)3(9.27e+01)
8:2(1.47e+03)1(8.50e+02)3(5.33e+02)0(4.30e+02)
9:1(2.23e+02)2(2.19e+02)3(9.00e+01)0(8.23e+01)
10:3(4.65e+01)0(4.54e+01)2(4.25e+01)1(2.32e+01)
11:1(4.80e+01)0(3.03e+01)3(2.36e+01)2(2.00e+01)
12:2(1.13e+02)1(5.64e+01)3(4.97e+01)0(3.99e+01)
13:2(5.27e+01)0(3.43e+01)1(2.37e+01)3(2.27e+01)
14:2(8.60e+01)1(8.40e+01)3(3.98e+01)0(8.70e+00)
15:2(8.21e+01)1(6.99e+01)3(5.55e+01)0(4.82e+01)
16:0(8.20e+01)2(6.15e+01)3(5.71e+01)1(5.01e+01)
17:2(5.19e+01)0(4.94e+01)1(4.32e+01)3(4.26e+01)
18:1(2.27e+02)0(2.10e+02)3(2.10e+02)2(1.90e+02)
19:2(2.49e+02)0(1.65e+02)1(1.62e+02)3(1.19e+02)
20:1(3.10e+02)2(2.04e+02)0(1.20e+02)3(1.15e+02)
21:1(1.51e+02)2(1.50e+02)3(1.17e+02)0(5.51e+01)
22:2(6.70e+01)0(6.47e+01)1(4.13e+01)3(2.53e+01)
23:1(5.25e+01)2(2.98e+01)3(2.17e+01)0(2.09e+01)
24:1(4.36e+01)0(3.39e+01)3(3.34e+01)2(2.94e+01)
25:1(3.32e+01)2(2.00e+01)0(1.90e+01)3(1.00e+01)
26:0(4.30e+01)2(3.24e+01)3(1.53e+01)1(1.36e+01)
27:1(5.00e+01)3(3.44e+01)2(3.41e+01)0(1.60e+01)
28:0(3.53e+01)2(2.12e+01)3(1.51e+01)1(1.20e+01)
29:1(1.86e+02)2(1.73e+02)0(2.97e+01)3(1.67e+01)
30:1(2.52e+02)2(2.43e+02)3(2.20e+02)0(7.76e+01)
31:0(2.62e+02)2(2.62e+02)3(1.50e+02)1(1.42e+02)
32:0(3.19e+02)1(2.65e+02)2(2.34e+02)3(2.04e+02)
33:3(8.97e+01)0(6.33e+01)1(6.32e+01)2(5.16e+01)
34:1(1.20e+02)2(9.45e+01)3(8.96e+01)0(8.09e+01)
35:1(1.19e+02)0(6.62e+01)2(6.46e+01)3(5.54e+01)
36:0(4.32e+01)1(3.57e+01)3(3.45e+01)2(3.38e+01)
37:2(1.57e+02)1(1.24e+02)3(1.12e+02)0(8.61e+01)
38:2(1.39e+02)0(1.05e+02)3(5.95e+01)1(5.88e+01)
39:2(3.73e+02)1(3.42e+02)0(1.40e+02)3(7.30e+01)
40:2(1.03e+02)1(9.95e+01)3(6.58e+01)0(4.50e+01)
41:3(9.94e+01)0(8.59e+01)2(8.32e+01)1(6.70e+01)
42:2(3.44e+01)0(2.69e+01)1(2.53e+01)3(2.46e+01)
43:2(4.01e+01)1(3.79e+01)0(3.15e+01)3(2.73e+01)
44:0(4.01e+01)1(3.13e+01)3(2.70e+01)2(1.76e+01)
45:0(3.09e+01)1(2.92e+01)3(2.72e+01)2(2.12e+01)
46:2(3.54e+01)3(2.78e+01)0(2.03e+01)1(1.90e+01)
47:0(2.15e+01)3(1.62e+01)1(1.60e+01)2(1.41e+01)
48:1(1.56e+02)2(1.30e+02)3(5.32e+01)0(4.38e+01)
49:1(9.72e+01)2(9.33e+01)3(6.15e+01)0(3.89e+01)
50:0(2.23e+02)1(1.26e+02)2(1.25e+02)3(6.29e+01)
51:1(5.61e+01)0(5.30e+01)2(4.36e+01)3(3.05e+01)
52:3(5.09e+01)1(3.50e+01)2(2.60e+01)0(2.56e+01)
53:1(2.50e+02)2(1.97e+02)3(9.83e+01)0(7.89e+01)
54:0(3.70e+01)2(2.42e+01)3(1.40e+01)1(8.00e+00)
55:3(4.71e+01)1(4.08e+01)2(3.17e+01)0(3.10e+01)
56:2(1.44e+02)1(1.06e+02)3(4.48e+01)0(3.59e+01)
57:2(7.59e+01)0(5.22e+01)3(4.38e+01)1(4.04e+01)
58:1(9.85e+01)3(7.33e+01)0(6.65e+01)2(6.48e+01)
59:0(1.14e+02)2(1.11e+02)1(7.95e+01)3(5.17e+01)
60:2(6.88e+01)1(5.29e+01)3(4.69e+01)0(3.20e+01)
61:2(7.66e+01)1(7.47e+01)0(6.52e+01)3(4.88e+01)
62:2(1.58e+02)0(1.26e+02)1(7.72e+01)3(5.34e+01)
63:2(7.22e+02)0(5.09e+02)1(5.08e+02)3(3.34e+02)
64:2(4.20e+02)0(3.76e+02)1(2.91e+02)3(2.52e+02)
65:1(5.61e+02)2(2.56e+02)0(2.39e+02)3(2.22e+02)
66:1(1.49e+02)2(1.29e+02)0(3.63e+01)3(2.05e+01)
67:3(1.74e+01)2(1.59e+01)0(1.23e+01)1(1.01e+01)
68:2(3.09e+01)0(2.93e+01)3(2.57e+01)1(2.31e+01)
69:2(6.27e+01)0(4.69e+01)3(3.95e+01)1(2.22e+01)
70:3(3.86e+01)1(3.73e+01)0(3.44e+01)2(3.03e+01)
71:0(6.45e+01)3(4.84e+01)2(4.81e+01)1(4.27e+01)
72:0(4.21e+01)2(3.93e+01)1(3.82e+01)3(3.57e+01)
73:2(5.82e+01)3(4.78e+01)1(4.21e+01)0(3.98e+01)
74:2(3.22e+01)0(2.98e+01)1(2.60e+01)3(2.20e+01)
75:2(2.06e+02)1(1.85e+02)3(1.66e+02)0(1.49e+02)
76:2(1.65e+02)1(1.52e+02)0(1.34e+02)3(1.27e+02)
77:1(1.52e+02)3(1.06e+02)0(1.04e+02)2(9.47e+01)
78:2(1.61e+02)0(1.55e+02)3(1.34e+02)1(6.54e+01)
79:1(8.36e+01)0(7.48e+01)2(5.92e+01)3(3.00e+01)
80:0(1.42e+02)2(1.17e+02)3(1.12e+02)1(6.72e+01)
81:0(4.81e+01)3(4.73e+01)2(3.80e+01)1(3.28e+01)
82:1(6.27e+01)2(5.27e+01)0(4.07e+01)3(3.50e+01)
83:2(7.61e+01)1(5.03e+01)3(4.06e+01)0(3.18e+01)
84:0(5.96e+01)2(5.63e+01)1(4.57e+01)3(3.41e+01)
85:0(5.66e+01)2(5.48e+01)3(5.44e+01)1(4.92e+01)
86:2(1.04e+02)0(8.37e+01)3(5.05e+01)1(4.80e+01)
87:2(1.23e+01)1(9.99e+00)3(6.00e+00)0(3.00e+00)
88:2(1.50e+01)3(1.00e+01)1(7.00e+00)0(5.00e+00)
89:2(2.44e+01)3(1.80e+01)1(1.78e+01)0(1.10e+01)
90:2(4.43e+01)1(2.74e+01)3(2.26e+01)0(1.73e+01)
91:2(3.75e+01)1(3.71e+01)0(2.93e+01)3(2.60e+01)
92:1(2.30e+01)2(2.15e+01)0(1.69e+01)3(8.01e+00)
93:2(5.60e+01)3(4.51e+01)0(4.46e+01)1(2.01e+01)
94:2(8.79e+01)1(7.76e+01)0(6.78e+01)3(5.37e+01)
95:1(6.72e+01)2(6.04e+01)3(5.37e+01)0(5.03e+01)
96:1(1.65e+02)2(1.42e+02)3(1.24e+02)0(1.23e+02)
97:1(1.03e+02)2(7.84e+01)3(5.81e+01)0(5.78e+01)
98:0(1.66e+02)2(1.37e+02)1(1.29e+02)3(1.04e+02)
99:1(2.23e+02)3(1.92e+02)2(1.31e+02)0(1.19e+02)
100:1(2.49e+02)2(2.22e+02)3(2.15e+02)0(1.65e+02)
101:2(2.56e+02)3(1.65e+02)0(1.50e+02)1(1.36e+02)
102:2(3.22e+02)1(2.90e+02)3(1.44e+02)0(1.09e+02)
103:0(1.32e+02)2(1.17e+02)3(8.00e+01)1(7.18e+01)
104:2(1.73e+02)1(1.41e+02)3(1.26e+02)0(1.20e+02)
105:2(2.06e+01)1(1.30e+01)0(7.00e+00)3(6.00e+00)
106:0(2.97e+01)2(2.66e+01)3(2.44e+01)1(1.49e+01)
107:2(2.44e+01)1(1.77e+01)3(1.20e+01)0(1.00e+01)
108:3(6.21e+02)2(5.60e+02)1(5.26e+02)0(3.04e+02)
109:1(4.96e+02)3(4.21e+02)2(3.89e+02)0(1.70e+02)
110:1(1.95e+03)2(1.87e+03)0(4.91e+02)3(4.02e+02)
111:1(1.86e+02)2(1.76e+02)0(9.60e+01)3(8.24e+01)
112:1(8.47e+01)3(6.62e+01)0(5.94e+01)2(5.54e+01)
113:1(5.47e+01)0(4.94e+01)3(4.11e+01)2(3.75e+01)
114:2(5.08e+02)1(5.05e+02)3(4.61e+02)0(1.97e+02)
115:1(1.33e+02)0(1.32e+02)2(9.06e+01)3(9.01e+01)
116:3(1.68e+02)0(1.68e+02)2(1.51e+02)1(5.22e+01)
117:2(5.55e+01)0(4.91e+01)3(3.75e+01)1(2.47e+01)
118:3(3.89e+01)1(3.39e+01)2(3.16e+01)0(1.89e+01)
119:0(2.72e+01)2(2.48e+01)1(1.98e+01)3(1.52e+01)
120:2(1.80e+02)3(1.20e+02)0(1.04e+02)1(9.25e+01)
121:2(1.03e+02)1(5.97e+01)3(4.79e+01)0(4.28e+01)
122:2(6.52e+01)0(5.94e+01)1(5.10e+01)3(3.48e+01)
123:1(1.56e+02)2(1.10e+02)0(8.12e+01)3(5.03e+01)
124:0(1.42e+02)3(8.76e+01)1(5.03e+01)2(3.73e+01)
125:3(1.78e+02)2(1.17e+02)1(9.79e+01)0(7.78e+01)
126:2(1.54e+02)0(1.32e+02)1(6.99e+01)3(4.65e+01)
127:2(8.65e+01)1(8.39e+01)0(4.14e+01)3(3.69e+01)
128:2(1.26e+02)1(9.50e+01)0(7.86e+01)3(7.19e+01)
129:0(2.63e+02)2(2.33e+02)3(2.13e+02)1(1.09e+02)
130:2(2.01e+02)0(1.31e+02)3(5.25e+01)1(5.23e+01)
131:1(1.50e+02)0(1.29e+02)3(1.05e+02)2(6.51e+01)
132:3(3.86e+01)1(3.38e+01)2(1.85e+01)0(1.60e+01)
133:3(3.59e+01)1(3.49e+01)2(3.46e+01)0(2.56e+01)
134:3(4.00e+01)2(3.48e+01)1(3.19e+01)0(3.00e+01)
135:2(1.49e+02)1(1.19e+02)0(9.69e+01)3(6.65e+01)
136:1(2.26e+02)2(1.62e+02)3(1.60e+02)0(1.50e+02)
137:3(2.54e+02)2(2.20e+02)0(1.73e+02)1(1.33e+02)
138:1(1.24e+02)2(1.03e+02)0(7.60e+01)3(6.72e+01)
139:3(9.21e+01)2(8.80e+01)1(8.70e+01)0(8.13e+01)
140:2(1.13e+02)3(1.10e+02)1(1.00e+02)0(8.16e+01)
141:1(2.39e+02)2(1.90e+02)3(1.68e+02)0(1.58e+02)
142:0(3.92e+02)2(3.46e+02)1(3.35e+02)3(1.18e+02)
143:2(7.68e+01)3(5.46e+01)0(5.10e+01)1(3.15e+01)
144:0(1.25e+02)1(1.05e+02)2(1.02e+02)3(9.12e+01)
145:0(8.09e+01)1(6.70e+01)2(5.31e+01)3(5.19e+01)
146:1(2.06e+02)2(1.67e+02)3(1.42e+02)0(1.23e+02)
147:2(2.69e+02)1(2.09e+02)3(9.47e+01)0(7.08e+01)
148:2(4.26e+02)1(3.50e+02)0(2.96e+02)3(2.42e+02)
149:1(1.23e+02)2(1.21e+02)3(9.55e+01)0(9.42e+01)
150:1(1.79e+02)2(7.63e+01)0(5.89e+01)3(4.58e+01)
151:0(1.36e+02)2(1.28e+02)1(1.03e+02)3(6.92e+01)
152:3(6.45e+01)1(6.16e+01)0(5.56e+01)2(5.04e+01)
153:1(1.63e+02)2(1.47e+02)0(1.13e+02)3(8.83e+01)
154:0(9.49e+01)3(9.01e+01)1(5.58e+01)2(5.31e+01)
155:1(3.36e+02)2(3.01e+02)3(2.80e+02)0(1.71e+02)
156:1(9.15e+01)3(7.66e+01)2(4.25e+01)0(3.97e+01)
157:1(1.85e+02)0(1.56e+02)3(1.47e+02)2(1.37e+02)
158:1(2.24e+02)2(1.96e+02)0(1.34e+02)3(1.17e+02)
159:3(4.52e+01)0(4.50e+01)2(4.40e+01)1(4.01e+01)
160:1(1.13e+02)2(7.86e+01)0(6.59e+01)3(2.30e+01)
161:0(2.39e+02)2(2.23e+02)1(1.79e+02)3(1.42e+02)
162:0(2.75e+02)1(2.28e+02)3(1.32e+02)2(5.14e+01)
163:2(1.88e+02)0(1.70e+02)3(5.39e+01)1(4.60e+01)
164:1(9.96e+02)2(7.52e+02)3(3.07e+02)0(2.95e+02)
165:2(2.30e+02)1(2.08e+02)0(2.06e+02)3(1.77e+02)
166:2(4.21e+01)1(3.70e+01)0(2.14e+01)3(1.44e+01)
167:1(2.23e+02)2(2.19e+02)3(9.00e+01)0(8.23e+01)
168:3(4.65e+01)0(4.54e+01)2(4.25e+01)1(2.32e+01)
169:1(4.80e+01)0(3.03e+01)3(2.36e+01)2(2.00e+01)
170:2(1.13e+02)1(5.64e+01)3(4.97e+01)0(3.99e+01)
171:2(5.27e+01)0(3.43e+01)1(2.37e+01)3(2.27e+01)
172:2(8.60e+01)1(8.40e+01)3(3.98e+01)0(8.70e+00)
173:2(8.21e+01)1(6.99e+01)3(5.55e+01)0(4.82e+01)
174:0(8.20e+01)2(6.15e+01)3(5.71e+01)1(5.01e+01)
175:2(5.19e+01)0(4.94e+01)1(4.32e+01)3(4.26e+01)
176:0(1.34e+02)1(1.12e+02)3(8.33e+01)2(7.95e+01)
177:0(1.32e+02)2(1.23e+02)1(9.34e+01)3(8.02e+01)
178:1(1.43e+02)2(1.11e+02)3(9.16e+01)0(7.05e+01)
179:0(9.94e+01)3(7.68e+01)1(5.73e+01)2(4.47e+01)
180:2(1.61e+02)0(1.27e+02)1(1.04e+02)3(8.92e+01)
181:1(1.06e+02)2(8.03e+01)0(5.69e+01)3(2.40e+01)
182:1(1.51e+02)2(1.50e+02)3(1.17e+02)0(5.51e+01)
183:2(6.70e+01)0(6.47e+01)1(4.13e+01)3(2.53e+01)
184:1(5.25e+01)2(2.98e+01)3(2.17e+01)0(2.09e+01)
185:1(4.36e+01)0(3.39e+01)3(3.34e+01)2(2.94e+01)
186:1(3.32e+01)2(2.00e+01)0(1.90e+01)3(1.00e+01)
187:0(4.30e+01)2(3.24e+01)3(1.53e+01)1(1.36e+01)
188:1(5.00e+01)3(3.44e+01)2(3.41e+01)0(1.60e+01)
189:0(3.53e+01)2(2.12e+01)3(1.51e+01)1(1.20e+01)
190:1(1.86e+02)2(1.73e+02)0(2.97e+01)3(1.67e+01)
191:2(1.33e+02)1(1.18e+02)3(8.89e+01)0(5.36e+01)
192:0(1.33e+02)2(1.26e+02)3(8.50e+01)1(5.69e+01)
193:0(1.52e+02)1(1.49e+02)3(1.46e+02)2(1.20e+02)
194:3(7.34e+01)1(6.93e+01)2(6.89e+01)0(3.67e+01)
195:1(1.77e+02)3(1.39e+02)0(1.21e+02)2(1.05e+02)
196:2(1.65e+02)3(1.54e+02)1(9.37e+01)0(6.78e+01)
197:3(8.97e+01)0(6.33e+01)1(6.32e+01)2(5.16e+01)
198:1(1.20e+02)2(9.45e+01)3(8.96e+01)0(8.09e+01)
199:1(1.19e+02)0(6.62e+01)2(6.46e+01)3(5.54e+01)
200:0(4.32e+01)1(3.57e+01)3(3.45e+01)2(3.38e+01)
201:0(8.21e+01)1(7.89e+01)3(6.18e+01)2(5.20e+01)
202:1(6.57e+01)2(5.48e+01)3(4.72e+01)0(3.75e+01)
203:1(7.68e+01)2(6.81e+01)0(5.28e+01)3(4.60e+01)
204:0(3.78e+01)2(2.99e+01)1(2.72e+01)3(2.32e+01)
205:2(3.54e+02)1(3.39e+02)0(1.17e+02)3(4.63e+01)
206:1(2.40e+01)3(1.80e+01)2(1.60e+01)0(1.40e+01)
207:2(1.03e+02)1(9.95e+01)3(6.58e+01)0(4.50e+01)
208:3(9.94e+01)0(8.59e+01)2(8.32e+01)1(6.70e+01)
209:2(3.44e+01)0(2.69e+01)1(2.53e+01)3(2.46e+01)
210:2(4.01e+01)1(3.79e+01)0(3.15e+01)3(2.73e+01)
211:0(4.01e+01)1(3.13e+01)3(2.70e+01)2(1.76e+01)
212:0(3.09e+01)1(2.92e+01)3(2.72e+01)2(2.12e+01)
213:2(3.54e+01)3(2.78e+01)0(2.03e+01)1(1.90e+01)
214:0(2.15e+01)3(1.62e+01)1(1.60e+01)2(1.41e+01)
215:1(1.56e+02)2(1.30e+02)3(5.32e+01)0(4.38e+01)
216:1(9.72e+01)2(9.33e+01)3(6.15e+01)0(3.89e+01)
217:0(7.88e+01)2(5.84e+01)3(3.61e+01)1(2.80e+01)
218:1(9.80e+01)2(9.58e+01)3(8.83e+01)0(5.41e+01)
219:1(5.61e+01)0(5.30e+01)2(4.36e+01)3(3.05e+01)
220:3(5.09e+01)1(3.50e+01)2(2.60e+01)0(2.56e+01)
221:1(2.50e+02)2(1.97e+02)3(9.83e+01)0(7.89e+01)
222:0(3.70e+01)2(2.42e+01)3(1.40e+01)1(8.00e+00)
223:3(4.71e+01)1(4.08e+01)2(3.17e+01)0(3.10e+01)
224:2(1.44e+02)1(1.06e+02)3(4.48e+01)0(3.59e+01)
225:2(7.59e+01)0(5.22e+01)3(4.38e+01)1(4.04e+01)
226:1(9.85e+01)3(7.33e+01)0(6.65e+01)2(6.48e+01)
227:0(1.14e+02)2(1.11e+02)1(7.95e+01)3(5.17e+01)
228:2(6.88e+01)1(5.29e+01)3(4.69e+01)0(3.20e+01)
229:2(7.66e+01)1(7.47e+01)0(6.52e+01)3(4.88e+01)
230:2(1.58e+02)0(1.26e+02)1(7.72e+01)3(5.34e+01)
231:2(1.59e+02)1(1.23e+02)0(1.13e+02)3(1.05e+02)
232:0(3.09e+02)2(2.85e+02)3(2.41e+02)1(9.97e+01)
233:2(2.01e+02)1(1.87e+02)0(1.54e+02)3(9.66e+01)
234:1(1.57e+02)2(1.24e+02)0(6.05e+01)3(3.21e+01)
235:0(1.53e+02)2(1.06e+02)1(8.10e+01)3(5.34e+01)
236:0(1.48e+02)2(1.45e+02)3(1.40e+02)1(1.38e+02)
237:2(1.46e+02)0(7.60e+01)1(5.28e+01)3(4.88e+01)
238:2(1.32e+02)0(1.27e+02)1(1.23e+02)3(1.21e+02)
239:1(1.31e+02)2(1.17e+02)3(1.14e+02)0(8.93e+01)
240:1(1.49e+02)2(1.29e+02)0(3.63e+01)3(2.05e+01)
241:3(1.74e+01)2(1.59e+01)0(1.23e+01)1(1.01e+01)
242:2(3.09e+01)0(2.93e+01)3(2.57e+01)1(2.31e+01)
243:2(6.27e+01)0(4.69e+01)3(3.95e+01)1(2.22e+01)
244:3(3.86e+01)1(3.73e+01)0(3.44e+01)2(3.03e+01)
245:0(6.45e+01)3(4.84e+01)2(4.81e+01)1(4.27e+01)
246:0(4.21e+01)2(3.93e+01)1(3.82e+01)3(3.57e+01)
247:2(5.82e+01)3(4.78e+01)1(4.21e+01)0(3.98e+01)
248:2(3.22e+01)0(2.98e+01)1(2.60e+01)3(2.20e+01)
249:1(1.25e+02)3(9.74e+01)0(8.88e+01)2(7.66e+01)
250:1(1.09e+02)0(7.43e+01)2(7.42e+01)3(6.08e+01)
251:1(1.16e+02)2(7.13e+01)3(6.48e+01)0(6.27e+01)
252:0(8.53e+01)1(7.45e+01)3(5.25e+01)2(5.06e+01)
253:3(9.47e+01)2(7.34e+01)1(7.03e+01)0(6.48e+01)
254:0(6.15e+01)2(3.69e+01)3(2.91e+01)1(2.64e+01)
255:2(7.80e+01)1(5.95e+01)0(3.63e+01)3(2.77e+01)
256:1(1.08e+02)0(7.81e+01)3(6.59e+01)2(6.19e+01)
257:1(8.36e+01)0(7.48e+01)2(5.92e+01)3(3.00e+01)
258:0(1.42e+02)2(1.17e+02)3(1.12e+02)1(6.72e+01)
259:0(4.81e+01)3(4.73e+01)2(3.80e+01)1(3.28e+01)
260:1(6.27e+01)2(5.27e+01)0(4.07e+01)3(3.50e+01)
261:2(7.61e+01)1(5.03e+01)3(4.06e+01)0(3.18e+01)
262:0(5.96e+01)2(5.63e+01)1(4.57e+01)3(3.41e+01)
263:1(4.21e+01)3(2.49e+01)0(2.48e+01)2(1.96e+01)
264:1(2.79e+01)3(2.61e+01)0(2.59e+01)2(2.36e+01)
265:2(6.62e+01)1(4.71e+01)0(4.03e+01)3(3.40e+01)
266:0(2.97e+01)2(2.59e+01)1(2.43e+01)3(1.86e+01)
267:2(1.23e+01)1(9.99e+00)3(6.00e+00)0(3.00e+00)
268:2(1.50e+01)3(1.00e+01)1(7.00e+00)0(5.00e+00)
269:2(2.44e+01)3(1.80e+01)1(1.78e+01)0(1.10e+01)
270:2(4.43e+01)1(2.74e+01)3(2.26e+01)0(1.73e+01)
271:2(3.75e+01)1(3.71e+01)0(2.93e+01)3(2.60e+01)
272:1(2.30e+01)2(2.15e+01)0(1.69e+01)3(8.01e+00)
273:2(5.60e+01)3(4.51e+01)0(4.46e+01)1(2.01e+01)
274:2(8.79e+01)1(7.76e+01)0(6.78e+01)3(5.37e+01)
275:1(6.72e+01)2(6.04e+01)3(5.37e+01)0(5.03e+01)
276:2(1.02e+02)1(8.47e+01)0(5.70e+01)3(4.54e+01)
277:3(9.81e+01)2(7.27e+01)1(4.79e+01)0(4.57e+01)
278:1(1.03e+02)2(7.84e+01)3(5.81e+01)0(5.78e+01)
279:0(9.86e+01)1(7.65e+01)3(6.64e+01)2(5.92e+01)
280:2(8.76e+01)3(5.64e+01)0(5.42e+01)1(3.78e+01)
281:2(6.79e+01)1(6.53e+01)0(4.66e+01)3(3.54e+01)
282:0(1.65e+02)2(1.04e+02)1(9.67e+01)3(8.31e+01)
283:1(1.42e+02)2(8.48e+01)0(7.66e+01)3(6.74e+01)
284:1(8.32e+01)2(7.72e+01)0(5.42e+01)3(3.71e+01)
285:2(7.44e+01)0(5.99e+01)1(5.40e+01)3(4.03e+01)
286:1(7.33e+01)3(4.24e+01)0(3.94e+01)2(2.83e+01)
287:2(8.41e+01)1(8.24e+01)0(8.01e+01)3(7.48e+01)
288:1(6.02e+01)0(5.21e+01)2(4.65e+01)3(4.29e+01)
289:1(1.71e+02)2(1.60e+02)0(1.47e+02)3(1.34e+02)
290:0(7.18e+01)2(6.14e+01)1(5.98e+01)3(5.97e+01)
291:0(1.32e+02)2(1.17e+02)3(8.00e+01)1(7.18e+01)
292:1(8.87e+01)2(8.25e+01)0(7.28e+01)3(4.90e+01)
293:0(7.16e+01)2(6.97e+01)3(6.47e+01)1(6.14e+01)
294:2(2.06e+01)1(1.30e+01)0(7.00e+00)3(6.00e+00)
295:0(2.97e+01)2(2.66e+01)3(2.44e+01)1(1.49e+01)
296:2(2.44e+01)1(1.77e+01)3(1.20e+01)0(1.00e+01)
297:1(1.86e+02)2(1.76e+02)0(9.60e+01)3(8.24e+01)
298:1(8.47e+01)3(6.62e+01)0(5.94e+01)2(5.54e+01)
299:1(5.47e+01)0(4.94e+01)3(4.11e+01)2(3.75e+01)
300:1(3.28e+02)0(3.28e+02)2(2.35e+02)3(1.28e+02)
301:2(1.30e+02)0(1.26e+02)1(9.17e+01)3(8.96e+01)
302:1(6.91e+01)2(5.53e+01)0(5.46e+01)3(3.70e+01)
303:1(1.33e+02)0(1.32e+02)2(9.06e+01)3(9.01e+01)
304:1(1.23e+02)0(9.68e+01)2(7.81e+01)3(6.59e+01)
305:1(7.68e+01)2(6.47e+01)0(2.04e+01)3(1.42e+01)
306:2(5.55e+01)0(4.91e+01)3(3.75e+01)1(2.47e+01)
307:3(3.89e+01)1(3.39e+01)2(3.16e+01)0(1.89e+01)
308:0(2.72e+01)2(2.48e+01)1(1.98e+01)3(1.52e+01)
309:1(1.13e+02)2(8.28e+01)3(4.97e+01)0(4.12e+01)
310:1(6.95e+01)0(6.04e+01)2(4.99e+01)3(3.10e+01)
311:2(1.03e+02)1(5.97e+01)3(4.79e+01)0(4.28e+01)
312:2(6.52e+01)0(5.94e+01)1(5.10e+01)3(3.48e+01)
313:0(5.34e+01)2(3.88e+01)1(2.77e+01)3(2.40e+01)
314:2(7.03e+01)1(7.02e+01)0(6.08e+01)3(5.22e+01)
315:1(6.56e+01)0(4.54e+01)2(4.33e+01)3(2.10e+01)
316:0(4.52e+01)2(3.86e+01)1(3.21e+01)3(2.60e+01)
317:3(6.65e+01)1(6.56e+01)2(6.53e+01)0(4.78e+01)
318:0(7.02e+01)1(6.34e+01)2(5.38e+01)3(3.82e+01)
319:1(8.04e+01)2(7.44e+01)0(7.04e+01)3(6.09e+01)
320:2(4.70e+01)3(2.40e+01)0(2.29e+01)1(2.24e+01)
321:2(8.65e+01)1(8.39e+01)0(4.14e+01)3(3.69e+01)
322:1(7.47e+01)2(7.32e+01)0(3.77e+01)3(3.52e+01)
323:1(4.34e+01)2(4.23e+01)0(3.58e+01)3(2.91e+01)
324:2(7.04e+01)3(6.90e+01)1(5.73e+01)0(4.38e+01)
325:1(7.99e+01)2(7.69e+01)3(7.08e+01)0(3.97e+01)
326:2(1.04e+02)1(9.82e+01)3(5.57e+01)0(5.17e+01)
327:0(1.32e+02)2(4.93e+01)3(4.08e+01)1(1.20e+01)
328:2(7.16e+01)0(5.78e+01)1(4.16e+01)3(3.11e+01)
329:1(9.87e+01)0(6.77e+01)2(5.73e+01)3(2.40e+01)
330:2(8.57e+01)0(5.11e+01)1(4.57e+01)3(1.95e+01)
331:3(3.86e+01)1(3.38e+01)2(1.85e+01)0(1.60e+01)
332:1(2.00e+01)0(1.96e+01)2(1.60e+01)3(1.60e+01)
333:0(2.04e+01)2(1.70e+01)1(1.22e+01)3(9.82e+00)
334:3(4.00e+01)2(3.48e+01)1(3.19e+01)0(3.00e+01)INFO: s3mixw_io.c(232): Wrote /home/jerrin/Documents/project/main upload/chakka/trained data builds/tuttorialchakka_1/chakka/model_parameters/chakka.cd_cont_initial/mixture_weights [335x1x8 array]
INFO: s3gau_io.c(226): Wrote /home/jerrin/Documents/project/main upload/chakka/trained data builds/tuttorialchakka_1/chakka/model_parameters/chakka.cd_cont_initial/means [335x1x8 array]
INFO: s3gau_io.c(226): Wrote /home/jerrin/Documents/project/main upload/chakka/trained data builds/tuttorialchakka_1/chakka/model_parameters/chakka.cd_cont_initial/variances [335x1x8 array]

Sat Mar 30 00:24:32 2013
