INFO: cmd_ln.c(691): Parsing command line:
/usr/libexec/sphinxtrain/inc_comp \
	-ninc 2 \
	-dcountfn /home/jerrin/Documents/project/main upload/chakka/trained data builds/tuttorialchakka_1/chakka/model_parameters/chakka.cd_cont_200/mixture_weights \
	-inmixwfn /home/jerrin/Documents/project/main upload/chakka/trained data builds/tuttorialchakka_1/chakka/model_parameters/chakka.cd_cont_200/mixture_weights \
	-outmixwfn /home/jerrin/Documents/project/main upload/chakka/trained data builds/tuttorialchakka_1/chakka/model_parameters/chakka.cd_cont_initial/mixture_weights \
	-inmeanfn /home/jerrin/Documents/project/main upload/chakka/trained data builds/tuttorialchakka_1/chakka/model_parameters/chakka.cd_cont_200/means \
	-outmeanfn /home/jerrin/Documents/project/main upload/chakka/trained data builds/tuttorialchakka_1/chakka/model_parameters/chakka.cd_cont_initial/means \
	-invarfn /home/jerrin/Documents/project/main upload/chakka/trained data builds/tuttorialchakka_1/chakka/model_parameters/chakka.cd_cont_200/variances \
	-outvarfn /home/jerrin/Documents/project/main upload/chakka/trained data builds/tuttorialchakka_1/chakka/model_parameters/chakka.cd_cont_initial/variances \
	-fullvar no 

Current configuration:
[NAME]		[DEFLT]	[VALUE]
-dcountfn		/home/jerrin/Documents/project/main upload/chakka/trained data builds/tuttorialchakka_1/chakka/model_parameters/chakka.cd_cont_200/mixture_weights
-example	no	no
-fullvar	no	no
-help		no	no
-inmeanfn		/home/jerrin/Documents/project/main upload/chakka/trained data builds/tuttorialchakka_1/chakka/model_parameters/chakka.cd_cont_200/means
-inmixwfn		/home/jerrin/Documents/project/main upload/chakka/trained data builds/tuttorialchakka_1/chakka/model_parameters/chakka.cd_cont_200/mixture_weights
-invarfn		/home/jerrin/Documents/project/main upload/chakka/trained data builds/tuttorialchakka_1/chakka/model_parameters/chakka.cd_cont_200/variances
-ninc		1	2
-outmeanfn		/home/jerrin/Documents/project/main upload/chakka/trained data builds/tuttorialchakka_1/chakka/model_parameters/chakka.cd_cont_initial/means
-outmixwfn		/home/jerrin/Documents/project/main upload/chakka/trained data builds/tuttorialchakka_1/chakka/model_parameters/chakka.cd_cont_initial/mixture_weights
-outvarfn		/home/jerrin/Documents/project/main upload/chakka/trained data builds/tuttorialchakka_1/chakka/model_parameters/chakka.cd_cont_initial/variances

INFO: main.c(85): Reading mixing weight file /home/jerrin/Documents/project/main upload/chakka/trained data builds/tuttorialchakka_1/chakka/model_parameters/chakka.cd_cont_200/mixture_weights.
INFO: s3mixw_io.c(116): Read /home/jerrin/Documents/project/main upload/chakka/trained data builds/tuttorialchakka_1/chakka/model_parameters/chakka.cd_cont_200/mixture_weights [335x1x2 array]
INFO: s3gau_io.c(166): Read /home/jerrin/Documents/project/main upload/chakka/trained data builds/tuttorialchakka_1/chakka/model_parameters/chakka.cd_cont_200/means [335x1x2 array]
INFO: s3gau_io.c(166): Read /home/jerrin/Documents/project/main upload/chakka/trained data builds/tuttorialchakka_1/chakka/model_parameters/chakka.cd_cont_200/variances [335x1x2 array]
INFO: s3gau_io.c(550): Read /home/jerrin/Documents/project/main upload/chakka/trained data builds/tuttorialchakka_1/chakka/model_parameters/chakka.cd_cont_200/mixture_weights [335x1x2 array]
INFO: main.c(151): output n_density == 4
0:1(1.30e+03)0(8.64e+02)
1:1(1.64e+03)0(1.20e+03)
2:0(1.96e+03)1(1.56e+03)
3:1(7.87e+02)0(5.69e+02)
4:0(1.17e+03)1(1.16e+03)
5:1(8.08e+02)0(6.72e+02)
6:0(6.02e+02)1(4.28e+02)
7:0(7.73e+02)1(4.97e+02)
8:1(2.30e+03)0(9.20e+02)
9:1(4.42e+02)0(1.51e+02)
10:0(7.97e+01)1(6.93e+01)
11:1(7.61e+01)0(5.21e+01)
12:0(1.49e+02)1(1.07e+02)
13:0(6.65e+01)1(4.16e+01)
14:1(1.81e+02)0(4.94e+01)
15:1(1.62e+02)0(8.94e+01)
16:0(1.20e+02)1(1.19e+02)
17:0(1.04e+02)1(9.42e+01)
18:1(4.13e+02)0(4.01e+02)
19:0(3.85e+02)1(2.67e+02)
20:1(5.13e+02)0(2.49e+02)
21:1(2.98e+02)0(1.55e+02)
22:0(1.50e+02)1(6.88e+01)
23:1(7.94e+01)0(4.22e+01)
24:0(6.97e+01)1(6.74e+01)
25:0(3.94e+01)1(3.90e+01)
26:0(6.92e+01)1(3.09e+01)
27:1(9.13e+01)0(5.98e+01)
28:0(5.98e+01)1(2.44e+01)
29:1(3.94e+02)0(4.72e+01)
30:1(5.02e+02)0(2.89e+02)
31:0(5.19e+02)1(3.96e+02)
32:0(5.65e+02)1(4.33e+02)
33:1(1.21e+02)0(8.59e+01)
34:0(2.53e+02)1(2.03e+02)
35:1(1.76e+02)0(1.49e+02)
36:0(7.83e+01)1(7.01e+01)
37:1(2.99e+02)0(1.83e+02)
38:0(2.46e+02)1(1.23e+02)
39:1(7.47e+02)0(1.82e+02)
40:1(2.09e+02)0(1.24e+02)
41:1(1.77e+02)0(1.75e+02)
42:1(5.56e+01)0(5.10e+01)
43:0(7.68e+01)1(7.06e+01)
44:0(5.97e+01)1(4.54e+01)
45:1(5.30e+01)0(5.20e+01)
46:0(5.43e+01)1(3.67e+01)
47:1(3.34e+01)0(3.12e+01)
48:1(2.84e+02)0(1.01e+02)
49:1(1.61e+02)0(1.04e+02)
50:0(3.44e+02)1(2.02e+02)
51:0(1.01e+02)1(7.99e+01)
52:1(7.45e+01)0(6.05e+01)
53:1(3.62e+02)0(2.68e+02)
54:0(6.16e+01)1(2.07e+01)
55:1(7.93e+01)0(7.78e+01)
56:1(2.46e+02)0(8.31e+01)
57:0(1.39e+02)1(7.94e+01)
58:1(1.73e+02)0(1.31e+02)
59:0(2.09e+02)1(1.28e+02)
60:1(1.08e+02)0(5.93e+01)
61:1(1.76e+02)0(1.03e+02)
62:0(2.89e+02)1(1.25e+02)
63:1(1.19e+03)0(7.93e+02)
64:1(7.39e+02)0(6.79e+02)
65:1(8.82e+02)0(3.86e+02)
66:1(2.62e+02)0(7.34e+01)
67:1(2.80e+01)0(2.64e+01)
68:1(5.75e+01)0(5.40e+01)
69:0(9.45e+01)1(4.99e+01)
70:0(1.04e+02)1(6.89e+01)
71:1(8.69e+01)0(7.32e+01)
72:1(8.87e+01)0(7.05e+01)
73:0(9.79e+01)1(8.57e+01)
74:0(7.11e+01)1(4.38e+01)
75:1(3.43e+02)0(2.81e+02)
76:1(3.37e+02)0(2.72e+02)
77:1(2.57e+02)0(1.95e+02)
78:0(2.89e+02)1(1.99e+02)
79:0(1.33e+02)1(1.23e+02)
80:0(2.61e+02)1(1.77e+02)
81:1(8.33e+01)0(7.72e+01)
82:1(1.05e+02)0(6.59e+01)
83:1(1.30e+02)0(6.89e+01)
84:1(1.02e+02)0(9.39e+01)
85:0(1.14e+02)1(1.04e+02)
86:0(1.87e+02)1(9.32e+01)
87:1(2.07e+01)0(9.02e+00)
88:0(2.05e+01)1(1.70e+01)
89:1(3.89e+01)0(2.36e+01)
90:0(5.88e+01)1(4.06e+01)
91:1(8.15e+01)0(5.78e+01)
92:0(3.87e+01)1(3.30e+01)
93:0(1.00e+02)1(6.43e+01)
94:1(1.62e+02)0(1.42e+02)
95:1(1.22e+02)0(9.72e+01)
96:1(3.25e+02)0(2.03e+02)
97:1(1.53e+02)0(1.38e+02)
98:0(2.97e+02)1(2.14e+02)
99:1(3.84e+02)0(2.66e+02)
100:0(4.48e+02)1(4.15e+02)
101:1(3.88e+02)0(3.01e+02)
102:1(5.55e+02)0(2.49e+02)
103:0(2.11e+02)1(1.59e+02)
104:0(3.03e+02)1(2.65e+02)
105:1(3.08e+01)0(1.42e+01)
106:0(6.04e+01)1(3.98e+01)
107:1(3.93e+01)0(2.38e+01)
108:1(1.08e+03)0(8.22e+02)
109:1(1.11e+03)0(5.60e+02)
110:1(4.01e+03)0(8.65e+02)
111:0(2.93e+02)1(2.25e+02)
112:1(1.34e+02)0(1.16e+02)
113:0(1.01e+02)1(8.63e+01)
114:1(1.10e+03)0(5.38e+02)
115:1(2.48e+02)0(2.43e+02)
116:0(3.40e+02)1(1.97e+02)
117:0(9.71e+01)1(7.37e+01)
118:1(6.36e+01)0(4.61e+01)
119:1(5.38e+01)0(4.60e+01)
120:0(2.24e+02)1(2.21e+02)
121:1(1.67e+02)0(8.86e+01)
122:1(1.14e+02)0(7.97e+01)
123:0(2.34e+02)1(1.81e+02)
124:0(1.73e+02)1(1.68e+02)
125:1(2.57e+02)0(1.88e+02)
126:0(2.72e+02)1(1.36e+02)
127:1(1.65e+02)0(6.20e+01)
128:1(2.10e+02)0(1.37e+02)
129:0(5.48e+02)1(3.25e+02)
130:0(3.15e+02)1(1.00e+02)
131:1(2.06e+02)0(2.05e+02)
132:1(6.73e+01)0(3.92e+01)
133:0(6.68e+01)1(6.38e+01)
134:1(6.74e+01)0(6.56e+01)
135:0(2.49e+02)1(1.91e+02)
136:0(3.55e+02)1(3.39e+02)
137:0(3.75e+02)1(3.15e+02)
138:1(1.95e+02)0(1.42e+02)
139:0(1.76e+02)1(1.71e+02)
140:1(2.46e+02)0(2.04e+02)
141:1(4.73e+02)0(3.18e+02)
142:0(8.65e+02)1(3.95e+02)
143:0(1.11e+02)1(8.64e+01)
144:0(2.47e+02)1(1.67e+02)
145:0(1.36e+02)1(1.27e+02)
146:1(4.02e+02)0(2.72e+02)
147:1(4.82e+02)0(1.53e+02)
148:1(6.80e+02)0(6.57e+02)
149:1(2.42e+02)0(1.91e+02)
150:1(2.01e+02)0(1.14e+02)
151:0(2.43e+02)1(1.43e+02)
152:1(1.26e+02)0(9.67e+01)
153:1(3.06e+02)0(2.39e+02)
154:0(1.53e+02)1(1.47e+02)
155:1(7.36e+02)0(4.88e+02)
156:1(1.32e+02)0(1.27e+02)
157:1(3.16e+02)0(2.79e+02)
158:1(4.21e+02)0(2.89e+02)
159:0(9.45e+01)1(8.13e+01)
160:0(1.45e+02)1(1.25e+02)
161:0(4.02e+02)1(3.59e+02)
162:0(4.05e+02)1(3.24e+02)
163:0(4.02e+02)1(1.38e+02)
164:1(1.37e+03)0(9.78e+02)
165:0(4.06e+02)1(3.57e+02)
166:0(5.47e+01)1(5.29e+01)
167:1(4.42e+02)0(1.51e+02)
168:0(7.97e+01)1(6.93e+01)
169:1(7.61e+01)0(5.21e+01)
170:0(1.49e+02)1(1.07e+02)
171:0(6.65e+01)1(4.16e+01)
172:1(1.81e+02)0(4.94e+01)
173:1(1.62e+02)0(8.94e+01)
174:0(1.20e+02)1(1.19e+02)
175:0(1.04e+02)1(9.42e+01)
176:0(2.10e+02)1(1.87e+02)
177:0(2.29e+02)1(1.87e+02)
178:1(2.26e+02)0(1.80e+02)
179:0(1.26e+02)1(1.19e+02)
180:0(2.81e+02)1(2.05e+02)
181:0(1.40e+02)1(1.36e+02)
182:1(2.98e+02)0(1.55e+02)
183:0(1.50e+02)1(6.88e+01)
184:1(7.94e+01)0(4.22e+01)
185:0(6.97e+01)1(6.74e+01)
186:0(3.94e+01)1(3.90e+01)
187:0(6.92e+01)1(3.09e+01)
188:1(9.13e+01)0(5.98e+01)
189:0(5.98e+01)1(2.44e+01)
190:1(3.94e+02)0(4.72e+01)
191:1(2.64e+02)0(1.39e+02)
192:0(2.39e+02)1(1.50e+02)
193:0(3.37e+02)1(3.14e+02)
194:1(1.35e+02)0(1.29e+02)
195:0(2.73e+02)1(2.59e+02)
196:1(2.34e+02)0(2.32e+02)
197:1(1.21e+02)0(8.59e+01)
198:0(2.53e+02)1(2.03e+02)
199:1(1.76e+02)0(1.49e+02)
200:0(7.83e+01)1(7.01e+01)
201:1(1.48e+02)0(1.30e+02)
202:1(1.17e+02)0(8.76e+01)
203:1(1.35e+02)0(1.13e+02)
204:0(6.74e+01)1(5.30e+01)
205:1(7.01e+02)0(1.55e+02)
206:1(4.17e+01)0(3.09e+01)
207:1(2.09e+02)0(1.24e+02)
208:1(1.77e+02)0(1.75e+02)
209:1(5.56e+01)0(5.10e+01)
210:0(7.68e+01)1(7.06e+01)
211:0(5.97e+01)1(4.54e+01)
212:1(5.30e+01)0(5.20e+01)
213:0(5.43e+01)1(3.67e+01)
214:1(3.34e+01)0(3.12e+01)
215:1(2.84e+02)0(1.01e+02)
216:1(1.61e+02)0(1.04e+02)
217:0(1.39e+02)1(7.08e+01)
218:1(1.89e+02)0(1.46e+02)
219:0(1.01e+02)1(7.99e+01)
220:1(7.45e+01)0(6.05e+01)
221:1(3.62e+02)0(2.68e+02)
222:0(6.16e+01)1(2.07e+01)
223:1(7.93e+01)0(7.78e+01)
224:1(2.46e+02)0(8.31e+01)
225:0(1.39e+02)1(7.94e+01)
226:1(1.73e+02)0(1.31e+02)
227:0(2.09e+02)1(1.28e+02)
228:1(1.08e+02)0(5.93e+01)
229:1(1.76e+02)0(1.03e+02)
230:0(2.89e+02)1(1.25e+02)
231:1(2.51e+02)0(1.96e+02)
232:0(6.10e+02)1(3.33e+02)
233:0(3.76e+02)1(2.14e+02)
234:1(2.99e+02)0(1.02e+02)
235:0(2.47e+02)1(1.56e+02)
236:0(3.09e+02)1(3.05e+02)
237:0(2.14e+02)1(1.02e+02)
238:0(2.84e+02)1(2.38e+02)
239:1(2.47e+02)0(1.83e+02)
240:1(2.62e+02)0(7.34e+01)
241:1(2.80e+01)0(2.64e+01)
242:1(5.75e+01)0(5.40e+01)
243:0(9.45e+01)1(4.99e+01)
244:0(1.04e+02)1(6.89e+01)
245:1(8.69e+01)0(7.32e+01)
246:1(8.87e+01)0(7.05e+01)
247:0(9.79e+01)1(8.57e+01)
248:0(7.11e+01)1(4.38e+01)
249:1(1.75e+02)0(1.67e+02)
250:1(1.55e+02)0(1.29e+02)
251:1(2.03e+02)0(1.31e+02)
252:0(1.56e+02)1(1.19e+02)
253:0(1.64e+02)1(1.47e+02)
254:0(8.50e+01)1(5.61e+01)
255:1(1.39e+02)0(4.67e+01)
256:1(1.69e+02)0(1.33e+02)
257:0(1.33e+02)1(1.23e+02)
258:0(2.61e+02)1(1.77e+02)
259:1(8.33e+01)0(7.72e+01)
260:1(1.05e+02)0(6.59e+01)
261:1(1.30e+02)0(6.89e+01)
262:1(1.02e+02)0(9.39e+01)
263:1(5.69e+01)0(5.69e+01)
264:1(5.40e+01)0(5.04e+01)
265:1(1.09e+02)0(7.75e+01)
266:0(5.05e+01)1(4.27e+01)
267:1(2.07e+01)0(9.02e+00)
268:0(2.05e+01)1(1.70e+01)
269:1(3.89e+01)0(2.36e+01)
270:0(5.88e+01)1(4.06e+01)
271:1(8.15e+01)0(5.78e+01)
272:0(3.87e+01)1(3.30e+01)
273:0(1.00e+02)1(6.43e+01)
274:1(1.62e+02)0(1.42e+02)
275:1(1.22e+02)0(9.72e+01)
276:0(1.41e+02)1(1.26e+02)
277:1(1.37e+02)0(1.25e+02)
278:1(1.53e+02)0(1.38e+02)
279:0(1.62e+02)1(1.29e+02)
280:0(1.19e+02)1(1.02e+02)
281:1(1.25e+02)0(8.87e+01)
282:0(2.72e+02)1(1.64e+02)
283:0(2.02e+02)1(1.65e+02)
284:1(1.52e+02)0(1.11e+02)
285:0(1.37e+02)1(9.53e+01)
286:0(1.11e+02)1(9.86e+01)
287:1(1.54e+02)0(1.47e+02)
288:1(9.47e+01)0(8.43e+01)
289:1(3.06e+02)0(2.50e+02)
290:1(1.32e+02)0(1.16e+02)
291:0(2.11e+02)1(1.59e+02)
292:1(1.85e+02)0(1.18e+02)
293:0(1.34e+02)1(1.31e+02)
294:1(3.08e+01)0(1.42e+01)
295:0(6.04e+01)1(3.98e+01)
296:1(3.93e+01)0(2.38e+01)
297:0(2.93e+02)1(2.25e+02)
298:1(1.34e+02)0(1.16e+02)
299:0(1.01e+02)1(8.63e+01)
300:1(5.43e+02)0(4.59e+02)
301:0(2.45e+02)1(1.91e+02)
302:1(1.16e+02)0(8.58e+01)
303:1(2.48e+02)0(2.43e+02)
304:1(1.82e+02)0(1.76e+02)
305:1(1.42e+02)0(3.73e+01)
306:0(9.71e+01)1(7.37e+01)
307:1(6.36e+01)0(4.61e+01)
308:1(5.38e+01)0(4.60e+01)
309:1(1.50e+02)0(9.15e+01)
310:1(1.21e+02)0(8.21e+01)
311:1(1.67e+02)0(8.86e+01)
312:1(1.14e+02)0(7.97e+01)
313:0(8.12e+01)1(5.71e+01)
314:0(1.72e+02)1(1.05e+02)
315:1(1.20e+02)0(7.40e+01)
316:0(8.76e+01)1(5.93e+01)
317:1(1.34e+02)0(1.01e+02)
318:0(1.08e+02)1(1.02e+02)
319:1(1.52e+02)0(1.20e+02)
320:0(7.88e+01)1(5.69e+01)
321:1(1.65e+02)0(6.20e+01)
322:1(1.35e+02)0(7.53e+01)
323:0(8.02e+01)1(5.66e+01)
324:1(1.28e+02)0(1.26e+02)
325:1(1.76e+02)0(1.06e+02)
326:1(2.43e+02)0(9.32e+01)
327:0(1.65e+02)1(5.59e+01)
328:0(1.20e+02)1(7.36e+01)
329:0(1.23e+02)1(1.02e+02)
330:0(1.24e+02)1(6.17e+01)
331:1(6.73e+01)0(3.92e+01)
332:0(4.14e+01)1(3.17e+01)
333:0(3.56e+01)1(2.18e+01)
334:1(6.74e+01)0(6.56e+01)INFO: s3mixw_io.c(232): Wrote /home/jerrin/Documents/project/main upload/chakka/trained data builds/tuttorialchakka_1/chakka/model_parameters/chakka.cd_cont_initial/mixture_weights [335x1x4 array]
INFO: s3gau_io.c(226): Wrote /home/jerrin/Documents/project/main upload/chakka/trained data builds/tuttorialchakka_1/chakka/model_parameters/chakka.cd_cont_initial/means [335x1x4 array]
INFO: s3gau_io.c(226): Wrote /home/jerrin/Documents/project/main upload/chakka/trained data builds/tuttorialchakka_1/chakka/model_parameters/chakka.cd_cont_initial/variances [335x1x4 array]

Sat Mar 30 00:24:20 2013
