INFO: cmd_ln.c(691): Parsing command line:
/usr/libexec/sphinxtrain/mk_mdef_gen \
	-phnlstfn /home/jerrin/Documents/project/main upload/chakka/trained data builds/tuttorialchakka_1/chakka/model_architecture/chakka.phonelist \
	-oalltphnmdef /home/jerrin/Documents/project/main upload/chakka/trained data builds/tuttorialchakka_1/chakka/model_architecture/chakka.alltriphones.mdef \
	-dictfn /home/jerrin/Documents/project/main upload/chakka/trained data builds/tuttorialchakka_1/chakka/etc/chakka.dic \
	-fdictfn /home/jerrin/Documents/project/main upload/chakka/trained data builds/tuttorialchakka_1/chakka/etc/chakka.filler \
	-n_state_pm 3 

Current configuration:
[NAME]		[DEFLT]	[VALUE]
-dictfn			/home/jerrin/Documents/project/main upload/chakka/trained data builds/tuttorialchakka_1/chakka/etc/chakka.dic
-example	no	no
-fdictfn		/home/jerrin/Documents/project/main upload/chakka/trained data builds/tuttorialchakka_1/chakka/etc/chakka.filler
-help		no	no
-ignorewpos	no	no
-inCDmdef		
-inCImdef		
-lsnfn			
-maxtriphones	100000	100000
-minocc		1	1
-n_state_pm	3	3
-oalltphnmdef		/home/jerrin/Documents/project/main upload/chakka/trained data builds/tuttorialchakka_1/chakka/model_architecture/chakka.alltriphones.mdef
-ocimdef		
-ocountfn		
-ountiedmdef		
-phnlstfn		/home/jerrin/Documents/project/main upload/chakka/trained data builds/tuttorialchakka_1/chakka/model_architecture/chakka.phonelist
-triphnlstfn		

INFO: main.c(94): Will write alltriphone mdef file /home/jerrin/Documents/project/main upload/chakka/trained data builds/tuttorialchakka_1/chakka/model_architecture/chakka.alltriphones.mdef
INFO: mk_mdef_gen.c(189): 0 single word triphones in input phone list
INFO: mk_mdef_gen.c(190): 0 word beginning triphones in input phone list
INFO: mk_mdef_gen.c(191): 0 word internal triphones in input phone list
INFO: mk_mdef_gen.c(192): 0 word ending triphones in input phone list
INFO: mk_mdef_gen.c(280): Reading dict /home/jerrin/Documents/project/main upload/chakka/trained data builds/tuttorialchakka_1/chakka/etc/chakka.dic
INFO: mk_mdef_gen.c(322): 35 words in dict /home/jerrin/Documents/project/main upload/chakka/trained data builds/tuttorialchakka_1/chakka/etc/chakka.dic
INFO: mk_mdef_gen.c(280): Reading dict /home/jerrin/Documents/project/main upload/chakka/trained data builds/tuttorialchakka_1/chakka/etc/chakka.filler
INFO: mk_mdef_gen.c(322): 3 words in dict /home/jerrin/Documents/project/main upload/chakka/trained data builds/tuttorialchakka_1/chakka/etc/chakka.filler
INFO: mk_mdef_gen.c(442): 38 words in dictionary
INFO: mk_mdef_gen.c(443): 0 unique single word triphones in dictionary
INFO: mk_mdef_gen.c(444): 384 unique word beginning triphones in dictionary
INFO: mk_mdef_gen.c(445): 202 unique word internal triphones in dictionary
INFO: mk_mdef_gen.c(446): 380 unique word ending triphones in dictionary
INFO: mk_mdef_gen.c(897): 45 n_base, 966 n_tri
INFO: mk_mdef_gen.c(969): Wrote mdef file /home/jerrin/Documents/project/main upload/chakka/trained data builds/tuttorialchakka_1/chakka/model_architecture/chakka.alltriphones.mdef
Sat Mar 30 00:24:06 2013
