INFO: cmd_ln.c(691): Parsing command line:
/usr/libexec/sphinxtrain/mk_mdef_gen \
	-phnlstfn /home/jerrin/Documents/project/main upload/chakka/trained data builds/tuttorialchakka_1/chakka/etc/chakka.phone \
	-dictfn /home/jerrin/Documents/project/main upload/chakka/trained data builds/tuttorialchakka_1/chakka/etc/chakka.dic \
	-fdictfn /home/jerrin/Documents/project/main upload/chakka/trained data builds/tuttorialchakka_1/chakka/etc/chakka.filler \
	-lsnfn /home/jerrin/Documents/project/main upload/chakka/trained data builds/tuttorialchakka_1/chakka/etc/chakka_train.transcription \
	-ountiedmdef /home/jerrin/Documents/project/main upload/chakka/trained data builds/tuttorialchakka_1/chakka/model_architecture/chakka.untied.mdef \
	-n_state_pm 3 

Current configuration:
[NAME]		[DEFLT]	[VALUE]
-dictfn			/home/jerrin/Documents/project/main upload/chakka/trained data builds/tuttorialchakka_1/chakka/etc/chakka.dic
-example	no	no
-fdictfn		/home/jerrin/Documents/project/main upload/chakka/trained data builds/tuttorialchakka_1/chakka/etc/chakka.filler
-help		no	no
-ignorewpos	no	no
-inCDmdef		
-inCImdef		
-lsnfn			/home/jerrin/Documents/project/main upload/chakka/trained data builds/tuttorialchakka_1/chakka/etc/chakka_train.transcription
-maxtriphones	100000	100000
-minocc		1	1
-n_state_pm	3	3
-oalltphnmdef		
-ocimdef		
-ocountfn		
-ountiedmdef		/home/jerrin/Documents/project/main upload/chakka/trained data builds/tuttorialchakka_1/chakka/model_architecture/chakka.untied.mdef
-phnlstfn		/home/jerrin/Documents/project/main upload/chakka/trained data builds/tuttorialchakka_1/chakka/etc/chakka.phone
-triphnlstfn		

INFO: main.c(95): Will write untied mdef file /home/jerrin/Documents/project/main upload/chakka/trained data builds/tuttorialchakka_1/chakka/model_architecture/chakka.untied.mdef
INFO: mk_mdef_gen.c(189): 0 single word triphones in input phone list
INFO: mk_mdef_gen.c(190): 0 word beginning triphones in input phone list
INFO: mk_mdef_gen.c(191): 0 word internal triphones in input phone list
INFO: mk_mdef_gen.c(192): 0 word ending triphones in input phone list
INFO: mk_mdef_gen.c(280): Reading dict /home/jerrin/Documents/project/main upload/chakka/trained data builds/tuttorialchakka_1/chakka/etc/chakka.dic
INFO: mk_mdef_gen.c(322): 35 words in dict /home/jerrin/Documents/project/main upload/chakka/trained data builds/tuttorialchakka_1/chakka/etc/chakka.dic
INFO: mk_mdef_gen.c(280): Reading dict /home/jerrin/Documents/project/main upload/chakka/trained data builds/tuttorialchakka_1/chakka/etc/chakka.filler
INFO: mk_mdef_gen.c(322): 3 words in dict /home/jerrin/Documents/project/main upload/chakka/trained data builds/tuttorialchakka_1/chakka/etc/chakka.filler
INFO: mk_mdef_gen.c(442): 38 words in dictionary
INFO: mk_mdef_gen.c(443): 0 unique single word triphones in dictionary
INFO: mk_mdef_gen.c(444): 384 unique word beginning triphones in dictionary
INFO: mk_mdef_gen.c(445): 202 unique word internal triphones in dictionary
INFO: mk_mdef_gen.c(446): 380 unique word ending triphones in dictionary
INFO: mk_mdef_gen.c(479): Out of vocabulary words in transcript will be mapped to SIL!
INFO: mk_mdef_gen.c(593): 2488 words in transcripts
INFO: mk_mdef_gen.c(594): 0 single word triphones in transcripts
INFO: mk_mdef_gen.c(595): 808 word beginning triphones in transcripts
INFO: mk_mdef_gen.c(596): 5528 word internal triphones in transcripts
INFO: mk_mdef_gen.c(597): 808 word ending triphones in transcripts
INFO: mk_mdef_gen.c(640): 7144 triphones extracted from transcripts
INFO: mk_mdef_gen.c(641): 302 unique triphones extracted from transcripts
INFO: mk_mdef_gen.c(642): 0 triphones occur once in the transcripts
INFO: mk_mdef_gen.c(643): 0 triphones occur twice in the transcripts
INFO: mk_mdef_gen.c(644): 0 triphones occur thrice in the transcripts
INFO: mk_mdef_gen.c(645): The rest of the triphones occur more than three times
INFO: mk_mdef_gen.c(646): Count threshold is 1
INFO: mk_mdef_gen.c(897): 45 n_base, 302 n_tri
INFO: mk_mdef_gen.c(969): Wrote mdef file /home/jerrin/Documents/project/main upload/chakka/trained data builds/tuttorialchakka_1/chakka/model_architecture/chakka.untied.mdef
Sat Mar 30 00:23:51 2013
