INFO: cmd_ln.c(691): Parsing command line:
/usr/libexec/sphinxtrain/init_mixw \
	-src_moddeffn /home/jerrin/Documents/project/main upload/chakka/trained data builds/tuttorialchakka_1/chakka/model_architecture/chakka.ci.mdef \
	-src_ts2cbfn .cont. \
	-src_mixwfn /home/jerrin/Documents/project/main upload/chakka/trained data builds/tuttorialchakka_1/chakka/model_parameters/chakka.ci_cont/mixture_weights \
	-src_meanfn /home/jerrin/Documents/project/main upload/chakka/trained data builds/tuttorialchakka_1/chakka/model_parameters/chakka.ci_cont/means \
	-src_varfn /home/jerrin/Documents/project/main upload/chakka/trained data builds/tuttorialchakka_1/chakka/model_parameters/chakka.ci_cont/variances \
	-src_tmatfn /home/jerrin/Documents/project/main upload/chakka/trained data builds/tuttorialchakka_1/chakka/model_parameters/chakka.ci_cont/transition_matrices \
	-dest_moddeffn /home/jerrin/Documents/project/main upload/chakka/trained data builds/tuttorialchakka_1/chakka/model_architecture/chakka.untied.mdef \
	-dest_ts2cbfn .cont. \
	-dest_mixwfn /home/jerrin/Documents/project/main upload/chakka/trained data builds/tuttorialchakka_1/chakka/model_parameters/chakka.cd_cont_untied/mixture_weights \
	-dest_meanfn /home/jerrin/Documents/project/main upload/chakka/trained data builds/tuttorialchakka_1/chakka/model_parameters/chakka.cd_cont_untied/means \
	-dest_varfn /home/jerrin/Documents/project/main upload/chakka/trained data builds/tuttorialchakka_1/chakka/model_parameters/chakka.cd_cont_untied/variances \
	-dest_tmatfn /home/jerrin/Documents/project/main upload/chakka/trained data builds/tuttorialchakka_1/chakka/model_parameters/chakka.cd_cont_untied/transition_matrices \
	-fullvar no 

Current configuration:
[NAME]		[DEFLT]	[VALUE]
-dest_meanfn		/home/jerrin/Documents/project/main upload/chakka/trained data builds/tuttorialchakka_1/chakka/model_parameters/chakka.cd_cont_untied/means
-dest_mixwfn		/home/jerrin/Documents/project/main upload/chakka/trained data builds/tuttorialchakka_1/chakka/model_parameters/chakka.cd_cont_untied/mixture_weights
-dest_moddeffn		/home/jerrin/Documents/project/main upload/chakka/trained data builds/tuttorialchakka_1/chakka/model_architecture/chakka.untied.mdef
-dest_tmatfn		/home/jerrin/Documents/project/main upload/chakka/trained data builds/tuttorialchakka_1/chakka/model_parameters/chakka.cd_cont_untied/transition_matrices
-dest_ts2cbfn		.cont.
-dest_varfn		/home/jerrin/Documents/project/main upload/chakka/trained data builds/tuttorialchakka_1/chakka/model_parameters/chakka.cd_cont_untied/variances
-example	no	no
-fullvar	no	no
-help		no	no
-src_meanfn		/home/jerrin/Documents/project/main upload/chakka/trained data builds/tuttorialchakka_1/chakka/model_parameters/chakka.ci_cont/means
-src_mixwfn		/home/jerrin/Documents/project/main upload/chakka/trained data builds/tuttorialchakka_1/chakka/model_parameters/chakka.ci_cont/mixture_weights
-src_moddeffn		/home/jerrin/Documents/project/main upload/chakka/trained data builds/tuttorialchakka_1/chakka/model_architecture/chakka.ci.mdef
-src_tmatfn		/home/jerrin/Documents/project/main upload/chakka/trained data builds/tuttorialchakka_1/chakka/model_parameters/chakka.ci_cont/transition_matrices
-src_ts2cbfn		.cont.
-src_varfn		/home/jerrin/Documents/project/main upload/chakka/trained data builds/tuttorialchakka_1/chakka/model_parameters/chakka.ci_cont/variances

INFO: main.c(262): Reading src /home/jerrin/Documents/project/main upload/chakka/trained data builds/tuttorialchakka_1/chakka/model_architecture/chakka.ci.mdef
INFO: model_def_io.c(573): Model definition info:
INFO: model_def_io.c(574): 45 total models defined (45 base, 0 tri)
INFO: model_def_io.c(575): 180 total states
INFO: model_def_io.c(576): 135 total tied states
INFO: model_def_io.c(577): 135 total tied CI states
INFO: model_def_io.c(578): 45 total tied transition matrices
INFO: model_def_io.c(579): 4 max state/model
INFO: model_def_io.c(580): 4 min state/model
INFO: main.c(279): Generating continous ts2cb mapping
INFO: main.c(300): Reading src /home/jerrin/Documents/project/main upload/chakka/trained data builds/tuttorialchakka_1/chakka/model_parameters/chakka.ci_cont/mixture_weights
INFO: s3mixw_io.c(116): Read /home/jerrin/Documents/project/main upload/chakka/trained data builds/tuttorialchakka_1/chakka/model_parameters/chakka.ci_cont/mixture_weights [135x1x1 array]
INFO: main.c(309): Reading src /home/jerrin/Documents/project/main upload/chakka/trained data builds/tuttorialchakka_1/chakka/model_parameters/chakka.ci_cont/transition_matrices
INFO: s3tmat_io.c(115): Read /home/jerrin/Documents/project/main upload/chakka/trained data builds/tuttorialchakka_1/chakka/model_parameters/chakka.ci_cont/transition_matrices [45x3x4 array]
INFO: main.c(319): Reading src /home/jerrin/Documents/project/main upload/chakka/trained data builds/tuttorialchakka_1/chakka/model_parameters/chakka.ci_cont/means
INFO: s3gau_io.c(166): Read /home/jerrin/Documents/project/main upload/chakka/trained data builds/tuttorialchakka_1/chakka/model_parameters/chakka.ci_cont/means [135x1x1 array]
INFO: main.c(343): Reading src /home/jerrin/Documents/project/main upload/chakka/trained data builds/tuttorialchakka_1/chakka/model_parameters/chakka.ci_cont/variances
INFO: s3gau_io.c(166): Read /home/jerrin/Documents/project/main upload/chakka/trained data builds/tuttorialchakka_1/chakka/model_parameters/chakka.ci_cont/variances [135x1x1 array]
INFO: main.c(391): Reading dest /home/jerrin/Documents/project/main upload/chakka/trained data builds/tuttorialchakka_1/chakka/model_architecture/chakka.untied.mdef
INFO: model_def_io.c(573): Model definition info:
INFO: model_def_io.c(574): 347 total models defined (45 base, 302 tri)
INFO: model_def_io.c(575): 1388 total states
INFO: model_def_io.c(576): 1041 total tied states
INFO: model_def_io.c(577): 135 total tied CI states
INFO: model_def_io.c(578): 45 total tied transition matrices
INFO: model_def_io.c(579): 4 max state/model
INFO: model_def_io.c(580): 4 min state/model
INFO: main.c(408): Generating continous ts2cb mapping
INFO: main.c(432): Calculating initial model parameters
INFO: main.c(437): Alloc 45x3x4 dest tmat
INFO: main.c(450): Alloc 1041x1x1 dest mixw
INFO: main.c(463): Alloc 1041x1x1 dest mean and var
         A <- A         : [tm     0 +=     0]
[mx     0(0) +=     0] [mg     0(0) <-     0] [mx     1(1) +=     1] [mg     1(1) <-     1] [mx     2(2) +=     2] [mg     2(2) <-     2] 
        AA <- AA        : [tm     1 +=     1]
[mx     3(0) +=     3] [mg     3(0) <-     3] [mx     4(1) +=     4] [mg     4(1) <-     4] [mx     5(2) +=     5] [mg     5(2) <-     5] 
        AM <- AM        : [tm     2 +=     2]
[mx     6(0) +=     6] [mg     6(0) <-     6] [mx     7(1) +=     7] [mg     7(1) <-     7] [mx     8(2) +=     8] [mg     8(2) <-     8] 
         B <- B         : [tm     3 +=     3]
[mx     9(0) +=     9] [mg     9(0) <-     9] [mx    10(1) +=    10] [mg    10(1) <-    10] [mx    11(2) +=    11] [mg    11(2) <-    11] 
        BH <- BH        : [tm     4 +=     4]
[mx    12(0) +=    12] [mg    12(0) <-    12] [mx    13(1) +=    13] [mg    13(1) <-    13] [mx    14(2) +=    14] [mg    14(2) <-    14] 
        CH <- CH        : [tm     5 +=     5]
[mx    15(0) +=    15] [mg    15(0) <-    15] [mx    16(1) +=    16] [mg    16(1) <-    16] [mx    17(2) +=    17] [mg    17(2) <-    17] 
         D <- D         : [tm     6 +=     6]
[mx    18(0) +=    18] [mg    18(0) <-    18] [mx    19(1) +=    19] [mg    19(1) <-    19] [mx    20(2) +=    20] [mg    20(2) <-    20] 
        DA <- DA        : [tm     7 +=     7]
[mx    21(0) +=    21] [mg    21(0) <-    21] [mx    22(1) +=    22] [mg    22(1) <-    22] [mx    23(2) +=    23] [mg    23(2) <-    23] 
       DDA <- DDA       : [tm     8 +=     8]
[mx    24(0) +=    24] [mg    24(0) <-    24] [mx    25(1) +=    25] [mg    25(1) <-    25] [mx    26(2) +=    26] [mg    26(2) <-    26] 
        DH <- DH        : [tm     9 +=     9]
[mx    27(0) +=    27] [mg    27(0) <-    27] [mx    28(1) +=    28] [mg    28(1) <-    28] [mx    29(2) +=    29] [mg    29(2) <-    29] 
         E <- E         : [tm    10 +=    10]
[mx    30(0) +=    30] [mg    30(0) <-    30] [mx    31(1) +=    31] [mg    31(1) <-    31] [mx    32(2) +=    32] [mg    32(2) <-    32] 
        EE <- EE        : [tm    11 +=    11]
[mx    33(0) +=    33] [mg    33(0) <-    33] [mx    34(1) +=    34] [mg    34(1) <-    34] [mx    35(2) +=    35] [mg    35(2) <-    35] 
       EEY <- EEY       : [tm    12 +=    12]
[mx    36(0) +=    36] [mg    36(0) <-    36] [mx    37(1) +=    37] [mg    37(1) <-    37] [mx    38(2) +=    38] [mg    38(2) <-    38] 
        EY <- EY        : [tm    13 +=    13]
[mx    39(0) +=    39] [mg    39(0) <-    39] [mx    40(1) +=    40] [mg    40(1) <-    40] [mx    41(2) +=    41] [mg    41(2) <-    41] 
         G <- G         : [tm    14 +=    14]
[mx    42(0) +=    42] [mg    42(0) <-    42] [mx    43(1) +=    43] [mg    43(1) <-    43] [mx    44(2) +=    44] [mg    44(2) <-    44] 
         H <- H         : [tm    15 +=    15]
[mx    45(0) +=    45] [mg    45(0) <-    45] [mx    46(1) +=    46] [mg    46(1) <-    46] [mx    47(2) +=    47] [mg    47(2) <-    47] 
        IL <- IL        : [tm    16 +=    16]
[mx    48(0) +=    48] [mg    48(0) <-    48] [mx    49(1) +=    49] [mg    49(1) <-    49] [mx    50(2) +=    50] [mg    50(2) <-    50] 
       ILL <- ILL       : [tm    17 +=    17]
[mx    51(0) +=    51] [mg    51(0) <-    51] [mx    52(1) +=    52] [mg    52(1) <-    52] [mx    53(2) +=    53] [mg    53(2) <-    53] 
        IN <- IN        : [tm    18 +=    18]
[mx    54(0) +=    54] [mg    54(0) <-    54] [mx    55(1) +=    55] [mg    55(1) <-    55] [mx    56(2) +=    56] [mg    56(2) <-    56] 
        IR <- IR        : [tm    19 +=    19]
[mx    57(0) +=    57] [mg    57(0) <-    57] [mx    58(1) +=    58] [mg    58(1) <-    58] [mx    59(2) +=    59] [mg    59(2) <-    59] 
         J <- J         : [tm    20 +=    20]
[mx    60(0) +=    60] [mg    60(0) <-    60] [mx    61(1) +=    61] [mg    61(1) <-    61] [mx    62(2) +=    62] [mg    62(2) <-    62] 
         K <- K         : [tm    21 +=    21]
[mx    63(0) +=    63] [mg    63(0) <-    63] [mx    64(1) +=    64] [mg    64(1) <-    64] [mx    65(2) +=    65] [mg    65(2) <-    65] 
        KK <- KK        : [tm    22 +=    22]
[mx    66(0) +=    66] [mg    66(0) <-    66] [mx    67(1) +=    67] [mg    67(1) <-    67] [mx    68(2) +=    68] [mg    68(2) <-    68] 
         L <- L         : [tm    23 +=    23]
[mx    69(0) +=    69] [mg    69(0) <-    69] [mx    70(1) +=    70] [mg    70(1) <-    70] [mx    71(2) +=    71] [mg    71(2) <-    71] 
        LU <- LU        : [tm    24 +=    24]
[mx    72(0) +=    72] [mg    72(0) <-    72] [mx    73(1) +=    73] [mg    73(1) <-    73] [mx    74(2) +=    74] [mg    74(2) <-    74] 
         M <- M         : [tm    25 +=    25]
[mx    75(0) +=    75] [mg    75(0) <-    75] [mx    76(1) +=    76] [mg    76(1) <-    76] [mx    77(2) +=    77] [mg    77(2) <-    77] 
         N <- N         : [tm    26 +=    26]
[mx    78(0) +=    78] [mg    78(0) <-    78] [mx    79(1) +=    79] [mg    79(1) <-    79] [mx    80(2) +=    80] [mg    80(2) <-    80] 
        NG <- NG        : [tm    27 +=    27]
[mx    81(0) +=    81] [mg    81(0) <-    81] [mx    82(1) +=    82] [mg    82(1) <-    82] [mx    83(2) +=    83] [mg    83(2) <-    83] 
        NJ <- NJ        : [tm    28 +=    28]
[mx    84(0) +=    84] [mg    84(0) <-    84] [mx    85(1) +=    85] [mg    85(1) <-    85] [mx    86(2) +=    86] [mg    86(2) <-    86] 
        NU <- NU        : [tm    29 +=    29]
[mx    87(0) +=    87] [mg    87(0) <-    87] [mx    88(1) +=    88] [mg    88(1) <-    88] [mx    89(2) +=    89] [mg    89(2) <-    89] 
         O <- O         : [tm    30 +=    30]
[mx    90(0) +=    90] [mg    90(0) <-    90] [mx    91(1) +=    91] [mg    91(1) <-    91] [mx    92(2) +=    92] [mg    92(2) <-    92] 
        OO <- OO        : [tm    31 +=    31]
[mx    93(0) +=    93] [mg    93(0) <-    93] [mx    94(1) +=    94] [mg    94(1) <-    94] [mx    95(2) +=    95] [mg    95(2) <-    95] 
         P <- P         : [tm    32 +=    32]
[mx    96(0) +=    96] [mg    96(0) <-    96] [mx    97(1) +=    97] [mg    97(1) <-    97] [mx    98(2) +=    98] [mg    98(2) <-    98] 
        RA <- RA        : [tm    33 +=    33]
[mx    99(0) +=    99] [mg    99(0) <-    99] [mx   100(1) +=   100] [mg   100(1) <-   100] [mx   101(2) +=   101] [mg   101(2) <-   101] 
         S <- S         : [tm    34 +=    34]
[mx   102(0) +=   102] [mg   102(0) <-   102] [mx   103(1) +=   103] [mg   103(1) <-   103] [mx   104(2) +=   104] [mg   104(2) <-   104] 
        SH <- SH        : [tm    35 +=    35]
[mx   105(0) +=   105] [mg   105(0) <-   105] [mx   106(1) +=   106] [mg   106(1) <-   106] [mx   107(2) +=   107] [mg   107(2) <-   107] 
       SIL <- SIL       : [tm    36 +=    36]
[mx   108(0) +=   108] [mg   108(0) <-   108] [mx   109(1) +=   109] [mg   109(1) <-   109] [mx   110(2) +=   110] [mg   110(2) <-   110] 
        SS <- SS        : [tm    37 +=    37]
[mx   111(0) +=   111] [mg   111(0) <-   111] [mx   112(1) +=   112] [mg   112(1) <-   112] [mx   113(2) +=   113] [mg   113(2) <-   113] 
         T <- T         : [tm    38 +=    38]
[mx   114(0) +=   114] [mg   114(0) <-   114] [mx   115(1) +=   115] [mg   115(1) <-   115] [mx   116(2) +=   116] [mg   116(2) <-   116] 
        TT <- TT        : [tm    39 +=    39]
[mx   117(0) +=   117] [mg   117(0) <-   117] [mx   118(1) +=   118] [mg   118(1) <-   118] [mx   119(2) +=   119] [mg   119(2) <-   119] 
         U <- U         : [tm    40 +=    40]
[mx   120(0) +=   120] [mg   120(0) <-   120] [mx   121(1) +=   121] [mg   121(1) <-   121] [mx   122(2) +=   122] [mg   122(2) <-   122] 
        UU <- UU        : [tm    41 +=    41]
[mx   123(0) +=   123] [mg   123(0) <-   123] [mx   124(1) +=   124] [mg   124(1) <-   124] [mx   125(2) +=   125] [mg   125(2) <-   125] 
         V <- V         : [tm    42 +=    42]
[mx   126(0) +=   126] [mg   126(0) <-   126] [mx   127(1) +=   127] [mg   127(1) <-   127] [mx   128(2) +=   128] [mg   128(2) <-   128] 
         Y <- Y         : [tm    43 +=    43]
[mx   129(0) +=   129] [mg   129(0) <-   129] [mx   130(1) +=   130] [mg   130(1) <-   130] [mx   131(2) +=   131] [mg   131(2) <-   131] 
        ZH <- ZH        : [tm    44 +=    44]
[mx   132(0) +=   132] [mg   132(0) <-   132] [mx   133(1) +=   133] [mg   133(1) <-   133] [mx   134(2) +=   134] [mg   134(2) <-   134] 
   A A D b <- A         : [mx   135(0) +=     0] [mg   135(0) <-     0] [mx   136(1) +=     1] [mg   136(1) <-     1] [mx   137(2) +=     2] [mg   137(2) <-     2] 
  A AM D b <- A         : [mx   138(0) +=     0] [mg   138(0) <-     0] [mx   139(1) +=     1] [mg   139(1) <-     1] [mx   140(2) +=     2] [mg   140(2) <-     2] 
 A AM DA b <- A         : [mx   141(0) +=     0] [mg   141(0) <-     0] [mx   142(1) +=     1] [mg   142(1) <-     1] [mx   143(2) +=     2] [mg   143(2) <-     2] 
   A B S i <- A         : [mx   144(0) +=     0] [mg   144(0) <-     0] [mx   145(1) +=     1] [mg   145(1) <-     1] [mx   146(2) +=     2] [mg   146(2) <-     2] 
  A CH K i <- A         : [mx   147(0) +=     0] [mg   147(0) <-     0] [mx   148(1) +=     1] [mg   148(1) <-     1] [mx   149(2) +=     2] [mg   149(2) <-     2] 
  A CH L i <- A         : [mx   150(0) +=     0] [mg   150(0) <-     0] [mx   151(1) +=     1] [mg   151(1) <-     1] [mx   152(2) +=     2] [mg   152(2) <-     2] 
   A D M e <- A         : [mx   153(0) +=     0] [mg   153(0) <-     0] [mx   154(1) +=     1] [mg   154(1) <-     1] [mx   155(2) +=     2] [mg   155(2) <-     2] 
  A D NG i <- A         : [mx   156(0) +=     0] [mg   156(0) <-     0] [mx   157(1) +=     1] [mg   157(1) <-     1] [mx   158(2) +=     2] [mg   158(2) <-     2] 
   A D P e <- A         : [mx   159(0) +=     0] [mg   159(0) <-     0] [mx   160(1) +=     1] [mg   160(1) <-     1] [mx   161(2) +=     2] [mg   161(2) <-     2] 
 A D SIL e <- A         : [mx   162(0) +=     0] [mg   162(0) <-     0] [mx   163(1) +=     1] [mg   163(1) <-     1] [mx   164(2) +=     2] [mg   164(2) <-     2] 
   A D Y i <- A         : [mx   165(0) +=     0] [mg   165(0) <-     0] [mx   166(1) +=     1] [mg   166(1) <-     1] [mx   167(2) +=     2] [mg   167(2) <-     2] 
  A H IL i <- A         : [mx   168(0) +=     0] [mg   168(0) <-     0] [mx   169(1) +=     1] [mg   169(1) <-     1] [mx   170(2) +=     2] [mg   170(2) <-     2] 
 A ILL D b <- A         : [mx   171(0) +=     0] [mg   171(0) <-     0] [mx   172(1) +=     1] [mg   172(1) <-     1] [mx   173(2) +=     2] [mg   173(2) <-     2] 
   A K D i <- A         : [mx   174(0) +=     0] [mg   174(0) <-     0] [mx   175(1) +=     1] [mg   175(1) <-     1] [mx   176(2) +=     2] [mg   176(2) <-     2] 
  A K IL i <- A         : [mx   177(0) +=     0] [mg   177(0) <-     0] [mx   178(1) +=     1] [mg   178(1) <-     1] [mx   179(2) +=     2] [mg   179(2) <-     2] 
 A K ILL i <- A         : [mx   180(0) +=     0] [mg   180(0) <-     0] [mx   181(1) +=     1] [mg   181(1) <-     1] [mx   182(2) +=     2] [mg   182(2) <-     2] 
  A K IN i <- A         : [mx   183(0) +=     0] [mg   183(0) <-     0] [mx   184(1) +=     1] [mg   184(1) <-     1] [mx   185(2) +=     2] [mg   185(2) <-     2] 
   A K K e <- A         : [mx   186(0) +=     0] [mg   186(0) <-     0] [mx   187(1) +=     1] [mg   187(1) <-     1] [mx   188(2) +=     2] [mg   188(2) <-     2] 
  A K KK e <- A         : [mx   189(0) +=     0] [mg   189(0) <-     0] [mx   190(1) +=     1] [mg   190(1) <-     1] [mx   191(2) +=     2] [mg   191(2) <-     2] 
   A K N e <- A         : [mx   192(0) +=     0] [mg   192(0) <-     0] [mx   193(1) +=     1] [mg   193(1) <-     1] [mx   194(2) +=     2] [mg   194(2) <-     2] 
 A K SIL e <- A         : [mx   195(0) +=     0] [mg   195(0) <-     0] [mx   196(1) +=     1] [mg   196(1) <-     1] [mx   197(2) +=     2] [mg   197(2) <-     2] 
   A K T e <- A         : [mx   198(0) +=     0] [mg   198(0) <-     0] [mx   199(1) +=     1] [mg   199(1) <-     1] [mx   200(2) +=     2] [mg   200(2) <-     2] 
  A KK D i <- A         : [mx   201(0) +=     0] [mg   201(0) <-     0] [mx   202(1) +=     1] [mg   202(1) <-     1] [mx   203(2) +=     2] [mg   203(2) <-     2] 
  A L CH i <- A         : [mx   204(0) +=     0] [mg   204(0) <-     0] [mx   205(1) +=     1] [mg   205(1) <-     1] [mx   206(2) +=     2] [mg   206(2) <-     2] 
   A L M i <- A         : [mx   207(0) +=     0] [mg   207(0) <-     0] [mx   208(1) +=     1] [mg   208(1) <-     1] [mx   209(2) +=     2] [mg   209(2) <-     2] 
  A LU Y i <- A         : [mx   210(0) +=     0] [mg   210(0) <-     0] [mx   211(1) +=     1] [mg   211(1) <-     1] [mx   212(2) +=     2] [mg   212(2) <-     2] 
   A M H i <- A         : [mx   213(0) +=     0] [mg   213(0) <-     0] [mx   214(1) +=     1] [mg   214(1) <-     1] [mx   215(2) +=     2] [mg   215(2) <-     2] 
   A M Y i <- A         : [mx   216(0) +=     0] [mg   216(0) <-     0] [mx   217(1) +=     1] [mg   217(1) <-     1] [mx   218(2) +=     2] [mg   218(2) <-     2] 
   A N V i <- A         : [mx   219(0) +=     0] [mg   219(0) <-     0] [mx   220(1) +=     1] [mg   220(1) <-     1] [mx   221(2) +=     2] [mg   221(2) <-     2] 
 A NG IL i <- A         : [mx   222(0) +=     0] [mg   222(0) <-     0] [mx   223(1) +=     1] [mg   223(1) <-     1] [mx   224(2) +=     2] [mg   224(2) <-     2] 
   A P D i <- A         : [mx   225(0) +=     0] [mg   225(0) <-     0] [mx   226(1) +=     1] [mg   226(1) <-     1] [mx   227(2) +=     2] [mg   227(2) <-     2] 
  A P IL i <- A         : [mx   228(0) +=     0] [mg   228(0) <-     0] [mx   229(1) +=     1] [mg   229(1) <-     1] [mx   230(2) +=     2] [mg   230(2) <-     2] 
   A P K i <- A         : [mx   231(0) +=     0] [mg   231(0) <-     0] [mx   232(1) +=     1] [mg   232(1) <-     1] [mx   233(2) +=     2] [mg   233(2) <-     2] 
A RA DDA i <- A         : [mx   234(0) +=     0] [mg   234(0) <-     0] [mx   235(1) +=     1] [mg   235(1) <-     1] [mx   236(2) +=     2] [mg   236(2) <-     2] 
  A RA M i <- A         : [mx   237(0) +=     0] [mg   237(0) <-     0] [mx   238(1) +=     1] [mg   238(1) <-     1] [mx   239(2) +=     2] [mg   239(2) <-     2] 
 A RA NU i <- A         : [mx   240(0) +=     0] [mg   240(0) <-     0] [mx   241(1) +=     1] [mg   241(1) <-     1] [mx   242(2) +=     2] [mg   242(2) <-     2] 
  A RA Y i <- A         : [mx   243(0) +=     0] [mg   243(0) <-     0] [mx   244(1) +=     1] [mg   244(1) <-     1] [mx   245(2) +=     2] [mg   245(2) <-     2] 
   A S M i <- A         : [mx   246(0) +=     0] [mg   246(0) <-     0] [mx   247(1) +=     1] [mg   247(1) <-     1] [mx   248(2) +=     2] [mg   248(2) <-     2] 
  A S NJ i <- A         : [mx   249(0) +=     0] [mg   249(0) <-     0] [mx   250(1) +=     1] [mg   250(1) <-     1] [mx   251(2) +=     2] [mg   251(2) <-     2] 
 A SH IN i <- A         : [mx   252(0) +=     0] [mg   252(0) <-     0] [mx   253(1) +=     1] [mg   253(1) <-     1] [mx   254(2) +=     2] [mg   254(2) <-     2] 
 A SIL D b <- A         : [mx   255(0) +=     0] [mg   255(0) <-     0] [mx   256(1) +=     1] [mg   256(1) <-     1] [mx   257(2) +=     2] [mg   257(2) <-     2] 
A SIL DA b <- A         : [mx   258(0) +=     0] [mg   258(0) <-     0] [mx   259(1) +=     1] [mg   259(1) <-     1] [mx   260(2) +=     2] [mg   260(2) <-     2] 
   A T K i <- A         : [mx   261(0) +=     0] [mg   261(0) <-     0] [mx   262(1) +=     1] [mg   262(1) <-     1] [mx   263(2) +=     2] [mg   263(2) <-     2] 
   A T M i <- A         : [mx   264(0) +=     0] [mg   264(0) <-     0] [mx   265(1) +=     1] [mg   265(1) <-     1] [mx   266(2) +=     2] [mg   266(2) <-     2] 
  A TT L i <- A         : [mx   267(0) +=     0] [mg   267(0) <-     0] [mx   268(1) +=     1] [mg   268(1) <-     1] [mx   269(2) +=     2] [mg   269(2) <-     2] 
   A Y A e <- A         : [mx   270(0) +=     0] [mg   270(0) <-     0] [mx   271(1) +=     1] [mg   271(1) <-     1] [mx   272(2) +=     2] [mg   272(2) <-     2] 
   A Y S e <- A         : [mx   273(0) +=     0] [mg   273(0) <-     0] [mx   274(1) +=     1] [mg   274(1) <-     1] [mx   275(2) +=     2] [mg   275(2) <-     2] 
 A Y SIL e <- A         : [mx   276(0) +=     0] [mg   276(0) <-     0] [mx   277(1) +=     1] [mg   277(1) <-     1] [mx   278(2) +=     2] [mg   278(2) <-     2] 
  A ZH K i <- A         : [mx   279(0) +=     0] [mg   279(0) <-     0] [mx   280(1) +=     1] [mg   280(1) <-     1] [mx   281(2) +=     2] [mg   281(2) <-     2] 
AA CH RA i <- AA        : [mx   282(0) +=     3] [mg   282(0) <-     3] [mx   283(1) +=     4] [mg   283(1) <-     4] [mx   284(2) +=     5] [mg   284(2) <-     5] 
  AA D K i <- AA        : [mx   285(0) +=     3] [mg   285(0) <-     3] [mx   286(1) +=     4] [mg   286(1) <-     4] [mx   287(2) +=     5] [mg   287(2) <-     5] 
AA DDA N i <- AA        : [mx   288(0) +=     3] [mg   288(0) <-     3] [mx   289(1) +=     4] [mg   289(1) <-     4] [mx   290(2) +=     5] [mg   290(2) <-     5] 
  AA K D i <- AA        : [mx   291(0) +=     3] [mg   291(0) <-     3] [mx   292(1) +=     4] [mg   292(1) <-     4] [mx   293(2) +=     5] [mg   293(2) <-     5] 
 AA K RA i <- AA        : [mx   294(0) +=     3] [mg   294(0) <-     3] [mx   295(1) +=     4] [mg   295(1) <-     4] [mx   296(2) +=     5] [mg   296(2) <-     5] 
 AA M IR i <- AA        : [mx   297(0) +=     3] [mg   297(0) <-     3] [mx   298(1) +=     4] [mg   298(1) <-     4] [mx   299(2) +=     5] [mg   299(2) <-     5] 
 AA M RA i <- AA        : [mx   300(0) +=     3] [mg   300(0) <-     3] [mx   301(1) +=     4] [mg   301(1) <-     4] [mx   302(2) +=     5] [mg   302(2) <-     5] 
  AA M T i <- AA        : [mx   303(0) +=     3] [mg   303(0) <-     3] [mx   304(1) +=     4] [mg   304(1) <-     4] [mx   305(2) +=     5] [mg   305(2) <-     5] 
AA NJ RA i <- AA        : [mx   306(0) +=     3] [mg   306(0) <-     3] [mx   307(1) +=     4] [mg   307(1) <-     4] [mx   308(2) +=     5] [mg   308(2) <-     5] 
 AA P LU i <- AA        : [mx   309(0) +=     3] [mg   309(0) <-     3] [mx   310(1) +=     4] [mg   310(1) <-     4] [mx   311(2) +=     5] [mg   311(2) <-     5] 
  AA P N i <- AA        : [mx   312(0) +=     3] [mg   312(0) <-     3] [mx   313(1) +=     4] [mg   313(1) <-     4] [mx   314(2) +=     5] [mg   314(2) <-     5] 
AA SIL RA b <- AA        : [mx   315(0) +=     3] [mg   315(0) <-     3] [mx   316(1) +=     4] [mg   316(1) <-     4] [mx   317(2) +=     5] [mg   317(2) <-     5] 
 AA SS S i <- AA        : [mx   318(0) +=     3] [mg   318(0) <-     3] [mx   319(1) +=     4] [mg   319(1) <-     4] [mx   320(2) +=     5] [mg   320(2) <-     5] 
  AA T J i <- AA        : [mx   321(0) +=     3] [mg   321(0) <-     3] [mx   322(1) +=     4] [mg   322(1) <-     4] [mx   323(2) +=     5] [mg   323(2) <-     5] 
 AA V IR i <- AA        : [mx   324(0) +=     3] [mg   324(0) <-     3] [mx   325(1) +=     4] [mg   325(1) <-     4] [mx   326(2) +=     5] [mg   326(2) <-     5] 
  AA Y P i <- AA        : [mx   327(0) +=     3] [mg   327(0) <-     3] [mx   328(1) +=     4] [mg   328(1) <-     4] [mx   329(2) +=     5] [mg   329(2) <-     5] 
  AA Y V i <- AA        : [mx   330(0) +=     3] [mg   330(0) <-     3] [mx   331(1) +=     4] [mg   331(1) <-     4] [mx   332(2) +=     5] [mg   332(2) <-     5] 
 AA ZH M i <- AA        : [mx   333(0) +=     3] [mg   333(0) <-     3] [mx   334(1) +=     4] [mg   334(1) <-     4] [mx   335(2) +=     5] [mg   335(2) <-     5] 
  AM D A e <- AM        : [mx   336(0) +=     6] [mg   336(0) <-     6] [mx   337(1) +=     7] [mg   337(1) <-     7] [mx   338(2) +=     8] [mg   338(2) <-     8] 
AM D SIL e <- AM        : [mx   339(0) +=     6] [mg   339(0) <-     6] [mx   340(1) +=     7] [mg   340(1) <-     7] [mx   341(2) +=     8] [mg   341(2) <-     8] 
  AM G S e <- AM        : [mx   342(0) +=     6] [mg   342(0) <-     6] [mx   343(1) +=     7] [mg   343(1) <-     7] [mx   344(2) +=     8] [mg   344(2) <-     8] 
AM G SIL e <- AM        : [mx   345(0) +=     6] [mg   345(0) <-     6] [mx   346(1) +=     7] [mg   346(1) <-     7] [mx   347(2) +=     8] [mg   347(2) <-     8] 
  AM L M e <- AM        : [mx   348(0) +=     6] [mg   348(0) <-     6] [mx   349(1) +=     7] [mg   349(1) <-     7] [mx   350(2) +=     8] [mg   350(2) <-     8] 
AM L SIL e <- AM        : [mx   351(0) +=     6] [mg   351(0) <-     6] [mx   352(1) +=     7] [mg   352(1) <-     7] [mx   353(2) +=     8] [mg   353(2) <-     8] 
AM NU SIL e <- AM        : [mx   354(0) +=     6] [mg   354(0) <-     6] [mx   355(1) +=     7] [mg   355(1) <-     7] [mx   356(2) +=     8] [mg   356(2) <-     8] 
 AM RA A e <- AM        : [mx   357(0) +=     6] [mg   357(0) <-     6] [mx   358(1) +=     7] [mg   358(1) <-     7] [mx   359(2) +=     8] [mg   359(2) <-     8] 
 AM RA N e <- AM        : [mx   360(0) +=     6] [mg   360(0) <-     6] [mx   361(1) +=     7] [mg   361(1) <-     7] [mx   362(2) +=     8] [mg   362(2) <-     8] 
AM RA SIL e <- AM        : [mx   363(0) +=     6] [mg   363(0) <-     6] [mx   364(1) +=     7] [mg   364(1) <-     7] [mx   365(2) +=     8] [mg   365(2) <-     8] 
  AM S G i <- AM        : [mx   366(0) +=     6] [mg   366(0) <-     6] [mx   367(1) +=     7] [mg   367(1) <-     7] [mx   368(2) +=     8] [mg   368(2) <-     8] 
AM T SIL e <- AM        : [mx   369(0) +=     6] [mg   369(0) <-     6] [mx   370(1) +=     7] [mg   370(1) <-     7] [mx   371(2) +=     8] [mg   371(2) <-     8] 
  AM T V e <- AM        : [mx   372(0) +=     6] [mg   372(0) <-     6] [mx   373(1) +=     7] [mg   373(1) <-     7] [mx   374(2) +=     8] [mg   374(2) <-     8] 
AM Y SIL e <- AM        : [mx   375(0) +=     6] [mg   375(0) <-     6] [mx   376(1) +=     7] [mg   376(1) <-     7] [mx   377(2) +=     8] [mg   377(2) <-     8] 
 AM Y SS e <- AM        : [mx   378(0) +=     6] [mg   378(0) <-     6] [mx   379(1) +=     7] [mg   379(1) <-     7] [mx   380(2) +=     8] [mg   380(2) <-     8] 
  B IL A b <- B         : [mx   381(0) +=     9] [mg   381(0) <-     9] [mx   382(1) +=    10] [mg   382(1) <-    10] [mx   383(2) +=    11] [mg   383(2) <-    11] 
 B SIL A b <- B         : [mx   384(0) +=     9] [mg   384(0) <-     9] [mx   385(1) +=    10] [mg   385(1) <-    10] [mx   386(2) +=    11] [mg   386(2) <-    11] 
 BH U UU i <- BH        : [mx   387(0) +=    12] [mg   387(0) <-    12] [mx   388(1) +=    13] [mg   388(1) <-    13] [mx   389(2) +=    14] [mg   389(2) <-    14] 
  CH A E i <- CH        : [mx   390(0) +=    15] [mg   390(0) <-    15] [mx   391(1) +=    16] [mg   391(1) <-    16] [mx   392(2) +=    17] [mg   392(2) <-    17] 
 CH IL A b <- CH        : [mx   393(0) +=    15] [mg   393(0) <-    15] [mx   394(1) +=    16] [mg   394(1) <-    16] [mx   395(2) +=    17] [mg   395(2) <-    17] 
CH NJ AA i <- CH        : [mx   396(0) +=    15] [mg   396(0) <-    15] [mx   397(1) +=    16] [mg   397(1) <-    16] [mx   398(2) +=    17] [mg   398(2) <-    17] 
CH SIL A b <- CH        : [mx   399(0) +=    15] [mg   399(0) <-    15] [mx   400(1) +=    16] [mg   400(1) <-    16] [mx   401(2) +=    17] [mg   401(2) <-    17] 
   D A A i <- D         : [mx   402(0) +=    18] [mg   402(0) <-    18] [mx   403(1) +=    19] [mg   403(1) <-    19] [mx   404(2) +=    20] [mg   404(2) <-    20] 
   D A D i <- D         : [mx   405(0) +=    18] [mg   405(0) <-    18] [mx   406(1) +=    19] [mg   406(1) <-    19] [mx   407(2) +=    20] [mg   407(2) <-    20] 
   D A E i <- D         : [mx   408(0) +=    18] [mg   408(0) <-    18] [mx   409(1) +=    19] [mg   409(1) <-    19] [mx   410(2) +=    20] [mg   410(2) <-    20] 
  D AA D i <- D         : [mx   411(0) +=    18] [mg   411(0) <-    18] [mx   412(1) +=    19] [mg   412(1) <-    19] [mx   413(2) +=    20] [mg   413(2) <-    20] 
   D D A i <- D         : [mx   414(0) +=    18] [mg   414(0) <-    18] [mx   415(1) +=    19] [mg   415(1) <-    19] [mx   416(2) +=    20] [mg   416(2) <-    20] 
  D D AA i <- D         : [mx   417(0) +=    18] [mg   417(0) <-    18] [mx   418(1) +=    19] [mg   418(1) <-    19] [mx   419(2) +=    20] [mg   419(2) <-    20] 
  D D AM i <- D         : [mx   420(0) +=    18] [mg   420(0) <-    18] [mx   421(1) +=    19] [mg   421(1) <-    19] [mx   422(2) +=    20] [mg   422(2) <-    20] 
  D EY E i <- D         : [mx   423(0) +=    18] [mg   423(0) <-    18] [mx   424(1) +=    19] [mg   424(1) <-    19] [mx   425(2) +=    20] [mg   425(2) <-    20] 
  D OO D i <- D         : [mx   426(0) +=    18] [mg   426(0) <-    18] [mx   427(1) +=    19] [mg   427(1) <-    19] [mx   428(2) +=    20] [mg   428(2) <-    20] 
   D U A i <- D         : [mx   429(0) +=    18] [mg   429(0) <-    18] [mx   430(1) +=    19] [mg   430(1) <-    19] [mx   431(2) +=    20] [mg   431(2) <-    20] 
D UU SIL e <- D         : [mx   432(0) +=    18] [mg   432(0) <-    18] [mx   433(1) +=    19] [mg   433(1) <-    19] [mx   434(2) +=    20] [mg   434(2) <-    20] 
  D UU T e <- D         : [mx   435(0) +=    18] [mg   435(0) <-    18] [mx   436(1) +=    19] [mg   436(1) <-    19] [mx   437(2) +=    20] [mg   437(2) <-    20] 
DA A DDA i <- DA        : [mx   438(0) +=    21] [mg   438(0) <-    21] [mx   439(1) +=    22] [mg   439(1) <-    22] [mx   440(2) +=    23] [mg   440(2) <-    23] 
  DA N U i <- DA        : [mx   441(0) +=    21] [mg   441(0) <-    21] [mx   442(1) +=    22] [mg   442(1) <-    22] [mx   443(2) +=    23] [mg   443(2) <-    23] 
DA SIL E b <- DA        : [mx   444(0) +=    21] [mg   444(0) <-    21] [mx   445(1) +=    22] [mg   445(1) <-    22] [mx   446(2) +=    23] [mg   446(2) <-    23] 
  DA U E b <- DA        : [mx   447(0) +=    21] [mg   447(0) <-    21] [mx   448(1) +=    22] [mg   448(1) <-    22] [mx   449(2) +=    23] [mg   449(2) <-    23] 
DDA A AA i <- DDA       : [mx   450(0) +=    24] [mg   450(0) <-    24] [mx   451(1) +=    25] [mg   451(1) <-    25] [mx   452(2) +=    26] [mg   452(2) <-    26] 
DDA DA Y i <- DDA       : [mx   453(0) +=    24] [mg   453(0) <-    24] [mx   454(1) +=    25] [mg   454(1) <-    25] [mx   455(2) +=    26] [mg   455(2) <-    26] 
 DH EE E i <- DH        : [mx   456(0) +=    27] [mg   456(0) <-    27] [mx   457(1) +=    28] [mg   457(1) <-    28] [mx   458(2) +=    29] [mg   458(2) <-    29] 
  E CH T i <- E         : [mx   459(0) +=    30] [mg   459(0) <-    30] [mx   460(1) +=    31] [mg   460(1) <-    31] [mx   461(2) +=    32] [mg   461(2) <-    32] 
   E D K i <- E         : [mx   462(0) +=    30] [mg   462(0) <-    30] [mx   463(1) +=    31] [mg   463(1) <-    31] [mx   464(2) +=    32] [mg   464(2) <-    32] 
E DA SIL e <- E         : [mx   465(0) +=    30] [mg   465(0) <-    30] [mx   466(1) +=    31] [mg   466(1) <-    31] [mx   467(2) +=    32] [mg   467(2) <-    32] 
  E DH Y i <- E         : [mx   468(0) +=    30] [mg   468(0) <-    30] [mx   469(1) +=    31] [mg   469(1) <-    31] [mx   470(2) +=    32] [mg   470(2) <-    32] 
   E H N i <- E         : [mx   471(0) +=    30] [mg   471(0) <-    30] [mx   472(1) +=    31] [mg   472(1) <-    31] [mx   473(2) +=    32] [mg   473(2) <-    32] 
 E ILL N b <- E         : [mx   474(0) +=    30] [mg   474(0) <-    30] [mx   475(1) +=    31] [mg   475(1) <-    31] [mx   476(2) +=    32] [mg   476(2) <-    32] 
   E K P i <- E         : [mx   477(0) +=    30] [mg   477(0) <-    30] [mx   478(1) +=    31] [mg   478(1) <-    31] [mx   479(2) +=    32] [mg   479(2) <-    32] 
  E K ZH i <- E         : [mx   480(0) +=    30] [mg   480(0) <-    30] [mx   481(1) +=    31] [mg   481(1) <-    31] [mx   482(2) +=    32] [mg   482(2) <-    32] 
   E L K i <- E         : [mx   483(0) +=    30] [mg   483(0) <-    30] [mx   484(1) +=    31] [mg   484(1) <-    31] [mx   485(2) +=    32] [mg   485(2) <-    32] 
   E M H e <- E         : [mx   486(0) +=    30] [mg   486(0) <-    30] [mx   487(1) +=    31] [mg   487(1) <-    31] [mx   488(2) +=    32] [mg   488(2) <-    32] 
 E M SIL e <- E         : [mx   489(0) +=    30] [mg   489(0) <-    30] [mx   490(1) +=    31] [mg   490(1) <-    31] [mx   491(2) +=    32] [mg   491(2) <-    32] 
 E RA NG i <- E         : [mx   492(0) +=    30] [mg   492(0) <-    30] [mx   493(1) +=    31] [mg   493(1) <-    31] [mx   494(2) +=    32] [mg   494(2) <-    32] 
 E SIL N b <- E         : [mx   495(0) +=    30] [mg   495(0) <-    30] [mx   496(1) +=    31] [mg   496(1) <-    31] [mx   497(2) +=    32] [mg   497(2) <-    32] 
  E T RA i <- E         : [mx   498(0) +=    30] [mg   498(0) <-    30] [mx   499(1) +=    31] [mg   499(1) <-    31] [mx   500(2) +=    32] [mg   500(2) <-    32] 
  E T SS i <- E         : [mx   501(0) +=    30] [mg   501(0) <-    30] [mx   502(1) +=    31] [mg   502(1) <-    31] [mx   503(2) +=    32] [mg   503(2) <-    32] 
   E V K i <- E         : [mx   504(0) +=    30] [mg   504(0) <-    30] [mx   505(1) +=    31] [mg   505(1) <-    31] [mx   506(2) +=    32] [mg   506(2) <-    32] 
  E V SH i <- E         : [mx   507(0) +=    30] [mg   507(0) <-    30] [mx   508(1) +=    31] [mg   508(1) <-    31] [mx   509(2) +=    32] [mg   509(2) <-    32] 
  EE G T i <- EE        : [mx   510(0) +=    33] [mg   510(0) <-    33] [mx   511(1) +=    34] [mg   511(1) <-    34] [mx   512(2) +=    35] [mg   512(2) <-    35] 
 EE P DH i <- EE        : [mx   513(0) +=    33] [mg   513(0) <-    33] [mx   514(1) +=    34] [mg   514(1) <-    34] [mx   515(2) +=    35] [mg   515(2) <-    35] 
 EE RA K i <- EE        : [mx   516(0) +=    33] [mg   516(0) <-    33] [mx   517(1) +=    34] [mg   517(1) <-    34] [mx   518(2) +=    35] [mg   518(2) <-    35] 
 EEY K K i <- EEY       : [mx   519(0) +=    36] [mg   519(0) <-    36] [mx   520(1) +=    37] [mg   520(1) <-    37] [mx   521(2) +=    38] [mg   521(2) <-    38] 
EEY LU J i <- EEY       : [mx   522(0) +=    36] [mg   522(0) <-    36] [mx   523(1) +=    37] [mg   523(1) <-    37] [mx   524(2) +=    38] [mg   524(2) <-    38] 
EEY P RA i <- EEY       : [mx   525(0) +=    36] [mg   525(0) <-    36] [mx   526(1) +=    37] [mg   526(1) <-    37] [mx   527(2) +=    38] [mg   527(2) <-    38] 
EEY V ZH i <- EEY       : [mx   528(0) +=    36] [mg   528(0) <-    36] [mx   529(1) +=    37] [mg   529(1) <-    37] [mx   530(2) +=    38] [mg   530(2) <-    38] 
  EY M D i <- EY        : [mx   531(0) +=    39] [mg   531(0) <-    39] [mx   532(1) +=    40] [mg   532(1) <-    40] [mx   533(2) +=    41] [mg   533(2) <-    41] 
  EY N L i <- EY        : [mx   534(0) +=    39] [mg   534(0) <-    39] [mx   535(1) +=    40] [mg   535(1) <-    40] [mx   536(2) +=    41] [mg   536(2) <-    41] 
 EY V NJ i <- EY        : [mx   537(0) +=    39] [mg   537(0) <-    39] [mx   538(1) +=    40] [mg   538(1) <-    40] [mx   539(2) +=    41] [mg   539(2) <-    41] 
 G AM EE i <- G         : [mx   540(0) +=    42] [mg   540(0) <-    42] [mx   541(1) +=    43] [mg   541(1) <-    43] [mx   542(2) +=    44] [mg   542(2) <-    44] 
  G G AM i <- G         : [mx   543(0) +=    42] [mg   543(0) <-    42] [mx   544(1) +=    43] [mg   544(1) <-    43] [mx   545(2) +=    44] [mg   545(2) <-    44] 
  G IR G i <- G         : [mx   546(0) +=    42] [mg   546(0) <-    42] [mx   547(1) +=    43] [mg   547(1) <-    43] [mx   548(2) +=    44] [mg   548(2) <-    44] 
   H A A i <- H         : [mx   549(0) +=    45] [mg   549(0) <-    45] [mx   550(1) +=    46] [mg   550(1) <-    46] [mx   551(2) +=    47] [mg   551(2) <-    47] 
   H E E b <- H         : [mx   552(0) +=    45] [mg   552(0) <-    45] [mx   553(1) +=    46] [mg   553(1) <-    46] [mx   554(2) +=    47] [mg   554(2) <-    47] 
 H SIL E b <- H         : [mx   555(0) +=    45] [mg   555(0) <-    45] [mx   556(1) +=    46] [mg   556(1) <-    46] [mx   557(2) +=    47] [mg   557(2) <-    47] 
  IL A B e <- IL        : [mx   558(0) +=    48] [mg   558(0) <-    48] [mx   559(1) +=    49] [mg   559(1) <-    49] [mx   560(2) +=    50] [mg   560(2) <-    50] 
 IL A CH e <- IL        : [mx   561(0) +=    48] [mg   561(0) <-    48] [mx   562(1) +=    49] [mg   562(1) <-    49] [mx   563(2) +=    50] [mg   563(2) <-    50] 
  IL A K i <- IL        : [mx   564(0) +=    48] [mg   564(0) <-    48] [mx   565(1) +=    49] [mg   565(1) <-    49] [mx   566(2) +=    50] [mg   566(2) <-    50] 
IL A SIL e <- IL        : [mx   567(0) +=    48] [mg   567(0) <-    48] [mx   568(1) +=    49] [mg   568(1) <-    49] [mx   569(2) +=    50] [mg   569(2) <-    50] 
 ILL A A e <- ILL       : [mx   570(0) +=    51] [mg   570(0) <-    51] [mx   571(1) +=    52] [mg   571(1) <-    52] [mx   572(2) +=    53] [mg   572(2) <-    53] 
 ILL A E e <- ILL       : [mx   573(0) +=    51] [mg   573(0) <-    51] [mx   574(1) +=    52] [mg   574(1) <-    52] [mx   575(2) +=    53] [mg   575(2) <-    53] 
ILL A SIL e <- ILL       : [mx   576(0) +=    51] [mg   576(0) <-    51] [mx   577(1) +=    52] [mg   577(1) <-    52] [mx   578(2) +=    53] [mg   578(2) <-    53] 
  IN A J e <- IN        : [mx   579(0) +=    54] [mg   579(0) <-    54] [mx   580(1) +=    55] [mg   580(1) <-    55] [mx   581(2) +=    56] [mg   581(2) <-    56] 
IN A SIL e <- IN        : [mx   582(0) +=    54] [mg   582(0) <-    54] [mx   583(1) +=    55] [mg   583(1) <-    55] [mx   584(2) +=    56] [mg   584(2) <-    56] 
 IR AA G i <- IR        : [mx   585(0) +=    57] [mg   585(0) <-    57] [mx   586(1) +=    58] [mg   586(1) <-    58] [mx   587(2) +=    59] [mg   587(2) <-    59] 
 IR AA T i <- IR        : [mx   588(0) +=    57] [mg   588(0) <-    57] [mx   589(1) +=    58] [mg   589(1) <-    58] [mx   590(2) +=    59] [mg   590(2) <-    59] 
 IR UU K i <- IR        : [mx   591(0) +=    57] [mg   591(0) <-    57] [mx   592(1) +=    58] [mg   592(1) <-    58] [mx   593(2) +=    59] [mg   593(2) <-    59] 
IR UU SIL e <- IR        : [mx   594(0) +=    57] [mg   594(0) <-    57] [mx   595(1) +=    58] [mg   595(1) <-    58] [mx   596(2) +=    59] [mg   596(2) <-    59] 
  J AA M i <- J         : [mx   597(0) +=    60] [mg   597(0) <-    60] [mx   598(1) +=    61] [mg   598(1) <-    61] [mx   599(2) +=    62] [mg   599(2) <-    62] 
J EEY SIL e <- J         : [mx   600(0) +=    60] [mg   600(0) <-    60] [mx   601(1) +=    61] [mg   601(1) <-    61] [mx   602(2) +=    62] [mg   602(2) <-    62] 
  J IN Y b <- J         : [mx   603(0) +=    60] [mg   603(0) <-    60] [mx   604(1) +=    61] [mg   604(1) <-    61] [mx   605(2) +=    62] [mg   605(2) <-    62] 
 J SIL Y b <- J         : [mx   606(0) +=    60] [mg   606(0) <-    60] [mx   607(1) +=    61] [mg   607(1) <-    61] [mx   608(2) +=    62] [mg   608(2) <-    62] 
   K A A i <- K         : [mx   609(0) +=    63] [mg   609(0) <-    63] [mx   610(1) +=    64] [mg   610(1) <-    64] [mx   611(2) +=    65] [mg   611(2) <-    65] 
   K A E b <- K         : [mx   612(0) +=    63] [mg   612(0) <-    63] [mx   613(1) +=    64] [mg   613(1) <-    64] [mx   614(2) +=    65] [mg   614(2) <-    65] 
   K A K i <- K         : [mx   615(0) +=    63] [mg   615(0) <-    63] [mx   616(1) +=    64] [mg   616(1) <-    64] [mx   617(2) +=    65] [mg   617(2) <-    65] 
  K AA A i <- K         : [mx   618(0) +=    63] [mg   618(0) <-    63] [mx   619(1) +=    64] [mg   619(1) <-    64] [mx   620(2) +=    65] [mg   620(2) <-    65] 
  K E AA i <- K         : [mx   621(0) +=    63] [mg   621(0) <-    63] [mx   622(1) +=    64] [mg   622(1) <-    64] [mx   623(2) +=    65] [mg   623(2) <-    65] 
   K E K i <- K         : [mx   624(0) +=    63] [mg   624(0) <-    63] [mx   625(1) +=    64] [mg   625(1) <-    64] [mx   626(2) +=    65] [mg   626(2) <-    65] 
 K EE AA i <- K         : [mx   627(0) +=    63] [mg   627(0) <-    63] [mx   628(1) +=    64] [mg   628(1) <-    64] [mx   629(2) +=    65] [mg   629(2) <-    65] 
 K EEY K i <- K         : [mx   630(0) +=    63] [mg   630(0) <-    63] [mx   631(1) +=    64] [mg   631(1) <-    64] [mx   632(2) +=    65] [mg   632(2) <-    65] 
 K IL OO i <- K         : [mx   633(0) +=    63] [mg   633(0) <-    63] [mx   634(1) +=    64] [mg   634(1) <-    64] [mx   635(2) +=    65] [mg   635(2) <-    65] 
  K IR A i <- K         : [mx   636(0) +=    63] [mg   636(0) <-    63] [mx   637(1) +=    64] [mg   637(1) <-    64] [mx   638(2) +=    65] [mg   638(2) <-    65] 
   K K A i <- K         : [mx   639(0) +=    63] [mg   639(0) <-    63] [mx   640(1) +=    64] [mg   640(1) <-    64] [mx   641(2) +=    65] [mg   641(2) <-    65] 
   K K E i <- K         : [mx   642(0) +=    63] [mg   642(0) <-    63] [mx   643(1) +=    64] [mg   643(1) <-    64] [mx   644(2) +=    65] [mg   644(2) <-    65] 
 K K EEY i <- K         : [mx   645(0) +=    63] [mg   645(0) <-    63] [mx   646(1) +=    64] [mg   646(1) <-    64] [mx   647(2) +=    65] [mg   647(2) <-    65] 
  K K OO i <- K         : [mx   648(0) +=    63] [mg   648(0) <-    63] [mx   649(1) +=    64] [mg   649(1) <-    64] [mx   650(2) +=    65] [mg   650(2) <-    65] 
   K K U i <- K         : [mx   651(0) +=    63] [mg   651(0) <-    63] [mx   652(1) +=    64] [mg   652(1) <-    64] [mx   653(2) +=    65] [mg   653(2) <-    65] 
K SIL AA b <- K         : [mx   654(0) +=    63] [mg   654(0) <-    63] [mx   655(1) +=    64] [mg   655(1) <-    64] [mx   656(2) +=    65] [mg   656(2) <-    65] 
 K SIL E b <- K         : [mx   657(0) +=    63] [mg   657(0) <-    63] [mx   658(1) +=    64] [mg   658(1) <-    64] [mx   659(2) +=    65] [mg   659(2) <-    65] 
   K U A i <- K         : [mx   660(0) +=    63] [mg   660(0) <-    63] [mx   661(1) +=    64] [mg   661(1) <-    64] [mx   662(2) +=    65] [mg   662(2) <-    65] 
   K Y K i <- K         : [mx   663(0) +=    63] [mg   663(0) <-    63] [mx   664(1) +=    64] [mg   664(1) <-    64] [mx   665(2) +=    65] [mg   665(2) <-    65] 
  KK A A b <- KK        : [mx   666(0) +=    66] [mg   666(0) <-    66] [mx   667(1) +=    67] [mg   667(1) <-    67] [mx   668(2) +=    68] [mg   668(2) <-    68] 
KK SIL A b <- KK        : [mx   669(0) +=    66] [mg   669(0) <-    66] [mx   670(1) +=    67] [mg   670(1) <-    67] [mx   671(2) +=    68] [mg   671(2) <-    68] 
   L A A i <- L         : [mx   672(0) +=    69] [mg   672(0) <-    69] [mx   673(1) +=    70] [mg   673(1) <-    70] [mx   674(2) +=    71] [mg   674(2) <-    71] 
  L A AM i <- L         : [mx   675(0) +=    69] [mg   675(0) <-    69] [mx   676(1) +=    70] [mg   676(1) <-    70] [mx   677(2) +=    71] [mg   677(2) <-    71] 
  L EY L i <- L         : [mx   678(0) +=    69] [mg   678(0) <-    69] [mx   679(1) +=    70] [mg   679(1) <-    70] [mx   680(2) +=    71] [mg   680(2) <-    71] 
   L L E i <- L         : [mx   681(0) +=    69] [mg   681(0) <-    69] [mx   682(1) +=    70] [mg   682(1) <-    70] [mx   683(2) +=    71] [mg   683(2) <-    71] 
 LU AA A i <- LU        : [mx   684(0) +=    72] [mg   684(0) <-    72] [mx   685(1) +=    73] [mg   685(1) <-    73] [mx   686(2) +=    74] [mg   686(2) <-    74] 
LU OO EEY i <- LU        : [mx   687(0) +=    72] [mg   687(0) <-    72] [mx   688(1) +=    73] [mg   688(1) <-    73] [mx   689(2) +=    74] [mg   689(2) <-    74] 
   M A A i <- M         : [mx   690(0) +=    75] [mg   690(0) <-    75] [mx   691(1) +=    76] [mg   691(1) <-    76] [mx   692(2) +=    77] [mg   692(2) <-    77] 
  M A AA i <- M         : [mx   693(0) +=    75] [mg   693(0) <-    75] [mx   694(1) +=    76] [mg   694(1) <-    76] [mx   695(2) +=    77] [mg   695(2) <-    77] 
  M A EY b <- M         : [mx   696(0) +=    75] [mg   696(0) <-    75] [mx   697(1) +=    76] [mg   697(1) <-    76] [mx   698(2) +=    77] [mg   698(2) <-    77] 
   M A O i <- M         : [mx   699(0) +=    75] [mg   699(0) <-    75] [mx   700(1) +=    76] [mg   700(1) <-    76] [mx   701(2) +=    77] [mg   701(2) <-    77] 
   M A P i <- M         : [mx   702(0) +=    75] [mg   702(0) <-    75] [mx   703(1) +=    76] [mg   703(1) <-    76] [mx   704(2) +=    77] [mg   704(2) <-    77] 
  M A UU i <- M         : [mx   705(0) +=    75] [mg   705(0) <-    75] [mx   706(1) +=    76] [mg   706(1) <-    76] [mx   707(2) +=    77] [mg   707(2) <-    77] 
  M AA P i <- M         : [mx   708(0) +=    75] [mg   708(0) <-    75] [mx   709(1) +=    76] [mg   709(1) <-    76] [mx   710(2) +=    77] [mg   710(2) <-    77] 
 M AM AA b <- M         : [mx   711(0) +=    75] [mg   711(0) <-    75] [mx   712(1) +=    76] [mg   712(1) <-    76] [mx   713(2) +=    77] [mg   713(2) <-    77] 
   M J A i <- M         : [mx   714(0) +=    75] [mg   714(0) <-    75] [mx   715(1) +=    76] [mg   715(1) <-    76] [mx   716(2) +=    77] [mg   716(2) <-    77] 
  M N AA i <- M         : [mx   717(0) +=    75] [mg   717(0) <-    75] [mx   718(1) +=    76] [mg   718(1) <-    76] [mx   719(2) +=    77] [mg   719(2) <-    77] 
M SIL AA b <- M         : [mx   720(0) +=    75] [mg   720(0) <-    75] [mx   721(1) +=    76] [mg   721(1) <-    76] [mx   722(2) +=    77] [mg   722(2) <-    77] 
M SIL EY b <- M         : [mx   723(0) +=    75] [mg   723(0) <-    75] [mx   724(1) +=    76] [mg   724(1) <-    76] [mx   725(2) +=    77] [mg   725(2) <-    77] 
  M UU E i <- M         : [mx   726(0) +=    75] [mg   726(0) <-    75] [mx   727(1) +=    76] [mg   727(1) <-    76] [mx   728(2) +=    77] [mg   728(2) <-    77] 
  N A EY b <- N         : [mx   729(0) +=    78] [mg   729(0) <-    78] [mx   730(1) +=    79] [mg   730(1) <-    79] [mx   731(2) +=    80] [mg   731(2) <-    80] 
  N AA A i <- N         : [mx   732(0) +=    78] [mg   732(0) <-    78] [mx   733(1) +=    79] [mg   733(1) <-    79] [mx   734(2) +=    80] [mg   734(2) <-    80] 
 N AA UU i <- N         : [mx   735(0) +=    78] [mg   735(0) <-    78] [mx   736(1) +=    79] [mg   736(1) <-    79] [mx   737(2) +=    80] [mg   737(2) <-    80] 
 N AM EY b <- N         : [mx   738(0) +=    78] [mg   738(0) <-    78] [mx   739(1) +=    79] [mg   739(1) <-    79] [mx   740(2) +=    80] [mg   740(2) <-    80] 
  N E DA i <- N         : [mx   741(0) +=    78] [mg   741(0) <-    78] [mx   742(1) +=    79] [mg   742(1) <-    79] [mx   743(2) +=    80] [mg   743(2) <-    80] 
   N E T i <- N         : [mx   744(0) +=    78] [mg   744(0) <-    78] [mx   745(1) +=    79] [mg   745(1) <-    79] [mx   746(2) +=    80] [mg   746(2) <-    80] 
   N N M i <- N         : [mx   747(0) +=    78] [mg   747(0) <-    78] [mx   748(1) +=    79] [mg   748(1) <-    79] [mx   749(2) +=    80] [mg   749(2) <-    80] 
 N N SIL e <- N         : [mx   750(0) +=    78] [mg   750(0) <-    78] [mx   751(1) +=    79] [mg   751(1) <-    79] [mx   752(2) +=    80] [mg   752(2) <-    80] 
   N N T e <- N         : [mx   753(0) +=    78] [mg   753(0) <-    78] [mx   754(1) +=    79] [mg   754(1) <-    79] [mx   755(2) +=    80] [mg   755(2) <-    80] 
   N O N i <- N         : [mx   756(0) +=    78] [mg   756(0) <-    78] [mx   757(1) +=    79] [mg   757(1) <-    79] [mx   758(2) +=    80] [mg   758(2) <-    80] 
N SIL EY b <- N         : [mx   759(0) +=    78] [mg   759(0) <-    78] [mx   760(1) +=    79] [mg   760(1) <-    79] [mx   761(2) +=    80] [mg   761(2) <-    80] 
 NG A NG i <- NG        : [mx   762(0) +=    81] [mg   762(0) <-    81] [mx   763(1) +=    82] [mg   763(1) <-    82] [mx   764(2) +=    83] [mg   764(2) <-    83] 
 NG E NG i <- NG        : [mx   765(0) +=    81] [mg   765(0) <-    81] [mx   766(1) +=    82] [mg   766(1) <-    82] [mx   767(2) +=    83] [mg   767(2) <-    83] 
 NG NG A i <- NG        : [mx   768(0) +=    81] [mg   768(0) <-    81] [mx   769(1) +=    82] [mg   769(1) <-    82] [mx   770(2) +=    83] [mg   770(2) <-    83] 
 NG NG U i <- NG        : [mx   771(0) +=    81] [mg   771(0) <-    81] [mx   772(1) +=    82] [mg   772(1) <-    82] [mx   773(2) +=    83] [mg   773(2) <-    83] 
 NJ A CH i <- NJ        : [mx   774(0) +=    84] [mg   774(0) <-    84] [mx   775(1) +=    85] [mg   775(1) <-    85] [mx   776(2) +=    86] [mg   776(2) <-    86] 
NJ EY NJ i <- NJ        : [mx   777(0) +=    84] [mg   777(0) <-    84] [mx   778(1) +=    85] [mg   778(1) <-    85] [mx   779(2) +=    86] [mg   779(2) <-    86] 
NJ NJ AA i <- NJ        : [mx   780(0) +=    84] [mg   780(0) <-    84] [mx   781(1) +=    85] [mg   781(1) <-    85] [mx   782(2) +=    86] [mg   782(2) <-    86] 
 NU A AM i <- NU        : [mx   783(0) +=    87] [mg   783(0) <-    87] [mx   784(1) +=    88] [mg   784(1) <-    88] [mx   785(2) +=    89] [mg   785(2) <-    89] 
   O M N i <- O         : [mx   786(0) +=    90] [mg   786(0) <-    90] [mx   787(1) +=    91] [mg   787(1) <-    91] [mx   788(2) +=    92] [mg   788(2) <-    92] 
 O SIL N b <- O         : [mx   789(0) +=    90] [mg   789(0) <-    90] [mx   790(1) +=    91] [mg   790(1) <-    91] [mx   791(2) +=    92] [mg   791(2) <-    92] 
  OO K D i <- OO        : [mx   792(0) +=    93] [mg   792(0) <-    93] [mx   793(1) +=    94] [mg   793(1) <-    94] [mx   794(2) +=    95] [mg   794(2) <-    95] 
 OO K LU i <- OO        : [mx   795(0) +=    93] [mg   795(0) <-    93] [mx   796(1) +=    94] [mg   796(1) <-    94] [mx   797(2) +=    95] [mg   797(2) <-    95] 
  OO Y T i <- OO        : [mx   798(0) +=    93] [mg   798(0) <-    93] [mx   799(1) +=    94] [mg   799(1) <-    94] [mx   800(2) +=    95] [mg   800(2) <-    95] 
  P A AA b <- P         : [mx   801(0) +=    96] [mg   801(0) <-    96] [mx   802(1) +=    97] [mg   802(1) <-    97] [mx   803(2) +=    98] [mg   803(2) <-    98] 
  P AA A i <- P         : [mx   804(0) +=    96] [mg   804(0) <-    96] [mx   805(1) +=    97] [mg   805(1) <-    97] [mx   806(2) +=    98] [mg   806(2) <-    98] 
  P E EE i <- P         : [mx   807(0) +=    96] [mg   807(0) <-    96] [mx   808(1) +=    97] [mg   808(1) <-    97] [mx   809(2) +=    98] [mg   809(2) <-    98] 
   P M A i <- P         : [mx   810(0) +=    96] [mg   810(0) <-    96] [mx   811(1) +=    97] [mg   811(1) <-    97] [mx   812(2) +=    98] [mg   812(2) <-    98] 
  P M AA i <- P         : [mx   813(0) +=    96] [mg   813(0) <-    96] [mx   814(1) +=    97] [mg   814(1) <-    97] [mx   815(2) +=    98] [mg   815(2) <-    98] 
 P SIL A b <- P         : [mx   816(0) +=    96] [mg   816(0) <-    96] [mx   817(1) +=    97] [mg   817(1) <-    97] [mx   818(2) +=    98] [mg   818(2) <-    98] 
P SIL AA b <- P         : [mx   819(0) +=    96] [mg   819(0) <-    96] [mx   820(1) +=    97] [mg   820(1) <-    97] [mx   821(2) +=    98] [mg   821(2) <-    98] 
P SIL EEY b <- P         : [mx   822(0) +=    96] [mg   822(0) <-    96] [mx   823(1) +=    97] [mg   823(1) <-    97] [mx   824(2) +=    98] [mg   824(2) <-    98] 
P SIL RA b <- P         : [mx   825(0) +=    96] [mg   825(0) <-    96] [mx   826(1) +=    97] [mg   826(1) <-    97] [mx   827(2) +=    98] [mg   827(2) <-    98] 
 RA AA A i <- RA        : [mx   828(0) +=    99] [mg   828(0) <-    99] [mx   829(1) +=   100] [mg   829(1) <-   100] [mx   830(2) +=   101] [mg   830(2) <-   101] 
RA AA AM i <- RA        : [mx   831(0) +=    99] [mg   831(0) <-    99] [mx   832(1) +=   100] [mg   832(1) <-   100] [mx   833(2) +=   101] [mg   833(2) <-   101] 
RA AA RA i <- RA        : [mx   834(0) +=    99] [mg   834(0) <-    99] [mx   835(1) +=   100] [mg   835(1) <-   100] [mx   836(2) +=   101] [mg   836(2) <-   101] 
 RA AA Y i <- RA        : [mx   837(0) +=    99] [mg   837(0) <-    99] [mx   838(1) +=   100] [mg   838(1) <-   100] [mx   839(2) +=   101] [mg   839(2) <-   101] 
  RA E A i <- RA        : [mx   840(0) +=    99] [mg   840(0) <-    99] [mx   841(1) +=   100] [mg   841(1) <-   100] [mx   842(2) +=   101] [mg   842(2) <-   101] 
RA EEY UU i <- RA        : [mx   843(0) +=    99] [mg   843(0) <-    99] [mx   844(1) +=   100] [mg   844(1) <-   100] [mx   845(2) +=   101] [mg   845(2) <-   101] 
  RA P A i <- RA        : [mx   846(0) +=    99] [mg   846(0) <-    99] [mx   847(1) +=   100] [mg   847(1) <-   100] [mx   848(2) +=   101] [mg   848(2) <-   101] 
 RA RA A i <- RA        : [mx   849(0) +=    99] [mg   849(0) <-    99] [mx   850(1) +=   100] [mg   850(1) <-   100] [mx   851(2) +=   101] [mg   851(2) <-   101] 
 RA RA E i <- RA        : [mx   852(0) +=    99] [mg   852(0) <-    99] [mx   853(1) +=   100] [mg   853(1) <-   100] [mx   854(2) +=   101] [mg   854(2) <-   101] 
 RA RA U i <- RA        : [mx   855(0) +=    99] [mg   855(0) <-    99] [mx   856(1) +=   100] [mg   856(1) <-   100] [mx   857(2) +=   101] [mg   857(2) <-   101] 
RA SS EE i <- RA        : [mx   858(0) +=    99] [mg   858(0) <-    99] [mx   859(1) +=   100] [mg   859(1) <-   100] [mx   860(2) +=   101] [mg   860(2) <-   101] 
 RA T AM i <- RA        : [mx   861(0) +=    99] [mg   861(0) <-    99] [mx   862(1) +=   100] [mg   862(1) <-   100] [mx   863(2) +=   101] [mg   863(2) <-   101] 
  RA T U i <- RA        : [mx   864(0) +=    99] [mg   864(0) <-    99] [mx   865(1) +=   100] [mg   865(1) <-   100] [mx   866(2) +=   101] [mg   866(2) <-   101] 
  S A AM b <- S         : [mx   867(0) +=   102] [mg   867(0) <-   102] [mx   868(1) +=   103] [mg   868(1) <-   103] [mx   869(2) +=   104] [mg   869(2) <-   104] 
   S A S i <- S         : [mx   870(0) +=   102] [mg   870(0) <-   102] [mx   871(1) +=   103] [mg   871(1) <-   103] [mx   872(2) +=   104] [mg   872(2) <-   104] 
  S AA T i <- S         : [mx   873(0) +=   102] [mg   873(0) <-   102] [mx   874(1) +=   103] [mg   874(1) <-   103] [mx   875(2) +=   104] [mg   875(2) <-   104] 
 S AM TT b <- S         : [mx   876(0) +=   102] [mg   876(0) <-   102] [mx   877(1) +=   103] [mg   877(1) <-   103] [mx   878(2) +=   104] [mg   878(2) <-   104] 
   S S A i <- S         : [mx   879(0) +=   102] [mg   879(0) <-   102] [mx   880(1) +=   103] [mg   880(1) <-   103] [mx   881(2) +=   104] [mg   881(2) <-   104] 
   S S S i <- S         : [mx   882(0) +=   102] [mg   882(0) <-   102] [mx   883(1) +=   103] [mg   883(1) <-   103] [mx   884(2) +=   104] [mg   884(2) <-   104] 
 S SIL A b <- S         : [mx   885(0) +=   102] [mg   885(0) <-   102] [mx   886(1) +=   103] [mg   886(1) <-   103] [mx   887(2) +=   104] [mg   887(2) <-   104] 
S SIL AM b <- S         : [mx   888(0) +=   102] [mg   888(0) <-   102] [mx   889(1) +=   103] [mg   889(1) <-   103] [mx   890(2) +=   104] [mg   890(2) <-   104] 
S SIL TT b <- S         : [mx   891(0) +=   102] [mg   891(0) <-   102] [mx   892(1) +=   103] [mg   892(1) <-   103] [mx   893(2) +=   104] [mg   893(2) <-   104] 
  SH E A i <- SH        : [mx   894(0) +=   105] [mg   894(0) <-   105] [mx   895(1) +=   106] [mg   895(1) <-   106] [mx   896(2) +=   107] [mg   896(2) <-   107] 
SS AM RA b <- SS        : [mx   897(0) +=   111] [mg   897(0) <-   111] [mx   898(1) +=   112] [mg   898(1) <-   112] [mx   899(2) +=   113] [mg   899(2) <-   113] 
 SS E AA i <- SS        : [mx   900(0) +=   111] [mg   900(0) <-   111] [mx   901(1) +=   112] [mg   901(1) <-   112] [mx   902(2) +=   113] [mg   902(2) <-   113] 
SS SIL AA b <- SS        : [mx   903(0) +=   111] [mg   903(0) <-   111] [mx   904(1) +=   112] [mg   904(1) <-   112] [mx   905(2) +=   113] [mg   905(2) <-   113] 
SS SIL RA b <- SS        : [mx   906(0) +=   111] [mg   906(0) <-   111] [mx   907(1) +=   112] [mg   907(1) <-   112] [mx   908(2) +=   113] [mg   908(2) <-   113] 
  T A AA b <- T         : [mx   909(0) +=   114] [mg   909(0) <-   114] [mx   910(1) +=   115] [mg   910(1) <-   115] [mx   911(2) +=   116] [mg   911(2) <-   116] 
 T AA RA i <- T         : [mx   912(0) +=   114] [mg   912(0) <-   114] [mx   913(1) +=   115] [mg   913(1) <-   115] [mx   914(2) +=   116] [mg   914(2) <-   116] 
   T D A b <- T         : [mx   915(0) +=   114] [mg   915(0) <-   114] [mx   916(1) +=   115] [mg   916(1) <-   115] [mx   917(2) +=   116] [mg   917(2) <-   116] 
  T E RA i <- T         : [mx   918(0) +=   114] [mg   918(0) <-   114] [mx   919(1) +=   115] [mg   919(1) <-   115] [mx   920(2) +=   116] [mg   920(2) <-   116] 
 T EE AM i <- T         : [mx   921(0) +=   114] [mg   921(0) <-   114] [mx   922(1) +=   115] [mg   922(1) <-   115] [mx   923(2) +=   116] [mg   923(2) <-   116] 
  T IR T i <- T         : [mx   924(0) +=   114] [mg   924(0) <-   114] [mx   925(1) +=   115] [mg   925(1) <-   115] [mx   926(2) +=   116] [mg   926(2) <-   116] 
   T N E b <- T         : [mx   927(0) +=   114] [mg   927(0) <-   114] [mx   928(1) +=   115] [mg   928(1) <-   115] [mx   929(2) +=   116] [mg   929(2) <-   116] 
   T N Y i <- T         : [mx   930(0) +=   114] [mg   930(0) <-   114] [mx   931(1) +=   115] [mg   931(1) <-   115] [mx   932(2) +=   116] [mg   932(2) <-   116] 
  T OO E i <- T         : [mx   933(0) +=   114] [mg   933(0) <-   114] [mx   934(1) +=   115] [mg   934(1) <-   115] [mx   935(2) +=   116] [mg   935(2) <-   116] 
  T S RA i <- T         : [mx   936(0) +=   114] [mg   936(0) <-   114] [mx   937(1) +=   115] [mg   937(1) <-   115] [mx   938(2) +=   116] [mg   938(2) <-   116] 
 T SIL A b <- T         : [mx   939(0) +=   114] [mg   939(0) <-   114] [mx   940(1) +=   115] [mg   940(1) <-   115] [mx   941(2) +=   116] [mg   941(2) <-   116] 
T SIL AA b <- T         : [mx   942(0) +=   114] [mg   942(0) <-   114] [mx   943(1) +=   115] [mg   943(1) <-   115] [mx   944(2) +=   116] [mg   944(2) <-   116] 
 T SIL E b <- T         : [mx   945(0) +=   114] [mg   945(0) <-   114] [mx   946(1) +=   115] [mg   946(1) <-   115] [mx   947(2) +=   116] [mg   947(2) <-   116] 
 T SIL U b <- T         : [mx   948(0) +=   114] [mg   948(0) <-   114] [mx   949(1) +=   115] [mg   949(1) <-   115] [mx   950(2) +=   116] [mg   950(2) <-   116] 
   T T A i <- T         : [mx   951(0) +=   114] [mg   951(0) <-   114] [mx   952(1) +=   115] [mg   952(1) <-   115] [mx   953(2) +=   116] [mg   953(2) <-   116] 
  TT S A i <- TT        : [mx   954(0) +=   117] [mg   954(0) <-   117] [mx   955(1) +=   118] [mg   955(1) <-   118] [mx   956(2) +=   119] [mg   956(2) <-   119] 
 U DA DA e <- U         : [mx   957(0) +=   120] [mg   957(0) <-   120] [mx   958(1) +=   121] [mg   958(1) <-   121] [mx   959(2) +=   122] [mg   959(2) <-   122] 
U DA SIL e <- U         : [mx   960(0) +=   120] [mg   960(0) <-   120] [mx   961(1) +=   121] [mg   961(1) <-   121] [mx   962(2) +=   122] [mg   962(2) <-   122] 
   U K K i <- U         : [mx   963(0) +=   120] [mg   963(0) <-   120] [mx   964(1) +=   121] [mg   964(1) <-   121] [mx   965(2) +=   122] [mg   965(2) <-   122] 
  U NG K i <- U         : [mx   966(0) +=   120] [mg   966(0) <-   120] [mx   967(1) +=   121] [mg   967(1) <-   121] [mx   968(2) +=   122] [mg   968(2) <-   122] 
 U RA BH i <- U         : [mx   969(0) +=   120] [mg   969(0) <-   120] [mx   970(1) +=   121] [mg   970(1) <-   121] [mx   971(2) +=   122] [mg   971(2) <-   122] 
  U RA K i <- U         : [mx   972(0) +=   120] [mg   972(0) <-   120] [mx   973(1) +=   121] [mg   973(1) <-   121] [mx   974(2) +=   122] [mg   974(2) <-   122] 
   U T D i <- U         : [mx   975(0) +=   120] [mg   975(0) <-   120] [mx   976(1) +=   121] [mg   976(1) <-   121] [mx   977(2) +=   122] [mg   977(2) <-   122] 
   U Y K i <- U         : [mx   978(0) +=   120] [mg   978(0) <-   120] [mx   979(1) +=   121] [mg   979(1) <-   121] [mx   980(2) +=   122] [mg   980(2) <-   122] 
 UU BH M i <- UU        : [mx   981(0) +=   123] [mg   981(0) <-   123] [mx   982(1) +=   124] [mg   982(1) <-   124] [mx   983(2) +=   125] [mg   983(2) <-   125] 
  UU M D i <- UU        : [mx   984(0) +=   123] [mg   984(0) <-   123] [mx   985(1) +=   124] [mg   985(1) <-   124] [mx   986(2) +=   125] [mg   986(2) <-   125] 
 UU N IR i <- UU        : [mx   987(0) +=   123] [mg   987(0) <-   123] [mx   988(1) +=   124] [mg   988(1) <-   124] [mx   989(2) +=   125] [mg   989(2) <-   125] 
UU RA IR i <- UU        : [mx   990(0) +=   123] [mg   990(0) <-   123] [mx   991(1) +=   124] [mg   991(1) <-   124] [mx   992(2) +=   125] [mg   992(2) <-   125] 
  V A AA i <- V         : [mx   993(0) +=   126] [mg   993(0) <-   126] [mx   994(1) +=   127] [mg   994(1) <-   127] [mx   995(2) +=   128] [mg   995(2) <-   128] 
  V AA E i <- V         : [mx   996(0) +=   126] [mg   996(0) <-   126] [mx   997(1) +=   127] [mg   997(1) <-   127] [mx   998(2) +=   128] [mg   998(2) <-   128] 
V AM EEY b <- V         : [mx   999(0) +=   126] [mg   999(0) <-   126] [mx  1000(1) +=   127] [mg  1000(1) <-   127] [mx  1001(2) +=   128] [mg  1001(2) <-   128] 
 V SIL E b <- V         : [mx  1002(0) +=   126] [mg  1002(0) <-   126] [mx  1003(1) +=   127] [mg  1003(1) <-   127] [mx  1004(2) +=   128] [mg  1004(2) <-   128] 
V SIL EEY b <- V         : [mx  1005(0) +=   126] [mg  1005(0) <-   126] [mx  1006(1) +=   127] [mg  1006(1) <-   127] [mx  1007(2) +=   128] [mg  1007(2) <-   128] 
V SIL EY b <- V         : [mx  1008(0) +=   126] [mg  1008(0) <-   126] [mx  1009(1) +=   127] [mg  1009(1) <-   127] [mx  1010(2) +=   128] [mg  1010(2) <-   128] 
  Y A AM i <- Y         : [mx  1011(0) +=   129] [mg  1011(0) <-   129] [mx  1012(1) +=   130] [mg  1012(1) <-   130] [mx  1013(2) +=   131] [mg  1013(2) <-   131] 
   Y A K i <- Y         : [mx  1014(0) +=   129] [mg  1014(0) <-   129] [mx  1015(1) +=   130] [mg  1015(1) <-   130] [mx  1016(2) +=   131] [mg  1016(2) <-   131] 
   Y A U i <- Y         : [mx  1017(0) +=   129] [mg  1017(0) <-   129] [mx  1018(1) +=   130] [mg  1018(1) <-   130] [mx  1019(2) +=   131] [mg  1019(2) <-   131] 
Y DDA AA i <- Y         : [mx  1020(0) +=   129] [mg  1020(0) <-   129] [mx  1021(1) +=   130] [mg  1021(1) <-   130] [mx  1022(2) +=   131] [mg  1022(2) <-   131] 
   Y E A i <- Y         : [mx  1023(0) +=   129] [mg  1023(0) <-   129] [mx  1024(1) +=   130] [mg  1024(1) <-   130] [mx  1025(2) +=   131] [mg  1025(2) <-   131] 
  Y J OO i <- Y         : [mx  1026(0) +=   129] [mg  1026(0) <-   129] [mx  1027(1) +=   130] [mg  1027(1) <-   130] [mx  1028(2) +=   131] [mg  1028(2) <-   131] 
 Y RA AM i <- Y         : [mx  1029(0) +=   129] [mg  1029(0) <-   129] [mx  1030(1) +=   130] [mg  1030(1) <-   130] [mx  1031(2) +=   131] [mg  1031(2) <-   131] 
  Y T AA i <- Y         : [mx  1032(0) +=   129] [mg  1032(0) <-   129] [mx  1033(1) +=   130] [mg  1033(1) <-   130] [mx  1034(2) +=   131] [mg  1034(2) <-   131] 
  ZH E A i <- ZH        : [mx  1035(0) +=   132] [mg  1035(0) <-   132] [mx  1036(1) +=   133] [mg  1036(1) <-   133] [mx  1037(2) +=   134] [mg  1037(2) <-   134] 
ZH EEY AA i <- ZH        : INFO: main.c(529): Writing dest /home/jerrin/Documents/project/main upload/chakka/trained data builds/tuttorialchakka_1/chakka/model_parameters/chakka.cd_cont_untied/transition_matrices
INFO: s3tmat_io.c(174): Wrote /home/jerrin/Documents/project/main upload/chakka/trained data builds/tuttorialchakka_1/chakka/model_parameters/chakka.cd_cont_untied/transition_matrices [45x3x4 array]
INFO: main.c(540): Writing dest /home/jerrin/Documents/project/main upload/chakka/trained data builds/tuttorialchakka_1/chakka/model_parameters/chakka.cd_cont_untied/mixture_weights
INFO: s3mixw_io.c(232): Wrote /home/jerrin/Documents/project/main upload/chakka/trained data builds/tuttorialchakka_1/chakka/model_parameters/chakka.cd_cont_untied/mixture_weights [1041x1x1 array]
INFO: main.c(549): Writing dest /home/jerrin/Documents/project/main upload/chakka/trained data builds/tuttorialchakka_1/chakka/model_parameters/chakka.cd_cont_untied/means
INFO: s3gau_io.c(226): Wrote /home/jerrin/Documents/project/main upload/chakka/trained data builds/tuttorialchakka_1/chakka/model_parameters/chakka.cd_cont_untied/means [1041x1x1 array]
INFO: main.c(561): Writing dest /home/jerrin/Documents/project/main upload/chakka/trained data builds/tuttorialchakka_1/chakka/model_parameters/chakka.cd_cont_untied/variances
INFO: s3gau_io.c(226): Wrote /home/jerrin/Documents/project/main upload/chakka/trained data builds/tuttorialchakka_1/chakka/model_parameters/chakka.cd_cont_untied/variances [1041x1x1 array]
[mx  1038(0) +=   132] [mg  1038(0) <-   132] [mx  1039(1) +=   133] [mg  1039(1) <-   133] [mx  1040(2) +=   134] [mg  1040(2) <-   134] 
Sat Mar 30 00:23:51 2013
