INFO: cmd_ln.c(691): Parsing command line:
/usr/libexec/sphinxtrain/mk_flat \
	-moddeffn /home/jerrin/Documents/project/main upload/chakka/trained data builds/tuttorialchakka_1/chakka/model_architecture/chakka.ci.mdef \
	-topo /home/jerrin/Documents/project/main upload/chakka/trained data builds/tuttorialchakka_1/chakka/model_architecture/chakka.topology \
	-mixwfn /home/jerrin/Documents/project/main upload/chakka/trained data builds/tuttorialchakka_1/chakka/model_parameters/chakka.ci_cont_flatinitial/mixture_weights \
	-tmatfn /home/jerrin/Documents/project/main upload/chakka/trained data builds/tuttorialchakka_1/chakka/model_parameters/chakka.ci_cont_flatinitial/transition_matrices \
	-nstream 1 \
	-ndensity 1 

Current configuration:
[NAME]		[DEFLT]	[VALUE]
-example	no	no
-help		no	no
-mixwfn			/home/jerrin/Documents/project/main upload/chakka/trained data builds/tuttorialchakka_1/chakka/model_parameters/chakka.ci_cont_flatinitial/mixture_weights
-moddeffn		/home/jerrin/Documents/project/main upload/chakka/trained data builds/tuttorialchakka_1/chakka/model_architecture/chakka.ci.mdef
-ndensity	256	1
-nstream	4	1
-tmatfn			/home/jerrin/Documents/project/main upload/chakka/trained data builds/tuttorialchakka_1/chakka/model_parameters/chakka.ci_cont_flatinitial/transition_matrices
-topo			/home/jerrin/Documents/project/main upload/chakka/trained data builds/tuttorialchakka_1/chakka/model_architecture/chakka.topology

INFO: model_def_io.c(573): Model definition info:
INFO: model_def_io.c(574): 45 total models defined (45 base, 0 tri)
INFO: model_def_io.c(575): 180 total states
INFO: model_def_io.c(576): 135 total tied states
INFO: model_def_io.c(577): 135 total tied CI states
INFO: model_def_io.c(578): 45 total tied transition matrices
INFO: model_def_io.c(579): 4 max state/model
INFO: model_def_io.c(580): 4 min state/model
INFO: s3tmat_io.c(174): Wrote /home/jerrin/Documents/project/main upload/chakka/trained data builds/tuttorialchakka_1/chakka/model_parameters/chakka.ci_cont_flatinitial/transition_matrices [45x3x4 array]
INFO: s3mixw_io.c(232): Wrote /home/jerrin/Documents/project/main upload/chakka/trained data builds/tuttorialchakka_1/chakka/model_parameters/chakka.ci_cont_flatinitial/mixture_weights [135x1x1 array]
main.c(83): Reading model definition file /home/jerrin/Documents/project/main upload/chakka/trained data builds/tuttorialchakka_1/chakka/model_architecture/chakka.ci.mdef
main.c(90): 45 models defined
Sat Mar 30 00:23:40 2013
