INFO: cmd_ln.c(691): Parsing command line:
/usr/libexec/sphinxtrain/norm \
	-accumdir /home/jerrin/Documents/project/main upload/chakka/trained data builds/tuttorialchakka_1/chakka/bwaccumdir/chakka_buff_1 \
	-fullvar no \
	-varfn /home/jerrin/Documents/project/main upload/chakka/trained data builds/tuttorialchakka_1/chakka/model_parameters/chakka.ci_cont_flatinitial/globalvar 

Current configuration:
[NAME]		[DEFLT]	[VALUE]
-accumdir		/home/jerrin/Documents/project/main upload/chakka/trained data builds/tuttorialchakka_1/chakka/bwaccumdir/chakka_buff_1,
-constE		3.0	3.000000e+00
-dcountfn		
-example	no	no
-fullvar	no	no
-help		no	no
-inmeanfn		
-inmixwfn		
-invarfn		
-meanfn			
-mixwfn			
-mmie		no	no
-oaccumdir		
-regmatfn		
-tiedvar	no	no
-tmatfn			
-varfn			/home/jerrin/Documents/project/main upload/chakka/trained data builds/tuttorialchakka_1/chakka/model_parameters/chakka.ci_cont_flatinitial/globalvar

INFO: main.c(146): No -mixwfn specified, will skip if any
INFO: main.c(149): No -tmatfn specified, will skip if any
INFO: main.c(152): No -meanfn specified, will skip if any
INFO: main.c(206): Reading and accumulating counts from /home/jerrin/Documents/project/main upload/chakka/trained data builds/tuttorialchakka_1/chakka/bwaccumdir/chakka_buff_1
INFO: s3gau_io.c(379): Read /home/jerrin/Documents/project/main upload/chakka/trained data builds/tuttorialchakka_1/chakka/bwaccumdir/chakka_buff_1/gauden_counts with vars (2pass) [1x1x1 vector arrays]
INFO: main.c(320): -2passvar yes
INFO: main.c(413): Normalizing var
INFO: s3gau_io.c(226): Wrote /home/jerrin/Documents/project/main upload/chakka/trained data builds/tuttorialchakka_1/chakka/model_parameters/chakka.ci_cont_flatinitial/globalvar [1x1x1 array]
Sat Mar 30 00:23:40 2013
