INFO: cmd_ln.c(691): Parsing command line:
/usr/libexec/sphinxtrain/init_gau \
	-meanfn /home/jerrin/Documents/project/main upload/chakka/trained data builds/tuttorialchakka_1/chakka/model_parameters/chakka.ci_cont_flatinitial/globalmean \
	-ctlfn /home/jerrin/Documents/project/main upload/chakka/trained data builds/tuttorialchakka_1/chakka/etc/chakka_train.fileids \
	-part 1 \
	-npart 1 \
	-cepdir /home/jerrin/Documents/project/main upload/chakka/trained data builds/tuttorialchakka_1/chakka/feat \
	-cepext mfc \
	-accumdir /home/jerrin/Documents/project/main upload/chakka/trained data builds/tuttorialchakka_1/chakka/bwaccumdir/chakka_buff_1 \
	-agc none \
	-cmn current \
	-varnorm no \
	-feat 1s_c_d_dd \
	-ceplen 13 \
	-fullvar no 

Current configuration:
[NAME]		[DEFLT]		[VALUE]
-accumdir			/home/jerrin/Documents/project/main upload/chakka/trained data builds/tuttorialchakka_1/chakka/bwaccumdir/chakka_buff_1
-agc		none		none
-agcthresh	2.0		2.000000e+00
-cepdir				/home/jerrin/Documents/project/main upload/chakka/trained data builds/tuttorialchakka_1/chakka/feat
-cepext		mfc		mfc
-ceplen		13		13
-cmn		current		current
-cmninit	8.0		8.0
-ctlfn				/home/jerrin/Documents/project/main upload/chakka/trained data builds/tuttorialchakka_1/chakka/etc/chakka_train.fileids
-dictfn				
-example	no		no
-fdictfn			
-feat		1s_c_d_dd	1s_c_d_dd
-fullvar	no		no
-help		no		no
-lda				
-ldadim		0		0
-lsnfn				
-meanfn				/home/jerrin/Documents/project/main upload/chakka/trained data builds/tuttorialchakka_1/chakka/model_parameters/chakka.ci_cont_flatinitial/globalmean
-moddeffn			
-npart				1
-nskip				0
-part				1
-runlen				0
-scaleseg	no		no
-segdir				
-segext		v8_seg		v8_seg
-svspec				
-ts2cbfn			
-varnorm	no		no

INFO: feat.c(713): Initializing feature stream to type: '1s_c_d_dd', ceplen=13, CMN='current', VARNORM='no', AGC='none'
INFO: cmn.c(142): mean[0]= 12.00, mean[1..12]= 0.0
INFO: corpus.c(1086): Will process all remaining utts starting at 0
INFO: init_gau.c(145): Computing 1x1x1 variance estimates
INFO: s3gau_io.c(166): Read /home/jerrin/Documents/project/main upload/chakka/trained data builds/tuttorialchakka_1/chakka/model_parameters/chakka.ci_cont_flatinitial/globalmean [1x1x1 array]
INFO: cmn.c(175): CMN:  9.69 -0.04  0.01  0.02 -0.17 -0.04 -0.17 -0.22 -0.12 -0.34 -0.02 -0.10 -0.10 
INFO: cmn.c(175): CMN:  9.84  0.53 -0.10  0.13 -0.24 -0.12 -0.25 -0.31 -0.17 -0.21 -0.07 -0.08 -0.17 
INFO: cmn.c(175): CMN:  8.85 -0.04  0.10  0.69  0.02 -0.18 -0.27 -0.22 -0.01 -0.35 -0.13 -0.13 -0.18 
INFO: cmn.c(175): CMN: 10.70  0.57 -0.21 -0.00 -0.29 -0.05 -0.36 -0.33 -0.09 -0.25  0.06 -0.12 -0.21 
INFO: cmn.c(175): CMN:  8.91  0.20 -0.19  0.10 -0.19 -0.13 -0.23 -0.16 -0.18 -0.17 -0.00 -0.10 -0.17 
INFO: cmn.c(175): CMN:  9.01  0.49  0.07 -0.01 -0.42 -0.06 -0.19 -0.12 -0.26 -0.31  0.03 -0.13 -0.12 
INFO: cmn.c(175): CMN: 10.41  0.19 -0.12  0.12 -0.34 -0.02 -0.23 -0.18 -0.17 -0.29  0.02 -0.14 -0.18 
INFO: cmn.c(175): CMN: 10.21  0.00 -0.25  0.31 -0.39 -0.12 -0.24 -0.20 -0.13 -0.22 -0.06 -0.12 -0.17 
INFO: cmn.c(175): CMN: 10.36 -0.25 -0.04  0.40 -0.10 -0.17 -0.37 -0.28 -0.08 -0.32 -0.08 -0.16 -0.09 
INFO: cmn.c(175): CMN: 10.78  0.28 -0.30  0.10 -0.25 -0.16 -0.33 -0.26 -0.09 -0.37 -0.08 -0.07 -0.09 
INFO: cmn.c(175): CMN: 11.02  0.29 -0.18  0.11 -0.17 -0.17 -0.19 -0.39 -0.11 -0.43 -0.01 -0.16 -0.19 
INFO: cmn.c(175): CMN:  8.22  0.16 -0.12 -0.13 -0.32 -0.08 -0.14 -0.12 -0.10 -0.12  0.02 -0.06 -0.10 
INFO: cmn.c(175): CMN: 11.16  0.49 -0.41 -0.09 -0.53 -0.23 -0.08 -0.22 -0.15 -0.20  0.01 -0.15 -0.11 
INFO: cmn.c(175): CMN: 10.59  0.44 -0.48 -0.25 -0.30 -0.11 -0.25 -0.25 -0.08 -0.15  0.05 -0.05 -0.21 
INFO: cmn.c(175): CMN: 11.35  0.66 -0.24  0.16 -0.36 -0.15 -0.25 -0.33 -0.15 -0.37 -0.03 -0.14 -0.16 
INFO: cmn.c(175): CMN: 10.31  0.06 -0.20  0.33 -0.17 -0.07 -0.23 -0.36 -0.11 -0.40 -0.11 -0.06 -0.10 
INFO: cmn.c(175): CMN:  9.69 -0.04  0.01  0.02 -0.17 -0.04 -0.17 -0.22 -0.12 -0.34 -0.02 -0.10 -0.10 
INFO: cmn.c(175): CMN:  8.06 -0.07 -0.12  0.02 -0.15 -0.12 -0.18 -0.20 -0.10 -0.19 -0.04 -0.07 -0.09 
INFO: cmn.c(175): CMN:  8.54 -0.04 -0.08  0.09 -0.12 -0.15 -0.18 -0.21 -0.11 -0.23 -0.03 -0.11 -0.09 
INFO: cmn.c(175): CMN:  8.62  0.06 -0.11  0.02 -0.13 -0.07 -0.19 -0.29 -0.08 -0.22 -0.04 -0.08 -0.14 
INFO: cmn.c(175): CMN:  8.74  0.31  0.05 -0.04 -0.15 -0.10 -0.17 -0.31 -0.11 -0.33  0.03 -0.14 -0.12 
INFO: cmn.c(175): CMN:  8.19 -0.09  0.03  0.05 -0.15 -0.09 -0.19 -0.21 -0.09 -0.25 -0.01 -0.14 -0.10 
INFO: cmn.c(175): CMN:  9.84  0.53 -0.10  0.13 -0.24 -0.12 -0.25 -0.31 -0.17 -0.21 -0.07 -0.08 -0.17 
INFO: cmn.c(175): CMN:  8.68 -0.26 -0.17 -0.04 -0.21 -0.04 -0.17 -0.20 -0.14 -0.12  0.03 -0.07 -0.16 
INFO: cmn.c(175): CMN:  8.61  0.33  0.04  0.26 -0.38 -0.10 -0.11 -0.24 -0.23 -0.20  0.04 -0.06 -0.12 
INFO: cmn.c(175): CMN:  9.42  0.62 -0.28  0.02 -0.28 -0.14 -0.16 -0.15 -0.10 -0.21 -0.06 -0.09 -0.17 
INFO: cmn.c(175): CMN:  9.06  0.07 -0.19  0.39 -0.17 -0.17 -0.26 -0.20 -0.11 -0.28 -0.10 -0.08 -0.12 
INFO: cmn.c(175): CMN: 10.41  0.19 -0.12  0.12 -0.34 -0.02 -0.23 -0.18 -0.17 -0.29  0.02 -0.14 -0.18 
INFO: cmn.c(175): CMN: 10.21  0.00 -0.25  0.31 -0.39 -0.12 -0.24 -0.20 -0.13 -0.22 -0.06 -0.12 -0.17 
INFO: cmn.c(175): CMN: 10.36 -0.25 -0.04  0.40 -0.10 -0.17 -0.37 -0.28 -0.08 -0.32 -0.08 -0.16 -0.09 
INFO: cmn.c(175): CMN: 10.78  0.28 -0.30  0.10 -0.25 -0.16 -0.33 -0.26 -0.09 -0.37 -0.08 -0.07 -0.09 
INFO: cmn.c(175): CMN: 11.02  0.29 -0.18  0.11 -0.17 -0.17 -0.19 -0.39 -0.11 -0.43 -0.01 -0.16 -0.19 
INFO: cmn.c(175): CMN:  7.83  0.11 -0.22 -0.22 -0.26 -0.17 -0.06 -0.08 -0.10 -0.07  0.03  0.02 -0.11 
INFO: cmn.c(175): CMN: 11.16  0.49 -0.41 -0.09 -0.53 -0.23 -0.08 -0.22 -0.15 -0.20  0.01 -0.15 -0.11 
INFO: cmn.c(175): CMN: 10.59  0.44 -0.48 -0.25 -0.30 -0.11 -0.25 -0.25 -0.08 -0.15  0.05 -0.05 -0.21 
INFO: cmn.c(175): CMN: 11.35  0.66 -0.24  0.16 -0.36 -0.15 -0.25 -0.33 -0.15 -0.37 -0.03 -0.14 -0.16 
INFO: cmn.c(175): CMN: 10.31  0.06 -0.20  0.33 -0.17 -0.07 -0.23 -0.36 -0.11 -0.40 -0.11 -0.06 -0.10 
INFO: cmn.c(175): CMN:  8.06 -0.07 -0.12  0.02 -0.15 -0.12 -0.18 -0.20 -0.10 -0.19 -0.04 -0.07 -0.09 
INFO: cmn.c(175): CMN:  8.54 -0.04 -0.08  0.09 -0.12 -0.15 -0.18 -0.21 -0.11 -0.23 -0.03 -0.11 -0.09 
INFO: cmn.c(175): CMN:  8.62  0.06 -0.11  0.02 -0.13 -0.07 -0.19 -0.29 -0.08 -0.22 -0.04 -0.08 -0.14 
INFO: cmn.c(175): CMN:  8.74  0.31  0.05 -0.04 -0.15 -0.10 -0.17 -0.31 -0.11 -0.33  0.03 -0.14 -0.12 
INFO: cmn.c(175): CMN:  8.19 -0.09  0.03  0.05 -0.15 -0.09 -0.19 -0.21 -0.09 -0.25 -0.01 -0.14 -0.10 
INFO: cmn.c(175): CMN:  8.42  0.10 -0.02 -0.01 -0.27 -0.13 -0.17 -0.17 -0.08 -0.17  0.03 -0.14 -0.13 
INFO: cmn.c(175): CMN:  8.17  0.05  0.12  0.22 -0.21 -0.14 -0.14 -0.25 -0.09 -0.28 -0.03 -0.13 -0.13 
INFO: cmn.c(175): CMN:  9.29  0.35  0.01  0.13 -0.36 -0.02 -0.22 -0.18 -0.19 -0.24  0.04 -0.14 -0.17 
INFO: cmn.c(175): CMN:  8.85 -0.04  0.10  0.69  0.02 -0.18 -0.27 -0.22 -0.01 -0.35 -0.13 -0.13 -0.18 
INFO: cmn.c(175): CMN:  9.55  0.08 -0.07  0.39 -0.15 -0.15 -0.31 -0.23 -0.01 -0.43  0.01 -0.17 -0.15 
INFO: cmn.c(175): CMN:  9.42 -0.22 -0.07 -0.25 -0.31 -0.22 -0.12 -0.10 -0.15 -0.08  0.03 -0.12 -0.14 
INFO: cmn.c(175): CMN:  9.65 -0.15  0.08  0.39 -0.15 -0.20 -0.15 -0.24 -0.13 -0.29  0.00 -0.16 -0.13 
INFO: cmn.c(175): CMN: 10.24  0.15 -0.08 -0.00 -0.35  0.02 -0.30 -0.18 -0.11 -0.26  0.05 -0.22 -0.16 
INFO: cmn.c(175): CMN:  9.22 -0.14  0.01  0.56 -0.15 -0.08 -0.30 -0.27 -0.06 -0.30 -0.07 -0.16 -0.19 
INFO: cmn.c(175): CMN: 10.44  0.41 -0.30  0.41 -0.23 -0.12 -0.34 -0.29 -0.06 -0.35  0.01 -0.20 -0.09 
INFO: cmn.c(175): CMN:  8.66  0.01 -0.17 -0.32 -0.30  0.03 -0.27 -0.10 -0.13 -0.05  0.06 -0.06 -0.15 
INFO: cmn.c(175): CMN: 10.10  0.19 -0.30  0.37 -0.19 -0.14 -0.40 -0.28 -0.02 -0.25  0.02 -0.11 -0.17 
INFO: cmn.c(175): CMN:  8.68 -0.15  0.09  0.06 -0.15 -0.22 -0.19 -0.23 -0.18 -0.16  0.02 -0.12 -0.11 
INFO: cmn.c(175): CMN:  9.59  0.14 -0.06  0.21 -0.18 -0.16 -0.33 -0.22  0.01 -0.30  0.05 -0.12 -0.16 
INFO: cmn.c(175): CMN:  9.81 -0.11  0.21  0.12 -0.24 -0.14 -0.14 -0.22 -0.15 -0.32  0.03 -0.19 -0.11 
INFO: cmn.c(175): CMN:  8.23 -0.04 -0.08  0.35 -0.01 -0.14 -0.21 -0.19 -0.06 -0.27 -0.09 -0.09 -0.11 
INFO: cmn.c(175): CMN:  8.19 -0.12 -0.13  0.01 -0.22 -0.04 -0.23 -0.14 -0.09 -0.18  0.00 -0.09 -0.12 
INFO: cmn.c(175): CMN:  8.62 -0.11 -0.04  0.16 -0.15 -0.07 -0.23 -0.14 -0.13 -0.16 -0.07 -0.12 -0.12 
INFO: cmn.c(175): CMN:  8.11 -0.12  0.06  0.10 -0.11 -0.08 -0.19 -0.19 -0.10 -0.19 -0.06 -0.09 -0.09 
INFO: cmn.c(175): CMN:  7.93 -0.09 -0.06  0.35 -0.00 -0.13 -0.22 -0.20 -0.07 -0.22 -0.13 -0.07 -0.14 
INFO: cmn.c(175): CMN:  8.58  0.32  0.18  0.13 -0.28 -0.06 -0.05 -0.22 -0.13 -0.31 -0.08 -0.13 -0.13 
INFO: cmn.c(175): CMN:  9.13 -0.13  0.04  0.47 -0.10 -0.19 -0.32 -0.20 -0.13 -0.33 -0.03 -0.13 -0.10 
INFO: cmn.c(175): CMN:  7.79  0.04  0.23  0.09 -0.20 -0.13 -0.12 -0.28 -0.15 -0.13  0.12 -0.09 -0.07 
INFO: cmn.c(175): CMN:  7.57 -0.22  0.39  0.63  0.04 -0.11  0.01 -0.17 -0.21 -0.30 -0.11 -0.13 -0.12 
INFO: cmn.c(175): CMN: 10.70  0.57 -0.21 -0.00 -0.29 -0.05 -0.36 -0.33 -0.09 -0.25  0.06 -0.12 -0.21 
INFO: cmn.c(175): CMN:  9.39  0.20  0.04  0.15 -0.23 -0.16 -0.20 -0.30 -0.10 -0.23 -0.02 -0.14 -0.12 
INFO: cmn.c(175): CMN:  8.06  0.10  0.34  0.31 -0.14 -0.18 -0.05 -0.19 -0.14 -0.26 -0.13 -0.17 -0.17 
INFO: cmn.c(175): CMN:  8.72  0.22 -0.07 -0.05 -0.19 -0.09 -0.23 -0.23 -0.09 -0.18  0.02 -0.07 -0.11 
INFO: cmn.c(175): CMN:  8.96  0.06  0.17  0.02  0.12 -0.23 -0.03 -0.25 -0.04 -0.22 -0.11 -0.13 -0.10 
INFO: cmn.c(175): CMN:  9.19  0.34  0.11  0.03 -0.06 -0.11  0.01 -0.27 -0.09 -0.18 -0.10 -0.20 -0.12 
INFO: cmn.c(175): CMN:  7.65 -0.27  0.18  0.48  0.05 -0.20  0.00 -0.18 -0.05 -0.17 -0.13 -0.10 -0.22 
INFO: cmn.c(175): CMN:  9.75  0.46 -0.21 -0.07 -0.15 -0.20 -0.03 -0.38 -0.03 -0.13 -0.01 -0.12 -0.19 
INFO: cmn.c(175): CMN:  9.80  0.35 -0.18 -0.13 -0.10 -0.16  0.01 -0.27 -0.02 -0.04 -0.03 -0.03 -0.20 
INFO: cmn.c(175): CMN: 10.28  0.67  0.15 -0.17 -0.25 -0.20  0.11 -0.32 -0.13 -0.16 -0.08 -0.09 -0.13 
INFO: cmn.c(175): CMN:  9.01  0.53  0.04 -0.11  0.04 -0.24  0.03 -0.22 -0.15 -0.27 -0.07 -0.14 -0.17 
INFO: cmn.c(175): CMN:  8.58  0.11  0.16  0.09  0.05 -0.30 -0.02 -0.21 -0.04 -0.21 -0.11 -0.16 -0.17 
INFO: cmn.c(175): CMN:  8.81 -0.13  0.22  0.25  0.18 -0.33  0.06 -0.23 -0.07 -0.27 -0.15 -0.14 -0.12 
INFO: cmn.c(175): CMN:  8.56  0.21 -0.12  0.09 -0.07 -0.22 -0.08 -0.18 -0.12 -0.27 -0.06 -0.08 -0.11 
INFO: cmn.c(175): CMN:  8.67  0.21 -0.08  0.04  0.04 -0.25 -0.03 -0.29 -0.11 -0.21 -0.06 -0.07 -0.12 
INFO: cmn.c(175): CMN:  8.39  0.14 -0.20 -0.21 -0.10 -0.11  0.00 -0.22  0.00 -0.05  0.01 -0.01 -0.10 
INFO: cmn.c(175): CMN:  8.84  0.30 -0.11 -0.17 -0.08 -0.28  0.11 -0.22 -0.05 -0.21 -0.09 -0.08 -0.09 
INFO: cmn.c(175): CMN:  9.06  0.29 -0.28 -0.25 -0.20 -0.11 -0.07 -0.28  0.02 -0.10  0.04 -0.07 -0.10 
INFO: cmn.c(175): CMN:  9.48  0.61  0.09 -0.04  0.00 -0.30 -0.05 -0.26 -0.04 -0.24 -0.11 -0.22 -0.15 
INFO: cmn.c(175): CMN:  8.96 -0.08  0.08  0.15  0.02 -0.23 -0.05 -0.25 -0.08 -0.27 -0.13 -0.08 -0.06 
INFO: cmn.c(175): CMN:  8.96  0.06  0.17  0.02  0.12 -0.23 -0.03 -0.25 -0.04 -0.22 -0.11 -0.13 -0.10 
INFO: cmn.c(175): CMN:  8.42  0.21 -0.07 -0.09 -0.13 -0.22 -0.04 -0.28 -0.08 -0.17 -0.06 -0.08 -0.12 
INFO: cmn.c(175): CMN:  8.97  0.20  0.07  0.09  0.03 -0.32 -0.00 -0.32 -0.07 -0.21 -0.05 -0.13 -0.14 
INFO: cmn.c(175): CMN:  9.04  0.19 -0.18 -0.12 -0.07 -0.22 -0.03 -0.26 -0.07 -0.17 -0.03 -0.09 -0.10 
INFO: cmn.c(175): CMN:  9.45  0.65  0.08 -0.10 -0.02 -0.28  0.02 -0.31 -0.06 -0.24 -0.14 -0.17 -0.14 
INFO: cmn.c(175): CMN:  8.25 -0.02  0.02 -0.07  0.02 -0.22  0.04 -0.19 -0.03 -0.20 -0.13 -0.14 -0.09 
INFO: cmn.c(175): CMN:  9.19  0.34  0.11  0.03 -0.06 -0.11  0.01 -0.27 -0.09 -0.18 -0.10 -0.20 -0.12 
INFO: cmn.c(175): CMN:  8.36  0.02 -0.04  0.07 -0.16 -0.06  0.02 -0.25 -0.06 -0.13 -0.01 -0.15 -0.13 
INFO: cmn.c(175): CMN:  7.84  0.35  0.33  0.16 -0.15 -0.12  0.08 -0.25 -0.15 -0.22 -0.06 -0.10 -0.13 
INFO: cmn.c(175): CMN:  8.79  0.38  0.01 -0.03 -0.17 -0.01  0.10 -0.20 -0.01 -0.19 -0.14 -0.16 -0.15 
INFO: cmn.c(175): CMN:  9.51  0.16  0.17  0.35 -0.11 -0.31  0.07 -0.37 -0.01 -0.32 -0.06 -0.13 -0.28 
INFO: cmn.c(175): CMN:  9.01  0.53  0.04 -0.11  0.04 -0.24  0.03 -0.22 -0.15 -0.27 -0.07 -0.14 -0.17 
INFO: cmn.c(175): CMN:  8.58  0.11  0.16  0.09  0.05 -0.30 -0.02 -0.21 -0.04 -0.21 -0.11 -0.16 -0.17 
[100] INFO: cmn.c(175): CMN:  8.81 -0.13  0.22  0.25  0.18 -0.33  0.06 -0.23 -0.07 -0.27 -0.15 -0.14 -0.12 
INFO: cmn.c(175): CMN:  8.56  0.21 -0.12  0.09 -0.07 -0.22 -0.08 -0.18 -0.12 -0.27 -0.06 -0.08 -0.11 
INFO: cmn.c(175): CMN:  8.67  0.21 -0.08  0.04  0.04 -0.25 -0.03 -0.29 -0.11 -0.21 -0.06 -0.07 -0.12 
INFO: cmn.c(175): CMN:  8.58  0.20 -0.12 -0.15 -0.11 -0.15 -0.03 -0.21 -0.01 -0.03  0.03 -0.03 -0.11 
INFO: cmn.c(175): CMN:  8.84  0.30 -0.11 -0.17 -0.08 -0.28  0.11 -0.22 -0.05 -0.21 -0.09 -0.08 -0.09 
INFO: cmn.c(175): CMN:  9.06  0.29 -0.28 -0.25 -0.20 -0.11 -0.07 -0.28  0.02 -0.10  0.04 -0.07 -0.10 
INFO: cmn.c(175): CMN:  9.48  0.61  0.09 -0.04  0.00 -0.30 -0.05 -0.26 -0.04 -0.24 -0.11 -0.22 -0.15 
INFO: cmn.c(175): CMN:  8.96 -0.08  0.08  0.15  0.02 -0.23 -0.05 -0.25 -0.08 -0.27 -0.13 -0.08 -0.06 
INFO: cmn.c(175): CMN:  8.42  0.21 -0.07 -0.09 -0.13 -0.22 -0.04 -0.28 -0.08 -0.17 -0.06 -0.08 -0.12 
INFO: cmn.c(175): CMN:  8.97  0.20  0.07  0.09  0.03 -0.32 -0.00 -0.32 -0.07 -0.21 -0.05 -0.13 -0.14 
INFO: cmn.c(175): CMN:  9.04  0.19 -0.18 -0.12 -0.07 -0.22 -0.03 -0.26 -0.07 -0.17 -0.03 -0.09 -0.10 
INFO: cmn.c(175): CMN:  9.45  0.65  0.08 -0.10 -0.02 -0.28  0.02 -0.31 -0.06 -0.24 -0.14 -0.17 -0.14 
INFO: cmn.c(175): CMN:  8.25 -0.02  0.02 -0.07  0.02 -0.22  0.04 -0.19 -0.03 -0.20 -0.13 -0.14 -0.09 
INFO: cmn.c(175): CMN:  8.37  0.10  0.01 -0.00 -0.07 -0.11  0.02 -0.24 -0.03 -0.14 -0.08 -0.15 -0.12 
INFO: cmn.c(175): CMN:  8.64  0.04  0.17  0.24 -0.05 -0.23  0.05 -0.31 -0.06 -0.26 -0.07 -0.11 -0.20 
INFO: cmn.c(175): CMN: 10.46  0.29  0.01 -0.09 -0.16 -0.17  0.12 -0.36 -0.03 -0.07 -0.10 -0.06 -0.18 
INFO: cmn.c(175): CMN:  7.65 -0.27  0.18  0.48  0.05 -0.20  0.00 -0.18 -0.05 -0.17 -0.13 -0.10 -0.22 
INFO: cmn.c(175): CMN:  9.05  0.20  0.05  0.37 -0.03 -0.34  0.00 -0.26 -0.11 -0.31 -0.07 -0.04 -0.28 
INFO: cmn.c(175): CMN:  8.48 -0.28 -0.05 -0.09 -0.13 -0.15  0.03 -0.17 -0.02 -0.09 -0.10 -0.01 -0.18 
INFO: cmn.c(175): CMN:  9.07  0.03  0.34  0.26 -0.04 -0.24  0.12 -0.21 -0.09 -0.24 -0.11 -0.17 -0.23 
INFO: cmn.c(175): CMN:  9.13  0.04 -0.02  0.00 -0.19 -0.06  0.04 -0.25 -0.01 -0.14 -0.06 -0.17 -0.23 
INFO: cmn.c(175): CMN:  8.69 -0.14  0.08  0.43 -0.12 -0.18 -0.03 -0.20  0.01 -0.16 -0.13 -0.17 -0.22 
INFO: cmn.c(175): CMN:  9.06  0.45 -0.14  0.35 -0.01 -0.24 -0.01 -0.31 -0.08 -0.23 -0.15 -0.17 -0.14 
INFO: cmn.c(175): CMN:  8.78 -0.12 -0.09 -0.29 -0.21 -0.08  0.00 -0.21  0.02 -0.01  0.05 -0.04 -0.16 
INFO: cmn.c(175): CMN:  9.77  0.38 -0.12  0.31  0.00 -0.24 -0.03 -0.32 -0.07 -0.16 -0.07 -0.17 -0.14 
INFO: cmn.c(175): CMN:  8.51 -0.08  0.18  0.01  0.02 -0.14 -0.07 -0.22 -0.04 -0.13 -0.10 -0.13 -0.14 
INFO: cmn.c(175): CMN:  9.82  0.50  0.07  0.13 -0.04 -0.26  0.02 -0.29 -0.09 -0.14 -0.01 -0.15 -0.18 
INFO: cmn.c(175): CMN:  9.56  0.02  0.32 -0.01 -0.05 -0.20  0.08 -0.24 -0.12 -0.18 -0.13 -0.11 -0.12 
INFO: cmn.c(175): CMN:  8.44  0.11  0.12  0.26  0.04 -0.20  0.02 -0.21 -0.09 -0.19 -0.13 -0.12 -0.19 
INFO: cmn.c(175): CMN:  8.79 -0.08  0.03  0.04 -0.14 -0.17  0.02 -0.26 -0.04 -0.17 -0.06 -0.10 -0.22 
INFO: cmn.c(175): CMN:  8.56 -0.07 -0.01  0.14 -0.07 -0.18  0.03 -0.23 -0.05 -0.15 -0.09 -0.10 -0.17 
INFO: cmn.c(175): CMN:  8.53  0.06  0.15  0.01 -0.04 -0.16 -0.03 -0.22 -0.08 -0.15 -0.09 -0.13 -0.15 
INFO: cmn.c(175): CMN:  8.17 -0.03  0.11  0.22 -0.03 -0.18  0.00 -0.19 -0.07 -0.14 -0.09 -0.09 -0.21 
INFO: cmn.c(175): CMN:  8.87  0.52  0.30  0.08 -0.15 -0.07  0.13 -0.12 -0.13 -0.26 -0.17 -0.17 -0.18 
INFO: cmn.c(175): CMN:  9.05 -0.21  0.19  0.52 -0.01 -0.28  0.05 -0.21 -0.10 -0.20 -0.15 -0.14 -0.13 
INFO: cmn.c(175): CMN:  7.31 -0.44  0.42  0.45  0.12 -0.07  0.23 -0.10  0.01 -0.11 -0.17 -0.01 -0.25 
INFO: cmn.c(175): CMN:  8.36  0.04  0.58  0.34 -0.07 -0.23  0.20 -0.16 -0.13 -0.18 -0.20 -0.08 -0.23 
INFO: cmn.c(175): CMN:  9.75  0.46 -0.21 -0.07 -0.15 -0.20 -0.03 -0.38 -0.03 -0.13 -0.01 -0.12 -0.19 
INFO: cmn.c(175): CMN:  8.61  0.07 -0.01  0.16 -0.07 -0.22 -0.01 -0.25 -0.04 -0.13 -0.07 -0.14 -0.14 
INFO: cmn.c(175): CMN:  8.04  0.15  0.39  0.22 -0.07 -0.14  0.16 -0.15 -0.12 -0.19 -0.15 -0.11 -0.17 
INFO: cmn.c(175): CMN:  8.95  0.33 -0.10 -0.03 -0.12 -0.18 -0.00 -0.30 -0.02 -0.12 -0.03 -0.11 -0.19 
INFO: cmn.c(175): CMN:  8.43  0.05 -0.06 -0.06  0.12 -0.08 -0.14 -0.13 -0.22 -0.02 -0.14 -0.03 -0.17 
INFO: cmn.c(175): CMN:  8.42  0.30  0.02 -0.01  0.13 -0.07 -0.17 -0.07 -0.20 -0.04 -0.13 -0.05 -0.18 
INFO: cmn.c(175): CMN:  7.77 -0.08 -0.01  0.39  0.25 -0.18 -0.22 -0.11 -0.10 -0.06 -0.20 -0.09 -0.08 
INFO: cmn.c(175): CMN:  8.80  0.53 -0.08 -0.14  0.02 -0.09 -0.19 -0.15 -0.34 -0.00 -0.05  0.06 -0.17 
INFO: cmn.c(175): CMN:  9.58  0.24 -0.39  0.06 -0.08 -0.10 -0.23 -0.11 -0.16 -0.06 -0.02 -0.08 -0.11 
INFO: cmn.c(175): CMN:  9.91  0.61 -0.19  0.05 -0.21 -0.11 -0.04 -0.13 -0.27 -0.18  0.02  0.01 -0.15 
INFO: cmn.c(175): CMN:  9.44  0.47 -0.37  0.02 -0.16 -0.21  0.09 -0.13 -0.14 -0.18  0.00 -0.07 -0.12 
INFO: cmn.c(175): CMN:  8.75 -0.01 -0.27  0.46 -0.09 -0.13 -0.07 -0.19 -0.03 -0.17 -0.06 -0.03 -0.17 
INFO: cmn.c(175): CMN:  9.13 -0.06 -0.26  0.41 -0.07 -0.17 -0.29 -0.29  0.00 -0.22 -0.07 -0.08 -0.11 
INFO: cmn.c(175): CMN:  9.19  0.28 -0.58  0.08 -0.14 -0.23 -0.13 -0.23 -0.01 -0.12 -0.11  0.00 -0.12 
INFO: cmn.c(175): CMN:  9.03  0.27 -0.36  0.17 -0.21 -0.18 -0.07 -0.26 -0.05 -0.18 -0.07 -0.04 -0.15 
INFO: cmn.c(175): CMN:  8.16  0.08 -0.36 -0.17 -0.11 -0.03 -0.10 -0.03 -0.12 -0.08  0.01 -0.05 -0.07 
INFO: cmn.c(175): CMN:  9.39  0.31 -0.44 -0.07 -0.25 -0.21 -0.02 -0.10 -0.07 -0.13 -0.00 -0.04 -0.11 
INFO: cmn.c(175): CMN:  9.32  0.35 -0.64 -0.32 -0.39 -0.01 -0.05 -0.11  0.09 -0.16  0.03  0.01 -0.25 
INFO: cmn.c(175): CMN:  9.27  0.39 -0.30  0.28 -0.19 -0.11 -0.07 -0.21 -0.14 -0.17  0.00 -0.08 -0.13 
INFO: cmn.c(175): CMN:  8.27 -0.33 -0.10  0.28 -0.01 -0.14 -0.08 -0.22 -0.07 -0.21 -0.14 -0.01 -0.08 
INFO: cmn.c(175): CMN:  8.75  0.07 -0.25  0.04 -0.06 -0.08 -0.03 -0.22  0.00 -0.19 -0.02 -0.01 -0.13 
INFO: cmn.c(175): CMN:  7.60 -0.05 -0.14 -0.04 -0.04 -0.14 -0.15 -0.13 -0.07 -0.06 -0.12  0.03 -0.10 
INFO: cmn.c(175): CMN:  7.68  0.01 -0.11 -0.01 -0.01 -0.15 -0.16 -0.17 -0.05 -0.09 -0.15  0.05 -0.12 
INFO: cmn.c(175): CMN:  7.98  0.04 -0.06 -0.02 -0.03 -0.12 -0.15 -0.19 -0.05 -0.08 -0.15  0.09 -0.15 
INFO: cmn.c(175): CMN:  8.08  0.28 -0.05 -0.04  0.07 -0.16 -0.14 -0.15 -0.13 -0.13 -0.13  0.06 -0.18 
INFO: cmn.c(175): CMN:  7.42 -0.19 -0.04  0.06  0.02 -0.05 -0.16 -0.12 -0.03 -0.14 -0.08 -0.01 -0.13 
INFO: cmn.c(175): CMN:  9.68  0.11 -0.32  0.02 -0.06 -0.19 -0.09 -0.24 -0.23  0.03 -0.07 -0.08 -0.11 
INFO: cmn.c(175): CMN:  9.27 -0.15 -0.38  0.01 -0.15 -0.15  0.00 -0.17 -0.13  0.03 -0.07 -0.02 -0.20 
INFO: cmn.c(175): CMN:  7.69  0.04 -0.04  0.09 -0.01 -0.14 -0.03 -0.20 -0.25 -0.13  0.02 -0.04 -0.11 
INFO: cmn.c(175): CMN:  8.78  0.09 -0.56 -0.06 -0.11 -0.16  0.09 -0.08 -0.21  0.10 -0.09 -0.01 -0.06 
INFO: cmn.c(175): CMN:  9.01 -0.21 -0.28  0.30  0.06 -0.32 -0.14 -0.17 -0.17 -0.11 -0.16 -0.04 -0.15 
INFO: cmn.c(175): CMN:  9.44  0.47 -0.37  0.02 -0.16 -0.21  0.09 -0.13 -0.14 -0.18  0.00 -0.07 -0.12 
INFO: cmn.c(175): CMN:  8.75 -0.01 -0.27  0.46 -0.09 -0.13 -0.07 -0.19 -0.03 -0.17 -0.06 -0.03 -0.17 
INFO: cmn.c(175): CMN:  9.13 -0.06 -0.26  0.41 -0.07 -0.17 -0.29 -0.29  0.00 -0.22 -0.07 -0.08 -0.11 
INFO: cmn.c(175): CMN:  9.19  0.28 -0.58  0.08 -0.14 -0.23 -0.13 -0.23 -0.01 -0.12 -0.11  0.00 -0.12 
INFO: cmn.c(175): CMN:  9.03  0.27 -0.36  0.17 -0.21 -0.18 -0.07 -0.26 -0.05 -0.18 -0.07 -0.04 -0.15 
INFO: cmn.c(175): CMN:  8.10  0.22 -0.31 -0.16 -0.10 -0.09 -0.15 -0.14 -0.13 -0.04  0.03  0.03 -0.02 
INFO: cmn.c(175): CMN:  9.39  0.31 -0.44 -0.07 -0.25 -0.21 -0.02 -0.10 -0.07 -0.13 -0.00 -0.04 -0.11 
INFO: cmn.c(175): CMN:  9.32  0.35 -0.64 -0.32 -0.39 -0.01 -0.05 -0.11  0.09 -0.16  0.03  0.01 -0.25 
INFO: cmn.c(175): CMN:  9.27  0.39 -0.30  0.28 -0.19 -0.11 -0.07 -0.21 -0.14 -0.17  0.00 -0.08 -0.13 
INFO: cmn.c(175): CMN:  8.27 -0.33 -0.10  0.28 -0.01 -0.14 -0.08 -0.22 -0.07 -0.21 -0.14 -0.01 -0.08 
INFO: cmn.c(175): CMN:  7.60 -0.05 -0.14 -0.04 -0.04 -0.14 -0.15 -0.13 -0.07 -0.06 -0.12  0.03 -0.10 
INFO: cmn.c(175): CMN:  7.68  0.01 -0.11 -0.01 -0.01 -0.15 -0.16 -0.17 -0.05 -0.09 -0.15  0.05 -0.12 
INFO: cmn.c(175): CMN:  7.98  0.04 -0.06 -0.02 -0.03 -0.12 -0.15 -0.19 -0.05 -0.08 -0.15  0.09 -0.15 
INFO: cmn.c(175): CMN:  8.08  0.28 -0.05 -0.04  0.07 -0.16 -0.14 -0.15 -0.13 -0.13 -0.13  0.06 -0.18 
INFO: cmn.c(175): CMN:  7.42 -0.19 -0.04  0.06  0.02 -0.05 -0.16 -0.12 -0.03 -0.14 -0.08 -0.01 -0.13 
INFO: cmn.c(175): CMN:  7.60 -0.01 -0.22 -0.04  0.05 -0.10 -0.13 -0.13 -0.03 -0.10 -0.10 -0.02 -0.12 
INFO: cmn.c(175): CMN:  7.76 -0.06 -0.06  0.18  0.10 -0.15 -0.19 -0.13 -0.10 -0.13 -0.13  0.01 -0.19 
INFO: cmn.c(175): CMN: 10.18  0.55 -0.36  0.12 -0.17 -0.10 -0.13 -0.13 -0.21 -0.10  0.00 -0.02 -0.17 
INFO: cmn.c(175): CMN:  9.05 -0.27 -0.29  0.72 -0.01 -0.25 -0.04 -0.20 -0.05 -0.20 -0.22 -0.06 -0.19 
INFO: cmn.c(175): CMN: 10.00 -0.14 -0.18  0.50 -0.14 -0.28 -0.10 -0.26 -0.09 -0.25 -0.13 -0.00 -0.26 
INFO: cmn.c(175): CMN:  9.32 -0.13 -0.29 -0.23 -0.25 -0.20 -0.00 -0.09 -0.09  0.01 -0.09  0.03 -0.15 
INFO: cmn.c(175): CMN:  8.92 -0.13 -0.12  0.26  0.03 -0.17 -0.04 -0.14 -0.10 -0.16 -0.10  0.01 -0.23 
INFO: cmn.c(175): CMN:  9.59  0.13 -0.31 -0.10 -0.11 -0.14 -0.05 -0.20 -0.16 -0.04 -0.10  0.06 -0.29 
INFO: cmn.c(175): CMN:  8.98 -0.24 -0.17  0.50 -0.03 -0.15 -0.10 -0.21 -0.01 -0.06 -0.22 -0.05 -0.18 
INFO: cmn.c(175): CMN:  9.50  0.33 -0.40  0.32 -0.04 -0.22 -0.15 -0.29 -0.06 -0.19 -0.13  0.00 -0.21 
INFO: cmn.c(175): CMN:  9.22 -0.08 -0.42 -0.41 -0.25  0.03 -0.28 -0.02 -0.08 -0.05  0.08 -0.03 -0.13 
INFO: cmn.c(175): CMN:  9.74  0.22 -0.52  0.24 -0.02 -0.26 -0.19 -0.28 -0.06 -0.08 -0.13  0.05 -0.27 
INFO: cmn.c(175): CMN:  8.99  0.06 -0.30  0.04 -0.03 -0.13 -0.17 -0.29 -0.02 -0.05 -0.15  0.05 -0.23 
INFO: cmn.c(175): CMN:  9.01  0.18 -0.35  0.10 -0.07 -0.14 -0.14 -0.22 -0.01 -0.08 -0.12  0.04 -0.17 
INFO: cmn.c(175): CMN:  9.04 -0.22  0.11  0.12 -0.04 -0.16 -0.07 -0.19 -0.17 -0.12 -0.15 -0.05 -0.15 
INFO: cmn.c(175): CMN:  7.09 -0.15 -0.03  0.14  0.16 -0.09 -0.20 -0.08 -0.08 -0.08 -0.14 -0.06 -0.11 
INFO: cmn.c(175): CMN:  7.09 -0.26 -0.05 -0.07  0.03 -0.08 -0.21 -0.07 -0.12 -0.06 -0.09 -0.01 -0.11 
[200] INFO: cmn.c(175): CMN:  6.87 -0.37 -0.06  0.02  0.06 -0.07 -0.17 -0.10 -0.08 -0.02 -0.10 -0.06 -0.10 
INFO: cmn.c(175): CMN:  6.99 -0.25  0.05 -0.02  0.09 -0.04 -0.18 -0.07 -0.13 -0.06 -0.10 -0.06 -0.12 
INFO: cmn.c(175): CMN:  6.87 -0.24 -0.02  0.16  0.14 -0.09 -0.17 -0.06 -0.06 -0.06 -0.10 -0.09 -0.11 
INFO: cmn.c(175): CMN:  8.29  0.09 -0.01  0.25 -0.15 -0.17  0.11 -0.16 -0.14 -0.20 -0.02 -0.05 -0.21 
INFO: cmn.c(175): CMN:  8.48 -0.34 -0.14  0.48  0.08 -0.24 -0.10 -0.21 -0.06 -0.15 -0.09 -0.07 -0.17 
INFO: cmn.c(175): CMN:  8.00 -0.60 -0.01  0.76  0.14 -0.25  0.05 -0.17 -0.07 -0.22 -0.17  0.01 -0.30 
INFO: cmn.c(175): CMN:  7.87 -0.15  0.19  0.52 -0.00 -0.27  0.10 -0.10 -0.20 -0.20 -0.14 -0.09 -0.18 
INFO: cmn.c(175): CMN:  9.74  0.26 -0.46  0.04 -0.28 -0.23  0.03 -0.40 -0.16 -0.16  0.07  0.02 -0.23 
INFO: cmn.c(175): CMN:  7.63 -0.01 -0.07  0.08  0.05 -0.11 -0.10 -0.20 -0.07 -0.12 -0.13  0.07 -0.18 
INFO: cmn.c(175): CMN:  6.62 -0.27  0.11  0.13  0.09 -0.10 -0.02 -0.04 -0.08 -0.13 -0.13 -0.04 -0.13 
INFO: cmn.c(175): CMN:  7.19 -0.04 -0.05 -0.07  0.01 -0.10 -0.11 -0.12 -0.09 -0.07 -0.09  0.08 -0.14 
INFO: cmn.c(175): CMN:  8.57 -0.31 -0.02  0.03 -0.07 -0.05 -0.28 -0.15 -0.15 -0.13 -0.04 -0.07 -0.02 
INFO: cmn.c(175): CMN:  9.62  0.27 -0.04  0.01 -0.27  0.03 -0.26 -0.19 -0.13 -0.13 -0.07 -0.12 -0.02 
INFO: cmn.c(175): CMN:  8.20 -0.36  0.12  0.61  0.01 -0.17 -0.08 -0.17 -0.02 -0.25 -0.12 -0.06 -0.16 
INFO: cmn.c(175): CMN:  9.02  0.30 -0.13 -0.06 -0.39  0.06 -0.23 -0.24 -0.25 -0.11  0.07 -0.06 -0.06 
INFO: cmn.c(175): CMN:  9.39  0.21 -0.26  0.09 -0.33 -0.08 -0.21 -0.20 -0.21 -0.04  0.05 -0.07 -0.14 
INFO: cmn.c(175): CMN: 10.16  0.53 -0.27  0.10 -0.52 -0.07 -0.09 -0.19 -0.25 -0.16  0.04 -0.07 -0.07 
INFO: cmn.c(175): CMN:  8.31  0.14 -0.09 -0.03 -0.28  0.03 -0.06 -0.11 -0.16 -0.15 -0.01 -0.10 -0.07 
INFO: cmn.c(175): CMN:  8.13 -0.14 -0.00  0.12 -0.23 -0.06 -0.20 -0.11 -0.16 -0.09 -0.05 -0.11 -0.10 
INFO: cmn.c(175): CMN:  9.37 -0.13 -0.10  0.48 -0.01 -0.20 -0.27 -0.21 -0.08 -0.30 -0.02 -0.19 -0.14 
INFO: cmn.c(175): CMN:  8.39  0.00 -0.14  0.21 -0.17 -0.21 -0.23 -0.13 -0.17 -0.27 -0.03 -0.06 -0.05 
INFO: cmn.c(175): CMN:  8.89  0.21 -0.14  0.13 -0.15 -0.10 -0.21 -0.26 -0.14 -0.24 -0.01 -0.11 -0.09 
INFO: cmn.c(175): CMN:  8.02 -0.03 -0.41 -0.19 -0.26 -0.11 -0.12 -0.14 -0.14 -0.01  0.05  0.10  0.00 
INFO: cmn.c(175): CMN:  9.70  0.33 -0.29  0.01 -0.51 -0.06 -0.15 -0.17 -0.21 -0.08  0.01 -0.06 -0.03 
INFO: cmn.c(175): CMN:  9.11  0.22 -0.33 -0.26 -0.43 -0.00 -0.21 -0.19 -0.17 -0.00  0.07 -0.07 -0.09 
INFO: cmn.c(175): CMN:  9.28  0.52 -0.06  0.24 -0.29 -0.11 -0.21 -0.15 -0.12 -0.23 -0.08 -0.10 -0.09 
INFO: cmn.c(175): CMN:  8.59 -0.07  0.03  0.39 -0.09 -0.11 -0.16 -0.18 -0.14 -0.30 -0.10 -0.11 -0.11 
INFO: cmn.c(175): CMN:  8.57 -0.31 -0.02  0.03 -0.07 -0.05 -0.28 -0.15 -0.15 -0.13 -0.04 -0.07 -0.02 
INFO: cmn.c(175): CMN:  7.46 -0.19 -0.13 -0.02 -0.17 -0.10 -0.17 -0.11 -0.12 -0.12  0.01 -0.01 -0.05 
INFO: cmn.c(175): CMN:  8.07 -0.15 -0.15  0.16 -0.16 -0.10 -0.20 -0.16 -0.12 -0.16 -0.03 -0.10 -0.07 
INFO: cmn.c(175): CMN:  8.22 -0.09 -0.15  0.07 -0.20 -0.07 -0.18 -0.14 -0.16 -0.11 -0.02 -0.08 -0.08 
INFO: cmn.c(175): CMN:  8.57  0.25 -0.08  0.09 -0.25 -0.08 -0.17 -0.17 -0.16 -0.19 -0.02 -0.11 -0.05 
INFO: cmn.c(175): CMN:  8.03 -0.18 -0.05  0.10 -0.18 -0.01 -0.21 -0.12 -0.11 -0.10 -0.02 -0.11 -0.05 
INFO: cmn.c(175): CMN:  9.62  0.27 -0.04  0.01 -0.27  0.03 -0.26 -0.19 -0.13 -0.13 -0.07 -0.12 -0.02 
INFO: cmn.c(175): CMN:  8.98  0.06 -0.14  0.05 -0.27 -0.02 -0.25 -0.22 -0.17 -0.00  0.03 -0.15 -0.05 
INFO: cmn.c(175): CMN:  8.32  0.24  0.18  0.19 -0.29 -0.03 -0.19 -0.11 -0.33 -0.22  0.02 -0.10 -0.06 
INFO: cmn.c(175): CMN:  8.58  0.07 -0.13 -0.06 -0.33  0.05 -0.14 -0.07 -0.11 -0.07 -0.03 -0.05 -0.06 
INFO: cmn.c(175): CMN:  9.23  0.05 -0.07  0.43 -0.19 -0.13 -0.31 -0.19 -0.24 -0.26 -0.03 -0.10 -0.13 
INFO: cmn.c(175): CMN:  8.31  0.14 -0.09 -0.03 -0.28  0.03 -0.06 -0.11 -0.16 -0.15 -0.01 -0.10 -0.07 
INFO: cmn.c(175): CMN:  8.13 -0.14 -0.00  0.12 -0.23 -0.06 -0.20 -0.11 -0.16 -0.09 -0.05 -0.11 -0.10 
INFO: cmn.c(175): CMN:  9.37 -0.13 -0.10  0.48 -0.01 -0.20 -0.27 -0.21 -0.08 -0.30 -0.02 -0.19 -0.14 
INFO: cmn.c(175): CMN:  8.39  0.00 -0.14  0.21 -0.17 -0.21 -0.23 -0.13 -0.17 -0.27 -0.03 -0.06 -0.05 
INFO: cmn.c(175): CMN:  8.89  0.21 -0.14  0.13 -0.15 -0.10 -0.21 -0.26 -0.14 -0.24 -0.01 -0.11 -0.09 
INFO: cmn.c(175): CMN:  8.31  0.02 -0.42 -0.23 -0.30 -0.21 -0.12 -0.15 -0.17  0.05  0.08  0.08  0.02 
INFO: cmn.c(175): CMN:  9.70  0.33 -0.29  0.01 -0.51 -0.06 -0.15 -0.17 -0.21 -0.08  0.01 -0.06 -0.03 
INFO: cmn.c(175): CMN:  9.11  0.22 -0.33 -0.26 -0.43 -0.00 -0.21 -0.19 -0.17 -0.00  0.07 -0.07 -0.09 
INFO: cmn.c(175): CMN:  9.28  0.52 -0.06  0.24 -0.29 -0.11 -0.21 -0.15 -0.12 -0.23 -0.08 -0.10 -0.09 
INFO: cmn.c(175): CMN:  8.59 -0.07  0.03  0.39 -0.09 -0.11 -0.16 -0.18 -0.14 -0.30 -0.10 -0.11 -0.11 
INFO: cmn.c(175): CMN:  7.46 -0.19 -0.13 -0.02 -0.17 -0.10 -0.17 -0.11 -0.12 -0.12  0.01 -0.01 -0.05 
INFO: cmn.c(175): CMN:  8.07 -0.15 -0.15  0.16 -0.16 -0.10 -0.20 -0.16 -0.12 -0.16 -0.03 -0.10 -0.07 
INFO: cmn.c(175): CMN:  8.22 -0.09 -0.15  0.07 -0.20 -0.07 -0.18 -0.14 -0.16 -0.11 -0.02 -0.08 -0.08 
INFO: cmn.c(175): CMN:  8.57  0.25 -0.08  0.09 -0.25 -0.08 -0.17 -0.17 -0.16 -0.19 -0.02 -0.11 -0.05 
INFO: cmn.c(175): CMN:  8.03 -0.18 -0.05  0.10 -0.18 -0.01 -0.21 -0.12 -0.11 -0.10 -0.02 -0.11 -0.05 
INFO: cmn.c(175): CMN:  8.29 -0.10 -0.11  0.00 -0.23  0.00 -0.17 -0.12 -0.10 -0.06 -0.04 -0.09 -0.04 
INFO: cmn.c(175): CMN:  8.59  0.16 -0.01  0.32 -0.15 -0.12 -0.22 -0.17 -0.17 -0.23  0.02 -0.10 -0.13 
INFO: cmn.c(175): CMN:  9.85  0.25 -0.32  0.18 -0.43 -0.08 -0.17 -0.19 -0.18 -0.01  0.04 -0.07 -0.11 
INFO: cmn.c(175): CMN:  8.20 -0.36  0.12  0.61  0.01 -0.17 -0.08 -0.17 -0.02 -0.25 -0.12 -0.06 -0.16 
INFO: cmn.c(175): CMN:  8.94 -0.07 -0.07  0.40 -0.10 -0.14 -0.26 -0.15 -0.15 -0.26 -0.02 -0.13 -0.13 
INFO: cmn.c(175): CMN:  8.84 -0.37  0.03 -0.20 -0.25 -0.02 -0.14 -0.09 -0.09 -0.08 -0.03 -0.07 -0.03 
INFO: cmn.c(175): CMN:  8.89 -0.08  0.16  0.27 -0.06 -0.12 -0.18 -0.18 -0.08 -0.21  0.01 -0.18 -0.09 
INFO: cmn.c(175): CMN:  9.02 -0.16  0.07  0.03 -0.26  0.09 -0.27 -0.17 -0.09 -0.05 -0.07 -0.18 -0.07 
INFO: cmn.c(175): CMN:  8.35 -0.30 -0.05  0.44 -0.11 -0.10 -0.25 -0.15 -0.02 -0.18 -0.08 -0.08 -0.07 
INFO: cmn.c(175): CMN:  9.69  0.32 -0.22  0.42 -0.15 -0.04 -0.39 -0.17 -0.18 -0.25 -0.10 -0.12 -0.09 
INFO: cmn.c(175): CMN:  8.38 -0.22 -0.33 -0.18 -0.34 -0.04 -0.26 -0.21 -0.13  0.06  0.10 -0.02 -0.11 
INFO: cmn.c(175): CMN:  9.48  0.10 -0.20  0.30 -0.15 -0.09 -0.38 -0.18 -0.11 -0.15 -0.07 -0.17 -0.09 
INFO: cmn.c(175): CMN:  8.87 -0.29  0.03  0.12 -0.11 -0.07 -0.29 -0.20 -0.11 -0.07 -0.12 -0.13  0.02 
INFO: cmn.c(175): CMN:  9.34  0.25 -0.02  0.27 -0.22 -0.02 -0.29 -0.15 -0.19 -0.11 -0.03 -0.14 -0.06 
INFO: cmn.c(175): CMN:  9.59 -0.20  0.22  0.14 -0.16  0.02 -0.20 -0.15 -0.13 -0.22 -0.04 -0.15 -0.08 
INFO: cmn.c(175): CMN:  8.24 -0.15 -0.00  0.36 -0.07 -0.09 -0.19 -0.14 -0.11 -0.20 -0.06 -0.10 -0.08 
INFO: cmn.c(175): CMN:  8.18 -0.18 -0.07  0.08 -0.24 -0.04 -0.25 -0.14 -0.11 -0.08  0.01 -0.12 -0.08 
INFO: cmn.c(175): CMN:  7.86 -0.31 -0.04  0.15 -0.13 -0.08 -0.18 -0.14 -0.05 -0.11 -0.04 -0.08 -0.04 
INFO: cmn.c(175): CMN:  8.02 -0.25  0.07  0.16 -0.11 -0.02 -0.19 -0.14 -0.13 -0.11 -0.04 -0.11 -0.04 
INFO: cmn.c(175): CMN:  7.49 -0.31  0.01  0.29 -0.09 -0.11 -0.19 -0.16 -0.08 -0.16 -0.02 -0.07 -0.08 
INFO: cmn.c(175): CMN:  8.72  0.46  0.29  0.13 -0.33 -0.00 -0.05 -0.14 -0.16 -0.28 -0.09 -0.14 -0.14 
INFO: cmn.c(175): CMN:  8.58 -0.24 -0.03  0.50 -0.00 -0.13 -0.23 -0.07 -0.09 -0.23 -0.09 -0.10 -0.06 
INFO: cmn.c(175): CMN:  6.69 -0.64  0.22  0.42  0.10 -0.00  0.11 -0.12  0.08 -0.18 -0.05 -0.01 -0.13 
INFO: cmn.c(175): CMN:  7.86  0.03  0.30  0.37  0.06 -0.05  0.01 -0.06 -0.11 -0.35 -0.07 -0.16 -0.19 
INFO: cmn.c(175): CMN:  9.02  0.30 -0.13 -0.06 -0.39  0.06 -0.23 -0.24 -0.25 -0.11  0.07 -0.06 -0.06 
INFO: cmn.c(175): CMN:  8.44 -0.02 -0.07  0.23 -0.21 -0.02 -0.24 -0.19 -0.17 -0.16 -0.04 -0.11 -0.03 
INFO: cmn.c(175): CMN:  6.87 -0.24  0.20  0.18 -0.08 -0.05  0.03 -0.11 -0.07 -0.19 -0.09 -0.07 -0.10 
INFO: cmn.c(175): CMN:  7.57 -0.08 -0.07 -0.06 -0.21 -0.04 -0.15 -0.16 -0.17 -0.10  0.01 -0.06 -0.06 
INFO: cmn.c(175): CMN:  9.37 -0.12  0.06  0.02 -0.03 -0.09 -0.15 -0.23 -0.14 -0.22  0.02 -0.14 -0.03 
INFO: cmn.c(175): CMN:  9.22  0.31  0.05 -0.11 -0.15 -0.04 -0.23 -0.13 -0.22 -0.19 -0.06 -0.18 -0.04 
INFO: cmn.c(175): CMN:  7.77 -0.17  0.11  0.51  0.12 -0.15 -0.21 -0.11 -0.08 -0.32 -0.09 -0.10 -0.13 
INFO: cmn.c(175): CMN:  9.63  0.41 -0.09 -0.18 -0.16 -0.15 -0.15 -0.30 -0.12 -0.32  0.13 -0.13 -0.12 
INFO: cmn.c(175): CMN:  9.21  0.23 -0.22 -0.11 -0.27 -0.05 -0.12 -0.13 -0.13 -0.12  0.06 -0.13 -0.12 
INFO: cmn.c(175): CMN: 10.51  0.73 -0.02 -0.05 -0.41 -0.03 -0.09 -0.18 -0.20 -0.32  0.02 -0.17 -0.11 
INFO: cmn.c(175): CMN:  9.22  0.29  0.06 -0.08 -0.23 -0.04 -0.08 -0.21 -0.19 -0.27  0.04 -0.19 -0.05 
INFO: cmn.c(175): CMN:  8.62  0.01 -0.11  0.11 -0.15 -0.09 -0.22 -0.15 -0.12 -0.22  0.03 -0.20 -0.05 
INFO: cmn.c(175): CMN:  9.79 -0.24 -0.04  0.35 -0.04 -0.09 -0.31 -0.17 -0.10 -0.32  0.03 -0.20 -0.11 
INFO: cmn.c(175): CMN:  9.28  0.17 -0.24  0.11 -0.18 -0.17 -0.31 -0.11 -0.14 -0.33  0.05 -0.10 -0.05 
INFO: cmn.c(175): CMN: 10.02  0.23 -0.18  0.07 -0.12 -0.11 -0.28 -0.22 -0.16 -0.41  0.12 -0.16 -0.13 
INFO: cmn.c(175): CMN:  8.60  0.18 -0.29 -0.23 -0.11 -0.12 -0.07 -0.20 -0.03 -0.10  0.08 -0.13 -0.10 
INFO: cmn.c(175): CMN: 10.54  0.28 -0.16 -0.14 -0.26 -0.23 -0.07 -0.21 -0.13 -0.28  0.06 -0.18 -0.07 
INFO: cmn.c(175): CMN:  9.75  0.36 -0.36 -0.43 -0.26 -0.05 -0.13 -0.18 -0.06 -0.24  0.17 -0.13 -0.15 
INFO: cmn.c(175): CMN: 10.14  0.52 -0.03  0.08 -0.16 -0.15 -0.22 -0.25 -0.13 -0.39  0.09 -0.23 -0.14 
INFO: cmn.c(175): CMN:  9.24 -0.16 -0.03  0.32 -0.11 -0.16 -0.26 -0.18 -0.11 -0.36  0.01 -0.14 -0.03 
INFO: cmn.c(175): CMN:  9.37 -0.12  0.06  0.02 -0.03 -0.09 -0.15 -0.23 -0.14 -0.22  0.02 -0.14 -0.03 
INFO: cmn.c(175): CMN:  7.73 -0.14 -0.20 -0.12 -0.14 -0.14 -0.13 -0.12 -0.09 -0.20  0.03 -0.08 -0.04 
INFO: cmn.c(175): CMN:  8.78 -0.13 -0.14  0.04 -0.12 -0.15 -0.19 -0.17 -0.11 -0.27  0.05 -0.14 -0.08 
[300] INFO: cmn.c(175): CMN:  8.83 -0.08 -0.21 -0.05 -0.16 -0.09 -0.21 -0.18 -0.07 -0.24  0.09 -0.14 -0.06 
INFO: cmn.c(175): CMN:  9.03  0.27 -0.06 -0.01 -0.15 -0.11 -0.12 -0.22 -0.15 -0.28  0.03 -0.18 -0.07 
INFO: cmn.c(175): CMN:  8.59 -0.14 -0.07  0.03 -0.13 -0.09 -0.18 -0.18 -0.13 -0.21  0.05 -0.17 -0.02 
INFO: cmn.c(175): CMN:  9.22  0.31  0.05 -0.11 -0.15 -0.04 -0.23 -0.13 -0.22 -0.19 -0.06 -0.18 -0.04 
INFO: cmn.c(175): CMN:  8.92 -0.14 -0.01 -0.14 -0.11 -0.05 -0.15 -0.15 -0.16 -0.08  0.00 -0.21 -0.04 
INFO: cmn.c(175): CMN:  8.49  0.31  0.23  0.22 -0.19 -0.10  0.03 -0.30 -0.17 -0.29  0.05 -0.15 -0.09 
INFO: cmn.c(175): CMN:  8.69  0.35 -0.07 -0.09 -0.13 -0.02 -0.08 -0.18 -0.13 -0.24 -0.01 -0.13 -0.03 
INFO: cmn.c(175): CMN:  9.84  0.15 -0.11  0.27 -0.09 -0.19 -0.24 -0.18 -0.15 -0.38  0.03 -0.17 -0.17 
INFO: cmn.c(175): CMN:  9.22  0.29  0.06 -0.08 -0.23 -0.04 -0.08 -0.21 -0.19 -0.27  0.04 -0.19 -0.05 
INFO: cmn.c(175): CMN:  8.62  0.01 -0.11  0.11 -0.15 -0.09 -0.22 -0.15 -0.12 -0.22  0.03 -0.20 -0.05 
INFO: cmn.c(175): CMN:  9.79 -0.24 -0.04  0.35 -0.04 -0.09 -0.31 -0.17 -0.10 -0.32  0.03 -0.20 -0.11 
INFO: cmn.c(175): CMN:  9.28  0.17 -0.24  0.11 -0.18 -0.17 -0.31 -0.11 -0.14 -0.33  0.05 -0.10 -0.05 
INFO: cmn.c(175): CMN: 10.02  0.23 -0.18  0.07 -0.12 -0.11 -0.28 -0.22 -0.16 -0.41  0.12 -0.16 -0.13 
INFO: cmn.c(175): CMN:  9.11  0.39 -0.29 -0.29 -0.20 -0.11 -0.03 -0.12 -0.09 -0.14 -0.01 -0.11 -0.13 
INFO: cmn.c(175): CMN: 10.54  0.28 -0.16 -0.14 -0.26 -0.23 -0.07 -0.21 -0.13 -0.28  0.06 -0.18 -0.07 
INFO: cmn.c(175): CMN:  9.75  0.36 -0.36 -0.43 -0.26 -0.05 -0.13 -0.18 -0.06 -0.24  0.17 -0.13 -0.15 
INFO: cmn.c(175): CMN: 10.14  0.52 -0.03  0.08 -0.16 -0.15 -0.22 -0.25 -0.13 -0.39  0.09 -0.23 -0.14 
INFO: cmn.c(175): CMN:  9.24 -0.16 -0.03  0.32 -0.11 -0.16 -0.26 -0.18 -0.11 -0.36  0.01 -0.14 -0.03 
INFO: cmn.c(175): CMN:  7.73 -0.14 -0.20 -0.12 -0.14 -0.14 -0.13 -0.12 -0.09 -0.20  0.03 -0.08 -0.04 
INFO: cmn.c(175): CMN:  8.78 -0.13 -0.14  0.04 -0.12 -0.15 -0.19 -0.17 -0.11 -0.27  0.05 -0.14 -0.08 
INFO: cmn.c(175): CMN:  8.83 -0.08 -0.21 -0.05 -0.16 -0.09 -0.21 -0.18 -0.07 -0.24  0.09 -0.14 -0.06 
INFO: cmn.c(175): CMN:  9.03  0.27 -0.06 -0.01 -0.15 -0.11 -0.12 -0.22 -0.15 -0.28  0.03 -0.18 -0.07 
INFO: cmn.c(175): CMN:  8.59 -0.14 -0.07  0.03 -0.13 -0.09 -0.18 -0.18 -0.13 -0.21  0.05 -0.17 -0.02 
INFO: cmn.c(175): CMN:  8.22 -0.06 -0.04 -0.10 -0.13 -0.05 -0.11 -0.13 -0.13 -0.14 -0.04 -0.16 -0.02 
INFO: cmn.c(175): CMN:  8.79  0.14  0.06  0.17 -0.17 -0.12 -0.13 -0.20 -0.15 -0.26  0.01 -0.19 -0.10 
INFO: cmn.c(175): CMN: 10.27  0.25 -0.15 -0.06 -0.29  0.03 -0.11 -0.24 -0.14 -0.17  0.01 -0.21 -0.09 
INFO: cmn.c(175): CMN:  7.77 -0.17  0.11  0.51  0.12 -0.15 -0.21 -0.11 -0.08 -0.32 -0.09 -0.10 -0.13 
INFO: cmn.c(175): CMN:  9.54  0.25 -0.01  0.30  0.01 -0.18 -0.24 -0.20 -0.20 -0.43 -0.04 -0.13 -0.17 
INFO: cmn.c(175): CMN:  8.63 -0.29  0.04 -0.22 -0.21 -0.11 -0.07 -0.08 -0.16 -0.18  0.05 -0.13 -0.04 
INFO: cmn.c(175): CMN:  8.79 -0.12  0.20  0.18 -0.02 -0.11 -0.10 -0.13 -0.21 -0.23 -0.06 -0.15 -0.13 
INFO: cmn.c(175): CMN:  9.03  0.11  0.09 -0.06 -0.22 -0.00 -0.14 -0.19 -0.17 -0.20  0.04 -0.21 -0.07 
INFO: cmn.c(175): CMN:  9.04 -0.14  0.05  0.43 -0.08 -0.12 -0.23 -0.15 -0.12 -0.30 -0.02 -0.16 -0.08 
INFO: cmn.c(175): CMN:  9.91  0.40 -0.12  0.20 -0.05 -0.16 -0.25 -0.25 -0.15 -0.32  0.06 -0.24 -0.08 
INFO: cmn.c(175): CMN:  8.98 -0.11 -0.28 -0.28 -0.27  0.04 -0.16 -0.07 -0.18 -0.03  0.04 -0.05 -0.16 
INFO: cmn.c(175): CMN:  9.21  0.22 -0.19  0.20  0.06 -0.11 -0.35 -0.21 -0.13 -0.24  0.01 -0.15 -0.11 
INFO: cmn.c(175): CMN:  8.72 -0.18  0.04 -0.01 -0.05 -0.08 -0.19 -0.22 -0.14 -0.19  0.01 -0.21 -0.01 
INFO: cmn.c(175): CMN:  9.04  0.17 -0.05  0.07 -0.05 -0.10 -0.24 -0.23 -0.16 -0.21  0.09 -0.14 -0.12 
INFO: cmn.c(175): CMN:  9.44 -0.16  0.14  0.00 -0.10 -0.09 -0.09 -0.21 -0.17 -0.27 -0.02 -0.12 -0.09 
INFO: cmn.c(175): CMN:  8.13 -0.16 -0.02  0.18  0.00 -0.09 -0.16 -0.13 -0.15 -0.25 -0.01 -0.10 -0.08 
INFO: cmn.c(175): CMN:  8.32 -0.20 -0.08 -0.05 -0.12 -0.06 -0.12 -0.14 -0.14 -0.18  0.03 -0.15 -0.09 
INFO: cmn.c(175): CMN:  8.25 -0.27 -0.07  0.03 -0.07 -0.12 -0.15 -0.16 -0.10 -0.20  0.02 -0.13 -0.06 
INFO: cmn.c(175): CMN:  8.54 -0.14  0.02  0.00 -0.07 -0.08 -0.17 -0.18 -0.15 -0.19  0.02 -0.14 -0.07 
INFO: cmn.c(175): CMN:  8.24 -0.14 -0.06  0.18 -0.02 -0.14 -0.15 -0.13 -0.10 -0.22 -0.02 -0.12 -0.11 
INFO: cmn.c(175): CMN:  8.90  0.55  0.16  0.03 -0.20 -0.19  0.03 -0.17 -0.17 -0.40 -0.14 -0.13 -0.16 
INFO: cmn.c(175): CMN:  8.65 -0.17  0.15  0.43  0.07 -0.21 -0.17 -0.16 -0.05 -0.31 -0.11 -0.17 -0.18 
INFO: cmn.c(175): CMN:  7.42 -0.38  0.31  0.57  0.21 -0.15  0.04 -0.05 -0.07 -0.26 -0.09 -0.07 -0.23 
INFO: cmn.c(175): CMN:  8.30  0.20  0.39  0.35  0.06 -0.25  0.05 -0.08 -0.19 -0.31 -0.12 -0.17 -0.20 
INFO: cmn.c(175): CMN:  9.63  0.41 -0.09 -0.18 -0.16 -0.15 -0.15 -0.30 -0.12 -0.32  0.13 -0.13 -0.12 
INFO: cmn.c(175): CMN:  8.52 -0.03 -0.01  0.09 -0.07 -0.17 -0.15 -0.21 -0.09 -0.27  0.04 -0.14 -0.10 
INFO: cmn.c(175): CMN:  7.24 -0.16  0.14  0.13 -0.04 -0.14  0.02 -0.12 -0.10 -0.23 -0.06 -0.13 -0.12 
INFO: cmn.c(175): CMN:  8.52  0.07 -0.16 -0.11 -0.09 -0.13 -0.18 -0.22 -0.10 -0.22  0.09 -0.11 -0.09 
INFO: cmn.c(175): CMN:  9.00 -0.14 -0.36  0.11 -0.07 -0.17 -0.11 -0.07 -0.07 -0.09  0.02 -0.09 -0.06 
INFO: cmn.c(175): CMN:  9.39  0.25 -0.44 -0.03 -0.05 -0.12 -0.16 -0.01 -0.01 -0.02 -0.04 -0.14 -0.05 
INFO: cmn.c(175): CMN:  8.29 -0.36 -0.09  0.56 -0.13 -0.08 -0.10 -0.11 -0.19 -0.17 -0.01 -0.19 -0.08 
INFO: cmn.c(175): CMN:  9.76  0.22 -0.63 -0.01 -0.22 -0.11 -0.25 -0.17 -0.00  0.02 -0.02 -0.17 -0.04 
INFO: cmn.c(175): CMN:  9.80  0.35 -0.18 -0.13 -0.10 -0.16  0.01 -0.27 -0.02 -0.04 -0.03 -0.03 -0.20 
INFO: cmn.c(175): CMN: 10.28  0.67  0.15 -0.17 -0.25 -0.20  0.11 -0.32 -0.13 -0.16 -0.08 -0.09 -0.13 
INFO: cmn.c(175): CMN:  8.79  0.21 -0.41 -0.10 -0.09 -0.07 -0.14 -0.10 -0.12  0.05  0.02 -0.16 -0.05 
INFO: cmn.c(175): CMN:  7.91 -0.23 -0.22  0.09 -0.10 -0.19 -0.13  0.00 -0.10 -0.00  0.00 -0.10 -0.01 
INFO: cmn.c(175): CMN:  8.54 -0.10 -0.19  0.36  0.00 -0.37 -0.19  0.02 -0.23 -0.13 -0.02 -0.15 -0.05 
INFO: cmn.c(175): CMN:  7.94 -0.04 -0.33  0.03  0.00 -0.19 -0.17 -0.08 -0.11 -0.08  0.00 -0.09 -0.05 
INFO: cmn.c(175): CMN:  7.95 -0.05 -0.24  0.14 -0.02 -0.16 -0.18 -0.13 -0.14 -0.08 -0.01 -0.14 -0.06 
INFO: cmn.c(175): CMN:  6.98 -0.33 -0.25 -0.11 -0.05 -0.12 -0.05 -0.04 -0.06 -0.05 -0.01 -0.09 -0.07 
INFO: cmn.c(175): CMN:  8.39  0.06 -0.40 -0.13 -0.16 -0.14 -0.09 -0.04 -0.09  0.00 -0.03 -0.15 -0.09 
INFO: cmn.c(175): CMN:  7.60 -0.14 -0.40 -0.16 -0.01 -0.13 -0.18 -0.05 -0.00 -0.03 -0.05 -0.13 -0.07 
INFO: cmn.c(175): CMN:  8.47  0.19 -0.19 -0.01 -0.09 -0.16 -0.15 -0.02 -0.12 -0.03 -0.05 -0.14 -0.05 
INFO: cmn.c(175): CMN:  8.48 -0.03 -0.14  0.18 -0.06 -0.23 -0.20 -0.08 -0.22 -0.08 -0.00 -0.11 -0.03 
INFO: cmn.c(175): CMN:  8.01 -0.15 -0.20 -0.01  0.02 -0.16 -0.13 -0.02 -0.07 -0.05 -0.01 -0.12 -0.04 
INFO: cmn.c(175): CMN:  7.83 -0.13 -0.27  0.04 -0.07 -0.17 -0.17 -0.07 -0.12 -0.07 -0.03 -0.14 -0.08 
INFO: cmn.c(175): CMN:  8.17 -0.03 -0.26  0.04 -0.06 -0.21 -0.19 -0.07 -0.16 -0.08 -0.02 -0.17 -0.07 
INFO: cmn.c(175): CMN:  8.28 -0.04 -0.30 -0.07 -0.07 -0.18 -0.22 -0.06 -0.12 -0.07 -0.03 -0.12 -0.06 
INFO: cmn.c(175): CMN:  8.36  0.22 -0.28 -0.07 -0.06 -0.16 -0.15 -0.02 -0.11 -0.03 -0.01 -0.17 -0.06 
INFO: cmn.c(175): CMN:  7.71 -0.25 -0.18  0.01 -0.08 -0.18 -0.11 -0.03 -0.09 -0.04 -0.01 -0.10 -0.04 
INFO: cmn.c(175): CMN:  9.12  0.00 -0.45 -0.01 -0.11 -0.16 -0.17 -0.04 -0.10  0.01 -0.05 -0.10 -0.00 
INFO: cmn.c(175): CMN:  8.64 -0.28 -0.43 -0.12 -0.18 -0.06 -0.11 -0.13 -0.10 -0.03 -0.03 -0.15 -0.04 
INFO: cmn.c(175): CMN:  8.27 -0.02 -0.29 -0.02 -0.17 -0.00 -0.13 -0.21 -0.11 -0.02  0.01 -0.14 -0.09 
INFO: cmn.c(175): CMN:  8.72 -0.06 -0.52  0.01 -0.16 -0.06 -0.04 -0.10 -0.15  0.03 -0.07 -0.16 -0.04 
INFO: cmn.c(175): CMN:  8.38 -0.24 -0.30  0.29 -0.08 -0.20 -0.22 -0.06 -0.18 -0.14  0.02 -0.13 -0.02 
INFO: cmn.c(175): CMN:  8.79  0.21 -0.41 -0.10 -0.09 -0.07 -0.14 -0.10 -0.12  0.05  0.02 -0.16 -0.05 
INFO: cmn.c(175): CMN:  7.91 -0.23 -0.22  0.09 -0.10 -0.19 -0.13  0.00 -0.10 -0.00  0.00 -0.10 -0.01 
INFO: cmn.c(175): CMN:  8.54 -0.10 -0.19  0.36  0.00 -0.37 -0.19  0.02 -0.23 -0.13 -0.02 -0.15 -0.05 
INFO: cmn.c(175): CMN:  7.94 -0.04 -0.33  0.03  0.00 -0.19 -0.17 -0.08 -0.11 -0.08  0.00 -0.09 -0.05 
INFO: cmn.c(175): CMN:  7.95 -0.05 -0.24  0.14 -0.02 -0.16 -0.18 -0.13 -0.14 -0.08 -0.01 -0.14 -0.06 
INFO: cmn.c(175): CMN:  6.98 -0.33 -0.25 -0.11 -0.05 -0.12 -0.05 -0.04 -0.06 -0.05 -0.01 -0.09 -0.07 
INFO: cmn.c(175): CMN:  8.39  0.06 -0.40 -0.13 -0.16 -0.14 -0.09 -0.04 -0.09  0.00 -0.03 -0.15 -0.09 
INFO: cmn.c(175): CMN:  7.60 -0.14 -0.40 -0.16 -0.01 -0.13 -0.18 -0.05 -0.00 -0.03 -0.05 -0.13 -0.07 
INFO: cmn.c(175): CMN:  8.47  0.19 -0.19 -0.01 -0.09 -0.16 -0.15 -0.02 -0.12 -0.03 -0.05 -0.14 -0.05 
INFO: cmn.c(175): CMN:  8.48 -0.03 -0.14  0.18 -0.06 -0.23 -0.20 -0.08 -0.22 -0.08 -0.00 -0.11 -0.03 
INFO: cmn.c(175): CMN:  7.83 -0.13 -0.27  0.04 -0.07 -0.17 -0.17 -0.07 -0.12 -0.07 -0.03 -0.14 -0.08 
INFO: cmn.c(175): CMN:  8.17 -0.03 -0.26  0.04 -0.06 -0.21 -0.19 -0.07 -0.16 -0.08 -0.02 -0.17 -0.07 
INFO: cmn.c(175): CMN:  8.28 -0.04 -0.30 -0.07 -0.07 -0.18 -0.22 -0.06 -0.12 -0.07 -0.03 -0.12 -0.06 
INFO: cmn.c(175): CMN:  8.36  0.22 -0.28 -0.07 -0.06 -0.16 -0.15 -0.02 -0.11 -0.03 -0.01 -0.17 -0.06 
INFO: cmn.c(175): CMN:  7.71 -0.25 -0.18  0.01 -0.08 -0.18 -0.11 -0.03 -0.09 -0.04 -0.01 -0.10 -0.04 
INFO: cmn.c(175): CMN:  8.30 -0.15 -0.38 -0.10 -0.10 -0.08 -0.12 -0.07 -0.10 -0.04 -0.03 -0.12 -0.02 
INFO: cmn.c(175): CMN:  7.63 -0.27 -0.23  0.05 -0.10 -0.08 -0.13 -0.14 -0.14 -0.05  0.00 -0.09 -0.07 
INFO: cmn.c(175): CMN: 10.46  0.29  0.01 -0.09 -0.16 -0.17  0.12 -0.36 -0.03 -0.07 -0.10 -0.06 -0.18 
INFO: cmn.c(175): CMN:  8.31 -0.46 -0.11  0.55 -0.18 -0.05 -0.09 -0.08 -0.15 -0.17  0.02 -0.18 -0.07 
INFO: cmn.c(175): CMN:  8.81 -0.16 -0.30  0.40 -0.16 -0.11 -0.16 -0.10 -0.21 -0.17 -0.00 -0.17 -0.05 
INFO: cmn.c(175): CMN:  8.85 -0.38 -0.39 -0.17 -0.23 -0.08 -0.11 -0.05 -0.12 -0.03 -0.02 -0.13 -0.09 
INFO: cmn.c(175): CMN:  8.75 -0.09 -0.17  0.15 -0.22 -0.19 -0.05 -0.08 -0.18 -0.08 -0.05 -0.16 -0.02 
[400] INFO: cmn.c(175): CMN:  9.02  0.01 -0.47 -0.04 -0.17 -0.06 -0.18 -0.03 -0.06 -0.02 -0.10 -0.18 -0.02 
INFO: cmn.c(175): CMN:  9.08 -0.32 -0.24  0.39 -0.21 -0.13 -0.15 -0.15 -0.17 -0.09 -0.02 -0.14 -0.05 
INFO: cmn.c(175): CMN:  9.51  0.13 -0.49  0.33 -0.22 -0.19 -0.21 -0.12 -0.15 -0.08  0.01 -0.11 -0.01 
INFO: cmn.c(175): CMN:  8.66 -0.32 -0.54 -0.23 -0.15  0.00 -0.17 -0.07 -0.02 -0.02 -0.03 -0.11 -0.07 
INFO: cmn.c(175): CMN:  9.43  0.08 -0.51  0.26 -0.16 -0.30 -0.26  0.01 -0.13 -0.11 -0.09 -0.18  0.02 
INFO: cmn.c(175): CMN:  9.09 -0.25 -0.24  0.14 -0.14 -0.16 -0.19 -0.11 -0.10 -0.05 -0.09 -0.11  0.01 
INFO: cmn.c(175): CMN:  8.74 -0.03 -0.32  0.19 -0.12 -0.17 -0.23 -0.01 -0.09 -0.06 -0.01 -0.10  0.01 
INFO: cmn.c(175): CMN:  9.02 -0.27 -0.18  0.05 -0.19 -0.07 -0.17 -0.08 -0.15 -0.03 -0.02 -0.13  0.00 
INFO: cmn.c(175): CMN:  7.95 -0.29 -0.20  0.22 -0.13 -0.14 -0.12 -0.08 -0.13 -0.09 -0.02 -0.13 -0.04 
INFO: cmn.c(175): CMN:  7.56 -0.40 -0.30 -0.02 -0.09 -0.08 -0.13 -0.09 -0.12 -0.08 -0.05 -0.12 -0.04 
INFO: cmn.c(175): CMN:  8.02 -0.38 -0.31  0.08 -0.15 -0.15 -0.16 -0.06 -0.12 -0.06 -0.04 -0.14 -0.03 
INFO: cmn.c(175): CMN:  7.81 -0.38 -0.22 -0.00 -0.09 -0.11 -0.15 -0.05 -0.10 -0.05 -0.03 -0.11 -0.01 
INFO: cmn.c(175): CMN:  7.72 -0.40 -0.19  0.24 -0.11 -0.11 -0.11 -0.09 -0.13 -0.08 -0.03 -0.12 -0.04 
INFO: cmn.c(175): CMN:  8.94  0.18 -0.11  0.07 -0.21 -0.04 -0.03 -0.09 -0.20 -0.02 -0.05 -0.18 -0.02 
INFO: cmn.c(175): CMN:  8.94 -0.19 -0.07  0.44 -0.15 -0.16 -0.12 -0.01 -0.16 -0.06  0.02 -0.14  0.00 
INFO: cmn.c(175): CMN:  7.14 -0.52  0.09  0.42 -0.15 -0.04  0.06 -0.17 -0.15 -0.14 -0.02 -0.09 -0.01 
INFO: cmn.c(175): CMN:  8.46  0.09  0.25  0.34 -0.16 -0.15 -0.01 -0.13 -0.29 -0.16 -0.10 -0.17  0.01 
INFO: cmn.c(175): CMN:  9.38  0.25 -0.47 -0.02 -0.13 -0.05 -0.24 -0.14 -0.03  0.03 -0.04 -0.16 -0.02 
INFO: cmn.c(175): CMN:  8.80 -0.10 -0.30  0.14 -0.14 -0.13 -0.21 -0.06 -0.10 -0.03 -0.05 -0.16 -0.03 
INFO: cmn.c(175): CMN:  7.56 -0.19  0.01  0.14 -0.15 -0.09 -0.02 -0.09 -0.17 -0.08 -0.04 -0.13 -0.01 
INFO: cmn.c(175): CMN:  8.13 -0.10 -0.34 -0.07 -0.10 -0.09 -0.19 -0.10 -0.07 -0.00 -0.05 -0.12 -0.04 
INFO: cmn.c(175): CMN:  8.90 -0.16  0.02 -0.09 -0.12 -0.11 -0.20 -0.14 -0.19 -0.13  0.01 -0.18 -0.02 
INFO: cmn.c(175): CMN: 10.08  0.14 -0.12 -0.26 -0.25  0.00 -0.28 -0.20 -0.14 -0.21  0.02 -0.26 -0.05 
INFO: cmn.c(175): CMN:  8.44 -0.30 -0.03  0.44 -0.11 -0.08 -0.20 -0.04 -0.20 -0.21 -0.01 -0.23 -0.13 
INFO: cmn.c(175): CMN:  9.93  0.36 -0.26 -0.39 -0.29  0.03 -0.34 -0.20 -0.11 -0.26  0.11 -0.18 -0.09 
INFO: cmn.c(175): CMN:  9.39  0.21 -0.26  0.09 -0.33 -0.08 -0.21 -0.20 -0.21 -0.04  0.05 -0.07 -0.14 
INFO: cmn.c(175): CMN: 10.16  0.53 -0.27  0.10 -0.52 -0.07 -0.09 -0.19 -0.25 -0.16  0.04 -0.07 -0.07 
INFO: cmn.c(175): CMN:  9.10  0.33 -0.15 -0.23 -0.28  0.05 -0.19 -0.10 -0.32 -0.15 -0.02 -0.13 -0.08 
INFO: cmn.c(175): CMN:  8.95 -0.11 -0.04  0.09 -0.23 -0.11 -0.23 -0.07 -0.31 -0.07 -0.12 -0.30 -0.01 
INFO: cmn.c(175): CMN:  9.43 -0.21 -0.07  0.29 -0.10 -0.19 -0.37 -0.04 -0.24 -0.26 -0.04 -0.23 -0.03 
INFO: cmn.c(175): CMN:  9.14  0.24 -0.36 -0.04 -0.31 -0.14 -0.35 -0.10 -0.16 -0.22  0.01 -0.13 -0.02 
INFO: cmn.c(175): CMN:  9.88  0.33 -0.33 -0.05 -0.29 -0.12 -0.28 -0.16 -0.32 -0.19  0.01 -0.15 -0.07 
INFO: cmn.c(175): CMN:  7.99  0.02 -0.18 -0.22 -0.29 -0.00 -0.07 -0.05 -0.16 -0.11  0.03 -0.17 -0.09 
INFO: cmn.c(175): CMN:  9.65  0.19 -0.34 -0.12 -0.43 -0.03 -0.15  0.00 -0.26 -0.07 -0.02 -0.21 -0.05 
INFO: cmn.c(175): CMN:  9.72  0.40 -0.62 -0.44 -0.31  0.03 -0.24 -0.05 -0.12 -0.15  0.09 -0.21 -0.13 
INFO: cmn.c(175): CMN:  9.97  0.45 -0.14  0.01 -0.28 -0.08 -0.30 -0.08 -0.23 -0.17 -0.04 -0.28 -0.05 
INFO: cmn.c(175): CMN:  9.65  0.02 -0.08  0.17 -0.17 -0.19 -0.28 -0.14 -0.26 -0.25 -0.05 -0.14 -0.01 
INFO: cmn.c(175): CMN:  9.56 -0.03 -0.09 -0.07 -0.12 -0.08 -0.24 -0.04 -0.26 -0.14 -0.03 -0.18 -0.06 
INFO: cmn.c(175): CMN:  8.29  0.02 -0.25 -0.13 -0.20 -0.06 -0.22 -0.03 -0.17 -0.15 -0.02 -0.15 -0.09 
INFO: cmn.c(175): CMN:  8.88 -0.01 -0.19 -0.05 -0.19 -0.07 -0.27 -0.04 -0.23 -0.19 -0.00 -0.19 -0.04 
INFO: cmn.c(175): CMN:  9.00  0.14 -0.29 -0.17 -0.20 -0.03 -0.30 -0.08 -0.19 -0.17  0.01 -0.17 -0.06 
INFO: cmn.c(175): CMN:  9.70  0.38 -0.17 -0.13 -0.25 -0.06 -0.33 -0.04 -0.28 -0.18 -0.02 -0.25 -0.04 
INFO: cmn.c(175): CMN:  8.63 -0.15 -0.04 -0.04 -0.15 -0.08 -0.23 -0.04 -0.22 -0.12 -0.05 -0.21 -0.04 
INFO: cmn.c(175): CMN:  9.68  0.26 -0.15 -0.23 -0.20 -0.03 -0.30 -0.08 -0.23 -0.15  0.01 -0.29 -0.05 
INFO: cmn.c(175): CMN:  9.03 -0.03 -0.13 -0.24 -0.20  0.01 -0.24 -0.06 -0.19 -0.11  0.02 -0.19 -0.06 
INFO: cmn.c(175): CMN:  8.99  0.32  0.19  0.04 -0.35 -0.05 -0.27 -0.20 -0.11 -0.15 -0.11 -0.19 -0.05 
INFO: cmn.c(175): CMN:  8.95  0.29 -0.26 -0.15 -0.17  0.01 -0.16 -0.08 -0.18 -0.15 -0.05 -0.22 -0.03 
INFO: cmn.c(175): CMN:  9.64  0.06 -0.15  0.20 -0.25 -0.13 -0.37  0.00 -0.30 -0.21 -0.04 -0.20 -0.08 
INFO: cmn.c(175): CMN:  9.10  0.33 -0.15 -0.23 -0.28  0.05 -0.19 -0.10 -0.32 -0.15 -0.02 -0.13 -0.08 
INFO: cmn.c(175): CMN:  8.95 -0.11 -0.04  0.09 -0.23 -0.11 -0.23 -0.07 -0.31 -0.07 -0.12 -0.30 -0.01 
INFO: cmn.c(175): CMN:  9.43 -0.21 -0.07  0.29 -0.10 -0.19 -0.37 -0.04 -0.24 -0.26 -0.04 -0.23 -0.03 
INFO: cmn.c(175): CMN:  9.14  0.24 -0.36 -0.04 -0.31 -0.14 -0.35 -0.10 -0.16 -0.22  0.01 -0.13 -0.02 
INFO: cmn.c(175): CMN:  9.88  0.33 -0.33 -0.05 -0.29 -0.12 -0.28 -0.16 -0.32 -0.19  0.01 -0.15 -0.07 
INFO: cmn.c(175): CMN:  7.99  0.02 -0.18 -0.22 -0.29 -0.00 -0.07 -0.05 -0.16 -0.11  0.03 -0.17 -0.09 
INFO: cmn.c(175): CMN:  9.65  0.19 -0.34 -0.12 -0.43 -0.03 -0.15  0.00 -0.26 -0.07 -0.02 -0.21 -0.05 
INFO: cmn.c(175): CMN:  9.72  0.40 -0.62 -0.44 -0.31  0.03 -0.24 -0.05 -0.12 -0.15  0.09 -0.21 -0.13 
INFO: cmn.c(175): CMN:  9.97  0.45 -0.14  0.01 -0.28 -0.08 -0.30 -0.08 -0.23 -0.17 -0.04 -0.28 -0.05 
INFO: cmn.c(175): CMN:  9.65  0.02 -0.08  0.17 -0.17 -0.19 -0.28 -0.14 -0.26 -0.25 -0.05 -0.14 -0.01 
INFO: cmn.c(175): CMN:  8.29  0.02 -0.25 -0.13 -0.20 -0.06 -0.22 -0.03 -0.17 -0.15 -0.02 -0.15 -0.09 
INFO: cmn.c(175): CMN:  8.88 -0.01 -0.19 -0.05 -0.19 -0.07 -0.27 -0.04 -0.23 -0.19 -0.00 -0.19 -0.04 
INFO: cmn.c(175): CMN:  9.00  0.14 -0.29 -0.17 -0.20 -0.03 -0.30 -0.08 -0.19 -0.17  0.01 -0.17 -0.06 
INFO: cmn.c(175): CMN:  9.70  0.38 -0.17 -0.13 -0.25 -0.06 -0.33 -0.04 -0.28 -0.18 -0.02 -0.25 -0.04 
INFO: cmn.c(175): CMN:  8.63 -0.15 -0.04 -0.04 -0.15 -0.08 -0.23 -0.04 -0.22 -0.12 -0.05 -0.21 -0.04 
INFO: cmn.c(175): CMN:  8.83  0.02 -0.17 -0.19 -0.19  0.02 -0.24 -0.06 -0.18 -0.11 -0.02 -0.22 -0.06 
INFO: cmn.c(175): CMN:  9.07 -0.00 -0.02  0.11 -0.27 -0.09 -0.31 -0.08 -0.20 -0.20 -0.06 -0.18 -0.04 
INFO: cmn.c(175): CMN:  9.29  0.35  0.01  0.13 -0.36 -0.02 -0.22 -0.18 -0.19 -0.24  0.04 -0.14 -0.17 
INFO: cmn.c(175): CMN:  9.00 -0.21  0.09  0.43 -0.11 -0.09 -0.19 -0.05 -0.19 -0.22 -0.04 -0.23 -0.14 
INFO: cmn.c(175): CMN: 10.32 -0.08 -0.20  0.30 -0.27 -0.17 -0.39 -0.04 -0.30 -0.22  0.03 -0.23 -0.11 
INFO: cmn.c(175): CMN:  9.67 -0.29 -0.10 -0.47 -0.26 -0.01 -0.23  0.02 -0.23 -0.07 -0.06 -0.18 -0.02 
INFO: cmn.c(175): CMN:  9.38 -0.09  0.08  0.07 -0.24 -0.09 -0.26 -0.12 -0.28 -0.07 -0.08 -0.28  0.04 
INFO: cmn.c(175): CMN:  9.53  0.04 -0.09 -0.20 -0.23  0.07 -0.35 -0.09 -0.21 -0.02 -0.08 -0.21 -0.06 
INFO: cmn.c(175): CMN:  9.62 -0.07 -0.19  0.31 -0.23 -0.09 -0.22 -0.04 -0.24 -0.13 -0.07 -0.28 -0.11 
INFO: cmn.c(175): CMN:  9.91  0.29 -0.30  0.13 -0.20 -0.03 -0.43 -0.09 -0.31 -0.10 -0.03 -0.25 -0.04 
INFO: cmn.c(175): CMN:  9.03 -0.07 -0.32 -0.37 -0.27  0.03 -0.26 -0.03 -0.16 -0.02  0.02 -0.16 -0.10 
INFO: cmn.c(175): CMN: 10.44  0.07 -0.35  0.15 -0.22 -0.11 -0.53 -0.03 -0.19 -0.16 -0.00 -0.27 -0.01 
INFO: cmn.c(175): CMN:  8.93 -0.09 -0.05 -0.11 -0.11 -0.00 -0.31 -0.09 -0.21 -0.03 -0.13 -0.19  0.02 
INFO: cmn.c(175): CMN:  9.32  0.01 -0.11 -0.09 -0.20 -0.07 -0.40 -0.05 -0.19 -0.07  0.02 -0.25 -0.09 
INFO: cmn.c(175): CMN:  9.80 -0.15  0.15 -0.10 -0.17 -0.00 -0.28 -0.08 -0.28 -0.15 -0.05 -0.22 -0.04 
INFO: cmn.c(175): CMN:  9.02 -0.10 -0.11  0.17 -0.18 -0.04 -0.27 -0.05 -0.24 -0.17 -0.02 -0.26 -0.05 
INFO: cmn.c(175): CMN:  9.17 -0.12 -0.17 -0.13 -0.24  0.01 -0.29 -0.06 -0.20 -0.10 -0.01 -0.22 -0.08 
INFO: cmn.c(175): CMN:  9.04 -0.17 -0.15 -0.02 -0.20 -0.07 -0.28  0.00 -0.21 -0.12 -0.03 -0.22 -0.06 
INFO: cmn.c(175): CMN:  8.59 -0.14 -0.01 -0.12 -0.16 -0.01 -0.27 -0.08 -0.20 -0.11 -0.05 -0.17 -0.06 
INFO: cmn.c(175): CMN:  8.74 -0.20 -0.13  0.09 -0.19 -0.04 -0.25 -0.04 -0.21 -0.13 -0.03 -0.23 -0.10 
INFO: cmn.c(175): CMN:  8.41  0.29  0.18 -0.04 -0.30 -0.03 -0.10 -0.15 -0.24 -0.22 -0.09 -0.25 -0.06 
INFO: cmn.c(175): CMN:  9.47 -0.28  0.10  0.35 -0.23 -0.14 -0.23 -0.19 -0.24 -0.19 -0.15 -0.16 -0.10 
INFO: cmn.c(175): CMN:  7.65 -0.71  0.42  0.51 -0.04  0.06  0.05 -0.16 -0.20 -0.20 -0.13 -0.18 -0.10 
INFO: cmn.c(175): CMN:  8.22 -0.25  0.32  0.31 -0.21 -0.12  0.00 -0.19 -0.25 -0.26 -0.11 -0.29 -0.14 
INFO: cmn.c(175): CMN:  9.84  0.41 -0.32 -0.36 -0.24 -0.05 -0.29 -0.20 -0.15 -0.21  0.08 -0.19 -0.09 
INFO: cmn.c(175): CMN:  8.94  0.04 -0.17 -0.09 -0.20 -0.08 -0.27 -0.15 -0.15 -0.20 -0.01 -0.19 -0.06 
INFO: cmn.c(175): CMN:  7.51 -0.17  0.23  0.12 -0.17 -0.04 -0.03 -0.12 -0.20 -0.23 -0.07 -0.22 -0.08 
INFO: cmn.c(175): CMN:  8.66  0.04 -0.23 -0.29 -0.23 -0.00 -0.29 -0.12 -0.12 -0.17  0.05 -0.18 -0.08 
INFO: cmn.c(175): CMN:  8.93 -0.01 -0.35  0.14 -0.20 -0.10 -0.11 -0.28 -0.07 -0.16 -0.06 -0.12 -0.02 
INFO: cmn.c(175): CMN:  9.98  0.36 -0.51  0.08 -0.33 -0.15 -0.01 -0.43 -0.01 -0.16 -0.12 -0.14 -0.09 
INFO: cmn.c(175): CMN:  9.00  0.00 -0.42  0.60 -0.12 -0.28 -0.02 -0.26 -0.06 -0.22 -0.12 -0.17 -0.20 
INFO: cmn.c(175): CMN:  9.83  0.58 -0.64 -0.06 -0.33 -0.21 -0.05 -0.43 -0.10 -0.01 -0.02 -0.15 -0.10 
INFO: cmn.c(175): CMN:  9.58  0.24 -0.39  0.06 -0.08 -0.10 -0.23 -0.11 -0.16 -0.06 -0.02 -0.08 -0.11 
INFO: cmn.c(175): CMN:  9.91  0.61 -0.19  0.05 -0.21 -0.11 -0.04 -0.13 -0.27 -0.18  0.02  0.01 -0.15 
INFO: cmn.c(175): CMN:  9.43  0.35 -0.52  0.06 -0.26 -0.13  0.02 -0.37 -0.12 -0.20 -0.12 -0.12 -0.10 
INFO: cmn.c(175): CMN:  9.23  0.16 -0.39  0.29 -0.23 -0.13 -0.09 -0.28 -0.05 -0.20 -0.15 -0.22 -0.12 
INFO: cmn.c(175): CMN:  9.53 -0.02 -0.41  0.38 -0.15 -0.31 -0.18 -0.30 -0.02 -0.28 -0.09 -0.15 -0.06 
[500] INFO: cmn.c(175): CMN:  9.76  0.49 -0.72  0.17 -0.28 -0.33 -0.11 -0.30 -0.10 -0.15 -0.03 -0.10 -0.12 
INFO: cmn.c(175): CMN:  9.64  0.43 -0.67  0.16 -0.16 -0.30 -0.11 -0.35 -0.11 -0.13 -0.05 -0.20 -0.14 
INFO: cmn.c(175): CMN:  8.39  0.27 -0.41 -0.13 -0.27 -0.14  0.07 -0.20 -0.10 -0.13 -0.09 -0.18 -0.12 
INFO: cmn.c(175): CMN: 10.28  0.59 -0.83 -0.03 -0.39 -0.28  0.11 -0.33 -0.03 -0.11 -0.10 -0.13 -0.16 
INFO: cmn.c(175): CMN: 10.00  0.56 -0.93 -0.08 -0.33 -0.23 -0.08 -0.28  0.03  0.01 -0.07 -0.20 -0.20 
INFO: cmn.c(175): CMN:  9.59  0.69 -0.43  0.13 -0.21 -0.26 -0.17 -0.33 -0.07 -0.16 -0.10 -0.16 -0.08 
INFO: cmn.c(175): CMN:  9.26 -0.03 -0.26  0.18 -0.15 -0.29 -0.12 -0.30 -0.11 -0.25 -0.13 -0.10 -0.05 
INFO: cmn.c(175): CMN:  8.41  0.14 -0.12 -0.07 -0.11 -0.09 -0.11 -0.29 -0.06 -0.11 -0.05 -0.08 -0.09 
INFO: cmn.c(175): CMN:  8.26  0.14 -0.46 -0.01 -0.21 -0.16 -0.00 -0.22 -0.03 -0.11 -0.08 -0.14 -0.13 
INFO: cmn.c(175): CMN:  9.11  0.13 -0.47  0.13 -0.19 -0.23 -0.04 -0.30 -0.04 -0.18 -0.11 -0.16 -0.11 
INFO: cmn.c(175): CMN:  9.02  0.09 -0.49  0.00 -0.18 -0.24 -0.11 -0.23 -0.02 -0.12 -0.07 -0.13 -0.11 
INFO: cmn.c(175): CMN:  8.68  0.36 -0.38  0.01 -0.18 -0.16 -0.10 -0.27 -0.10 -0.15 -0.10 -0.14 -0.09 
INFO: cmn.c(175): CMN:  8.45  0.06 -0.28  0.07 -0.17 -0.13 -0.17 -0.25 -0.05 -0.19 -0.12 -0.16 -0.05 
INFO: cmn.c(175): CMN:  9.41  0.41 -0.39  0.01 -0.25 -0.13 -0.10 -0.42 -0.06 -0.09 -0.16 -0.14 -0.03 
INFO: cmn.c(175): CMN:  9.12  0.19 -0.58 -0.01 -0.36 -0.08 -0.03 -0.31  0.00 -0.03 -0.11 -0.16 -0.14 
INFO: cmn.c(175): CMN:  9.57  0.42 -0.29  0.25 -0.38 -0.00 -0.07 -0.54 -0.04 -0.17 -0.14 -0.16 -0.07 
INFO: cmn.c(175): CMN:  9.21  0.31 -0.62 -0.03 -0.30  0.02 -0.01 -0.27 -0.04 -0.12 -0.15 -0.15 -0.10 
INFO: cmn.c(175): CMN:  9.27  0.16 -0.41  0.46 -0.18 -0.32 -0.25 -0.30 -0.07 -0.26 -0.07 -0.16 -0.04 
INFO: cmn.c(175): CMN:  9.43  0.35 -0.52  0.06 -0.26 -0.13  0.02 -0.37 -0.12 -0.20 -0.12 -0.12 -0.10 
INFO: cmn.c(175): CMN:  9.23  0.16 -0.39  0.29 -0.23 -0.13 -0.09 -0.28 -0.05 -0.20 -0.15 -0.22 -0.12 
INFO: cmn.c(175): CMN:  9.53 -0.02 -0.41  0.38 -0.15 -0.31 -0.18 -0.30 -0.02 -0.28 -0.09 -0.15 -0.06 
INFO: cmn.c(175): CMN:  9.76  0.49 -0.72  0.17 -0.28 -0.33 -0.11 -0.30 -0.10 -0.15 -0.03 -0.10 -0.12 
INFO: cmn.c(175): CMN:  9.64  0.43 -0.67  0.16 -0.16 -0.30 -0.11 -0.35 -0.11 -0.13 -0.05 -0.20 -0.14 
INFO: cmn.c(175): CMN:  8.39  0.27 -0.41 -0.13 -0.27 -0.14  0.07 -0.20 -0.10 -0.13 -0.09 -0.18 -0.12 
INFO: cmn.c(175): CMN: 10.28  0.59 -0.83 -0.03 -0.39 -0.28  0.11 -0.33 -0.03 -0.11 -0.10 -0.13 -0.16 
INFO: cmn.c(175): CMN: 10.00  0.56 -0.93 -0.08 -0.33 -0.23 -0.08 -0.28  0.03  0.01 -0.07 -0.20 -0.20 
INFO: cmn.c(175): CMN:  9.59  0.69 -0.43  0.13 -0.21 -0.26 -0.17 -0.33 -0.07 -0.16 -0.10 -0.16 -0.08 
INFO: cmn.c(175): CMN:  9.26 -0.03 -0.26  0.18 -0.15 -0.29 -0.12 -0.30 -0.11 -0.25 -0.13 -0.10 -0.05 
INFO: cmn.c(175): CMN:  8.26  0.14 -0.46 -0.01 -0.21 -0.16 -0.00 -0.22 -0.03 -0.11 -0.08 -0.14 -0.13 
INFO: cmn.c(175): CMN:  9.11  0.13 -0.47  0.13 -0.19 -0.23 -0.04 -0.30 -0.04 -0.18 -0.11 -0.16 -0.11 
INFO: cmn.c(175): CMN:  9.02  0.09 -0.49  0.00 -0.18 -0.24 -0.11 -0.23 -0.02 -0.12 -0.07 -0.13 -0.11 
INFO: cmn.c(175): CMN:  8.68  0.36 -0.38  0.01 -0.18 -0.16 -0.10 -0.27 -0.10 -0.15 -0.10 -0.14 -0.09 
INFO: cmn.c(175): CMN:  8.45  0.06 -0.28  0.07 -0.17 -0.13 -0.17 -0.25 -0.05 -0.19 -0.12 -0.16 -0.05 
INFO: cmn.c(175): CMN:  8.16  0.02 -0.42 -0.04 -0.22 -0.05 -0.06 -0.25 -0.03 -0.09 -0.10 -0.12 -0.07 
INFO: cmn.c(175): CMN:  8.12 -0.02 -0.28  0.18 -0.26 -0.11 -0.12 -0.27 -0.06 -0.15 -0.08 -0.14 -0.07 
INFO: cmn.c(175): CMN: 10.27  0.25 -0.15 -0.06 -0.29  0.03 -0.11 -0.24 -0.14 -0.17  0.01 -0.21 -0.09 
INFO: cmn.c(175): CMN:  8.52 -0.06 -0.35  0.47 -0.07 -0.30 -0.06 -0.18 -0.08 -0.23 -0.10 -0.20 -0.13 
INFO: cmn.c(175): CMN:  9.76  0.09 -0.56  0.43 -0.29 -0.25 -0.17 -0.27 -0.03 -0.26 -0.07 -0.24 -0.10 
INFO: cmn.c(175): CMN:  8.87 -0.08 -0.32 -0.29 -0.28 -0.12 -0.01 -0.22 -0.05 -0.08 -0.05 -0.14 -0.11 
INFO: cmn.c(175): CMN:  9.24  0.17 -0.37  0.27 -0.25 -0.19 -0.07 -0.34 -0.05 -0.20 -0.08 -0.16 -0.11 
INFO: cmn.c(175): CMN:  9.52  0.33 -0.62 -0.04 -0.31 -0.13 -0.11 -0.33 -0.02 -0.02 -0.13 -0.14 -0.09 
INFO: cmn.c(175): CMN:  9.10 -0.01 -0.44  0.45 -0.23 -0.25 -0.08 -0.27 -0.02 -0.19 -0.15 -0.17 -0.08 
INFO: cmn.c(175): CMN:  9.53  0.34 -0.69  0.29 -0.25 -0.21 -0.11 -0.35 -0.07 -0.08 -0.12 -0.17 -0.07 
INFO: cmn.c(175): CMN:  8.86  0.04 -0.61 -0.24 -0.36 -0.11 -0.11 -0.25  0.09  0.01 -0.03 -0.16 -0.08 
INFO: cmn.c(175): CMN:  9.29  0.16 -0.63  0.35 -0.21 -0.16 -0.11 -0.31  0.02 -0.17 -0.11 -0.16 -0.10 
INFO: cmn.c(175): CMN:  8.93  0.07 -0.25  0.02 -0.19 -0.15 -0.08 -0.35 -0.07 -0.08 -0.13 -0.13 -0.03 
INFO: cmn.c(175): CMN:  9.08  0.35 -0.50  0.15 -0.23 -0.13 -0.10 -0.33 -0.03 -0.07 -0.10 -0.18 -0.09 
INFO: cmn.c(175): CMN:  8.85  0.05 -0.05 -0.01 -0.24 -0.07  0.01 -0.31 -0.11 -0.14 -0.12 -0.13 -0.07 
INFO: cmn.c(175): CMN:  8.37 -0.06 -0.38  0.26 -0.18 -0.17 -0.05 -0.26 -0.04 -0.17 -0.08 -0.15 -0.11 
INFO: cmn.c(175): CMN:  8.28 -0.03 -0.45  0.03 -0.27 -0.17 -0.11 -0.30 -0.02 -0.08 -0.07 -0.12 -0.09 
INFO: cmn.c(175): CMN:  8.04 -0.08 -0.37  0.02 -0.17 -0.16 -0.08 -0.19 -0.01 -0.10 -0.11 -0.13 -0.05 
INFO: cmn.c(175): CMN:  8.39 -0.02 -0.23  0.04 -0.17 -0.13 -0.07 -0.27 -0.07 -0.11 -0.13 -0.13 -0.05 
INFO: cmn.c(175): CMN:  8.31 -0.04 -0.37  0.27 -0.17 -0.21 -0.02 -0.23 -0.02 -0.15 -0.10 -0.17 -0.11 
INFO: cmn.c(175): CMN:  8.79  0.22 -0.10  0.27 -0.27 -0.15  0.14 -0.34 -0.15 -0.28 -0.18 -0.18 -0.14 
INFO: cmn.c(175): CMN:  8.95 -0.09 -0.18  0.47 -0.07 -0.18 -0.18 -0.29 -0.06 -0.26 -0.13 -0.13 -0.03 
INFO: cmn.c(175): CMN:  7.51 -0.35  0.12  0.69  0.10 -0.19  0.16 -0.25 -0.14 -0.20 -0.18 -0.16 -0.19 
INFO: cmn.c(175): CMN:  8.63  0.05  0.06  0.46 -0.10 -0.23  0.10 -0.25 -0.20 -0.32 -0.19 -0.20 -0.14 
INFO: cmn.c(175): CMN:  9.84  0.46 -0.66 -0.05 -0.31 -0.19 -0.05 -0.48 -0.09 -0.06 -0.03 -0.17 -0.12 
INFO: cmn.c(175): CMN:  8.70  0.09 -0.41  0.14 -0.19 -0.18 -0.09 -0.34 -0.05 -0.10 -0.07 -0.12 -0.07 
INFO: cmn.c(175): CMN:  7.40 -0.21 -0.01  0.28 -0.14 -0.14  0.07 -0.23 -0.10 -0.20 -0.13 -0.14 -0.12 
INFO: cmn.c(175): CMN:  8.85  0.20 -0.56 -0.05 -0.28 -0.16 -0.03 -0.37 -0.05 -0.08 -0.02 -0.15 -0.10 
INFO: s3gau_io.c(478): Wrote /home/jerrin/Documents/project/main upload/chakka/trained data builds/tuttorialchakka_1/chakka/bwaccumdir/chakka_buff_1/gauden_counts with vars (2pass) [1x1x1 vector arrays]
Sat Mar 30 00:23:40 2013
