INFO: cmd_ln.c(691): Parsing command line:
/usr/libexec/sphinxtrain/bldtree \
	-treefn /home/jerrin/Documents/project/main upload/chakka/trained data builds/tuttorialchakka_1/chakka/trees/chakka.unpruned/AA-2.dtree \
	-moddeffn /home/jerrin/Documents/project/main upload/chakka/trained data builds/tuttorialchakka_1/chakka/model_architecture/chakka.untied.mdef \
	-mixwfn /home/jerrin/Documents/project/main upload/chakka/trained data builds/tuttorialchakka_1/chakka/model_parameters/chakka.cd_cont_untied/mixture_weights \
	-ts2cbfn .cont. \
	-mwfloor 1e-08 \
	-psetfn /home/jerrin/Documents/project/main upload/chakka/trained data builds/tuttorialchakka_1/chakka/model_architecture/chakka.tree_questions \
	-phone AA \
	-state 2 \
	-stwt 1.0,0.05,0.0 \
	-meanfn /home/jerrin/Documents/project/main upload/chakka/trained data builds/tuttorialchakka_1/chakka/model_parameters/chakka.cd_cont_untied/means \
	-varfn /home/jerrin/Documents/project/main upload/chakka/trained data builds/tuttorialchakka_1/chakka/model_parameters/chakka.cd_cont_untied/variances \
	-fullvar no \
	-ssplitmin 1 \
	-ssplitmax 7 \
	-ssplitthr 0 \
	-csplitmin 1 \
	-csplitmax 2000 \
	-csplitthr 0 

Current configuration:
[NAME]		[DEFLT]	[VALUE]
-allphones	no	no
-cntthresh	0.00001	1.000000e-05
-csplitmax	100	2000
-csplitmin	1	1
-csplitthr	8e-4	0.000000e+00
-example	no	no
-fullvar	no	no
-help		no	no
-meanfn			/home/jerrin/Documents/project/main upload/chakka/trained data builds/tuttorialchakka_1/chakka/model_parameters/chakka.cd_cont_untied/means
-mixwfn			/home/jerrin/Documents/project/main upload/chakka/trained data builds/tuttorialchakka_1/chakka/model_parameters/chakka.cd_cont_untied/mixture_weights
-moddeffn		/home/jerrin/Documents/project/main upload/chakka/trained data builds/tuttorialchakka_1/chakka/model_architecture/chakka.untied.mdef
-mwfloor	1e-4	1.000000e-08
-phone			AA
-psetfn			/home/jerrin/Documents/project/main upload/chakka/trained data builds/tuttorialchakka_1/chakka/model_architecture/chakka.tree_questions
-ssplitmax	5	7
-ssplitmin	1	1
-ssplitthr	8e-4	0.000000e+00
-state			2
-stwt			1.0,0.05,0.0,
-treefn			/home/jerrin/Documents/project/main upload/chakka/trained data builds/tuttorialchakka_1/chakka/trees/chakka.unpruned/AA-2.dtree
-ts2cbfn	.semi.	.cont.
-varfloor	0.00001	1.000000e-05
-varfn			/home/jerrin/Documents/project/main upload/chakka/trained data builds/tuttorialchakka_1/chakka/model_parameters/chakka.cd_cont_untied/variances

INFO: main.c(223): Reading: /home/jerrin/Documents/project/main upload/chakka/trained data builds/tuttorialchakka_1/chakka/model_architecture/chakka.untied.mdef
INFO: model_def_io.c(573): Model definition info:
INFO: model_def_io.c(574): 347 total models defined (45 base, 302 tri)
INFO: model_def_io.c(575): 1388 total states
INFO: model_def_io.c(576): 1041 total tied states
INFO: model_def_io.c(577): 135 total tied CI states
INFO: model_def_io.c(578): 45 total tied transition matrices
INFO: model_def_io.c(579): 4 max state/model
INFO: model_def_io.c(580): 4 min state/model
INFO: main.c(242): Building trees for [AA CH RA i] through [AA ZH M i]
INFO: main.c(268): Covering states |[282 335]| == 54
INFO: main.c(275): Reading: /home/jerrin/Documents/project/main upload/chakka/trained data builds/tuttorialchakka_1/chakka/model_parameters/chakka.cd_cont_untied/mixture_weights
INFO: s3mixw_io.c(172): Read /home/jerrin/Documents/project/main upload/chakka/trained data builds/tuttorialchakka_1/chakka/model_parameters/chakka.cd_cont_untied/mixture_weights [54x1x1 array]
INFO: main.c(311): 18 of 18 models have observation count greater than 0.000010
INFO: main.c(95): nrm stwt: 0.000 0.048 0.952 
INFO: s3gau_io.c(166): Read /home/jerrin/Documents/project/main upload/chakka/trained data builds/tuttorialchakka_1/chakka/model_parameters/chakka.cd_cont_untied/means [1041x1x1 array]
INFO: s3gau_io.c(166): Read /home/jerrin/Documents/project/main upload/chakka/trained data builds/tuttorialchakka_1/chakka/model_parameters/chakka.cd_cont_untied/variances [1041x1x1 array]
INFO: main.c(549): Reading: /home/jerrin/Documents/project/main upload/chakka/trained data builds/tuttorialchakka_1/chakka/model_architecture/chakka.tree_questions
INFO: main.c(587): 174 total simple questions (166 phone; 8 word bndry)
INFO: main.c(589): 40 Left Only questions, and 42 Right Only questions
INFO: dtree.c(1478): Final simple tree
|( !QUESTION12 1 -2.290e+03 4.321e+03 1.420e+03
|    ( !QUESTION13 1 -2.769e+03 2.446e+03 1.290e+03
|        ( !QUESTION2 -1 -2.790e+03 1.455e+03 5.426e+02
|            ( !QUESTION4 1 -2.258e+03 1.089e+03 4.055e+02
|                ( - -8.747e+02 3 0 QUESTION7 1 6.524e+02 2.102e+02)
|                ( - -2.940e+02 3 0 QUESTION0 -1 6.672e+02 1.953e+02))
|            ( - 9.229e+02 2 0 QUESTION0_0_R 1 7.100e+02 1.371e+02))
|        ( !QUESTION15 1 2.467e+03 1.303e+03 7.470e+02
|            ( !QUESTION4 -1 2.971e+03 1.286e+03 6.392e+02
|                ( QUESTION19 -1 6.789e+02 1.034e+03 2.259e+02
|                    ( - 8.510e+02 1 0)
|                    ( - 8.619e+02 2 0 WDBNDRY_B 0 3.440e+02 1.539e+02))
|                ( - 3.578e+03 4 0 !QUESTION18 1 8.936e+02 4.134e+02))
|            ( - 7.983e+02 2 0 !QUESTION1 -1 2.054e+02 1.078e+02)))
|    ( - 4.801e+03 1 0))
s>    ( !QUESTION12 1 -2.290e+03 4.321e+03 1.420e+03
s>        ( !QUESTION13 1 -2.769e+03 2.446e+03 1.290e+03
s>            ( !QUESTION2 -1 -2.790e+03 1.455e+03 5.426e+02
s>                ( !QUESTION4 1 -2.258e+03 1.089e+03 4.055e+02
s>                    ( - -8.747e+02 3 0 QUESTION7 1 6.524e+02 2.102e+02)
s>                    ( - -2.940e+02 3 0 QUESTION0 -1 6.672e+02 1.953e+02))
s>                ( - 9.229e+02 2 0 QUESTION0_0_R 1 7.100e+02 1.371e+02))
s>            ( !QUESTION15 1 2.467e+03 1.303e+03 7.470e+02
s>                ( !QUESTION4 -1 2.971e+03 1.286e+03 6.392e+02
s>                    ( QUESTION19 -1 6.789e+02 1.034e+03 2.259e+02
s>                        ( - 8.510e+02 1 0)
s>                        ( - 8.619e+02 2 0 WDBNDRY_B 0 3.440e+02 1.539e+02))
s>                    ( - 3.578e+03 4 0 !QUESTION18 1 8.936e+02 4.134e+02))
s>                ( - 7.983e+02 2 0 !QUESTION1 -1 2.054e+02 1.078e+02)))
s>        ( - 4.801e+03 1 0))INFO: dtree.c(1315): Comp split 0
INFO: dtree.c(1478): Final simple tree
|( !QUESTION13 1 -2.769e+03 2.446e+03 1.290e+03
|    ( !QUESTION2 -1 -2.790e+03 1.455e+03 5.426e+02
|        ( !QUESTION4 1 -2.258e+03 1.089e+03 4.055e+02
|            ( - -8.747e+02 3 0 QUESTION7 1 6.524e+02 2.102e+02)
|            ( - -2.940e+02 3 0 QUESTION0 -1 6.672e+02 1.953e+02))
|        ( - 9.229e+02 2 0 QUESTION0_0_R 1 7.100e+02 1.371e+02))
|    ( !QUESTION15 1 2.467e+03 1.303e+03 7.470e+02
|        ( !QUESTION4 -1 2.971e+03 1.286e+03 6.392e+02
|            ( QUESTION19 -1 6.789e+02 1.034e+03 2.259e+02
|                ( - 8.510e+02 1 0)
|                ( - 8.619e+02 2 0 WDBNDRY_B 0 3.440e+02 1.539e+02))
|            ( !QUESTION18 1 3.578e+03 8.936e+02 4.134e+02
|                ( - 2.400e+03 2 0)
|                ( - 2.072e+03 2 0)))
|        ( - 7.983e+02 2 0 !QUESTION1 -1 2.054e+02 1.078e+02)))
s>    ( !QUESTION13 1 -2.769e+03 2.446e+03 1.290e+03
s>        ( !QUESTION2 -1 -2.790e+03 1.455e+03 5.426e+02
s>            ( !QUESTION4 1 -2.258e+03 1.089e+03 4.055e+02
s>                ( - -8.747e+02 3 0 QUESTION7 1 6.524e+02 2.102e+02)
s>                ( - -2.940e+02 3 0 QUESTION0 -1 6.672e+02 1.953e+02))
s>            ( - 9.229e+02 2 0 QUESTION0_0_R 1 7.100e+02 1.371e+02))
s>        ( !QUESTION15 1 2.467e+03 1.303e+03 7.470e+02
s>            ( !QUESTION4 -1 2.971e+03 1.286e+03 6.392e+02
s>                ( QUESTION19 -1 6.789e+02 1.034e+03 2.259e+02
s>                    ( - 8.510e+02 1 0)
s>                    ( - 8.619e+02 2 0 WDBNDRY_B 0 3.440e+02 1.539e+02))
s>                ( !QUESTION18 1 3.578e+03 8.936e+02 4.134e+02
s>                    ( - 2.400e+03 2 0)
s>                    ( - 2.072e+03 2 0)))
s>            ( - 7.983e+02 2 0 !QUESTION1 -1 2.054e+02 1.078e+02)))INFO: dtree.c(1315): Comp split 1
INFO: dtree.c(1439): stop. leaf nodes are specific
INFO: dtree.c(1478): Final simple tree
|( !QUESTION4 -1 3.130e+03 1.310e+03 5.673e+02
|    ( WDBNDRY_B 0 8.619e+02 3.440e+02 1.539e+02
|        ( - 7.770e+02 1 0)
|        ( - 4.289e+02 1 0))
|    ( !QUESTION18 1 3.578e+03 8.936e+02 4.134e+02
|        ( - 2.400e+03 2 0)
|        ( - 2.072e+03 2 0)))
s>    ( !QUESTION4 -1 3.130e+03 1.310e+03 5.673e+02
s>        ( WDBNDRY_B 0 8.619e+02 3.440e+02 1.539e+02
s>            ( - 7.770e+02 1 0)
s>            ( - 4.289e+02 1 0))
s>        ( !QUESTION18 1 3.578e+03 8.936e+02 4.134e+02
s>            ( - 2.400e+03 2 0)
s>            ( - 2.072e+03 2 0)))INFO: dtree.c(1478): Final simple tree
|( QUESTION0_16_R 1 -3.004e+03 1.456e+03 7.224e+02
|    ( !QUESTION4 1 -1.654e+03 1.171e+03 3.420e+02
|        ( - -1.891e+02 2 0 QUESTION2 1 4.727e+02 1.467e+02)
|        ( QUESTION0 -1 -2.940e+02 6.672e+02 1.953e+02
|            ( - 1.834e+02 1 0)
|            ( - 1.898e+02 2 0)))
|    ( !QUESTION2 -1 1.065e+02 1.094e+03 3.804e+02
|        ( QUESTION14 1 2.780e+02 7.464e+02 2.433e+02
|            ( QUESTION0 -1 1.101e+03 5.481e+02 1.797e+02
|                ( - 7.983e+02 2 0 !QUESTION1 -1 2.054e+02 1.078e+02)
|                ( - 8.510e+02 1 0))
|            ( - -7.686e+01 1 0))
|        ( QUESTION0_0_R 1 9.229e+02 7.100e+02 1.371e+02
|            ( - 6.361e+02 1 0)
|            ( - 9.968e+02 1 0))))
s>    ( QUESTION0_16_R 1 -3.004e+03 1.456e+03 7.224e+02
s>        ( !QUESTION4 1 -1.654e+03 1.171e+03 3.420e+02
s>            ( - -1.891e+02 2 0 QUESTION2 1 4.727e+02 1.467e+02)
s>            ( QUESTION0 -1 -2.940e+02 6.672e+02 1.953e+02
s>                ( - 1.834e+02 1 0)
s>                ( - 1.898e+02 2 0)))
s>        ( !QUESTION2 -1 1.065e+02 1.094e+03 3.804e+02
s>            ( QUESTION14 1 2.780e+02 7.464e+02 2.433e+02
s>                ( QUESTION0 -1 1.101e+03 5.481e+02 1.797e+02
s>                    ( - 7.983e+02 2 0 !QUESTION1 -1 2.054e+02 1.078e+02)
s>                    ( - 8.510e+02 1 0))
s>                ( - -7.686e+01 1 0))
s>            ( QUESTION0_0_R 1 9.229e+02 7.100e+02 1.371e+02
s>                ( - 6.361e+02 1 0)
s>                ( - 9.968e+02 1 0))))INFO: dtree.c(1315): Comp split 2
INFO: dtree.c(1439): stop. leaf nodes are specific
INFO: dtree.c(1478): Final simple tree
|( QUESTION2 -1 9.527e+02 1.071e+03 3.169e+02
|    ( QUESTION0_0_R 1 9.229e+02 7.100e+02 1.371e+02
|        ( - 6.361e+02 1 0)
|        ( - 9.968e+02 1 0))
|    ( QUESTION0 -1 1.101e+03 5.481e+02 1.797e+02
|        ( !QUESTION1 -1 7.983e+02 2.054e+02 1.078e+02
|            ( - 5.160e+02 1 0)
|            ( - 4.877e+02 1 0))
|        ( - 8.510e+02 1 0)))
s>    ( QUESTION2 -1 9.527e+02 1.071e+03 3.169e+02
s>        ( QUESTION0_0_R 1 9.229e+02 7.100e+02 1.371e+02
s>            ( - 6.361e+02 1 0)
s>            ( - 9.968e+02 1 0))
s>        ( QUESTION0 -1 1.101e+03 5.481e+02 1.797e+02
s>            ( !QUESTION1 -1 7.983e+02 2.054e+02 1.078e+02
s>                ( - 5.160e+02 1 0)
s>                ( - 4.877e+02 1 0))
s>            ( - 8.510e+02 1 0)))INFO: dtree.c(1439): stop. leaf nodes are specific
INFO: dtree.c(1478): Final simple tree
|( !QUESTION4 1 -2.258e+03 1.089e+03 4.055e+02
|    ( QUESTION7 1 -8.747e+02 6.524e+02 2.102e+02
|        ( - 2.328e+02 1 0)
|        ( !QUESTION2_17_L -1 -4.551e+02 4.290e+02 1.216e+02
|            ( - 5.075e+01 1 0)
|            ( - -7.686e+01 1 0)))
|    ( QUESTION0 -1 -2.940e+02 6.672e+02 1.953e+02
|        ( - 1.834e+02 1 0)
|        ( - 1.898e+02 2 0)))
s>    ( !QUESTION4 1 -2.258e+03 1.089e+03 4.055e+02
s>        ( QUESTION7 1 -8.747e+02 6.524e+02 2.102e+02
s>            ( - 2.328e+02 1 0)
s>            ( !QUESTION2_17_L -1 -4.551e+02 4.290e+02 1.216e+02
s>                ( - 5.075e+01 1 0)
s>                ( - -7.686e+01 1 0)))
s>        ( QUESTION0 -1 -2.940e+02 6.672e+02 1.953e+02
s>            ( - 1.834e+02 1 0)
s>            ( - 1.898e+02 2 0)))INFO: dtree.c(1315): Comp split 3
INFO: dtree.c(1439): stop. leaf nodes are specific
INFO: dtree.c(1478): Final simple tree
|( !QUESTION18 1 3.578e+03 8.936e+02 4.134e+02
|    ( - 2.400e+03 2 0)
|    ( - 2.072e+03 2 0))
s>    ( !QUESTION18 1 3.578e+03 8.936e+02 4.134e+02
s>        ( - 2.400e+03 2 0)
s>        ( - 2.072e+03 2 0))INFO: dtree.c(1439): stop. leaf nodes are specific
INFO: dtree.c(1478): Final simple tree
|( WDBNDRY_B 0 8.619e+02 3.440e+02 1.539e+02
|    ( - 7.770e+02 1 0)
|    ( - 4.289e+02 1 0))
s>    ( WDBNDRY_B 0 8.619e+02 3.440e+02 1.539e+02
s>        ( - 7.770e+02 1 0)
s>        ( - 4.289e+02 1 0))INFO: dtree.c(1315): Comp split 4
INFO: dtree.c(1439): stop. leaf nodes are specific
INFO: dtree.c(1478): Final simple tree
|( QUESTION0 -1 -2.940e+02 6.672e+02 1.953e+02
|    ( - 1.834e+02 1 0)
|    ( - 1.898e+02 2 0))
s>    ( QUESTION0 -1 -2.940e+02 6.672e+02 1.953e+02
s>        ( - 1.834e+02 1 0)
s>        ( - 1.898e+02 2 0))INFO: dtree.c(1439): stop. leaf nodes are specific
INFO: dtree.c(1478): Final simple tree
|( QUESTION7 1 -8.747e+02 6.524e+02 2.102e+02
|    ( - 2.328e+02 1 0)
|    ( !QUESTION2_17_L -1 -4.551e+02 4.290e+02 1.216e+02
|        ( - 5.075e+01 1 0)
|        ( - -7.686e+01 1 0)))
s>    ( QUESTION7 1 -8.747e+02 6.524e+02 2.102e+02
s>        ( - 2.328e+02 1 0)
s>        ( !QUESTION2_17_L -1 -4.551e+02 4.290e+02 1.216e+02
s>            ( - 5.075e+01 1 0)
s>            ( - -7.686e+01 1 0)))INFO: dtree.c(1315): Comp split 5
INFO: dtree.c(1439): stop. leaf nodes are specific
INFO: dtree.c(1478): Final simple tree
|( QUESTION0 -1 1.101e+03 5.481e+02 1.797e+02
|    ( !QUESTION1 -1 7.983e+02 2.054e+02 1.078e+02
|        ( - 5.160e+02 1 0)
|        ( - 4.877e+02 1 0))
|    ( - 8.510e+02 1 0))
s>    ( QUESTION0 -1 1.101e+03 5.481e+02 1.797e+02
s>        ( !QUESTION1 -1 7.983e+02 2.054e+02 1.078e+02
s>            ( - 5.160e+02 1 0)
s>            ( - 4.877e+02 1 0))
s>        ( - 8.510e+02 1 0))INFO: dtree.c(1439): stop. leaf nodes are specific
INFO: dtree.c(1478): Final simple tree
|( QUESTION0_0_R 1 9.229e+02 7.100e+02 1.371e+02
|    ( - 6.361e+02 1 0)
|    ( - 9.968e+02 1 0))
s>    ( QUESTION0_0_R 1 9.229e+02 7.100e+02 1.371e+02
s>        ( - 6.361e+02 1 0)
s>        ( - 9.968e+02 1 0))INFO: dtree.c(1315): Comp split 6
INFO: dtree.c(1315): Comp split 7
INFO: dtree.c(1315): Comp split 8
INFO: dtree.c(1315): Comp split 9
INFO: dtree.c(1439): stop. leaf nodes are specific
INFO: dtree.c(1478): Final simple tree
|( !QUESTION2_17_L -1 -4.551e+02 4.290e+02 1.216e+02
|    ( - 5.075e+01 1 0)
|    ( - -7.686e+01 1 0))
s>    ( !QUESTION2_17_L -1 -4.551e+02 4.290e+02 1.216e+02
s>        ( - 5.075e+01 1 0)
s>        ( - -7.686e+01 1 0))INFO: dtree.c(1315): Comp split 10
INFO: dtree.c(1439): stop. leaf nodes are specific
INFO: dtree.c(1478): Final simple tree
|( !QUESTION1 -1 7.983e+02 2.054e+02 1.078e+02
|    ( - 5.160e+02 1 0)
|    ( - 4.877e+02 1 0))
s>    ( !QUESTION1 -1 7.983e+02 2.054e+02 1.078e+02
s>        ( - 5.160e+02 1 0)
s>        ( - 4.877e+02 1 0))INFO: dtree.c(1315): Comp split 11
INFO: dtree.c(1315): Comp split 12
INFO: dtree.c(1315): Comp split 13
INFO: dtree.c(1315): Comp split 14
INFO: dtree.c(1318): stop. leaf nodes are specific
!!!!!!!!Allocated 66 lines
Sat Mar 30 00:24:01 2013
