INFO: cmd_ln.c(691): Parsing command line:
/usr/libexec/sphinxtrain/bldtree \
	-treefn /home/jerrin/Documents/project/main upload/chakka/trained data builds/tuttorialchakka_1/chakka/trees/chakka.unpruned/E-0.dtree \
	-moddeffn /home/jerrin/Documents/project/main upload/chakka/trained data builds/tuttorialchakka_1/chakka/model_architecture/chakka.untied.mdef \
	-mixwfn /home/jerrin/Documents/project/main upload/chakka/trained data builds/tuttorialchakka_1/chakka/model_parameters/chakka.cd_cont_untied/mixture_weights \
	-ts2cbfn .cont. \
	-mwfloor 1e-08 \
	-psetfn /home/jerrin/Documents/project/main upload/chakka/trained data builds/tuttorialchakka_1/chakka/model_architecture/chakka.tree_questions \
	-phone E \
	-state 0 \
	-stwt 1.0,0.05,0.0 \
	-meanfn /home/jerrin/Documents/project/main upload/chakka/trained data builds/tuttorialchakka_1/chakka/model_parameters/chakka.cd_cont_untied/means \
	-varfn /home/jerrin/Documents/project/main upload/chakka/trained data builds/tuttorialchakka_1/chakka/model_parameters/chakka.cd_cont_untied/variances \
	-fullvar no \
	-ssplitmin 1 \
	-ssplitmax 7 \
	-ssplitthr 0 \
	-csplitmin 1 \
	-csplitmax 2000 \
	-csplitthr 0 

Current configuration:
[NAME]		[DEFLT]	[VALUE]
-allphones	no	no
-cntthresh	0.00001	1.000000e-05
-csplitmax	100	2000
-csplitmin	1	1
-csplitthr	8e-4	0.000000e+00
-example	no	no
-fullvar	no	no
-help		no	no
-meanfn			/home/jerrin/Documents/project/main upload/chakka/trained data builds/tuttorialchakka_1/chakka/model_parameters/chakka.cd_cont_untied/means
-mixwfn			/home/jerrin/Documents/project/main upload/chakka/trained data builds/tuttorialchakka_1/chakka/model_parameters/chakka.cd_cont_untied/mixture_weights
-moddeffn		/home/jerrin/Documents/project/main upload/chakka/trained data builds/tuttorialchakka_1/chakka/model_architecture/chakka.untied.mdef
-mwfloor	1e-4	1.000000e-08
-phone			E
-psetfn			/home/jerrin/Documents/project/main upload/chakka/trained data builds/tuttorialchakka_1/chakka/model_architecture/chakka.tree_questions
-ssplitmax	5	7
-ssplitmin	1	1
-ssplitthr	8e-4	0.000000e+00
-state			0
-stwt			1.0,0.05,0.0,
-treefn			/home/jerrin/Documents/project/main upload/chakka/trained data builds/tuttorialchakka_1/chakka/trees/chakka.unpruned/E-0.dtree
-ts2cbfn	.semi.	.cont.
-varfloor	0.00001	1.000000e-05
-varfn			/home/jerrin/Documents/project/main upload/chakka/trained data builds/tuttorialchakka_1/chakka/model_parameters/chakka.cd_cont_untied/variances

INFO: main.c(223): Reading: /home/jerrin/Documents/project/main upload/chakka/trained data builds/tuttorialchakka_1/chakka/model_architecture/chakka.untied.mdef
INFO: model_def_io.c(573): Model definition info:
INFO: model_def_io.c(574): 347 total models defined (45 base, 302 tri)
INFO: model_def_io.c(575): 1388 total states
INFO: model_def_io.c(576): 1041 total tied states
INFO: model_def_io.c(577): 135 total tied CI states
INFO: model_def_io.c(578): 45 total tied transition matrices
INFO: model_def_io.c(579): 4 max state/model
INFO: model_def_io.c(580): 4 min state/model
INFO: main.c(242): Building trees for [E CH T i] through [E V SH i]
INFO: main.c(268): Covering states |[459 509]| == 51
INFO: main.c(275): Reading: /home/jerrin/Documents/project/main upload/chakka/trained data builds/tuttorialchakka_1/chakka/model_parameters/chakka.cd_cont_untied/mixture_weights
INFO: s3mixw_io.c(172): Read /home/jerrin/Documents/project/main upload/chakka/trained data builds/tuttorialchakka_1/chakka/model_parameters/chakka.cd_cont_untied/mixture_weights [51x1x1 array]
INFO: main.c(311): 17 of 17 models have observation count greater than 0.000010
INFO: main.c(95): nrm stwt: 0.952 0.048 0.000 
INFO: s3gau_io.c(166): Read /home/jerrin/Documents/project/main upload/chakka/trained data builds/tuttorialchakka_1/chakka/model_parameters/chakka.cd_cont_untied/means [1041x1x1 array]
INFO: s3gau_io.c(166): Read /home/jerrin/Documents/project/main upload/chakka/trained data builds/tuttorialchakka_1/chakka/model_parameters/chakka.cd_cont_untied/variances [1041x1x1 array]
INFO: main.c(549): Reading: /home/jerrin/Documents/project/main upload/chakka/trained data builds/tuttorialchakka_1/chakka/model_architecture/chakka.tree_questions
INFO: main.c(587): 174 total simple questions (166 phone; 8 word bndry)
INFO: main.c(589): 40 Left Only questions, and 42 Right Only questions
INFO: dtree.c(1478): Final simple tree
|( QUESTION0_0_R 1 -7.635e+03 1.865e+03 7.818e+02
|    ( QUESTION2_8_L -1 -3.458e+03 1.073e+03 3.734e+02
|        ( !QUESTION2_14_L -1 -8.614e+02 7.206e+02 1.625e+02
|            ( - 1.007e+02 1 0)
|            ( - -2.415e+02 1 0))
|        ( WDBNDRY_B 0 -1.523e+03 6.786e+02 2.109e+02
|            ( - -1.462e+02 2 0 SILENCE -1 9.930e+01 6.925e+01)
|            ( - -6.986e+02 3 0 !QUESTION19 1 4.624e+02 1.416e+02)))
|    ( QUESTION0_16_R 1 -2.312e+03 7.925e+02 4.084e+02
|        ( !QUESTION2_17_L -1 -3.706e+02 6.418e+02 2.625e+02
|            ( - 3.057e+02 2 0 QUESTION1 -1 4.428e+02 1.198e+02)
|            ( - -3.446e+01 2 0))
|        ( !WDBNDRY_E 0 -1.149e+03 5.682e+02 1.459e+02
|            ( - -2.268e+02 3 0 !QUESTION0_10_R 1 3.495e+02 7.045e+01)
|            ( - -3.535e+02 3 0 !QUESTION2_17_L -1 3.294e+02 7.543e+01))))
s>    ( QUESTION0_0_R 1 -7.635e+03 1.865e+03 7.818e+02
s>        ( QUESTION2_8_L -1 -3.458e+03 1.073e+03 3.734e+02
s>            ( !QUESTION2_14_L -1 -8.614e+02 7.206e+02 1.625e+02
s>                ( - 1.007e+02 1 0)
s>                ( - -2.415e+02 1 0))
s>            ( WDBNDRY_B 0 -1.523e+03 6.786e+02 2.109e+02
s>                ( - -1.462e+02 2 0 SILENCE -1 9.930e+01 6.925e+01)
s>                ( - -6.986e+02 3 0 !QUESTION19 1 4.624e+02 1.416e+02)))
s>        ( QUESTION0_16_R 1 -2.312e+03 7.925e+02 4.084e+02
s>            ( !QUESTION2_17_L -1 -3.706e+02 6.418e+02 2.625e+02
s>                ( - 3.057e+02 2 0 QUESTION1 -1 4.428e+02 1.198e+02)
s>                ( - -3.446e+01 2 0))
s>            ( !WDBNDRY_E 0 -1.149e+03 5.682e+02 1.459e+02
s>                ( - -2.268e+02 3 0 !QUESTION0_10_R 1 3.495e+02 7.045e+01)
s>                ( - -3.535e+02 3 0 !QUESTION2_17_L -1 3.294e+02 7.543e+01))))INFO: dtree.c(1315): Comp split 0
INFO: dtree.c(1478): Final simple tree
|( QUESTION2_8_L -1 -3.648e+03 9.969e+02 3.673e+02
|    ( !QUESTION2_16_L -1 -7.538e+02 6.099e+02 1.226e+02
|        ( - -2.415e+02 1 0)
|        ( - 9.751e+01 1 0))
|    ( WDBNDRY_B 0 -1.898e+03 7.219e+02 2.447e+02
|        ( - -1.462e+02 2 0 SILENCE -1 9.930e+01 6.925e+01)
|        ( QUESTION15 -1 -1.030e+03 4.169e+02 1.754e+02
|            ( - 7.732e+00 1 0)
|            ( SILENCE 1 -6.203e+02 2.903e+02 1.188e+02
|                ( - 6.103e+01 1 0)
|                ( QUESTION0_4_R 1 -3.911e+02 2.255e+02 9.997e+01
|                    ( - 1.272e+02 1 0)
|                    ( WDBNDRY_E 0 -2.928e+02 1.792e+02 6.437e+01
|                        ( - 2.757e+01 1 0)
|                        ( - -1.411e+02 1 0)))))))
s>    ( QUESTION2_8_L -1 -3.648e+03 9.969e+02 3.673e+02
s>        ( !QUESTION2_16_L -1 -7.538e+02 6.099e+02 1.226e+02
s>            ( - -2.415e+02 1 0)
s>            ( - 9.751e+01 1 0))
s>        ( WDBNDRY_B 0 -1.898e+03 7.219e+02 2.447e+02
s>            ( - -1.462e+02 2 0 SILENCE -1 9.930e+01 6.925e+01)
s>            ( QUESTION15 -1 -1.030e+03 4.169e+02 1.754e+02
s>                ( - 7.732e+00 1 0)
s>                ( SILENCE 1 -6.203e+02 2.903e+02 1.188e+02
s>                    ( - 6.103e+01 1 0)
s>                    ( QUESTION0_4_R 1 -3.911e+02 2.255e+02 9.997e+01
s>                        ( - 1.272e+02 1 0)
s>                        ( WDBNDRY_E 0 -2.928e+02 1.792e+02 6.437e+01
s>                            ( - 2.757e+01 1 0)
s>                            ( - -1.411e+02 1 0)))))))INFO: dtree.c(1439): stop. leaf nodes are specific
INFO: dtree.c(1478): Final simple tree
|( QUESTION0_16_R 1 -1.838e+03 7.304e+02 4.145e+02
|    ( !QUESTION2_17_L -1 -3.706e+02 6.418e+02 2.625e+02
|        ( QUESTION1 -1 3.057e+02 4.428e+02 1.198e+02
|            ( - 1.421e+02 1 0)
|            ( - 6.064e+02 1 0))
|        ( - -3.446e+01 2 0))
|    ( QUESTION0_0_R 1 -7.369e+02 6.108e+02 1.520e+02
|        ( - 1.007e+02 1 0)
|        ( !QUESTION0_10_R 1 -2.268e+02 3.495e+02 7.045e+01
|            ( !QUESTION2_17_L -1 3.221e+01 2.278e+02 4.686e+01
|                ( - 3.838e+01 1 0)
|                ( - 2.217e+02 1 0))
|            ( - 9.049e+01 1 0))))
s>    ( QUESTION0_16_R 1 -1.838e+03 7.304e+02 4.145e+02
s>        ( !QUESTION2_17_L -1 -3.706e+02 6.418e+02 2.625e+02
s>            ( QUESTION1 -1 3.057e+02 4.428e+02 1.198e+02
s>                ( - 1.421e+02 1 0)
s>                ( - 6.064e+02 1 0))
s>            ( - -3.446e+01 2 0))
s>        ( QUESTION0_0_R 1 -7.369e+02 6.108e+02 1.520e+02
s>            ( - 1.007e+02 1 0)
s>            ( !QUESTION0_10_R 1 -2.268e+02 3.495e+02 7.045e+01
s>                ( !QUESTION2_17_L -1 3.221e+01 2.278e+02 4.686e+01
s>                    ( - 3.838e+01 1 0)
s>                    ( - 2.217e+02 1 0))
s>                ( - 9.049e+01 1 0))))INFO: dtree.c(1315): Comp split 1
INFO: dtree.c(1439): stop. leaf nodes are specific
INFO: dtree.c(1478): Final simple tree
|( QUESTION2_8_L -1 -2.054e+03 6.798e+02 2.414e+02
|    ( !QUESTION2_16_L -1 -7.538e+02 6.099e+02 1.226e+02
|        ( - -2.415e+02 1 0)
|        ( - 9.751e+01 1 0))
|    ( SILENCE 1 -6.203e+02 2.903e+02 1.188e+02
|        ( - 6.103e+01 1 0)
|        ( QUESTION0_4_R 1 -3.911e+02 2.255e+02 9.997e+01
|            ( - 1.272e+02 1 0)
|            ( WDBNDRY_E 0 -2.928e+02 1.792e+02 6.437e+01
|                ( - 2.757e+01 1 0)
|                ( - -1.411e+02 1 0)))))
s>    ( QUESTION2_8_L -1 -2.054e+03 6.798e+02 2.414e+02
s>        ( !QUESTION2_16_L -1 -7.538e+02 6.099e+02 1.226e+02
s>            ( - -2.415e+02 1 0)
s>            ( - 9.751e+01 1 0))
s>        ( SILENCE 1 -6.203e+02 2.903e+02 1.188e+02
s>            ( - 6.103e+01 1 0)
s>            ( QUESTION0_4_R 1 -3.911e+02 2.255e+02 9.997e+01
s>                ( - 1.272e+02 1 0)
s>                ( WDBNDRY_E 0 -2.928e+02 1.792e+02 6.437e+01
s>                    ( - 2.757e+01 1 0)
s>                    ( - -1.411e+02 1 0)))))INFO: dtree.c(1439): stop. leaf nodes are specific
INFO: dtree.c(1478): Final simple tree
|( WDBNDRY_B 0 -5.850e+02 4.465e+02 1.259e+02
|    ( SILENCE -1 -1.462e+02 9.930e+01 6.925e+01
|        ( - 3.477e+01 1 0)
|        ( - -8.165e+01 1 0))
|    ( - 7.732e+00 1 0))
s>    ( WDBNDRY_B 0 -5.850e+02 4.465e+02 1.259e+02
s>        ( SILENCE -1 -1.462e+02 9.930e+01 6.925e+01
s>            ( - 3.477e+01 1 0)
s>            ( - -8.165e+01 1 0))
s>        ( - 7.732e+00 1 0))INFO: dtree.c(1315): Comp split 2
INFO: dtree.c(1439): stop. leaf nodes are specific
INFO: dtree.c(1478): Final simple tree
|( QUESTION2 -1 -9.872e+02 4.644e+02 1.604e+02
|    ( - 9.751e+01 1 0)
|    ( SILENCE 1 -6.203e+02 2.903e+02 1.188e+02
|        ( - 6.103e+01 1 0)
|        ( QUESTION0_4_R 1 -3.911e+02 2.255e+02 9.997e+01
|            ( - 1.272e+02 1 0)
|            ( WDBNDRY_E 0 -2.928e+02 1.792e+02 6.437e+01
|                ( - 2.757e+01 1 0)
|                ( - -1.411e+02 1 0)))))
s>    ( QUESTION2 -1 -9.872e+02 4.644e+02 1.604e+02
s>        ( - 9.751e+01 1 0)
s>        ( SILENCE 1 -6.203e+02 2.903e+02 1.188e+02
s>            ( - 6.103e+01 1 0)
s>            ( QUESTION0_4_R 1 -3.911e+02 2.255e+02 9.997e+01
s>                ( - 1.272e+02 1 0)
s>                ( WDBNDRY_E 0 -2.928e+02 1.792e+02 6.437e+01
s>                    ( - 2.757e+01 1 0)
s>                    ( - -1.411e+02 1 0)))))INFO: dtree.c(1315): Comp split 3
INFO: dtree.c(1439): stop. leaf nodes are specific
INFO: dtree.c(1478): Final simple tree
|( QUESTION1 -1 3.057e+02 4.428e+02 1.198e+02
|    ( - 1.421e+02 1 0)
|    ( - 6.064e+02 1 0))
s>    ( QUESTION1 -1 3.057e+02 4.428e+02 1.198e+02
s>        ( - 1.421e+02 1 0)
s>        ( - 6.064e+02 1 0))INFO: dtree.c(1439): stop. leaf nodes are specific
INFO: dtree.c(1478): Final simple tree
|( QUESTION0_16_R 1 -1.409e+03 6.381e+02 2.947e+02
|    ( - -3.446e+01 2 0)
|    ( QUESTION0_0_R 1 -7.369e+02 6.108e+02 1.520e+02
|        ( - 1.007e+02 1 0)
|        ( !QUESTION0_10_R 1 -2.268e+02 3.495e+02 7.045e+01
|            ( !QUESTION2_17_L -1 3.221e+01 2.278e+02 4.686e+01
|                ( - 3.838e+01 1 0)
|                ( - 2.217e+02 1 0))
|            ( - 9.049e+01 1 0))))
s>    ( QUESTION0_16_R 1 -1.409e+03 6.381e+02 2.947e+02
s>        ( - -3.446e+01 2 0)
s>        ( QUESTION0_0_R 1 -7.369e+02 6.108e+02 1.520e+02
s>            ( - 1.007e+02 1 0)
s>            ( !QUESTION0_10_R 1 -2.268e+02 3.495e+02 7.045e+01
s>                ( !QUESTION2_17_L -1 3.221e+01 2.278e+02 4.686e+01
s>                    ( - 3.838e+01 1 0)
s>                    ( - 2.217e+02 1 0))
s>                ( - 9.049e+01 1 0))))INFO: dtree.c(1315): Comp split 4
INFO: dtree.c(1439): stop. leaf nodes are specific
INFO: dtree.c(1478): Final simple tree
|( QUESTION0_0_R 1 -7.369e+02 6.108e+02 1.520e+02
|    ( - 1.007e+02 1 0)
|    ( !QUESTION0_10_R 1 -2.268e+02 3.495e+02 7.045e+01
|        ( !QUESTION2_17_L -1 3.221e+01 2.278e+02 4.686e+01
|            ( - 3.838e+01 1 0)
|            ( - 2.217e+02 1 0))
|        ( - 9.049e+01 1 0)))
s>    ( QUESTION0_0_R 1 -7.369e+02 6.108e+02 1.520e+02
s>        ( - 1.007e+02 1 0)
s>        ( !QUESTION0_10_R 1 -2.268e+02 3.495e+02 7.045e+01
s>            ( !QUESTION2_17_L -1 3.221e+01 2.278e+02 4.686e+01
s>                ( - 3.838e+01 1 0)
s>                ( - 2.217e+02 1 0))
s>            ( - 9.049e+01 1 0)))INFO: dtree.c(1315): Comp split 5
INFO: dtree.c(1439): stop. leaf nodes are specific
INFO: dtree.c(1478): Final simple tree
|( !QUESTION0_10_R 1 -2.268e+02 3.495e+02 7.045e+01
|    ( !QUESTION2_17_L -1 3.221e+01 2.278e+02 4.686e+01
|        ( - 3.838e+01 1 0)
|        ( - 2.217e+02 1 0))
|    ( - 9.049e+01 1 0))
s>    ( !QUESTION0_10_R 1 -2.268e+02 3.495e+02 7.045e+01
s>        ( !QUESTION2_17_L -1 3.221e+01 2.278e+02 4.686e+01
s>            ( - 3.838e+01 1 0)
s>            ( - 2.217e+02 1 0))
s>        ( - 9.049e+01 1 0))INFO: dtree.c(1315): Comp split 6
INFO: dtree.c(1439): stop. leaf nodes are specific
INFO: dtree.c(1478): Final simple tree
|( SILENCE 1 -6.203e+02 2.903e+02 1.188e+02
|    ( - 6.103e+01 1 0)
|    ( QUESTION0_4_R 1 -3.911e+02 2.255e+02 9.997e+01
|        ( - 1.272e+02 1 0)
|        ( WDBNDRY_E 0 -2.928e+02 1.792e+02 6.437e+01
|            ( - 2.757e+01 1 0)
|            ( - -1.411e+02 1 0))))
s>    ( SILENCE 1 -6.203e+02 2.903e+02 1.188e+02
s>        ( - 6.103e+01 1 0)
s>        ( QUESTION0_4_R 1 -3.911e+02 2.255e+02 9.997e+01
s>            ( - 1.272e+02 1 0)
s>            ( WDBNDRY_E 0 -2.928e+02 1.792e+02 6.437e+01
s>                ( - 2.757e+01 1 0)
s>                ( - -1.411e+02 1 0))))INFO: dtree.c(1315): Comp split 7
INFO: dtree.c(1439): stop. leaf nodes are specific
INFO: dtree.c(1478): Final simple tree
|( SILENCE -1 -1.462e+02 9.930e+01 6.925e+01
|    ( - 3.477e+01 1 0)
|    ( - -8.165e+01 1 0))
s>    ( SILENCE -1 -1.462e+02 9.930e+01 6.925e+01
s>        ( - 3.477e+01 1 0)
s>        ( - -8.165e+01 1 0))INFO: dtree.c(1315): Comp split 8
INFO: dtree.c(1315): Comp split 9
INFO: dtree.c(1439): stop. leaf nodes are specific
INFO: dtree.c(1478): Final simple tree
|( !QUESTION2_17_L -1 3.221e+01 2.278e+02 4.686e+01
|    ( - 3.838e+01 1 0)
|    ( - 2.217e+02 1 0))
s>    ( !QUESTION2_17_L -1 3.221e+01 2.278e+02 4.686e+01
s>        ( - 3.838e+01 1 0)
s>        ( - 2.217e+02 1 0))INFO: dtree.c(1315): Comp split 10
INFO: dtree.c(1439): stop. leaf nodes are specific
INFO: dtree.c(1478): Final simple tree
|( QUESTION0_4_R 1 -3.911e+02 2.255e+02 9.997e+01
|    ( - 1.272e+02 1 0)
|    ( WDBNDRY_E 0 -2.928e+02 1.792e+02 6.437e+01
|        ( - 2.757e+01 1 0)
|        ( - -1.411e+02 1 0)))
s>    ( QUESTION0_4_R 1 -3.911e+02 2.255e+02 9.997e+01
s>        ( - 1.272e+02 1 0)
s>        ( WDBNDRY_E 0 -2.928e+02 1.792e+02 6.437e+01
s>            ( - 2.757e+01 1 0)
s>            ( - -1.411e+02 1 0)))INFO: dtree.c(1315): Comp split 11
INFO: dtree.c(1315): Comp split 12
INFO: dtree.c(1439): stop. leaf nodes are specific
INFO: dtree.c(1478): Final simple tree
|( WDBNDRY_E 0 -2.928e+02 1.792e+02 6.437e+01
|    ( - 2.757e+01 1 0)
|    ( - -1.411e+02 1 0))
s>    ( WDBNDRY_E 0 -2.928e+02 1.792e+02 6.437e+01
s>        ( - 2.757e+01 1 0)
s>        ( - -1.411e+02 1 0))INFO: dtree.c(1315): Comp split 13
INFO: dtree.c(1315): Comp split 14
INFO: dtree.c(1315): Comp split 15
INFO: dtree.c(1318): stop. leaf nodes are specific
!!!!!!!!Allocated 66 lines
Sat Mar 30 00:24:02 2013
