INFO: cmd_ln.c(691): Parsing command line:
/usr/libexec/sphinxtrain/bldtree \
	-treefn /home/jerrin/Documents/project/main upload/chakka/trained data builds/tuttorialchakka_1/chakka/trees/chakka.unpruned/AA-0.dtree \
	-moddeffn /home/jerrin/Documents/project/main upload/chakka/trained data builds/tuttorialchakka_1/chakka/model_architecture/chakka.untied.mdef \
	-mixwfn /home/jerrin/Documents/project/main upload/chakka/trained data builds/tuttorialchakka_1/chakka/model_parameters/chakka.cd_cont_untied/mixture_weights \
	-ts2cbfn .cont. \
	-mwfloor 1e-08 \
	-psetfn /home/jerrin/Documents/project/main upload/chakka/trained data builds/tuttorialchakka_1/chakka/model_architecture/chakka.tree_questions \
	-phone AA \
	-state 0 \
	-stwt 1.0,0.05,0.0 \
	-meanfn /home/jerrin/Documents/project/main upload/chakka/trained data builds/tuttorialchakka_1/chakka/model_parameters/chakka.cd_cont_untied/means \
	-varfn /home/jerrin/Documents/project/main upload/chakka/trained data builds/tuttorialchakka_1/chakka/model_parameters/chakka.cd_cont_untied/variances \
	-fullvar no \
	-ssplitmin 1 \
	-ssplitmax 7 \
	-ssplitthr 0 \
	-csplitmin 1 \
	-csplitmax 2000 \
	-csplitthr 0 

Current configuration:
[NAME]		[DEFLT]	[VALUE]
-allphones	no	no
-cntthresh	0.00001	1.000000e-05
-csplitmax	100	2000
-csplitmin	1	1
-csplitthr	8e-4	0.000000e+00
-example	no	no
-fullvar	no	no
-help		no	no
-meanfn			/home/jerrin/Documents/project/main upload/chakka/trained data builds/tuttorialchakka_1/chakka/model_parameters/chakka.cd_cont_untied/means
-mixwfn			/home/jerrin/Documents/project/main upload/chakka/trained data builds/tuttorialchakka_1/chakka/model_parameters/chakka.cd_cont_untied/mixture_weights
-moddeffn		/home/jerrin/Documents/project/main upload/chakka/trained data builds/tuttorialchakka_1/chakka/model_architecture/chakka.untied.mdef
-mwfloor	1e-4	1.000000e-08
-phone			AA
-psetfn			/home/jerrin/Documents/project/main upload/chakka/trained data builds/tuttorialchakka_1/chakka/model_architecture/chakka.tree_questions
-ssplitmax	5	7
-ssplitmin	1	1
-ssplitthr	8e-4	0.000000e+00
-state			0
-stwt			1.0,0.05,0.0,
-treefn			/home/jerrin/Documents/project/main upload/chakka/trained data builds/tuttorialchakka_1/chakka/trees/chakka.unpruned/AA-0.dtree
-ts2cbfn	.semi.	.cont.
-varfloor	0.00001	1.000000e-05
-varfn			/home/jerrin/Documents/project/main upload/chakka/trained data builds/tuttorialchakka_1/chakka/model_parameters/chakka.cd_cont_untied/variances

INFO: main.c(223): Reading: /home/jerrin/Documents/project/main upload/chakka/trained data builds/tuttorialchakka_1/chakka/model_architecture/chakka.untied.mdef
INFO: model_def_io.c(573): Model definition info:
INFO: model_def_io.c(574): 347 total models defined (45 base, 302 tri)
INFO: model_def_io.c(575): 1388 total states
INFO: model_def_io.c(576): 1041 total tied states
INFO: model_def_io.c(577): 135 total tied CI states
INFO: model_def_io.c(578): 45 total tied transition matrices
INFO: model_def_io.c(579): 4 max state/model
INFO: model_def_io.c(580): 4 min state/model
INFO: main.c(242): Building trees for [AA CH RA i] through [AA ZH M i]
INFO: main.c(268): Covering states |[282 335]| == 54
INFO: main.c(275): Reading: /home/jerrin/Documents/project/main upload/chakka/trained data builds/tuttorialchakka_1/chakka/model_parameters/chakka.cd_cont_untied/mixture_weights
INFO: s3mixw_io.c(172): Read /home/jerrin/Documents/project/main upload/chakka/trained data builds/tuttorialchakka_1/chakka/model_parameters/chakka.cd_cont_untied/mixture_weights [54x1x1 array]
INFO: main.c(311): 18 of 18 models have observation count greater than 0.000010
INFO: main.c(95): nrm stwt: 0.952 0.048 0.000 
INFO: s3gau_io.c(166): Read /home/jerrin/Documents/project/main upload/chakka/trained data builds/tuttorialchakka_1/chakka/model_parameters/chakka.cd_cont_untied/means [1041x1x1 array]
INFO: s3gau_io.c(166): Read /home/jerrin/Documents/project/main upload/chakka/trained data builds/tuttorialchakka_1/chakka/model_parameters/chakka.cd_cont_untied/variances [1041x1x1 array]
INFO: main.c(549): Reading: /home/jerrin/Documents/project/main upload/chakka/trained data builds/tuttorialchakka_1/chakka/model_architecture/chakka.tree_questions
INFO: main.c(587): 174 total simple questions (166 phone; 8 word bndry)
INFO: main.c(589): 40 Left Only questions, and 42 Right Only questions
INFO: dtree.c(1478): Final simple tree
|( WDBNDRY_B 0 -2.801e+03 4.720e+03 1.344e+03
|    ( - -4.707e+02 1 0)
|    ( QUESTION2_7_L -1 2.390e+03 3.280e+03 1.148e+03
|        ( QUESTION1 -1 1.562e+03 2.389e+03 9.312e+02
|            ( QUESTION0_0_R 1 2.497e+03 2.246e+03 7.571e+02
|                ( QUESTION16 1 4.581e+03 2.013e+03 4.902e+02
|                    ( - 3.282e+03 2 0)
|                    ( QUESTION18 1 3.312e+03 1.492e+03 2.944e+02
|                        ( - 1.252e+03 2 0)
|                        ( QUESTION0_1_R 1 3.552e+03 9.016e+02 1.527e+02
|                            ( - 2.117e+03 1 0)
|                            ( - 2.337e+03 1 0))))
|                ( - 1.625e+02 4 0 !QUESTION2_17_L -1 5.987e+02 2.669e+02))
|            ( - 1.454e+03 3 0 QUESTION15 1 3.399e+02 1.741e+02))
|        ( - 4.107e+03 4 0 QUESTION0 -1 8.725e+02 2.169e+02)))
s>    ( WDBNDRY_B 0 -2.801e+03 4.720e+03 1.344e+03
s>        ( - -4.707e+02 1 0)
s>        ( QUESTION2_7_L -1 2.390e+03 3.280e+03 1.148e+03
s>            ( QUESTION1 -1 1.562e+03 2.389e+03 9.312e+02
s>                ( QUESTION0_0_R 1 2.497e+03 2.246e+03 7.571e+02
s>                    ( QUESTION16 1 4.581e+03 2.013e+03 4.902e+02
s>                        ( - 3.282e+03 2 0)
s>                        ( QUESTION18 1 3.312e+03 1.492e+03 2.944e+02
s>                            ( - 1.252e+03 2 0)
s>                            ( QUESTION0_1_R 1 3.552e+03 9.016e+02 1.527e+02
s>                                ( - 2.117e+03 1 0)
s>                                ( - 2.337e+03 1 0))))
s>                    ( - 1.625e+02 4 0 !QUESTION2_17_L -1 5.987e+02 2.669e+02))
s>                ( - 1.454e+03 3 0 QUESTION15 1 3.399e+02 1.741e+02))
s>            ( - 4.107e+03 4 0 QUESTION0 -1 8.725e+02 2.169e+02)))INFO: dtree.c(1315): Comp split 0
INFO: dtree.c(1439): stop. leaf nodes are specific
INFO: dtree.c(1478): Final simple tree
|( QUESTION0 -1 6.144e+03 1.270e+03 4.127e+02
|    ( QUESTION2 -1 3.360e+03 8.472e+02 2.578e+02
|        ( - 9.259e+02 1 0)
|        ( - 3.282e+03 2 0))
|    ( QUESTION0_0_R 1 4.054e+03 5.237e+02 1.549e+02
|        ( - 2.934e+03 1 0)
|        ( - 1.644e+03 2 0)))
s>    ( QUESTION0 -1 6.144e+03 1.270e+03 4.127e+02
s>        ( QUESTION2 -1 3.360e+03 8.472e+02 2.578e+02
s>            ( - 9.259e+02 1 0)
s>            ( - 3.282e+03 2 0))
s>        ( QUESTION0_0_R 1 4.054e+03 5.237e+02 1.549e+02
s>            ( - 2.934e+03 1 0)
s>            ( - 1.644e+03 2 0)))INFO: dtree.c(1478): Final simple tree
|( WDBNDRY_B 0 -3.301e+03 3.544e+03 9.313e+02
|    ( - -4.707e+02 1 0)
|    ( QUESTION0_15_R 1 7.145e+02 2.394e+03 7.354e+02
|        ( !QUESTION2_17_L -1 1.625e+02 5.987e+02 2.669e+02
|            ( !QUESTION2 1 4.907e+01 5.310e+02 2.005e+02
|                ( - 1.720e+02 1 0)
|                ( - 4.081e+02 2 0 QUESTION0_16_R 1 2.547e+02 1.408e+02))
|            ( - 7.121e+02 1 0))
|        ( QUESTION1 -1 2.946e+03 1.820e+03 4.685e+02
|            ( QUESTION18 1 3.312e+03 1.492e+03 2.944e+02
|                ( - 1.252e+03 2 0)
|                ( QUESTION0_1_R 1 3.552e+03 9.016e+02 1.527e+02
|                    ( - 2.117e+03 1 0)
|                    ( - 2.337e+03 1 0)))
|            ( - 1.454e+03 3 0 QUESTION15 1 3.399e+02 1.741e+02))))
s>    ( WDBNDRY_B 0 -3.301e+03 3.544e+03 9.313e+02
s>        ( - -4.707e+02 1 0)
s>        ( QUESTION0_15_R 1 7.145e+02 2.394e+03 7.354e+02
s>            ( !QUESTION2_17_L -1 1.625e+02 5.987e+02 2.669e+02
s>                ( !QUESTION2 1 4.907e+01 5.310e+02 2.005e+02
s>                    ( - 1.720e+02 1 0)
s>                    ( - 4.081e+02 2 0 QUESTION0_16_R 1 2.547e+02 1.408e+02))
s>                ( - 7.121e+02 1 0))
s>            ( QUESTION1 -1 2.946e+03 1.820e+03 4.685e+02
s>                ( QUESTION18 1 3.312e+03 1.492e+03 2.944e+02
s>                    ( - 1.252e+03 2 0)
s>                    ( QUESTION0_1_R 1 3.552e+03 9.016e+02 1.527e+02
s>                        ( - 2.117e+03 1 0)
s>                        ( - 2.337e+03 1 0)))
s>                ( - 1.454e+03 3 0 QUESTION15 1 3.399e+02 1.741e+02))))INFO: dtree.c(1315): Comp split 1
INFO: dtree.c(1478): Final simple tree
|( QUESTION0_15_R 1 7.145e+02 2.394e+03 7.354e+02
|    ( !QUESTION2_17_L -1 1.625e+02 5.987e+02 2.669e+02
|        ( !QUESTION2 1 4.907e+01 5.310e+02 2.005e+02
|            ( - 1.720e+02 1 0)
|            ( - 4.081e+02 2 0 QUESTION0_16_R 1 2.547e+02 1.408e+02))
|        ( - 7.121e+02 1 0))
|    ( QUESTION1 -1 2.946e+03 1.820e+03 4.685e+02
|        ( QUESTION18 1 3.312e+03 1.492e+03 2.944e+02
|            ( - 1.252e+03 2 0)
|            ( QUESTION0_1_R 1 3.552e+03 9.016e+02 1.527e+02
|                ( - 2.117e+03 1 0)
|                ( - 2.337e+03 1 0)))
|        ( QUESTION15 1 1.454e+03 3.399e+02 1.741e+02
|            ( - 1.041e+03 1 0)
|            ( - 7.524e+02 2 0 QUESTION0_0_R 1 2.175e+02 1.127e+02))))
s>    ( QUESTION0_15_R 1 7.145e+02 2.394e+03 7.354e+02
s>        ( !QUESTION2_17_L -1 1.625e+02 5.987e+02 2.669e+02
s>            ( !QUESTION2 1 4.907e+01 5.310e+02 2.005e+02
s>                ( - 1.720e+02 1 0)
s>                ( - 4.081e+02 2 0 QUESTION0_16_R 1 2.547e+02 1.408e+02))
s>            ( - 7.121e+02 1 0))
s>        ( QUESTION1 -1 2.946e+03 1.820e+03 4.685e+02
s>            ( QUESTION18 1 3.312e+03 1.492e+03 2.944e+02
s>                ( - 1.252e+03 2 0)
s>                ( QUESTION0_1_R 1 3.552e+03 9.016e+02 1.527e+02
s>                    ( - 2.117e+03 1 0)
s>                    ( - 2.337e+03 1 0)))
s>            ( QUESTION15 1 1.454e+03 3.399e+02 1.741e+02
s>                ( - 1.041e+03 1 0)
s>                ( - 7.524e+02 2 0 QUESTION0_0_R 1 2.175e+02 1.127e+02))))INFO: dtree.c(1315): Comp split 2
INFO: dtree.c(1439): stop. leaf nodes are specific
INFO: dtree.c(1478): Final simple tree
|( QUESTION1 -1 3.192e+03 1.814e+03 3.268e+02
|    ( QUESTION0_1_R 1 3.552e+03 9.016e+02 1.527e+02
|        ( - 2.117e+03 1 0)
|        ( - 2.337e+03 1 0))
|    ( QUESTION15 1 1.454e+03 3.399e+02 1.741e+02
|        ( - 1.041e+03 1 0)
|        ( QUESTION0_0_R 1 7.524e+02 2.175e+02 1.127e+02
|            ( - 5.851e+02 1 0)
|            ( - 3.849e+02 1 0))))
s>    ( QUESTION1 -1 3.192e+03 1.814e+03 3.268e+02
s>        ( QUESTION0_1_R 1 3.552e+03 9.016e+02 1.527e+02
s>            ( - 2.117e+03 1 0)
s>            ( - 2.337e+03 1 0))
s>        ( QUESTION15 1 1.454e+03 3.399e+02 1.741e+02
s>            ( - 1.041e+03 1 0)
s>            ( QUESTION0_0_R 1 7.524e+02 2.175e+02 1.127e+02
s>                ( - 5.851e+02 1 0)
s>                ( - 3.849e+02 1 0))))INFO: dtree.c(1439): stop. leaf nodes are specific
INFO: dtree.c(1478): Final simple tree
|( !QUESTION0_0_R 1 4.767e+02 9.379e+02 4.086e+02
|    ( !QUESTION2_17_L -1 1.625e+02 5.987e+02 2.669e+02
|        ( !QUESTION2 1 4.907e+01 5.310e+02 2.005e+02
|            ( - 1.720e+02 1 0)
|            ( QUESTION0_16_R 1 4.081e+02 2.547e+02 1.408e+02
|                ( - 1.858e+02 1 0)
|                ( - 4.770e+02 1 0)))
|        ( - 7.121e+02 1 0))
|    ( - 1.252e+03 2 0))
s>    ( !QUESTION0_0_R 1 4.767e+02 9.379e+02 4.086e+02
s>        ( !QUESTION2_17_L -1 1.625e+02 5.987e+02 2.669e+02
s>            ( !QUESTION2 1 4.907e+01 5.310e+02 2.005e+02
s>                ( - 1.720e+02 1 0)
s>                ( QUESTION0_16_R 1 4.081e+02 2.547e+02 1.408e+02
s>                    ( - 1.858e+02 1 0)
s>                    ( - 4.770e+02 1 0)))
s>            ( - 7.121e+02 1 0))
s>        ( - 1.252e+03 2 0))INFO: dtree.c(1315): Comp split 3
INFO: dtree.c(1439): stop. leaf nodes are specific
INFO: dtree.c(1478): Final simple tree
|( QUESTION15 1 1.454e+03 3.399e+02 1.741e+02
|    ( - 1.041e+03 1 0)
|    ( QUESTION0_0_R 1 7.524e+02 2.175e+02 1.127e+02
|        ( - 5.851e+02 1 0)
|        ( - 3.849e+02 1 0)))
s>    ( QUESTION15 1 1.454e+03 3.399e+02 1.741e+02
s>        ( - 1.041e+03 1 0)
s>        ( QUESTION0_0_R 1 7.524e+02 2.175e+02 1.127e+02
s>            ( - 5.851e+02 1 0)
s>            ( - 3.849e+02 1 0)))INFO: dtree.c(1439): stop. leaf nodes are specific
INFO: dtree.c(1478): Final simple tree
|( QUESTION0_1_R 1 3.552e+03 9.016e+02 1.527e+02
|    ( - 2.117e+03 1 0)
|    ( - 2.337e+03 1 0))
s>    ( QUESTION0_1_R 1 3.552e+03 9.016e+02 1.527e+02
s>        ( - 2.117e+03 1 0)
s>        ( - 2.337e+03 1 0))INFO: dtree.c(1315): Comp split 4
INFO: dtree.c(1439): stop. leaf nodes are specific
INFO: dtree.c(1478): Final simple tree
|( QUESTION0_0_R 1 4.054e+03 5.237e+02 1.549e+02
|    ( - 2.934e+03 1 0)
|    ( - 1.644e+03 2 0))
s>    ( QUESTION0_0_R 1 4.054e+03 5.237e+02 1.549e+02
s>        ( - 2.934e+03 1 0)
s>        ( - 1.644e+03 2 0))INFO: dtree.c(1439): stop. leaf nodes are specific
INFO: dtree.c(1478): Final simple tree
|( QUESTION2 -1 3.360e+03 8.472e+02 2.578e+02
|    ( - 9.259e+02 1 0)
|    ( - 3.282e+03 2 0))
s>    ( QUESTION2 -1 3.360e+03 8.472e+02 2.578e+02
s>        ( - 9.259e+02 1 0)
s>        ( - 3.282e+03 2 0))INFO: dtree.c(1315): Comp split 5
INFO: dtree.c(1439): stop. leaf nodes are specific
INFO: dtree.c(1478): Final simple tree
|( !QUESTION2_17_L -1 1.625e+02 5.987e+02 2.669e+02
|    ( !QUESTION2 1 4.907e+01 5.310e+02 2.005e+02
|        ( - 1.720e+02 1 0)
|        ( QUESTION0_16_R 1 4.081e+02 2.547e+02 1.408e+02
|            ( - 1.858e+02 1 0)
|            ( - 4.770e+02 1 0)))
|    ( - 7.121e+02 1 0))
s>    ( !QUESTION2_17_L -1 1.625e+02 5.987e+02 2.669e+02
s>        ( !QUESTION2 1 4.907e+01 5.310e+02 2.005e+02
s>            ( - 1.720e+02 1 0)
s>            ( QUESTION0_16_R 1 4.081e+02 2.547e+02 1.408e+02
s>                ( - 1.858e+02 1 0)
s>                ( - 4.770e+02 1 0)))
s>        ( - 7.121e+02 1 0))INFO: dtree.c(1315): Comp split 6
INFO: dtree.c(1315): Comp split 7
INFO: dtree.c(1315): Comp split 8
INFO: dtree.c(1439): stop. leaf nodes are specific
INFO: dtree.c(1478): Final simple tree
|( !QUESTION2 1 4.907e+01 5.310e+02 2.005e+02
|    ( - 1.720e+02 1 0)
|    ( QUESTION0_16_R 1 4.081e+02 2.547e+02 1.408e+02
|        ( - 1.858e+02 1 0)
|        ( - 4.770e+02 1 0)))
s>    ( !QUESTION2 1 4.907e+01 5.310e+02 2.005e+02
s>        ( - 1.720e+02 1 0)
s>        ( QUESTION0_16_R 1 4.081e+02 2.547e+02 1.408e+02
s>            ( - 1.858e+02 1 0)
s>            ( - 4.770e+02 1 0)))INFO: dtree.c(1315): Comp split 9
INFO: dtree.c(1439): stop. leaf nodes are specific
INFO: dtree.c(1478): Final simple tree
|( QUESTION0_16_R 1 4.081e+02 2.547e+02 1.408e+02
|    ( - 1.858e+02 1 0)
|    ( - 4.770e+02 1 0))
s>    ( QUESTION0_16_R 1 4.081e+02 2.547e+02 1.408e+02
s>        ( - 1.858e+02 1 0)
s>        ( - 4.770e+02 1 0))INFO: dtree.c(1315): Comp split 10
INFO: dtree.c(1315): Comp split 11
INFO: dtree.c(1439): stop. leaf nodes are specific
INFO: dtree.c(1478): Final simple tree
|( QUESTION0_0_R 1 7.524e+02 2.175e+02 1.127e+02
|    ( - 5.851e+02 1 0)
|    ( - 3.849e+02 1 0))
s>    ( QUESTION0_0_R 1 7.524e+02 2.175e+02 1.127e+02
s>        ( - 5.851e+02 1 0)
s>        ( - 3.849e+02 1 0))INFO: dtree.c(1315): Comp split 12
INFO: dtree.c(1315): Comp split 13
INFO: dtree.c(1315): Comp split 14
INFO: dtree.c(1318): stop. leaf nodes are specific
!!!!!!!!Allocated 66 lines
Sat Mar 30 00:24:01 2013
