INFO: cmd_ln.c(691): Parsing command line:
/usr/libexec/sphinxtrain/bldtree \
	-treefn /home/jerrin/Documents/project/main upload/chakka/trained data builds/tuttorialchakka_1/chakka/trees/chakka.unpruned/T-2.dtree \
	-moddeffn /home/jerrin/Documents/project/main upload/chakka/trained data builds/tuttorialchakka_1/chakka/model_architecture/chakka.untied.mdef \
	-mixwfn /home/jerrin/Documents/project/main upload/chakka/trained data builds/tuttorialchakka_1/chakka/model_parameters/chakka.cd_cont_untied/mixture_weights \
	-ts2cbfn .cont. \
	-mwfloor 1e-08 \
	-psetfn /home/jerrin/Documents/project/main upload/chakka/trained data builds/tuttorialchakka_1/chakka/model_architecture/chakka.tree_questions \
	-phone T \
	-state 2 \
	-stwt 1.0,0.05,0.0 \
	-meanfn /home/jerrin/Documents/project/main upload/chakka/trained data builds/tuttorialchakka_1/chakka/model_parameters/chakka.cd_cont_untied/means \
	-varfn /home/jerrin/Documents/project/main upload/chakka/trained data builds/tuttorialchakka_1/chakka/model_parameters/chakka.cd_cont_untied/variances \
	-fullvar no \
	-ssplitmin 1 \
	-ssplitmax 7 \
	-ssplitthr 0 \
	-csplitmin 1 \
	-csplitmax 2000 \
	-csplitthr 0 

Current configuration:
[NAME]		[DEFLT]	[VALUE]
-allphones	no	no
-cntthresh	0.00001	1.000000e-05
-csplitmax	100	2000
-csplitmin	1	1
-csplitthr	8e-4	0.000000e+00
-example	no	no
-fullvar	no	no
-help		no	no
-meanfn			/home/jerrin/Documents/project/main upload/chakka/trained data builds/tuttorialchakka_1/chakka/model_parameters/chakka.cd_cont_untied/means
-mixwfn			/home/jerrin/Documents/project/main upload/chakka/trained data builds/tuttorialchakka_1/chakka/model_parameters/chakka.cd_cont_untied/mixture_weights
-moddeffn		/home/jerrin/Documents/project/main upload/chakka/trained data builds/tuttorialchakka_1/chakka/model_architecture/chakka.untied.mdef
-mwfloor	1e-4	1.000000e-08
-phone			T
-psetfn			/home/jerrin/Documents/project/main upload/chakka/trained data builds/tuttorialchakka_1/chakka/model_architecture/chakka.tree_questions
-ssplitmax	5	7
-ssplitmin	1	1
-ssplitthr	8e-4	0.000000e+00
-state			2
-stwt			1.0,0.05,0.0,
-treefn			/home/jerrin/Documents/project/main upload/chakka/trained data builds/tuttorialchakka_1/chakka/trees/chakka.unpruned/T-2.dtree
-ts2cbfn	.semi.	.cont.
-varfloor	0.00001	1.000000e-05
-varfn			/home/jerrin/Documents/project/main upload/chakka/trained data builds/tuttorialchakka_1/chakka/model_parameters/chakka.cd_cont_untied/variances

INFO: main.c(223): Reading: /home/jerrin/Documents/project/main upload/chakka/trained data builds/tuttorialchakka_1/chakka/model_architecture/chakka.untied.mdef
INFO: model_def_io.c(573): Model definition info:
INFO: model_def_io.c(574): 347 total models defined (45 base, 302 tri)
INFO: model_def_io.c(575): 1388 total states
INFO: model_def_io.c(576): 1041 total tied states
INFO: model_def_io.c(577): 135 total tied CI states
INFO: model_def_io.c(578): 45 total tied transition matrices
INFO: model_def_io.c(579): 4 max state/model
INFO: model_def_io.c(580): 4 min state/model
INFO: main.c(242): Building trees for [T A AA b] through [T T A i]
INFO: main.c(268): Covering states |[909 953]| == 45
INFO: main.c(275): Reading: /home/jerrin/Documents/project/main upload/chakka/trained data builds/tuttorialchakka_1/chakka/model_parameters/chakka.cd_cont_untied/mixture_weights
INFO: s3mixw_io.c(172): Read /home/jerrin/Documents/project/main upload/chakka/trained data builds/tuttorialchakka_1/chakka/model_parameters/chakka.cd_cont_untied/mixture_weights [45x1x1 array]
INFO: main.c(311): 15 of 15 models have observation count greater than 0.000010
INFO: main.c(95): nrm stwt: 0.000 0.048 0.952 
INFO: s3gau_io.c(166): Read /home/jerrin/Documents/project/main upload/chakka/trained data builds/tuttorialchakka_1/chakka/model_parameters/chakka.cd_cont_untied/means [1041x1x1 array]
INFO: s3gau_io.c(166): Read /home/jerrin/Documents/project/main upload/chakka/trained data builds/tuttorialchakka_1/chakka/model_parameters/chakka.cd_cont_untied/variances [1041x1x1 array]
INFO: main.c(549): Reading: /home/jerrin/Documents/project/main upload/chakka/trained data builds/tuttorialchakka_1/chakka/model_architecture/chakka.tree_questions
INFO: main.c(587): 174 total simple questions (166 phone; 8 word bndry)
INFO: main.c(589): 40 Left Only questions, and 42 Right Only questions
INFO: dtree.c(1478): Final simple tree
|( !QUESTION15 -1 -7.677e+03 1.546e+03 5.352e+02
|    ( QUESTION0_5_R 1 -6.567e+03 1.258e+03 4.943e+02
|        ( - -4.050e+02 3 0 !QUESTION19 -1 3.634e+02 6.838e+01)
|        ( !QUESTION0_3_R 1 -4.904e+03 1.037e+03 4.259e+02
|            ( !QUESTION2_18_L -1 -3.929e+03 8.613e+02 3.967e+02
|                ( !QUESTION9 1 -2.022e+03 5.987e+02 2.899e+02
|                    ( !WDBNDRY_I 0 -1.409e+03 4.980e+02 2.629e+02
|                        ( - -4.548e+02 4 0 QUESTION0 -1 1.315e+02 1.058e+02)
|                        ( - -4.560e+02 3 0 QUESTION2_10_L -1 2.548e+02 1.571e+02))
|                    ( - -1.428e+01 1 0))
|                ( !QUESTION16 1 -1.046e+03 4.125e+02 1.068e+02
|                    ( - -2.725e+02 1 0)
|                    ( - -3.606e+02 1 0)))
|            ( - 6.131e+01 1 0)))
|    ( - 4.360e+02 1 0))
s>    ( !QUESTION15 -1 -7.677e+03 1.546e+03 5.352e+02
s>        ( QUESTION0_5_R 1 -6.567e+03 1.258e+03 4.943e+02
s>            ( - -4.050e+02 3 0 !QUESTION19 -1 3.634e+02 6.838e+01)
s>            ( !QUESTION0_3_R 1 -4.904e+03 1.037e+03 4.259e+02
s>                ( !QUESTION2_18_L -1 -3.929e+03 8.613e+02 3.967e+02
s>                    ( !QUESTION9 1 -2.022e+03 5.987e+02 2.899e+02
s>                        ( !WDBNDRY_I 0 -1.409e+03 4.980e+02 2.629e+02
s>                            ( - -4.548e+02 4 0 QUESTION0 -1 1.315e+02 1.058e+02)
s>                            ( - -4.560e+02 3 0 QUESTION2_10_L -1 2.548e+02 1.571e+02))
s>                        ( - -1.428e+01 1 0))
s>                    ( !QUESTION16 1 -1.046e+03 4.125e+02 1.068e+02
s>                        ( - -2.725e+02 1 0)
s>                        ( - -3.606e+02 1 0)))
s>                ( - 6.131e+01 1 0)))
s>        ( - 4.360e+02 1 0))INFO: dtree.c(1315): Comp split 0
INFO: dtree.c(1478): Final simple tree
|( !QUESTION2_18_L -1 -3.292e+03 8.373e+02 3.697e+02
|    ( !WDBNDRY_I 0 -1.409e+03 4.980e+02 2.629e+02
|        ( QUESTION0 -1 -4.548e+02 1.315e+02 1.058e+02
|            ( - -1.560e+01 1 0)
|            ( !SILENCE -1 -3.077e+02 8.038e+01 6.977e+01
|                ( - -6.550e+01 1 0)
|                ( - -1.618e+02 2 0)))
|        ( QUESTION2_10_L -1 -4.560e+02 2.548e+02 1.571e+02
|            ( - 1.843e+02 1 0)
|            ( QUESTION1 -1 -3.855e+02 1.164e+02 9.517e+01
|                ( - -2.123e+02 1 0)
|                ( - -5.682e+01 1 0))))
|    ( !QUESTION16 1 -1.046e+03 4.125e+02 1.068e+02
|        ( - -2.725e+02 1 0)
|        ( - -3.606e+02 1 0)))
s>    ( !QUESTION2_18_L -1 -3.292e+03 8.373e+02 3.697e+02
s>        ( !WDBNDRY_I 0 -1.409e+03 4.980e+02 2.629e+02
s>            ( QUESTION0 -1 -4.548e+02 1.315e+02 1.058e+02
s>                ( - -1.560e+01 1 0)
s>                ( !SILENCE -1 -3.077e+02 8.038e+01 6.977e+01
s>                    ( - -6.550e+01 1 0)
s>                    ( - -1.618e+02 2 0)))
s>            ( QUESTION2_10_L -1 -4.560e+02 2.548e+02 1.571e+02
s>                ( - 1.843e+02 1 0)
s>                ( QUESTION1 -1 -3.855e+02 1.164e+02 9.517e+01
s>                    ( - -2.123e+02 1 0)
s>                    ( - -5.682e+01 1 0))))
s>        ( !QUESTION16 1 -1.046e+03 4.125e+02 1.068e+02
s>            ( - -2.725e+02 1 0)
s>            ( - -3.606e+02 1 0)))INFO: dtree.c(1439): stop. leaf nodes are specific
INFO: dtree.c(1478): Final simple tree
|( QUESTION0_0_R 1 -2.222e+03 1.320e+03 1.655e+02
|    ( QUESTION0_8_R 1 -1.338e+03 5.398e+02 1.246e+02
|        ( - -1.428e+01 1 0)
|        ( !WDBNDRY_I 0 -7.843e+02 5.400e+02 9.761e+01
|            ( !SILENCE -1 -8.055e+01 7.141e+01 5.128e+01
|                ( - 2.840e+01 1 0)
|                ( - -3.754e+01 1 0))
|            ( !QUESTION19 1 -1.637e+02 2.640e+02 4.634e+01
|                ( - 3.896e+01 1 0)
|                ( - 6.131e+01 1 0))))
|    ( - 4.360e+02 1 0))
s>    ( QUESTION0_0_R 1 -2.222e+03 1.320e+03 1.655e+02
s>        ( QUESTION0_8_R 1 -1.338e+03 5.398e+02 1.246e+02
s>            ( - -1.428e+01 1 0)
s>            ( !WDBNDRY_I 0 -7.843e+02 5.400e+02 9.761e+01
s>                ( !SILENCE -1 -8.055e+01 7.141e+01 5.128e+01
s>                    ( - 2.840e+01 1 0)
s>                    ( - -3.754e+01 1 0))
s>                ( !QUESTION19 1 -1.637e+02 2.640e+02 4.634e+01
s>                    ( - 3.896e+01 1 0)
s>                    ( - 6.131e+01 1 0))))
s>        ( - 4.360e+02 1 0))INFO: dtree.c(1315): Comp split 1
INFO: dtree.c(1439): stop. leaf nodes are specific
INFO: dtree.c(1478): Final simple tree
|( QUESTION0_8_R 1 -1.338e+03 5.398e+02 1.246e+02
|    ( - -1.428e+01 1 0)
|    ( !WDBNDRY_I 0 -7.843e+02 5.400e+02 9.761e+01
|        ( !SILENCE -1 -8.055e+01 7.141e+01 5.128e+01
|            ( - 2.840e+01 1 0)
|            ( - -3.754e+01 1 0))
|        ( !QUESTION19 1 -1.637e+02 2.640e+02 4.634e+01
|            ( - 3.896e+01 1 0)
|            ( - 6.131e+01 1 0))))
s>    ( QUESTION0_8_R 1 -1.338e+03 5.398e+02 1.246e+02
s>        ( - -1.428e+01 1 0)
s>        ( !WDBNDRY_I 0 -7.843e+02 5.400e+02 9.761e+01
s>            ( !SILENCE -1 -8.055e+01 7.141e+01 5.128e+01
s>                ( - 2.840e+01 1 0)
s>                ( - -3.754e+01 1 0))
s>            ( !QUESTION19 1 -1.637e+02 2.640e+02 4.634e+01
s>                ( - 3.896e+01 1 0)
s>                ( - 6.131e+01 1 0))))INFO: dtree.c(1315): Comp split 2
INFO: dtree.c(1439): stop. leaf nodes are specific
INFO: dtree.c(1478): Final simple tree
|( !WDBNDRY_I 0 -1.409e+03 4.980e+02 2.629e+02
|    ( QUESTION0 -1 -4.548e+02 1.315e+02 1.058e+02
|        ( - -1.560e+01 1 0)
|        ( !SILENCE -1 -3.077e+02 8.038e+01 6.977e+01
|            ( - -6.550e+01 1 0)
|            ( - -1.618e+02 2 0)))
|    ( QUESTION2_10_L -1 -4.560e+02 2.548e+02 1.571e+02
|        ( - 1.843e+02 1 0)
|        ( QUESTION1 -1 -3.855e+02 1.164e+02 9.517e+01
|            ( - -2.123e+02 1 0)
|            ( - -5.682e+01 1 0))))
s>    ( !WDBNDRY_I 0 -1.409e+03 4.980e+02 2.629e+02
s>        ( QUESTION0 -1 -4.548e+02 1.315e+02 1.058e+02
s>            ( - -1.560e+01 1 0)
s>            ( !SILENCE -1 -3.077e+02 8.038e+01 6.977e+01
s>                ( - -6.550e+01 1 0)
s>                ( - -1.618e+02 2 0)))
s>        ( QUESTION2_10_L -1 -4.560e+02 2.548e+02 1.571e+02
s>            ( - 1.843e+02 1 0)
s>            ( QUESTION1 -1 -3.855e+02 1.164e+02 9.517e+01
s>                ( - -2.123e+02 1 0)
s>                ( - -5.682e+01 1 0))))INFO: dtree.c(1439): stop. leaf nodes are specific
INFO: dtree.c(1478): Final simple tree
|( !QUESTION16 1 -1.046e+03 4.125e+02 1.068e+02
|    ( - -2.725e+02 1 0)
|    ( - -3.606e+02 1 0))
s>    ( !QUESTION16 1 -1.046e+03 4.125e+02 1.068e+02
s>        ( - -2.725e+02 1 0)
s>        ( - -3.606e+02 1 0))INFO: dtree.c(1315): Comp split 3
INFO: dtree.c(1439): stop. leaf nodes are specific
INFO: dtree.c(1478): Final simple tree
|( !SILENCE -1 -8.055e+01 7.141e+01 5.128e+01
|    ( - 2.840e+01 1 0)
|    ( - -3.754e+01 1 0))
s>    ( !SILENCE -1 -8.055e+01 7.141e+01 5.128e+01
s>        ( - 2.840e+01 1 0)
s>        ( - -3.754e+01 1 0))INFO: dtree.c(1439): stop. leaf nodes are specific
INFO: dtree.c(1478): Final simple tree
|( WDBNDRY_B 0 -6.701e+02 4.921e+02 7.334e+01
|    ( - -1.428e+01 1 0)
|    ( !QUESTION19 1 -1.637e+02 2.640e+02 4.634e+01
|        ( - 3.896e+01 1 0)
|        ( - 6.131e+01 1 0)))
s>    ( WDBNDRY_B 0 -6.701e+02 4.921e+02 7.334e+01
s>        ( - -1.428e+01 1 0)
s>        ( !QUESTION19 1 -1.637e+02 2.640e+02 4.634e+01
s>            ( - 3.896e+01 1 0)
s>            ( - 6.131e+01 1 0)))INFO: dtree.c(1315): Comp split 4
INFO: dtree.c(1439): stop. leaf nodes are specific
INFO: dtree.c(1478): Final simple tree
|( QUESTION2_10_L -1 -4.560e+02 2.548e+02 1.571e+02
|    ( - 1.843e+02 1 0)
|    ( QUESTION1 -1 -3.855e+02 1.164e+02 9.517e+01
|        ( - -2.123e+02 1 0)
|        ( - -5.682e+01 1 0)))
s>    ( QUESTION2_10_L -1 -4.560e+02 2.548e+02 1.571e+02
s>        ( - 1.843e+02 1 0)
s>        ( QUESTION1 -1 -3.855e+02 1.164e+02 9.517e+01
s>            ( - -2.123e+02 1 0)
s>            ( - -5.682e+01 1 0)))INFO: dtree.c(1439): stop. leaf nodes are specific
INFO: dtree.c(1478): Final simple tree
|( QUESTION0 -1 -4.548e+02 1.315e+02 1.058e+02
|    ( - -1.560e+01 1 0)
|    ( !SILENCE -1 -3.077e+02 8.038e+01 6.977e+01
|        ( - -6.550e+01 1 0)
|        ( - -1.618e+02 2 0)))
s>    ( QUESTION0 -1 -4.548e+02 1.315e+02 1.058e+02
s>        ( - -1.560e+01 1 0)
s>        ( !SILENCE -1 -3.077e+02 8.038e+01 6.977e+01
s>            ( - -6.550e+01 1 0)
s>            ( - -1.618e+02 2 0)))INFO: dtree.c(1315): Comp split 5
INFO: dtree.c(1439): stop. leaf nodes are specific
INFO: dtree.c(1478): Final simple tree
|( !QUESTION19 1 -1.637e+02 2.640e+02 4.634e+01
|    ( - 3.896e+01 1 0)
|    ( - 6.131e+01 1 0))
s>    ( !QUESTION19 1 -1.637e+02 2.640e+02 4.634e+01
s>        ( - 3.896e+01 1 0)
s>        ( - 6.131e+01 1 0))INFO: dtree.c(1315): Comp split 6
INFO: dtree.c(1315): Comp split 7
INFO: dtree.c(1315): Comp split 8
INFO: dtree.c(1439): stop. leaf nodes are specific
INFO: dtree.c(1478): Final simple tree
|( QUESTION1 -1 -3.855e+02 1.164e+02 9.517e+01
|    ( - -2.123e+02 1 0)
|    ( - -5.682e+01 1 0))
s>    ( QUESTION1 -1 -3.855e+02 1.164e+02 9.517e+01
s>        ( - -2.123e+02 1 0)
s>        ( - -5.682e+01 1 0))INFO: dtree.c(1315): Comp split 9
INFO: dtree.c(1439): stop. leaf nodes are specific
INFO: dtree.c(1478): Final simple tree
|( !SILENCE -1 -3.077e+02 8.038e+01 6.977e+01
|    ( - -6.550e+01 1 0)
|    ( - -1.618e+02 2 0))
s>    ( !SILENCE -1 -3.077e+02 8.038e+01 6.977e+01
s>        ( - -6.550e+01 1 0)
s>        ( - -1.618e+02 2 0))INFO: dtree.c(1315): Comp split 10
INFO: dtree.c(1315): Comp split 11
INFO: dtree.c(1315): Comp split 12
INFO: dtree.c(1315): Comp split 13
INFO: dtree.c(1318): stop. leaf nodes are specific
!!!!!!!!Allocated 66 lines
Sat Mar 30 00:24:03 2013
