INFO: cmd_ln.c(691): Parsing command line:
/usr/libexec/sphinxtrain/bldtree \
	-treefn /home/jerrin/Documents/project/main upload/chakka/trained data builds/tuttorialchakka_1/chakka/trees/chakka.unpruned/RA-0.dtree \
	-moddeffn /home/jerrin/Documents/project/main upload/chakka/trained data builds/tuttorialchakka_1/chakka/model_architecture/chakka.untied.mdef \
	-mixwfn /home/jerrin/Documents/project/main upload/chakka/trained data builds/tuttorialchakka_1/chakka/model_parameters/chakka.cd_cont_untied/mixture_weights \
	-ts2cbfn .cont. \
	-mwfloor 1e-08 \
	-psetfn /home/jerrin/Documents/project/main upload/chakka/trained data builds/tuttorialchakka_1/chakka/model_architecture/chakka.tree_questions \
	-phone RA \
	-state 0 \
	-stwt 1.0,0.05,0.0 \
	-meanfn /home/jerrin/Documents/project/main upload/chakka/trained data builds/tuttorialchakka_1/chakka/model_parameters/chakka.cd_cont_untied/means \
	-varfn /home/jerrin/Documents/project/main upload/chakka/trained data builds/tuttorialchakka_1/chakka/model_parameters/chakka.cd_cont_untied/variances \
	-fullvar no \
	-ssplitmin 1 \
	-ssplitmax 7 \
	-ssplitthr 0 \
	-csplitmin 1 \
	-csplitmax 2000 \
	-csplitthr 0 

Current configuration:
[NAME]		[DEFLT]	[VALUE]
-allphones	no	no
-cntthresh	0.00001	1.000000e-05
-csplitmax	100	2000
-csplitmin	1	1
-csplitthr	8e-4	0.000000e+00
-example	no	no
-fullvar	no	no
-help		no	no
-meanfn			/home/jerrin/Documents/project/main upload/chakka/trained data builds/tuttorialchakka_1/chakka/model_parameters/chakka.cd_cont_untied/means
-mixwfn			/home/jerrin/Documents/project/main upload/chakka/trained data builds/tuttorialchakka_1/chakka/model_parameters/chakka.cd_cont_untied/mixture_weights
-moddeffn		/home/jerrin/Documents/project/main upload/chakka/trained data builds/tuttorialchakka_1/chakka/model_architecture/chakka.untied.mdef
-mwfloor	1e-4	1.000000e-08
-phone			RA
-psetfn			/home/jerrin/Documents/project/main upload/chakka/trained data builds/tuttorialchakka_1/chakka/model_architecture/chakka.tree_questions
-ssplitmax	5	7
-ssplitmin	1	1
-ssplitthr	8e-4	0.000000e+00
-state			0
-stwt			1.0,0.05,0.0,
-treefn			/home/jerrin/Documents/project/main upload/chakka/trained data builds/tuttorialchakka_1/chakka/trees/chakka.unpruned/RA-0.dtree
-ts2cbfn	.semi.	.cont.
-varfloor	0.00001	1.000000e-05
-varfn			/home/jerrin/Documents/project/main upload/chakka/trained data builds/tuttorialchakka_1/chakka/model_parameters/chakka.cd_cont_untied/variances

INFO: main.c(223): Reading: /home/jerrin/Documents/project/main upload/chakka/trained data builds/tuttorialchakka_1/chakka/model_architecture/chakka.untied.mdef
INFO: model_def_io.c(573): Model definition info:
INFO: model_def_io.c(574): 347 total models defined (45 base, 302 tri)
INFO: model_def_io.c(575): 1388 total states
INFO: model_def_io.c(576): 1041 total tied states
INFO: model_def_io.c(577): 135 total tied CI states
INFO: model_def_io.c(578): 45 total tied transition matrices
INFO: model_def_io.c(579): 4 max state/model
INFO: model_def_io.c(580): 4 min state/model
INFO: main.c(242): Building trees for [RA AA A i] through [RA T U i]
INFO: main.c(268): Covering states |[828 866]| == 39
INFO: main.c(275): Reading: /home/jerrin/Documents/project/main upload/chakka/trained data builds/tuttorialchakka_1/chakka/model_parameters/chakka.cd_cont_untied/mixture_weights
INFO: s3mixw_io.c(172): Read /home/jerrin/Documents/project/main upload/chakka/trained data builds/tuttorialchakka_1/chakka/model_parameters/chakka.cd_cont_untied/mixture_weights [39x1x1 array]
INFO: main.c(311): 13 of 13 models have observation count greater than 0.000010
INFO: main.c(95): nrm stwt: 0.952 0.048 0.000 
INFO: s3gau_io.c(166): Read /home/jerrin/Documents/project/main upload/chakka/trained data builds/tuttorialchakka_1/chakka/model_parameters/chakka.cd_cont_untied/means [1041x1x1 array]
INFO: s3gau_io.c(166): Read /home/jerrin/Documents/project/main upload/chakka/trained data builds/tuttorialchakka_1/chakka/model_parameters/chakka.cd_cont_untied/variances [1041x1x1 array]
INFO: main.c(549): Reading: /home/jerrin/Documents/project/main upload/chakka/trained data builds/tuttorialchakka_1/chakka/model_architecture/chakka.tree_questions
INFO: main.c(587): 174 total simple questions (166 phone; 8 word bndry)
INFO: main.c(589): 40 Left Only questions, and 42 Right Only questions
INFO: dtree.c(1478): Final simple tree
|( QUESTION0 -1 -8.594e+03 2.657e+03 6.821e+02
|    ( QUESTION1 -1 -4.172e+03 1.910e+03 3.547e+02
|        ( QUESTION0 1 -1.830e+03 6.112e+02 2.089e+02
|            ( - -4.554e+02 2 0 QUESTION0_1_R 1 2.783e+02 1.085e+02)
|            ( - -7.635e+02 2 0 QUESTION0_1_R 1 4.246e+02 1.005e+02))
|        ( !QUESTION10 1 -4.322e+02 8.670e+02 1.457e+02
|            ( - -6.038e+02 3 0 !QUESTION19 1 5.908e+02 8.055e+01)
|            ( - 1.039e+03 1 0)))
|    ( QUESTION0_1_R 1 -1.765e+03 1.459e+03 3.275e+02
|        ( - 4.548e+02 2 0 QUESTION0 1 3.426e+02 1.076e+02)
|        ( QUESTION13 1 -7.612e+02 1.123e+03 2.199e+02
|            ( - 1.339e+02 1 0)
|            ( QUESTION19 1 2.280e+02 6.378e+02 1.076e+02
|                ( - 6.621e+02 1 0)
|                ( - 2.037e+02 1 0)))))
s>    ( QUESTION0 -1 -8.594e+03 2.657e+03 6.821e+02
s>        ( QUESTION1 -1 -4.172e+03 1.910e+03 3.547e+02
s>            ( QUESTION0 1 -1.830e+03 6.112e+02 2.089e+02
s>                ( - -4.554e+02 2 0 QUESTION0_1_R 1 2.783e+02 1.085e+02)
s>                ( - -7.635e+02 2 0 QUESTION0_1_R 1 4.246e+02 1.005e+02))
s>            ( !QUESTION10 1 -4.322e+02 8.670e+02 1.457e+02
s>                ( - -6.038e+02 3 0 !QUESTION19 1 5.908e+02 8.055e+01)
s>                ( - 1.039e+03 1 0)))
s>        ( QUESTION0_1_R 1 -1.765e+03 1.459e+03 3.275e+02
s>            ( - 4.548e+02 2 0 QUESTION0 1 3.426e+02 1.076e+02)
s>            ( QUESTION13 1 -7.612e+02 1.123e+03 2.199e+02
s>                ( - 1.339e+02 1 0)
s>                ( QUESTION19 1 2.280e+02 6.378e+02 1.076e+02
s>                    ( - 6.621e+02 1 0)
s>                    ( - 2.037e+02 1 0)))))INFO: dtree.c(1315): Comp split 0
INFO: dtree.c(1439): stop. leaf nodes are specific
INFO: dtree.c(1478): Final simple tree
|( QUESTION0_3_R 1 8.359e+01 7.124e+02 1.783e+02
|    ( - 6.621e+02 1 0)
|    ( - 1.339e+02 1 0))
s>    ( QUESTION0_3_R 1 8.359e+01 7.124e+02 1.783e+02
s>        ( - 6.621e+02 1 0)
s>        ( - 1.339e+02 1 0))INFO: dtree.c(1478): Final simple tree
|( QUESTION8 -1 -5.746e+03 1.882e+03 5.038e+02
|    ( !QUESTION10 1 -4.322e+02 8.670e+02 1.457e+02
|        ( !QUESTION19 1 -6.038e+02 5.908e+02 8.055e+01
|            ( - 1.265e+01 1 0)
|            ( !QUESTION2_19_L -1 -2.556e+01 5.066e+02 6.554e+01
|                ( - 3.285e+02 1 0)
|                ( - 1.526e+02 1 0)))
|        ( - 1.039e+03 1 0))
|    ( !QUESTION0 -1 -3.431e+03 1.363e+03 3.581e+02
|        ( !QUESTION12 1 -2.386e+02 8.972e+02 1.491e+02
|            ( - 4.548e+02 2 0 QUESTION0 1 3.426e+02 1.076e+02)
|            ( - 2.037e+02 1 0))
|        ( QUESTION0 1 -1.830e+03 6.112e+02 2.089e+02
|            ( - -4.554e+02 2 0 QUESTION0_1_R 1 2.783e+02 1.085e+02)
|            ( - -7.635e+02 2 0 QUESTION0_1_R 1 4.246e+02 1.005e+02))))
s>    ( QUESTION8 -1 -5.746e+03 1.882e+03 5.038e+02
s>        ( !QUESTION10 1 -4.322e+02 8.670e+02 1.457e+02
s>            ( !QUESTION19 1 -6.038e+02 5.908e+02 8.055e+01
s>                ( - 1.265e+01 1 0)
s>                ( !QUESTION2_19_L -1 -2.556e+01 5.066e+02 6.554e+01
s>                    ( - 3.285e+02 1 0)
s>                    ( - 1.526e+02 1 0)))
s>            ( - 1.039e+03 1 0))
s>        ( !QUESTION0 -1 -3.431e+03 1.363e+03 3.581e+02
s>            ( !QUESTION12 1 -2.386e+02 8.972e+02 1.491e+02
s>                ( - 4.548e+02 2 0 QUESTION0 1 3.426e+02 1.076e+02)
s>                ( - 2.037e+02 1 0))
s>            ( QUESTION0 1 -1.830e+03 6.112e+02 2.089e+02
s>                ( - -4.554e+02 2 0 QUESTION0_1_R 1 2.783e+02 1.085e+02)
s>                ( - -7.635e+02 2 0 QUESTION0_1_R 1 4.246e+02 1.005e+02))))INFO: dtree.c(1315): Comp split 1
INFO: dtree.c(1439): stop. leaf nodes are specific
INFO: dtree.c(1478): Final simple tree
|( QUESTION2_19_L -1 3.384e+02 9.547e+02 1.307e+02
|    ( - 1.526e+02 1 0)
|    ( QUESTION0_1_R 1 1.140e+03 2.265e+02 9.174e+01
|        ( - 3.285e+02 1 0)
|        ( - 1.039e+03 1 0)))
s>    ( QUESTION2_19_L -1 3.384e+02 9.547e+02 1.307e+02
s>        ( - 1.526e+02 1 0)
s>        ( QUESTION0_1_R 1 1.140e+03 2.265e+02 9.174e+01
s>            ( - 3.285e+02 1 0)
s>            ( - 1.039e+03 1 0)))INFO: dtree.c(1478): Final simple tree
|( QUESTION0 -1 -4.116e+03 1.377e+03 3.731e+02
|    ( QUESTION5 -1 -2.501e+03 7.542e+02 2.239e+02
|        ( QUESTION0_1_R 1 -4.554e+02 2.783e+02 1.085e+02
|            ( - -1.273e+02 1 0)
|            ( - -4.982e+01 1 0))
|        ( !QUESTION0_5_R 1 -1.291e+03 5.550e+02 1.155e+02
|            ( QUESTION0_1_R 1 -6.130e+02 4.099e+02 5.249e+01
|                ( - -2.157e+02 1 0)
|                ( - 1.265e+01 1 0))
|            ( - -1.232e+02 1 0)))
|    ( !QUESTION12 1 -2.386e+02 8.972e+02 1.491e+02
|        ( QUESTION0 1 4.548e+02 3.426e+02 1.076e+02
|            ( - 2.935e+02 1 0)
|            ( - 5.040e+02 1 0))
|        ( - 2.037e+02 1 0)))
s>    ( QUESTION0 -1 -4.116e+03 1.377e+03 3.731e+02
s>        ( QUESTION5 -1 -2.501e+03 7.542e+02 2.239e+02
s>            ( QUESTION0_1_R 1 -4.554e+02 2.783e+02 1.085e+02
s>                ( - -1.273e+02 1 0)
s>                ( - -4.982e+01 1 0))
s>            ( !QUESTION0_5_R 1 -1.291e+03 5.550e+02 1.155e+02
s>                ( QUESTION0_1_R 1 -6.130e+02 4.099e+02 5.249e+01
s>                    ( - -2.157e+02 1 0)
s>                    ( - 1.265e+01 1 0))
s>                ( - -1.232e+02 1 0)))
s>        ( !QUESTION12 1 -2.386e+02 8.972e+02 1.491e+02
s>            ( QUESTION0 1 4.548e+02 3.426e+02 1.076e+02
s>                ( - 2.935e+02 1 0)
s>                ( - 5.040e+02 1 0))
s>            ( - 2.037e+02 1 0)))INFO: dtree.c(1315): Comp split 2
INFO: dtree.c(1439): stop. leaf nodes are specific
INFO: dtree.c(1478): Final simple tree
|( QUESTION5 -1 -2.501e+03 7.542e+02 2.239e+02
|    ( QUESTION0_1_R 1 -4.554e+02 2.783e+02 1.085e+02
|        ( - -1.273e+02 1 0)
|        ( - -4.982e+01 1 0))
|    ( !QUESTION0_5_R 1 -1.291e+03 5.550e+02 1.155e+02
|        ( QUESTION0_1_R 1 -6.130e+02 4.099e+02 5.249e+01
|            ( - -2.157e+02 1 0)
|            ( - 1.265e+01 1 0))
|        ( - -1.232e+02 1 0)))
s>    ( QUESTION5 -1 -2.501e+03 7.542e+02 2.239e+02
s>        ( QUESTION0_1_R 1 -4.554e+02 2.783e+02 1.085e+02
s>            ( - -1.273e+02 1 0)
s>            ( - -4.982e+01 1 0))
s>        ( !QUESTION0_5_R 1 -1.291e+03 5.550e+02 1.155e+02
s>            ( QUESTION0_1_R 1 -6.130e+02 4.099e+02 5.249e+01
s>                ( - -2.157e+02 1 0)
s>                ( - 1.265e+01 1 0))
s>            ( - -1.232e+02 1 0)))INFO: dtree.c(1439): stop. leaf nodes are specific
INFO: dtree.c(1478): Final simple tree
|( !QUESTION12 1 -2.386e+02 8.972e+02 1.491e+02
|    ( QUESTION0 1 4.548e+02 3.426e+02 1.076e+02
|        ( - 2.935e+02 1 0)
|        ( - 5.040e+02 1 0))
|    ( - 2.037e+02 1 0))
s>    ( !QUESTION12 1 -2.386e+02 8.972e+02 1.491e+02
s>        ( QUESTION0 1 4.548e+02 3.426e+02 1.076e+02
s>            ( - 2.935e+02 1 0)
s>            ( - 5.040e+02 1 0))
s>        ( - 2.037e+02 1 0))INFO: dtree.c(1315): Comp split 3
INFO: dtree.c(1439): stop. leaf nodes are specific
INFO: dtree.c(1478): Final simple tree
|( QUESTION0_1_R 1 1.140e+03 2.265e+02 9.174e+01
|    ( - 3.285e+02 1 0)
|    ( - 1.039e+03 1 0))
s>    ( QUESTION0_1_R 1 1.140e+03 2.265e+02 9.174e+01
s>        ( - 3.285e+02 1 0)
s>        ( - 1.039e+03 1 0))INFO: dtree.c(1315): Comp split 4
INFO: dtree.c(1439): stop. leaf nodes are specific
INFO: dtree.c(1478): Final simple tree
|( QUESTION0 1 4.548e+02 3.426e+02 1.076e+02
|    ( - 2.935e+02 1 0)
|    ( - 5.040e+02 1 0))
s>    ( QUESTION0 1 4.548e+02 3.426e+02 1.076e+02
s>        ( - 2.935e+02 1 0)
s>        ( - 5.040e+02 1 0))INFO: dtree.c(1315): Comp split 5
INFO: dtree.c(1439): stop. leaf nodes are specific
INFO: dtree.c(1478): Final simple tree
|( !QUESTION0_5_R 1 -1.291e+03 5.550e+02 1.155e+02
|    ( QUESTION0_1_R 1 -6.130e+02 4.099e+02 5.249e+01
|        ( - -2.157e+02 1 0)
|        ( - 1.265e+01 1 0))
|    ( - -1.232e+02 1 0))
s>    ( !QUESTION0_5_R 1 -1.291e+03 5.550e+02 1.155e+02
s>        ( QUESTION0_1_R 1 -6.130e+02 4.099e+02 5.249e+01
s>            ( - -2.157e+02 1 0)
s>            ( - 1.265e+01 1 0))
s>        ( - -1.232e+02 1 0))INFO: dtree.c(1439): stop. leaf nodes are specific
INFO: dtree.c(1478): Final simple tree
|( QUESTION0_1_R 1 -4.554e+02 2.783e+02 1.085e+02
|    ( - -1.273e+02 1 0)
|    ( - -4.982e+01 1 0))
s>    ( QUESTION0_1_R 1 -4.554e+02 2.783e+02 1.085e+02
s>        ( - -1.273e+02 1 0)
s>        ( - -4.982e+01 1 0))INFO: dtree.c(1315): Comp split 6
INFO: dtree.c(1315): Comp split 7
INFO: dtree.c(1439): stop. leaf nodes are specific
INFO: dtree.c(1478): Final simple tree
|( QUESTION0_1_R 1 -6.130e+02 4.099e+02 5.249e+01
|    ( - -2.157e+02 1 0)
|    ( - 1.265e+01 1 0))
s>    ( QUESTION0_1_R 1 -6.130e+02 4.099e+02 5.249e+01
s>        ( - -2.157e+02 1 0)
s>        ( - 1.265e+01 1 0))INFO: dtree.c(1315): Comp split 8
INFO: dtree.c(1315): Comp split 9
INFO: dtree.c(1315): Comp split 10
INFO: dtree.c(1315): Comp split 11
INFO: dtree.c(1315): Comp split 12
INFO: dtree.c(1318): stop. leaf nodes are specific
!!!!!!!!Allocated 66 lines
Sat Mar 30 00:24:01 2013
