INFO: cmd_ln.c(691): Parsing command line:
/usr/libexec/sphinxtrain/bldtree \
	-treefn /home/jerrin/Documents/project/main upload/chakka/trained data builds/tuttorialchakka_1/chakka/trees/chakka.unpruned/D-1.dtree \
	-moddeffn /home/jerrin/Documents/project/main upload/chakka/trained data builds/tuttorialchakka_1/chakka/model_architecture/chakka.untied.mdef \
	-mixwfn /home/jerrin/Documents/project/main upload/chakka/trained data builds/tuttorialchakka_1/chakka/model_parameters/chakka.cd_cont_untied/mixture_weights \
	-ts2cbfn .cont. \
	-mwfloor 1e-08 \
	-psetfn /home/jerrin/Documents/project/main upload/chakka/trained data builds/tuttorialchakka_1/chakka/model_architecture/chakka.tree_questions \
	-phone D \
	-state 1 \
	-stwt 1.0,0.05,0.0 \
	-meanfn /home/jerrin/Documents/project/main upload/chakka/trained data builds/tuttorialchakka_1/chakka/model_parameters/chakka.cd_cont_untied/means \
	-varfn /home/jerrin/Documents/project/main upload/chakka/trained data builds/tuttorialchakka_1/chakka/model_parameters/chakka.cd_cont_untied/variances \
	-fullvar no \
	-ssplitmin 1 \
	-ssplitmax 7 \
	-ssplitthr 0 \
	-csplitmin 1 \
	-csplitmax 2000 \
	-csplitthr 0 

Current configuration:
[NAME]		[DEFLT]	[VALUE]
-allphones	no	no
-cntthresh	0.00001	1.000000e-05
-csplitmax	100	2000
-csplitmin	1	1
-csplitthr	8e-4	0.000000e+00
-example	no	no
-fullvar	no	no
-help		no	no
-meanfn			/home/jerrin/Documents/project/main upload/chakka/trained data builds/tuttorialchakka_1/chakka/model_parameters/chakka.cd_cont_untied/means
-mixwfn			/home/jerrin/Documents/project/main upload/chakka/trained data builds/tuttorialchakka_1/chakka/model_parameters/chakka.cd_cont_untied/mixture_weights
-moddeffn		/home/jerrin/Documents/project/main upload/chakka/trained data builds/tuttorialchakka_1/chakka/model_architecture/chakka.untied.mdef
-mwfloor	1e-4	1.000000e-08
-phone			D
-psetfn			/home/jerrin/Documents/project/main upload/chakka/trained data builds/tuttorialchakka_1/chakka/model_architecture/chakka.tree_questions
-ssplitmax	5	7
-ssplitmin	1	1
-ssplitthr	8e-4	0.000000e+00
-state			1
-stwt			1.0,0.05,0.0,
-treefn			/home/jerrin/Documents/project/main upload/chakka/trained data builds/tuttorialchakka_1/chakka/trees/chakka.unpruned/D-1.dtree
-ts2cbfn	.semi.	.cont.
-varfloor	0.00001	1.000000e-05
-varfn			/home/jerrin/Documents/project/main upload/chakka/trained data builds/tuttorialchakka_1/chakka/model_parameters/chakka.cd_cont_untied/variances

INFO: main.c(223): Reading: /home/jerrin/Documents/project/main upload/chakka/trained data builds/tuttorialchakka_1/chakka/model_architecture/chakka.untied.mdef
INFO: model_def_io.c(573): Model definition info:
INFO: model_def_io.c(574): 347 total models defined (45 base, 302 tri)
INFO: model_def_io.c(575): 1388 total states
INFO: model_def_io.c(576): 1041 total tied states
INFO: model_def_io.c(577): 135 total tied CI states
INFO: model_def_io.c(578): 45 total tied transition matrices
INFO: model_def_io.c(579): 4 max state/model
INFO: model_def_io.c(580): 4 min state/model
INFO: main.c(242): Building trees for [D A A i] through [D UU T e]
INFO: main.c(268): Covering states |[402 437]| == 36
INFO: main.c(275): Reading: /home/jerrin/Documents/project/main upload/chakka/trained data builds/tuttorialchakka_1/chakka/model_parameters/chakka.cd_cont_untied/mixture_weights
INFO: s3mixw_io.c(172): Read /home/jerrin/Documents/project/main upload/chakka/trained data builds/tuttorialchakka_1/chakka/model_parameters/chakka.cd_cont_untied/mixture_weights [36x1x1 array]
INFO: main.c(311): 12 of 12 models have observation count greater than 0.000010
INFO: main.c(95): nrm stwt: 0.045 0.909 0.045 
INFO: s3gau_io.c(166): Read /home/jerrin/Documents/project/main upload/chakka/trained data builds/tuttorialchakka_1/chakka/model_parameters/chakka.cd_cont_untied/means [1041x1x1 array]
INFO: s3gau_io.c(166): Read /home/jerrin/Documents/project/main upload/chakka/trained data builds/tuttorialchakka_1/chakka/model_parameters/chakka.cd_cont_untied/variances [1041x1x1 array]
INFO: main.c(549): Reading: /home/jerrin/Documents/project/main upload/chakka/trained data builds/tuttorialchakka_1/chakka/model_architecture/chakka.tree_questions
INFO: main.c(587): 174 total simple questions (166 phone; 8 word bndry)
INFO: main.c(589): 40 Left Only questions, and 42 Right Only questions
INFO: dtree.c(1478): Final simple tree
|( QUESTION5 -1 -7.212e+03 2.916e+03 6.450e+02
|    ( QUESTION0 1 -3.507e+02 3.328e+02 2.149e+02
|        ( - -9.211e+00 1 0)
|        ( - -8.699e+00 2 0))
|    ( QUESTION0_0_R 1 -3.945e+03 1.751e+03 4.301e+02
|        ( !QUESTION19 1 -1.738e+03 1.078e+03 2.010e+02
|            ( - 4.333e+01 2 0 !QUESTION2_19_L -1 1.345e+02 6.856e+01)
|            ( QUESTION0 -1 -7.038e+02 3.574e+02 1.324e+02
|                ( - 6.698e+01 1 0)
|                ( - -4.134e+02 1 0)))
|        ( !QUESTION2_19_L -1 -4.559e+02 1.125e+03 2.291e+02
|            ( - 3.421e+02 2 0)
|            ( !QUESTION19 -1 3.267e+02 1.068e+03 1.402e+02
|                ( - 1.721e+02 2 0 !QUESTION6 1 1.640e+02 6.259e+01)
|                ( - 1.223e+03 1 0)))))
s>    ( QUESTION5 -1 -7.212e+03 2.916e+03 6.450e+02
s>        ( QUESTION0 1 -3.507e+02 3.328e+02 2.149e+02
s>            ( - -9.211e+00 1 0)
s>            ( - -8.699e+00 2 0))
s>        ( QUESTION0_0_R 1 -3.945e+03 1.751e+03 4.301e+02
s>            ( !QUESTION19 1 -1.738e+03 1.078e+03 2.010e+02
s>                ( - 4.333e+01 2 0 !QUESTION2_19_L -1 1.345e+02 6.856e+01)
s>                ( QUESTION0 -1 -7.038e+02 3.574e+02 1.324e+02
s>                    ( - 6.698e+01 1 0)
s>                    ( - -4.134e+02 1 0)))
s>            ( !QUESTION2_19_L -1 -4.559e+02 1.125e+03 2.291e+02
s>                ( - 3.421e+02 2 0)
s>                ( !QUESTION19 -1 3.267e+02 1.068e+03 1.402e+02
s>                    ( - 1.721e+02 2 0 !QUESTION6 1 1.640e+02 6.259e+01)
s>                    ( - 1.223e+03 1 0)))))INFO: dtree.c(1315): Comp split 0
INFO: dtree.c(1478): Final simple tree
|( QUESTION0_0_R 1 -3.945e+03 1.751e+03 4.301e+02
|    ( !QUESTION19 1 -1.738e+03 1.078e+03 2.010e+02
|        ( !QUESTION2_19_L -1 4.333e+01 1.345e+02 6.856e+01
|            ( - 2.154e+02 1 0)
|            ( - -3.755e+01 1 0))
|        ( QUESTION0 -1 -7.038e+02 3.574e+02 1.324e+02
|            ( - 6.698e+01 1 0)
|            ( - -4.134e+02 1 0)))
|    ( !QUESTION2_19_L -1 -4.559e+02 1.125e+03 2.291e+02
|        ( - 3.421e+02 2 0)
|        ( !QUESTION19 -1 3.267e+02 1.068e+03 1.402e+02
|            ( !QUESTION6 1 1.721e+02 1.640e+02 6.259e+01
|                ( - 1.296e+02 1 0)
|                ( - 2.065e+02 1 0))
|            ( - 1.223e+03 1 0))))
s>    ( QUESTION0_0_R 1 -3.945e+03 1.751e+03 4.301e+02
s>        ( !QUESTION19 1 -1.738e+03 1.078e+03 2.010e+02
s>            ( !QUESTION2_19_L -1 4.333e+01 1.345e+02 6.856e+01
s>                ( - 2.154e+02 1 0)
s>                ( - -3.755e+01 1 0))
s>            ( QUESTION0 -1 -7.038e+02 3.574e+02 1.324e+02
s>                ( - 6.698e+01 1 0)
s>                ( - -4.134e+02 1 0)))
s>        ( !QUESTION2_19_L -1 -4.559e+02 1.125e+03 2.291e+02
s>            ( - 3.421e+02 2 0)
s>            ( !QUESTION19 -1 3.267e+02 1.068e+03 1.402e+02
s>                ( !QUESTION6 1 1.721e+02 1.640e+02 6.259e+01
s>                    ( - 1.296e+02 1 0)
s>                    ( - 2.065e+02 1 0))
s>                ( - 1.223e+03 1 0))))INFO: dtree.c(1439): stop. leaf nodes are specific
INFO: dtree.c(1478): Final simple tree
|( QUESTION0 1 -3.507e+02 3.328e+02 2.149e+02
|    ( - -9.211e+00 1 0)
|    ( - -8.699e+00 2 0))
s>    ( QUESTION0 1 -3.507e+02 3.328e+02 2.149e+02
s>        ( - -9.211e+00 1 0)
s>        ( - -8.699e+00 2 0))INFO: dtree.c(1315): Comp split 1
INFO: dtree.c(1439): stop. leaf nodes are specific
INFO: dtree.c(1478): Final simple tree
|( !QUESTION2_19_L -1 -4.559e+02 1.125e+03 2.291e+02
|    ( - 3.421e+02 2 0)
|    ( !QUESTION19 -1 3.267e+02 1.068e+03 1.402e+02
|        ( !QUESTION6 1 1.721e+02 1.640e+02 6.259e+01
|            ( - 1.296e+02 1 0)
|            ( - 2.065e+02 1 0))
|        ( - 1.223e+03 1 0)))
s>    ( !QUESTION2_19_L -1 -4.559e+02 1.125e+03 2.291e+02
s>        ( - 3.421e+02 2 0)
s>        ( !QUESTION19 -1 3.267e+02 1.068e+03 1.402e+02
s>            ( !QUESTION6 1 1.721e+02 1.640e+02 6.259e+01
s>                ( - 1.296e+02 1 0)
s>                ( - 2.065e+02 1 0))
s>            ( - 1.223e+03 1 0)))INFO: dtree.c(1439): stop. leaf nodes are specific
INFO: dtree.c(1478): Final simple tree
|( !QUESTION19 1 -1.738e+03 1.078e+03 2.010e+02
|    ( !QUESTION2_19_L -1 4.333e+01 1.345e+02 6.856e+01
|        ( - 2.154e+02 1 0)
|        ( - -3.755e+01 1 0))
|    ( QUESTION0 -1 -7.038e+02 3.574e+02 1.324e+02
|        ( - 6.698e+01 1 0)
|        ( - -4.134e+02 1 0)))
s>    ( !QUESTION19 1 -1.738e+03 1.078e+03 2.010e+02
s>        ( !QUESTION2_19_L -1 4.333e+01 1.345e+02 6.856e+01
s>            ( - 2.154e+02 1 0)
s>            ( - -3.755e+01 1 0))
s>        ( QUESTION0 -1 -7.038e+02 3.574e+02 1.324e+02
s>            ( - 6.698e+01 1 0)
s>            ( - -4.134e+02 1 0)))INFO: dtree.c(1315): Comp split 2
INFO: dtree.c(1439): stop. leaf nodes are specific
INFO: dtree.c(1478): Final simple tree
|( WDBNDRY_E 0 -4.064e+02 9.206e+02 1.515e+02
|    ( !QUESTION6 1 1.721e+02 1.640e+02 6.259e+01
|        ( - 1.296e+02 1 0)
|        ( - 2.065e+02 1 0))
|    ( - 3.421e+02 2 0))
s>    ( WDBNDRY_E 0 -4.064e+02 9.206e+02 1.515e+02
s>        ( !QUESTION6 1 1.721e+02 1.640e+02 6.259e+01
s>            ( - 1.296e+02 1 0)
s>            ( - 2.065e+02 1 0))
s>        ( - 3.421e+02 2 0))INFO: dtree.c(1315): Comp split 3
INFO: dtree.c(1439): stop. leaf nodes are specific
INFO: dtree.c(1478): Final simple tree
|( QUESTION0 -1 -7.038e+02 3.574e+02 1.324e+02
|    ( - 6.698e+01 1 0)
|    ( - -4.134e+02 1 0))
s>    ( QUESTION0 -1 -7.038e+02 3.574e+02 1.324e+02
s>        ( - 6.698e+01 1 0)
s>        ( - -4.134e+02 1 0))INFO: dtree.c(1439): stop. leaf nodes are specific
INFO: dtree.c(1478): Final simple tree
|( !QUESTION2_19_L -1 4.333e+01 1.345e+02 6.856e+01
|    ( - 2.154e+02 1 0)
|    ( - -3.755e+01 1 0))
s>    ( !QUESTION2_19_L -1 4.333e+01 1.345e+02 6.856e+01
s>        ( - 2.154e+02 1 0)
s>        ( - -3.755e+01 1 0))INFO: dtree.c(1315): Comp split 4
INFO: dtree.c(1439): stop. leaf nodes are specific
INFO: dtree.c(1478): Final simple tree
|( !QUESTION6 1 1.721e+02 1.640e+02 6.259e+01
|    ( - 1.296e+02 1 0)
|    ( - 2.065e+02 1 0))
s>    ( !QUESTION6 1 1.721e+02 1.640e+02 6.259e+01
s>        ( - 1.296e+02 1 0)
s>        ( - 2.065e+02 1 0))INFO: dtree.c(1315): Comp split 5
INFO: dtree.c(1315): Comp split 6
INFO: dtree.c(1315): Comp split 7
INFO: dtree.c(1315): Comp split 8
INFO: dtree.c(1315): Comp split 9
INFO: dtree.c(1318): stop. leaf nodes are specific
!!!!!!!!Allocated 66 lines
Sat Mar 30 00:24:03 2013
