INFO: cmd_ln.c(691): Parsing command line:
/usr/libexec/sphinxtrain/bldtree \
	-treefn /home/jerrin/Documents/project/main upload/chakka/trained data builds/tuttorialchakka_1/chakka/trees/chakka.unpruned/M-2.dtree \
	-moddeffn /home/jerrin/Documents/project/main upload/chakka/trained data builds/tuttorialchakka_1/chakka/model_architecture/chakka.untied.mdef \
	-mixwfn /home/jerrin/Documents/project/main upload/chakka/trained data builds/tuttorialchakka_1/chakka/model_parameters/chakka.cd_cont_untied/mixture_weights \
	-ts2cbfn .cont. \
	-mwfloor 1e-08 \
	-psetfn /home/jerrin/Documents/project/main upload/chakka/trained data builds/tuttorialchakka_1/chakka/model_architecture/chakka.tree_questions \
	-phone M \
	-state 2 \
	-stwt 1.0,0.05,0.0 \
	-meanfn /home/jerrin/Documents/project/main upload/chakka/trained data builds/tuttorialchakka_1/chakka/model_parameters/chakka.cd_cont_untied/means \
	-varfn /home/jerrin/Documents/project/main upload/chakka/trained data builds/tuttorialchakka_1/chakka/model_parameters/chakka.cd_cont_untied/variances \
	-fullvar no \
	-ssplitmin 1 \
	-ssplitmax 7 \
	-ssplitthr 0 \
	-csplitmin 1 \
	-csplitmax 2000 \
	-csplitthr 0 

Current configuration:
[NAME]		[DEFLT]	[VALUE]
-allphones	no	no
-cntthresh	0.00001	1.000000e-05
-csplitmax	100	2000
-csplitmin	1	1
-csplitthr	8e-4	0.000000e+00
-example	no	no
-fullvar	no	no
-help		no	no
-meanfn			/home/jerrin/Documents/project/main upload/chakka/trained data builds/tuttorialchakka_1/chakka/model_parameters/chakka.cd_cont_untied/means
-mixwfn			/home/jerrin/Documents/project/main upload/chakka/trained data builds/tuttorialchakka_1/chakka/model_parameters/chakka.cd_cont_untied/mixture_weights
-moddeffn		/home/jerrin/Documents/project/main upload/chakka/trained data builds/tuttorialchakka_1/chakka/model_architecture/chakka.untied.mdef
-mwfloor	1e-4	1.000000e-08
-phone			M
-psetfn			/home/jerrin/Documents/project/main upload/chakka/trained data builds/tuttorialchakka_1/chakka/model_architecture/chakka.tree_questions
-ssplitmax	5	7
-ssplitmin	1	1
-ssplitthr	8e-4	0.000000e+00
-state			2
-stwt			1.0,0.05,0.0,
-treefn			/home/jerrin/Documents/project/main upload/chakka/trained data builds/tuttorialchakka_1/chakka/trees/chakka.unpruned/M-2.dtree
-ts2cbfn	.semi.	.cont.
-varfloor	0.00001	1.000000e-05
-varfn			/home/jerrin/Documents/project/main upload/chakka/trained data builds/tuttorialchakka_1/chakka/model_parameters/chakka.cd_cont_untied/variances

INFO: main.c(223): Reading: /home/jerrin/Documents/project/main upload/chakka/trained data builds/tuttorialchakka_1/chakka/model_architecture/chakka.untied.mdef
INFO: model_def_io.c(573): Model definition info:
INFO: model_def_io.c(574): 347 total models defined (45 base, 302 tri)
INFO: model_def_io.c(575): 1388 total states
INFO: model_def_io.c(576): 1041 total tied states
INFO: model_def_io.c(577): 135 total tied CI states
INFO: model_def_io.c(578): 45 total tied transition matrices
INFO: model_def_io.c(579): 4 max state/model
INFO: model_def_io.c(580): 4 min state/model
INFO: main.c(242): Building trees for [M A A i] through [M UU E i]
INFO: main.c(268): Covering states |[690 728]| == 39
INFO: main.c(275): Reading: /home/jerrin/Documents/project/main upload/chakka/trained data builds/tuttorialchakka_1/chakka/model_parameters/chakka.cd_cont_untied/mixture_weights
INFO: s3mixw_io.c(172): Read /home/jerrin/Documents/project/main upload/chakka/trained data builds/tuttorialchakka_1/chakka/model_parameters/chakka.cd_cont_untied/mixture_weights [39x1x1 array]
INFO: main.c(311): 13 of 13 models have observation count greater than 0.000010
INFO: main.c(95): nrm stwt: 0.000 0.048 0.952 
INFO: s3gau_io.c(166): Read /home/jerrin/Documents/project/main upload/chakka/trained data builds/tuttorialchakka_1/chakka/model_parameters/chakka.cd_cont_untied/means [1041x1x1 array]
INFO: s3gau_io.c(166): Read /home/jerrin/Documents/project/main upload/chakka/trained data builds/tuttorialchakka_1/chakka/model_parameters/chakka.cd_cont_untied/variances [1041x1x1 array]
INFO: main.c(549): Reading: /home/jerrin/Documents/project/main upload/chakka/trained data builds/tuttorialchakka_1/chakka/model_architecture/chakka.tree_questions
INFO: main.c(587): 174 total simple questions (166 phone; 8 word bndry)
INFO: main.c(589): 40 Left Only questions, and 42 Right Only questions
INFO: dtree.c(1478): Final simple tree
|( !QUESTION4 1 -1.881e+03 2.043e+03 5.343e+02
|    ( QUESTION0_8_R 1 3.478e+02 1.679e+03 3.958e+02
|        ( - 2.076e+03 1 0)
|        ( !QUESTION2_19_L -1 -4.957e+01 6.238e+02 2.887e+02
|            ( - 3.303e+02 3 0 !QUESTION2_18_L -1 2.286e+02 9.251e+01)
|            ( QUESTION0_1_R 1 2.439e+02 5.321e+02 1.962e+02
|                ( QUESTION0 -1 7.271e+02 3.985e+02 1.550e+02
|                    ( - 2.492e+02 1 0)
|                    ( - 8.764e+02 2 0))
|                ( - 4.893e+01 2 0 QUESTION0_0_R 1 3.875e+02 4.119e+01))))
|    ( !QUESTION0_16_R 1 -1.859e+02 1.231e+03 1.385e+02
|        ( SILENCE -1 3.165e+02 5.653e+02 5.574e+01
|            ( - 1.152e+02 1 0)
|            ( - 7.667e+02 1 0))
|        ( - 7.290e+02 2 0 QUESTION2_6_L -1 2.486e+02 8.272e+01)))
s>    ( !QUESTION4 1 -1.881e+03 2.043e+03 5.343e+02
s>        ( QUESTION0_8_R 1 3.478e+02 1.679e+03 3.958e+02
s>            ( - 2.076e+03 1 0)
s>            ( !QUESTION2_19_L -1 -4.957e+01 6.238e+02 2.887e+02
s>                ( - 3.303e+02 3 0 !QUESTION2_18_L -1 2.286e+02 9.251e+01)
s>                ( QUESTION0_1_R 1 2.439e+02 5.321e+02 1.962e+02
s>                    ( QUESTION0 -1 7.271e+02 3.985e+02 1.550e+02
s>                        ( - 2.492e+02 1 0)
s>                        ( - 8.764e+02 2 0))
s>                    ( - 4.893e+01 2 0 QUESTION0_0_R 1 3.875e+02 4.119e+01))))
s>        ( !QUESTION0_16_R 1 -1.859e+02 1.231e+03 1.385e+02
s>            ( SILENCE -1 3.165e+02 5.653e+02 5.574e+01
s>                ( - 1.152e+02 1 0)
s>                ( - 7.667e+02 1 0))
s>            ( - 7.290e+02 2 0 QUESTION2_6_L -1 2.486e+02 8.272e+01)))INFO: dtree.c(1315): Comp split 0
INFO: dtree.c(1478): Final simple tree
|( QUESTION0_8_R 1 3.478e+02 1.679e+03 3.958e+02
|    ( - 2.076e+03 1 0)
|    ( !QUESTION2_19_L -1 -4.957e+01 6.238e+02 2.887e+02
|        ( !QUESTION2_18_L -1 3.303e+02 2.286e+02 9.251e+01
|            ( !QUESTION2_4_L -1 1.910e+02 8.873e+01 7.314e+01
|                ( - 1.841e+02 1 0)
|                ( - 9.560e+01 1 0))
|            ( - 3.679e+02 1 0))
|        ( QUESTION0_1_R 1 2.439e+02 5.321e+02 1.962e+02
|            ( QUESTION0 -1 7.271e+02 3.985e+02 1.550e+02
|                ( - 2.492e+02 1 0)
|                ( - 8.764e+02 2 0))
|            ( QUESTION0_0_R 1 4.893e+01 3.875e+02 4.119e+01
|                ( - 9.741e+01 1 0)
|                ( - 3.390e+02 1 0)))))
s>    ( QUESTION0_8_R 1 3.478e+02 1.679e+03 3.958e+02
s>        ( - 2.076e+03 1 0)
s>        ( !QUESTION2_19_L -1 -4.957e+01 6.238e+02 2.887e+02
s>            ( !QUESTION2_18_L -1 3.303e+02 2.286e+02 9.251e+01
s>                ( !QUESTION2_4_L -1 1.910e+02 8.873e+01 7.314e+01
s>                    ( - 1.841e+02 1 0)
s>                    ( - 9.560e+01 1 0))
s>                ( - 3.679e+02 1 0))
s>            ( QUESTION0_1_R 1 2.439e+02 5.321e+02 1.962e+02
s>                ( QUESTION0 -1 7.271e+02 3.985e+02 1.550e+02
s>                    ( - 2.492e+02 1 0)
s>                    ( - 8.764e+02 2 0))
s>                ( QUESTION0_0_R 1 4.893e+01 3.875e+02 4.119e+01
s>                    ( - 9.741e+01 1 0)
s>                    ( - 3.390e+02 1 0)))))INFO: dtree.c(1439): stop. leaf nodes are specific
INFO: dtree.c(1478): Final simple tree
|( !QUESTION0_16_R 1 -1.859e+02 1.231e+03 1.385e+02
|    ( SILENCE -1 3.165e+02 5.653e+02 5.574e+01
|        ( - 1.152e+02 1 0)
|        ( - 7.667e+02 1 0))
|    ( QUESTION2_6_L -1 7.290e+02 2.486e+02 8.272e+01
|        ( - 2.382e+02 1 0)
|        ( - 7.394e+02 1 0)))
s>    ( !QUESTION0_16_R 1 -1.859e+02 1.231e+03 1.385e+02
s>        ( SILENCE -1 3.165e+02 5.653e+02 5.574e+01
s>            ( - 1.152e+02 1 0)
s>            ( - 7.667e+02 1 0))
s>        ( QUESTION2_6_L -1 7.290e+02 2.486e+02 8.272e+01
s>            ( - 2.382e+02 1 0)
s>            ( - 7.394e+02 1 0)))INFO: dtree.c(1315): Comp split 1
INFO: dtree.c(1439): stop. leaf nodes are specific
INFO: dtree.c(1478): Final simple tree
|( !QUESTION2_19_L -1 -4.957e+01 6.238e+02 2.887e+02
|    ( !QUESTION2_18_L -1 3.303e+02 2.286e+02 9.251e+01
|        ( !QUESTION2_4_L -1 1.910e+02 8.873e+01 7.314e+01
|            ( - 1.841e+02 1 0)
|            ( - 9.560e+01 1 0))
|        ( - 3.679e+02 1 0))
|    ( QUESTION0_1_R 1 2.439e+02 5.321e+02 1.962e+02
|        ( QUESTION0 -1 7.271e+02 3.985e+02 1.550e+02
|            ( - 2.492e+02 1 0)
|            ( - 8.764e+02 2 0))
|        ( QUESTION0_0_R 1 4.893e+01 3.875e+02 4.119e+01
|            ( - 9.741e+01 1 0)
|            ( - 3.390e+02 1 0))))
s>    ( !QUESTION2_19_L -1 -4.957e+01 6.238e+02 2.887e+02
s>        ( !QUESTION2_18_L -1 3.303e+02 2.286e+02 9.251e+01
s>            ( !QUESTION2_4_L -1 1.910e+02 8.873e+01 7.314e+01
s>                ( - 1.841e+02 1 0)
s>                ( - 9.560e+01 1 0))
s>            ( - 3.679e+02 1 0))
s>        ( QUESTION0_1_R 1 2.439e+02 5.321e+02 1.962e+02
s>            ( QUESTION0 -1 7.271e+02 3.985e+02 1.550e+02
s>                ( - 2.492e+02 1 0)
s>                ( - 8.764e+02 2 0))
s>            ( QUESTION0_0_R 1 4.893e+01 3.875e+02 4.119e+01
s>                ( - 9.741e+01 1 0)
s>                ( - 3.390e+02 1 0))))INFO: dtree.c(1315): Comp split 2
INFO: dtree.c(1439): stop. leaf nodes are specific
INFO: dtree.c(1478): Final simple tree
|( QUESTION2_6_L -1 7.290e+02 2.486e+02 8.272e+01
|    ( - 2.382e+02 1 0)
|    ( - 7.394e+02 1 0))
s>    ( QUESTION2_6_L -1 7.290e+02 2.486e+02 8.272e+01
s>        ( - 2.382e+02 1 0)
s>        ( - 7.394e+02 1 0))INFO: dtree.c(1439): stop. leaf nodes are specific
INFO: dtree.c(1478): Final simple tree
|( SILENCE -1 3.165e+02 5.653e+02 5.574e+01
|    ( - 1.152e+02 1 0)
|    ( - 7.667e+02 1 0))
s>    ( SILENCE -1 3.165e+02 5.653e+02 5.574e+01
s>        ( - 1.152e+02 1 0)
s>        ( - 7.667e+02 1 0))INFO: dtree.c(1315): Comp split 3
INFO: dtree.c(1439): stop. leaf nodes are specific
INFO: dtree.c(1478): Final simple tree
|( !QUESTION19 1 4.075e+02 5.663e+02 1.376e+02
|    ( - 9.741e+01 1 0)
|    ( - 8.764e+02 2 0))
s>    ( !QUESTION19 1 4.075e+02 5.663e+02 1.376e+02
s>        ( - 9.741e+01 1 0)
s>        ( - 8.764e+02 2 0))INFO: dtree.c(1439): stop. leaf nodes are specific
INFO: dtree.c(1478): Final simple tree
|( QUESTION19 -1 2.535e+02 3.566e+02 1.511e+02
|    ( - 3.390e+02 1 0)
|    ( QUESTION1 -1 2.710e+02 3.085e+02 1.321e+02
|        ( - 2.492e+02 1 0)
|        ( !QUESTION2_18_L -1 3.303e+02 2.286e+02 9.251e+01
|            ( !QUESTION2_4_L -1 1.910e+02 8.873e+01 7.314e+01
|                ( - 1.841e+02 1 0)
|                ( - 9.560e+01 1 0))
|            ( - 3.679e+02 1 0))))
s>    ( QUESTION19 -1 2.535e+02 3.566e+02 1.511e+02
s>        ( - 3.390e+02 1 0)
s>        ( QUESTION1 -1 2.710e+02 3.085e+02 1.321e+02
s>            ( - 2.492e+02 1 0)
s>            ( !QUESTION2_18_L -1 3.303e+02 2.286e+02 9.251e+01
s>                ( !QUESTION2_4_L -1 1.910e+02 8.873e+01 7.314e+01
s>                    ( - 1.841e+02 1 0)
s>                    ( - 9.560e+01 1 0))
s>                ( - 3.679e+02 1 0))))INFO: dtree.c(1315): Comp split 4
INFO: dtree.c(1315): Comp split 5
INFO: dtree.c(1315): Comp split 6
INFO: dtree.c(1439): stop. leaf nodes are specific
INFO: dtree.c(1478): Final simple tree
|( QUESTION1 -1 2.710e+02 3.085e+02 1.321e+02
|    ( - 2.492e+02 1 0)
|    ( !QUESTION2_18_L -1 3.303e+02 2.286e+02 9.251e+01
|        ( !QUESTION2_4_L -1 1.910e+02 8.873e+01 7.314e+01
|            ( - 1.841e+02 1 0)
|            ( - 9.560e+01 1 0))
|        ( - 3.679e+02 1 0)))
s>    ( QUESTION1 -1 2.710e+02 3.085e+02 1.321e+02
s>        ( - 2.492e+02 1 0)
s>        ( !QUESTION2_18_L -1 3.303e+02 2.286e+02 9.251e+01
s>            ( !QUESTION2_4_L -1 1.910e+02 8.873e+01 7.314e+01
s>                ( - 1.841e+02 1 0)
s>                ( - 9.560e+01 1 0))
s>            ( - 3.679e+02 1 0)))INFO: dtree.c(1315): Comp split 7
INFO: dtree.c(1439): stop. leaf nodes are specific
INFO: dtree.c(1478): Final simple tree
|( !QUESTION2_18_L -1 3.303e+02 2.286e+02 9.251e+01
|    ( !QUESTION2_4_L -1 1.910e+02 8.873e+01 7.314e+01
|        ( - 1.841e+02 1 0)
|        ( - 9.560e+01 1 0))
|    ( - 3.679e+02 1 0))
s>    ( !QUESTION2_18_L -1 3.303e+02 2.286e+02 9.251e+01
s>        ( !QUESTION2_4_L -1 1.910e+02 8.873e+01 7.314e+01
s>            ( - 1.841e+02 1 0)
s>            ( - 9.560e+01 1 0))
s>        ( - 3.679e+02 1 0))INFO: dtree.c(1315): Comp split 8
INFO: dtree.c(1315): Comp split 9
INFO: dtree.c(1439): stop. leaf nodes are specific
INFO: dtree.c(1478): Final simple tree
|( !QUESTION2_4_L -1 1.910e+02 8.873e+01 7.314e+01
|    ( - 1.841e+02 1 0)
|    ( - 9.560e+01 1 0))
s>    ( !QUESTION2_4_L -1 1.910e+02 8.873e+01 7.314e+01
s>        ( - 1.841e+02 1 0)
s>        ( - 9.560e+01 1 0))INFO: dtree.c(1315): Comp split 10
INFO: dtree.c(1315): Comp split 11
INFO: dtree.c(1318): stop. leaf nodes are specific
!!!!!!!!Allocated 66 lines
Sat Mar 30 00:24:00 2013
