INFO: cmd_ln.c(691): Parsing command line:
/usr/libexec/sphinxtrain/bldtree \
	-treefn /home/jerrin/Documents/project/main upload/chakka/trained data builds/tuttorialchakka_1/chakka/trees/chakka.unpruned/A-0.dtree \
	-moddeffn /home/jerrin/Documents/project/main upload/chakka/trained data builds/tuttorialchakka_1/chakka/model_architecture/chakka.untied.mdef \
	-mixwfn /home/jerrin/Documents/project/main upload/chakka/trained data builds/tuttorialchakka_1/chakka/model_parameters/chakka.cd_cont_untied/mixture_weights \
	-ts2cbfn .cont. \
	-mwfloor 1e-08 \
	-psetfn /home/jerrin/Documents/project/main upload/chakka/trained data builds/tuttorialchakka_1/chakka/model_architecture/chakka.tree_questions \
	-phone A \
	-state 0 \
	-stwt 1.0,0.05,0.0 \
	-meanfn /home/jerrin/Documents/project/main upload/chakka/trained data builds/tuttorialchakka_1/chakka/model_parameters/chakka.cd_cont_untied/means \
	-varfn /home/jerrin/Documents/project/main upload/chakka/trained data builds/tuttorialchakka_1/chakka/model_parameters/chakka.cd_cont_untied/variances \
	-fullvar no \
	-ssplitmin 1 \
	-ssplitmax 7 \
	-ssplitthr 0 \
	-csplitmin 1 \
	-csplitmax 2000 \
	-csplitthr 0 

Current configuration:
[NAME]		[DEFLT]	[VALUE]
-allphones	no	no
-cntthresh	0.00001	1.000000e-05
-csplitmax	100	2000
-csplitmin	1	1
-csplitthr	8e-4	0.000000e+00
-example	no	no
-fullvar	no	no
-help		no	no
-meanfn			/home/jerrin/Documents/project/main upload/chakka/trained data builds/tuttorialchakka_1/chakka/model_parameters/chakka.cd_cont_untied/means
-mixwfn			/home/jerrin/Documents/project/main upload/chakka/trained data builds/tuttorialchakka_1/chakka/model_parameters/chakka.cd_cont_untied/mixture_weights
-moddeffn		/home/jerrin/Documents/project/main upload/chakka/trained data builds/tuttorialchakka_1/chakka/model_architecture/chakka.untied.mdef
-mwfloor	1e-4	1.000000e-08
-phone			A
-psetfn			/home/jerrin/Documents/project/main upload/chakka/trained data builds/tuttorialchakka_1/chakka/model_architecture/chakka.tree_questions
-ssplitmax	5	7
-ssplitmin	1	1
-ssplitthr	8e-4	0.000000e+00
-state			0
-stwt			1.0,0.05,0.0,
-treefn			/home/jerrin/Documents/project/main upload/chakka/trained data builds/tuttorialchakka_1/chakka/trees/chakka.unpruned/A-0.dtree
-ts2cbfn	.semi.	.cont.
-varfloor	0.00001	1.000000e-05
-varfn			/home/jerrin/Documents/project/main upload/chakka/trained data builds/tuttorialchakka_1/chakka/model_parameters/chakka.cd_cont_untied/variances

INFO: main.c(223): Reading: /home/jerrin/Documents/project/main upload/chakka/trained data builds/tuttorialchakka_1/chakka/model_architecture/chakka.untied.mdef
INFO: model_def_io.c(573): Model definition info:
INFO: model_def_io.c(574): 347 total models defined (45 base, 302 tri)
INFO: model_def_io.c(575): 1388 total states
INFO: model_def_io.c(576): 1041 total tied states
INFO: model_def_io.c(577): 135 total tied CI states
INFO: model_def_io.c(578): 45 total tied transition matrices
INFO: model_def_io.c(579): 4 max state/model
INFO: model_def_io.c(580): 4 min state/model
INFO: main.c(242): Building trees for [A A D b] through [A ZH K i]
INFO: main.c(268): Covering states |[135 281]| == 147
INFO: main.c(275): Reading: /home/jerrin/Documents/project/main upload/chakka/trained data builds/tuttorialchakka_1/chakka/model_parameters/chakka.cd_cont_untied/mixture_weights
INFO: s3mixw_io.c(172): Read /home/jerrin/Documents/project/main upload/chakka/trained data builds/tuttorialchakka_1/chakka/model_parameters/chakka.cd_cont_untied/mixture_weights [147x1x1 array]
INFO: main.c(311): 49 of 49 models have observation count greater than 0.000010
INFO: main.c(95): nrm stwt: 0.952 0.048 0.000 
INFO: s3gau_io.c(166): Read /home/jerrin/Documents/project/main upload/chakka/trained data builds/tuttorialchakka_1/chakka/model_parameters/chakka.cd_cont_untied/means [1041x1x1 array]
INFO: s3gau_io.c(166): Read /home/jerrin/Documents/project/main upload/chakka/trained data builds/tuttorialchakka_1/chakka/model_parameters/chakka.cd_cont_untied/variances [1041x1x1 array]
INFO: main.c(549): Reading: /home/jerrin/Documents/project/main upload/chakka/trained data builds/tuttorialchakka_1/chakka/model_architecture/chakka.tree_questions
INFO: main.c(587): 174 total simple questions (166 phone; 8 word bndry)
INFO: main.c(589): 40 Left Only questions, and 42 Right Only questions
INFO: dtree.c(1478): Final simple tree
|( WDBNDRY_B 0 -2.919e+04 6.619e+03 2.534e+03
|    ( - -2.485e+03 6 0 !QUESTION19 -1 4.967e+02 2.971e+02)
|    ( WDBNDRY_E 0 -2.009e+04 3.558e+03 2.236e+03
|        ( QUESTION4 -1 -6.075e+02 1.291e+03 5.914e+02
|            ( - 1.558e+03 5 0 SILENCE 1 6.680e+02 3.260e+02)
|            ( - -8.741e+02 6 0 QUESTION0 -1 7.223e+02 2.654e+02))
|        ( QUESTION2_7_L -1 -1.592e+04 1.948e+03 1.645e+03
|            ( QUESTION2_8_L -1 -1.324e+04 1.436e+03 1.317e+03
|                ( QUESTION0_8_R 1 -7.674e+03 1.518e+03 7.522e+02
|                    ( - -2.121e+03 6 0 QUESTION1 -1 9.742e+02 3.424e+02)
|                    ( - -4.034e+03 7 0 QUESTION0_16_R 1 1.009e+03 4.097e+02))
|                ( QUESTION1 -1 -4.129e+03 1.203e+03 5.648e+02
|                    ( - -3.475e+03 9 0 QUESTION9 1 1.066e+03 4.719e+02)
|                    ( - 5.492e+02 2 0 QUESTION0_0_R 1 7.571e+02 9.291e+01)))
|            ( - -7.363e+02 8 0 !QUESTION18 -1 9.320e+02 3.282e+02))))
s>    ( WDBNDRY_B 0 -2.919e+04 6.619e+03 2.534e+03
s>        ( - -2.485e+03 6 0 !QUESTION19 -1 4.967e+02 2.971e+02)
s>        ( WDBNDRY_E 0 -2.009e+04 3.558e+03 2.236e+03
s>            ( QUESTION4 -1 -6.075e+02 1.291e+03 5.914e+02
s>                ( - 1.558e+03 5 0 SILENCE 1 6.680e+02 3.260e+02)
s>                ( - -8.741e+02 6 0 QUESTION0 -1 7.223e+02 2.654e+02))
s>            ( QUESTION2_7_L -1 -1.592e+04 1.948e+03 1.645e+03
s>                ( QUESTION2_8_L -1 -1.324e+04 1.436e+03 1.317e+03
s>                    ( QUESTION0_8_R 1 -7.674e+03 1.518e+03 7.522e+02
s>                        ( - -2.121e+03 6 0 QUESTION1 -1 9.742e+02 3.424e+02)
s>                        ( - -4.034e+03 7 0 QUESTION0_16_R 1 1.009e+03 4.097e+02))
s>                    ( QUESTION1 -1 -4.129e+03 1.203e+03 5.648e+02
s>                        ( - -3.475e+03 9 0 QUESTION9 1 1.066e+03 4.719e+02)
s>                        ( - 5.492e+02 2 0 QUESTION0_0_R 1 7.571e+02 9.291e+01)))
s>                ( - -7.363e+02 8 0 !QUESTION18 -1 9.320e+02 3.282e+02))))INFO: dtree.c(1315): Comp split 0
INFO: dtree.c(1478): Final simple tree
|( WDBNDRY_E 0 -2.009e+04 3.558e+03 2.236e+03
|    ( QUESTION4 -1 -6.075e+02 1.291e+03 5.914e+02
|        ( - 1.558e+03 5 0 SILENCE 1 6.680e+02 3.260e+02)
|        ( - -8.741e+02 6 0 QUESTION0 -1 7.223e+02 2.654e+02))
|    ( QUESTION2_7_L -1 -1.592e+04 1.948e+03 1.645e+03
|        ( QUESTION2_8_L -1 -1.324e+04 1.436e+03 1.317e+03
|            ( QUESTION0_8_R 1 -7.674e+03 1.518e+03 7.522e+02
|                ( - -2.121e+03 6 0 QUESTION1 -1 9.742e+02 3.424e+02)
|                ( - -4.034e+03 7 0 QUESTION0_16_R 1 1.009e+03 4.097e+02))
|            ( QUESTION1 -1 -4.129e+03 1.203e+03 5.648e+02
|                ( QUESTION9 1 -3.475e+03 1.066e+03 4.719e+02
|                    ( - -1.128e+03 4 0)
|                    ( - -1.281e+03 5 0 !QUESTION5 1 6.683e+02 3.067e+02))
|                ( - 5.492e+02 2 0 QUESTION0_0_R 1 7.571e+02 9.291e+01)))
|        ( - -7.363e+02 8 0 !QUESTION18 -1 9.320e+02 3.282e+02)))
s>    ( WDBNDRY_E 0 -2.009e+04 3.558e+03 2.236e+03
s>        ( QUESTION4 -1 -6.075e+02 1.291e+03 5.914e+02
s>            ( - 1.558e+03 5 0 SILENCE 1 6.680e+02 3.260e+02)
s>            ( - -8.741e+02 6 0 QUESTION0 -1 7.223e+02 2.654e+02))
s>        ( QUESTION2_7_L -1 -1.592e+04 1.948e+03 1.645e+03
s>            ( QUESTION2_8_L -1 -1.324e+04 1.436e+03 1.317e+03
s>                ( QUESTION0_8_R 1 -7.674e+03 1.518e+03 7.522e+02
s>                    ( - -2.121e+03 6 0 QUESTION1 -1 9.742e+02 3.424e+02)
s>                    ( - -4.034e+03 7 0 QUESTION0_16_R 1 1.009e+03 4.097e+02))
s>                ( QUESTION1 -1 -4.129e+03 1.203e+03 5.648e+02
s>                    ( QUESTION9 1 -3.475e+03 1.066e+03 4.719e+02
s>                        ( - -1.128e+03 4 0)
s>                        ( - -1.281e+03 5 0 !QUESTION5 1 6.683e+02 3.067e+02))
s>                    ( - 5.492e+02 2 0 QUESTION0_0_R 1 7.571e+02 9.291e+01)))
s>            ( - -7.363e+02 8 0 !QUESTION18 -1 9.320e+02 3.282e+02)))INFO: dtree.c(1439): stop. leaf nodes are specific
INFO: dtree.c(1478): Final simple tree
|( !QUESTION19 -1 -2.485e+03 4.967e+02 2.971e+02
|    ( QUESTION0_10_R 1 -2.063e+03 2.088e+02 2.871e+02
|        ( SILENCE -1 -8.471e+02 1.209e+02 9.142e+01
|            ( - -4.472e+02 1 0)
|            ( - -2.790e+02 1 0))
|        ( !SILENCE -1 -1.007e+03 1.527e+02 1.957e+02
|            ( !QUESTION2_3_L -1 -5.553e+02 9.636e+01 1.455e+02
|                ( - -2.653e+02 1 0)
|                ( - -1.936e+02 1 0))
|            ( - -2.993e+02 1 0)))
|    ( - 7.503e+01 1 0))
s>    ( !QUESTION19 -1 -2.485e+03 4.967e+02 2.971e+02
s>        ( QUESTION0_10_R 1 -2.063e+03 2.088e+02 2.871e+02
s>            ( SILENCE -1 -8.471e+02 1.209e+02 9.142e+01
s>                ( - -4.472e+02 1 0)
s>                ( - -2.790e+02 1 0))
s>            ( !SILENCE -1 -1.007e+03 1.527e+02 1.957e+02
s>                ( !QUESTION2_3_L -1 -5.553e+02 9.636e+01 1.455e+02
s>                    ( - -2.653e+02 1 0)
s>                    ( - -1.936e+02 1 0))
s>                ( - -2.993e+02 1 0)))
s>        ( - 7.503e+01 1 0))INFO: dtree.c(1315): Comp split 1
INFO: dtree.c(1478): Final simple tree
|( QUESTION2_7_L -1 -1.592e+04 1.948e+03 1.645e+03
|    ( QUESTION2_8_L -1 -1.324e+04 1.436e+03 1.317e+03
|        ( QUESTION0_8_R 1 -7.674e+03 1.518e+03 7.522e+02
|            ( QUESTION1 -1 -2.121e+03 9.742e+02 3.424e+02
|                ( - -1.144e+03 5 0 !QUESTION2_12_L -1 6.255e+02 2.277e+02)
|                ( - -2.919e+00 1 0))
|            ( QUESTION0_16_R 1 -4.034e+03 1.009e+03 4.097e+02
|                ( - -3.456e+02 3 0 !QUESTION16 -1 7.353e+02 1.761e+02)
|                ( - -2.680e+03 4 0 !QUESTION1 -1 8.019e+02 2.336e+02)))
|        ( QUESTION1 -1 -4.129e+03 1.203e+03 5.648e+02
|            ( QUESTION9 1 -3.475e+03 1.066e+03 4.719e+02
|                ( - -1.128e+03 4 0)
|                ( - -1.281e+03 5 0 !QUESTION5 1 6.683e+02 3.067e+02))
|            ( - 5.492e+02 2 0 QUESTION0_0_R 1 7.571e+02 9.291e+01)))
|    ( - -7.363e+02 8 0 !QUESTION18 -1 9.320e+02 3.282e+02))
s>    ( QUESTION2_7_L -1 -1.592e+04 1.948e+03 1.645e+03
s>        ( QUESTION2_8_L -1 -1.324e+04 1.436e+03 1.317e+03
s>            ( QUESTION0_8_R 1 -7.674e+03 1.518e+03 7.522e+02
s>                ( QUESTION1 -1 -2.121e+03 9.742e+02 3.424e+02
s>                    ( - -1.144e+03 5 0 !QUESTION2_12_L -1 6.255e+02 2.277e+02)
s>                    ( - -2.919e+00 1 0))
s>                ( QUESTION0_16_R 1 -4.034e+03 1.009e+03 4.097e+02
s>                    ( - -3.456e+02 3 0 !QUESTION16 -1 7.353e+02 1.761e+02)
s>                    ( - -2.680e+03 4 0 !QUESTION1 -1 8.019e+02 2.336e+02)))
s>            ( QUESTION1 -1 -4.129e+03 1.203e+03 5.648e+02
s>                ( QUESTION9 1 -3.475e+03 1.066e+03 4.719e+02
s>                    ( - -1.128e+03 4 0)
s>                    ( - -1.281e+03 5 0 !QUESTION5 1 6.683e+02 3.067e+02))
s>                ( - 5.492e+02 2 0 QUESTION0_0_R 1 7.571e+02 9.291e+01)))
s>        ( - -7.363e+02 8 0 !QUESTION18 -1 9.320e+02 3.282e+02))INFO: dtree.c(1478): Final simple tree
|( QUESTION4 -1 -6.075e+02 1.291e+03 5.914e+02
|    ( SILENCE 1 1.558e+03 6.680e+02 3.260e+02
|        ( - 5.583e+02 1 0)
|        ( QUESTION0_12_R 1 1.667e+03 5.216e+02 1.394e+02
|            ( - 4.494e+02 1 0)
|            ( - 1.739e+03 3 0 QUESTION0_15_R 1 1.397e+02 1.084e+02)))
|    ( QUESTION0 -1 -8.741e+02 7.223e+02 2.654e+02
|        ( SILENCE 1 3.161e+01 4.291e+02 2.046e+02
|            ( - 3.131e+02 1 0)
|            ( - 1.476e+02 2 0 QUESTION0_0_R 1 1.777e+02 8.134e+01))
|        ( SILENCE 1 -1.834e+02 4.742e+02 6.077e+01
|            ( - 2.873e+02 1 0)
|            ( !QUESTION19 1 3.566e+00 2.325e+02 2.401e+01
|                ( - 1.269e+02 1 0)
|                ( - 1.092e+02 1 0)))))
s>    ( QUESTION4 -1 -6.075e+02 1.291e+03 5.914e+02
s>        ( SILENCE 1 1.558e+03 6.680e+02 3.260e+02
s>            ( - 5.583e+02 1 0)
s>            ( QUESTION0_12_R 1 1.667e+03 5.216e+02 1.394e+02
s>                ( - 4.494e+02 1 0)
s>                ( - 1.739e+03 3 0 QUESTION0_15_R 1 1.397e+02 1.084e+02)))
s>        ( QUESTION0 -1 -8.741e+02 7.223e+02 2.654e+02
s>            ( SILENCE 1 3.161e+01 4.291e+02 2.046e+02
s>                ( - 3.131e+02 1 0)
s>                ( - 1.476e+02 2 0 QUESTION0_0_R 1 1.777e+02 8.134e+01))
s>            ( SILENCE 1 -1.834e+02 4.742e+02 6.077e+01
s>                ( - 2.873e+02 1 0)
s>                ( !QUESTION19 1 3.566e+00 2.325e+02 2.401e+01
s>                    ( - 1.269e+02 1 0)
s>                    ( - 1.092e+02 1 0)))))INFO: dtree.c(1315): Comp split 2
INFO: dtree.c(1478): Final simple tree
|( QUESTION0_8_R 1 -6.060e+03 1.484e+03 5.543e+02
|    ( !QUESTION2_12_L -1 -1.144e+03 6.255e+02 2.277e+02
|        ( - -6.898e+02 4 0 QUESTION9 1 5.328e+02 1.970e+02)
|        ( - 1.710e+02 1 0))
|    ( QUESTION9 -1 -3.432e+03 1.301e+03 3.266e+02
|        ( QUESTION0_0_R 1 5.492e+02 7.571e+02 9.291e+01
|            ( - 8.708e+02 1 0)
|            ( - 4.355e+02 1 0))
|        ( !QUESTION1 -1 -2.680e+03 8.019e+02 2.336e+02
|            ( QUESTION0_3_R 1 -2.986e+02 5.344e+02 8.300e+01
|                ( - 3.047e+02 1 0)
|                ( - -6.886e+01 1 0))
|            ( QUESTION0_0_R 1 -1.579e+03 7.664e+02 1.506e+02
|                ( - -2.531e+02 1 0)
|                ( - -5.598e+02 1 0)))))
s>    ( QUESTION0_8_R 1 -6.060e+03 1.484e+03 5.543e+02
s>        ( !QUESTION2_12_L -1 -1.144e+03 6.255e+02 2.277e+02
s>            ( - -6.898e+02 4 0 QUESTION9 1 5.328e+02 1.970e+02)
s>            ( - 1.710e+02 1 0))
s>        ( QUESTION9 -1 -3.432e+03 1.301e+03 3.266e+02
s>            ( QUESTION0_0_R 1 5.492e+02 7.571e+02 9.291e+01
s>                ( - 8.708e+02 1 0)
s>                ( - 4.355e+02 1 0))
s>            ( !QUESTION1 -1 -2.680e+03 8.019e+02 2.336e+02
s>                ( QUESTION0_3_R 1 -2.986e+02 5.344e+02 8.300e+01
s>                    ( - 3.047e+02 1 0)
s>                    ( - -6.886e+01 1 0))
s>                ( QUESTION0_0_R 1 -1.579e+03 7.664e+02 1.506e+02
s>                    ( - -2.531e+02 1 0)
s>                    ( - -5.598e+02 1 0)))))INFO: dtree.c(1478): Final simple tree
|( QUESTION5 1 -7.612e+03 1.426e+03 1.091e+03
|    ( - -1.001e+03 3 0 QUESTION4 -1 5.378e+02 2.591e+02)
|    ( QUESTION2_7_L -1 -5.185e+03 1.080e+03 8.317e+02
|        ( QUESTION1 -1 -3.369e+03 8.098e+02 5.035e+02
|            ( QUESTION9 1 -2.223e+03 7.652e+02 3.273e+02
|                ( - -1.128e+03 4 0)
|                ( - -3.303e+02 4 0 !QUESTION4 -1 7.296e+02 1.621e+02))
|            ( - -3.358e+02 2 0 QUESTION0_0_R 1 7.179e+02 1.762e+02))
|        ( !QUESTION18 -1 -7.363e+02 9.320e+02 3.282e+02
|            ( QUESTION0_0_R 1 2.386e+02 8.442e+02 1.712e+02
|                ( - 7.018e+02 3 0 QUESTION0_3_R 1 5.190e+02 1.292e+02)
|                ( - 3.810e+02 1 0))
|            ( QUESTION0_16_R 1 -4.287e+01 7.969e+02 1.570e+02
|                ( - 5.638e+02 1 0)
|                ( - 1.902e+02 3 0 QUESTION2_6_L -1 5.506e+02 9.314e+01)))))
s>    ( QUESTION5 1 -7.612e+03 1.426e+03 1.091e+03
s>        ( - -1.001e+03 3 0 QUESTION4 -1 5.378e+02 2.591e+02)
s>        ( QUESTION2_7_L -1 -5.185e+03 1.080e+03 8.317e+02
s>            ( QUESTION1 -1 -3.369e+03 8.098e+02 5.035e+02
s>                ( QUESTION9 1 -2.223e+03 7.652e+02 3.273e+02
s>                    ( - -1.128e+03 4 0)
s>                    ( - -3.303e+02 4 0 !QUESTION4 -1 7.296e+02 1.621e+02))
s>                ( - -3.358e+02 2 0 QUESTION0_0_R 1 7.179e+02 1.762e+02))
s>            ( !QUESTION18 -1 -7.363e+02 9.320e+02 3.282e+02
s>                ( QUESTION0_0_R 1 2.386e+02 8.442e+02 1.712e+02
s>                    ( - 7.018e+02 3 0 QUESTION0_3_R 1 5.190e+02 1.292e+02)
s>                    ( - 3.810e+02 1 0))
s>                ( QUESTION0_16_R 1 -4.287e+01 7.969e+02 1.570e+02
s>                    ( - 5.638e+02 1 0)
s>                    ( - 1.902e+02 3 0 QUESTION2_6_L -1 5.506e+02 9.314e+01)))))INFO: dtree.c(1315): Comp split 3
INFO: dtree.c(1439): stop. leaf nodes are specific
INFO: dtree.c(1478): Final simple tree
|( !QUESTION2_17_L -1 -1.096e+03 8.415e+02 2.360e+02
|    ( QUESTION9 1 -6.898e+02 5.328e+02 1.970e+02
|        ( !QUESTION2_11_L -1 -7.868e+01 2.731e+02 1.284e+02
|            ( - 2.111e+02 1 0)
|            ( - -1.666e+01 1 0))
|        ( !QUESTION0 1 -7.835e+01 4.027e+02 6.861e+01
|            ( - 1.569e+02 1 0)
|            ( - 1.674e+02 1 0)))
|    ( - 4.355e+02 1 0))
s>    ( !QUESTION2_17_L -1 -1.096e+03 8.415e+02 2.360e+02
s>        ( QUESTION9 1 -6.898e+02 5.328e+02 1.970e+02
s>            ( !QUESTION2_11_L -1 -7.868e+01 2.731e+02 1.284e+02
s>                ( - 2.111e+02 1 0)
s>                ( - -1.666e+01 1 0))
s>            ( !QUESTION0 1 -7.835e+01 4.027e+02 6.861e+01
s>                ( - 1.569e+02 1 0)
s>                ( - 1.674e+02 1 0)))
s>        ( - 4.355e+02 1 0))INFO: dtree.c(1439): stop. leaf nodes are specific
INFO: dtree.c(1478): Final simple tree
|( QUESTION9 -1 -3.274e+03 1.173e+03 3.183e+02
|    ( - 8.708e+02 1 0)
|    ( QUESTION0_0_R 1 -2.972e+03 8.522e+02 2.643e+02
|        ( QUESTION3 -1 -1.560e+03 8.727e+02 1.726e+02
|            ( - -2.531e+02 1 0)
|            ( QUESTION0_3_R 1 -4.345e+02 5.085e+02 1.137e+02
|                ( - 3.047e+02 1 0)
|                ( QUESTION0_5_R 1 -2.307e+02 3.328e+02 7.960e+01
|                    ( - -6.886e+01 1 0)
|                    ( - 1.710e+02 1 0))))
|        ( - -5.598e+02 1 0)))
s>    ( QUESTION9 -1 -3.274e+03 1.173e+03 3.183e+02
s>        ( - 8.708e+02 1 0)
s>        ( QUESTION0_0_R 1 -2.972e+03 8.522e+02 2.643e+02
s>            ( QUESTION3 -1 -1.560e+03 8.727e+02 1.726e+02
s>                ( - -2.531e+02 1 0)
s>                ( QUESTION0_3_R 1 -4.345e+02 5.085e+02 1.137e+02
s>                    ( - 3.047e+02 1 0)
s>                    ( QUESTION0_5_R 1 -2.307e+02 3.328e+02 7.960e+01
s>                        ( - -6.886e+01 1 0)
s>                        ( - 1.710e+02 1 0))))
s>            ( - -5.598e+02 1 0)))INFO: dtree.c(1315): Comp split 4
INFO: dtree.c(1439): stop. leaf nodes are specific
INFO: dtree.c(1478): Final simple tree
|( QUESTION0 -1 -5.087e+02 5.438e+02 2.286e+02
|    ( SILENCE 1 3.161e+01 4.291e+02 2.046e+02
|        ( - 3.131e+02 1 0)
|        ( QUESTION0_0_R 1 1.476e+02 1.777e+02 8.134e+01
|            ( - 1.764e+02 1 0)
|            ( - 1.490e+02 1 0)))
|    ( !QUESTION19 1 3.566e+00 2.325e+02 2.401e+01
|        ( - 1.269e+02 1 0)
|        ( - 1.092e+02 1 0)))
s>    ( QUESTION0 -1 -5.087e+02 5.438e+02 2.286e+02
s>        ( SILENCE 1 3.161e+01 4.291e+02 2.046e+02
s>            ( - 3.131e+02 1 0)
s>            ( QUESTION0_0_R 1 1.476e+02 1.777e+02 8.134e+01
s>                ( - 1.764e+02 1 0)
s>                ( - 1.490e+02 1 0)))
s>        ( !QUESTION19 1 3.566e+00 2.325e+02 2.401e+01
s>            ( - 1.269e+02 1 0)
s>            ( - 1.092e+02 1 0)))INFO: dtree.c(1439): stop. leaf nodes are specific
INFO: dtree.c(1478): Final simple tree
|( SILENCE 1 1.336e+03 7.534e+02 3.627e+02
|    ( QUESTION0 -1 4.218e+02 4.238e+02 2.234e+02
|        ( - 5.583e+02 1 0)
|        ( - 2.873e+02 1 0))
|    ( QUESTION0_12_R 1 1.667e+03 5.216e+02 1.394e+02
|        ( - 4.494e+02 1 0)
|        ( QUESTION0_15_R 1 1.739e+03 1.397e+02 1.084e+02
|            ( - 8.923e+02 1 0)
|            ( QUESTION0_0_R 1 9.868e+02 1.250e+02 5.417e+01
|                ( - 5.823e+02 1 0)
|                ( - 5.295e+02 1 0)))))
s>    ( SILENCE 1 1.336e+03 7.534e+02 3.627e+02
s>        ( QUESTION0 -1 4.218e+02 4.238e+02 2.234e+02
s>            ( - 5.583e+02 1 0)
s>            ( - 2.873e+02 1 0))
s>        ( QUESTION0_12_R 1 1.667e+03 5.216e+02 1.394e+02
s>            ( - 4.494e+02 1 0)
s>            ( QUESTION0_15_R 1 1.739e+03 1.397e+02 1.084e+02
s>                ( - 8.923e+02 1 0)
s>                ( QUESTION0_0_R 1 9.868e+02 1.250e+02 5.417e+01
s>                    ( - 5.823e+02 1 0)
s>                    ( - 5.295e+02 1 0)))))INFO: dtree.c(1315): Comp split 5
INFO: dtree.c(1439): stop. leaf nodes are specific
INFO: dtree.c(1478): Final simple tree
|( QUESTION4 -1 -1.001e+03 5.378e+02 2.591e+02
|    ( - -6.230e+02 2 0)
|    ( - 1.595e+02 1 0))
s>    ( QUESTION4 -1 -1.001e+03 5.378e+02 2.591e+02
s>        ( - -6.230e+02 2 0)
s>        ( - 1.595e+02 1 0))INFO: dtree.c(1478): Final simple tree
|( QUESTION2_7_L -1 -5.185e+03 1.080e+03 8.317e+02
|    ( QUESTION1 -1 -3.369e+03 8.098e+02 5.035e+02
|        ( QUESTION9 1 -2.223e+03 7.652e+02 3.273e+02
|            ( - -1.128e+03 4 0)
|            ( !QUESTION4 -1 -3.303e+02 7.296e+02 1.621e+02
|                ( - 3.891e+02 1 0)
|                ( - 1.018e+01 3 0 QUESTION18 1 2.972e+02 1.055e+02)))
|        ( - -3.358e+02 2 0 QUESTION0_0_R 1 7.179e+02 1.762e+02))
|    ( !QUESTION18 -1 -7.363e+02 9.320e+02 3.282e+02
|        ( QUESTION0_0_R 1 2.386e+02 8.442e+02 1.712e+02
|            ( - 7.018e+02 3 0 QUESTION0_3_R 1 5.190e+02 1.292e+02)
|            ( - 3.810e+02 1 0))
|        ( QUESTION0_16_R 1 -4.287e+01 7.969e+02 1.570e+02
|            ( - 5.638e+02 1 0)
|            ( - 1.902e+02 3 0 QUESTION2_6_L -1 5.506e+02 9.314e+01))))
s>    ( QUESTION2_7_L -1 -5.185e+03 1.080e+03 8.317e+02
s>        ( QUESTION1 -1 -3.369e+03 8.098e+02 5.035e+02
s>            ( QUESTION9 1 -2.223e+03 7.652e+02 3.273e+02
s>                ( - -1.128e+03 4 0)
s>                ( !QUESTION4 -1 -3.303e+02 7.296e+02 1.621e+02
s>                    ( - 3.891e+02 1 0)
s>                    ( - 1.018e+01 3 0 QUESTION18 1 2.972e+02 1.055e+02)))
s>            ( - -3.358e+02 2 0 QUESTION0_0_R 1 7.179e+02 1.762e+02))
s>        ( !QUESTION18 -1 -7.363e+02 9.320e+02 3.282e+02
s>            ( QUESTION0_0_R 1 2.386e+02 8.442e+02 1.712e+02
s>                ( - 7.018e+02 3 0 QUESTION0_3_R 1 5.190e+02 1.292e+02)
s>                ( - 3.810e+02 1 0))
s>            ( QUESTION0_16_R 1 -4.287e+01 7.969e+02 1.570e+02
s>                ( - 5.638e+02 1 0)
s>                ( - 1.902e+02 3 0 QUESTION2_6_L -1 5.506e+02 9.314e+01))))INFO: dtree.c(1315): Comp split 6
INFO: dtree.c(1439): stop. leaf nodes are specific
INFO: dtree.c(1478): Final simple tree
|( QUESTION18 -1 -9.600e+02 6.722e+02 3.456e+02
|    ( - 5.638e+02 1 0)
|    ( QUESTION9 1 -8.516e+02 7.000e+02 2.817e+02
|        ( - -2.919e+00 1 0)
|        ( QUESTION1 -1 -1.487e+02 5.439e+02 1.670e+02
|            ( QUESTION18 1 1.018e+01 2.972e+02 1.055e+02
|                ( - 3.993e+02 1 0)
|                ( - -9.189e+01 2 0))
|            ( - 3.850e+02 1 0))))
s>    ( QUESTION18 -1 -9.600e+02 6.722e+02 3.456e+02
s>        ( - 5.638e+02 1 0)
s>        ( QUESTION9 1 -8.516e+02 7.000e+02 2.817e+02
s>            ( - -2.919e+00 1 0)
s>            ( QUESTION1 -1 -1.487e+02 5.439e+02 1.670e+02
s>                ( QUESTION18 1 1.018e+01 2.972e+02 1.055e+02
s>                    ( - 3.993e+02 1 0)
s>                    ( - -9.189e+01 2 0))
s>                ( - 3.850e+02 1 0))))INFO: dtree.c(1478): Final simple tree
|( QUESTION2_18_L -1 -2.742e+03 1.099e+03 4.861e+02
|    ( QUESTION13 -1 2.715e+02 7.022e+02 1.325e+02
|        ( - 1.642e+00 2 0 !QUESTION9 1 3.219e+02 4.414e+01)
|        ( QUESTION0_3_R 1 9.720e+02 4.582e+02 8.838e+01
|            ( - 7.275e+02 1 0)
|            ( - 7.026e+02 1 0)))
|    ( QUESTION2_19_L -1 -1.915e+03 8.348e+02 3.536e+02
|        ( QUESTION0_0_R 1 5.163e+02 6.039e+02 9.096e+01
|            ( - 7.392e+02 1 0)
|            ( - 3.810e+02 1 0))
|        ( !QUESTION0_0_R 1 -1.596e+03 6.175e+02 2.626e+02
|            ( - 3.891e+02 1 0)
|            ( !QUESTION1 -1 -1.368e+03 4.573e+02 2.060e+02
|                ( - 2.173e+02 1 0)
|                ( - -1.128e+03 4 0)))))
s>    ( QUESTION2_18_L -1 -2.742e+03 1.099e+03 4.861e+02
s>        ( QUESTION13 -1 2.715e+02 7.022e+02 1.325e+02
s>            ( - 1.642e+00 2 0 !QUESTION9 1 3.219e+02 4.414e+01)
s>            ( QUESTION0_3_R 1 9.720e+02 4.582e+02 8.838e+01
s>                ( - 7.275e+02 1 0)
s>                ( - 7.026e+02 1 0)))
s>        ( QUESTION2_19_L -1 -1.915e+03 8.348e+02 3.536e+02
s>            ( QUESTION0_0_R 1 5.163e+02 6.039e+02 9.096e+01
s>                ( - 7.392e+02 1 0)
s>                ( - 3.810e+02 1 0))
s>            ( !QUESTION0_0_R 1 -1.596e+03 6.175e+02 2.626e+02
s>                ( - 3.891e+02 1 0)
s>                ( !QUESTION1 -1 -1.368e+03 4.573e+02 2.060e+02
s>                    ( - 2.173e+02 1 0)
s>                    ( - -1.128e+03 4 0)))))INFO: dtree.c(1315): Comp split 7
INFO: dtree.c(1439): stop. leaf nodes are specific
INFO: dtree.c(1478): Final simple tree
|( QUESTION0_3_R 1 9.720e+02 4.582e+02 8.838e+01
|    ( - 7.275e+02 1 0)
|    ( - 7.026e+02 1 0))
s>    ( QUESTION0_3_R 1 9.720e+02 4.582e+02 8.838e+01
s>        ( - 7.275e+02 1 0)
s>        ( - 7.026e+02 1 0))INFO: dtree.c(1439): stop. leaf nodes are specific
INFO: dtree.c(1478): Final simple tree
|( !QUESTION2_19_L -1 -2.419e+03 8.529e+02 3.977e+02
|    ( !QUESTION0_16_R 1 -2.083e+03 6.333e+02 3.068e+02
|        ( QUESTION14 -1 -1.839e+03 4.857e+02 2.502e+02
|            ( - 2.173e+02 1 0)
|            ( QUESTION1 -1 -1.570e+03 4.441e+02 2.094e+02
|                ( - -1.128e+03 4 0)
|                ( !QUESTION9 1 1.642e+00 3.219e+02 4.414e+01
|                    ( - 1.386e+01 1 0)
|                    ( - 3.097e+02 1 0))))
|        ( - 3.891e+02 1 0))
|    ( QUESTION0_0_R 1 5.163e+02 6.039e+02 9.096e+01
|        ( - 7.392e+02 1 0)
|        ( - 3.810e+02 1 0)))
s>    ( !QUESTION2_19_L -1 -2.419e+03 8.529e+02 3.977e+02
s>        ( !QUESTION0_16_R 1 -2.083e+03 6.333e+02 3.068e+02
s>            ( QUESTION14 -1 -1.839e+03 4.857e+02 2.502e+02
s>                ( - 2.173e+02 1 0)
s>                ( QUESTION1 -1 -1.570e+03 4.441e+02 2.094e+02
s>                    ( - -1.128e+03 4 0)
s>                    ( !QUESTION9 1 1.642e+00 3.219e+02 4.414e+01
s>                        ( - 1.386e+01 1 0)
s>                        ( - 3.097e+02 1 0))))
s>            ( - 3.891e+02 1 0))
s>        ( QUESTION0_0_R 1 5.163e+02 6.039e+02 9.096e+01
s>            ( - 7.392e+02 1 0)
s>            ( - 3.810e+02 1 0)))INFO: dtree.c(1315): Comp split 8
INFO: dtree.c(1439): stop. leaf nodes are specific
INFO: dtree.c(1478): Final simple tree
|( QUESTION0_0_R 1 -2.972e+03 8.522e+02 2.643e+02
|    ( QUESTION3 -1 -1.560e+03 8.727e+02 1.726e+02
|        ( - -2.531e+02 1 0)
|        ( QUESTION0_3_R 1 -4.345e+02 5.085e+02 1.137e+02
|            ( - 3.047e+02 1 0)
|            ( QUESTION0_5_R 1 -2.307e+02 3.328e+02 7.960e+01
|                ( - -6.886e+01 1 0)
|                ( - 1.710e+02 1 0))))
|    ( - -5.598e+02 1 0))
s>    ( QUESTION0_0_R 1 -2.972e+03 8.522e+02 2.643e+02
s>        ( QUESTION3 -1 -1.560e+03 8.727e+02 1.726e+02
s>            ( - -2.531e+02 1 0)
s>            ( QUESTION0_3_R 1 -4.345e+02 5.085e+02 1.137e+02
s>                ( - 3.047e+02 1 0)
s>                ( QUESTION0_5_R 1 -2.307e+02 3.328e+02 7.960e+01
s>                    ( - -6.886e+01 1 0)
s>                    ( - 1.710e+02 1 0))))
s>        ( - -5.598e+02 1 0))INFO: dtree.c(1315): Comp split 9
INFO: dtree.c(1439): stop. leaf nodes are specific
INFO: dtree.c(1478): Final simple tree
|( QUESTION0_3_R 1 -4.345e+02 5.085e+02 1.137e+02
|    ( - 3.047e+02 1 0)
|    ( QUESTION0_5_R 1 -2.307e+02 3.328e+02 7.960e+01
|        ( - -6.886e+01 1 0)
|        ( - 1.710e+02 1 0)))
s>    ( QUESTION0_3_R 1 -4.345e+02 5.085e+02 1.137e+02
s>        ( - 3.047e+02 1 0)
s>        ( QUESTION0_5_R 1 -2.307e+02 3.328e+02 7.960e+01
s>            ( - -6.886e+01 1 0)
s>            ( - 1.710e+02 1 0)))INFO: dtree.c(1439): stop. leaf nodes are specific
INFO: dtree.c(1478): Final simple tree
|( QUESTION0_0_R 1 -1.579e+03 7.664e+02 1.506e+02
|    ( - -2.531e+02 1 0)
|    ( - -5.598e+02 1 0))
s>    ( QUESTION0_0_R 1 -1.579e+03 7.664e+02 1.506e+02
s>        ( - -2.531e+02 1 0)
s>        ( - -5.598e+02 1 0))INFO: dtree.c(1315): Comp split 10
INFO: dtree.c(1439): stop. leaf nodes are specific
INFO: dtree.c(1478): Final simple tree
|( QUESTION1 -1 -1.487e+02 5.439e+02 1.670e+02
|    ( QUESTION18 1 1.018e+01 2.972e+02 1.055e+02
|        ( - 3.993e+02 1 0)
|        ( - -9.189e+01 2 0))
|    ( - 3.850e+02 1 0))
s>    ( QUESTION1 -1 -1.487e+02 5.439e+02 1.670e+02
s>        ( QUESTION18 1 1.018e+01 2.972e+02 1.055e+02
s>            ( - 3.993e+02 1 0)
s>            ( - -9.189e+01 2 0))
s>        ( - 3.850e+02 1 0))INFO: dtree.c(1439): stop. leaf nodes are specific
INFO: dtree.c(1478): Final simple tree
|( QUESTION0_0_R 1 5.596e+01 5.049e+02 1.786e+02
|    ( - -2.919e+00 1 0)
|    ( - 5.638e+02 1 0))
s>    ( QUESTION0_0_R 1 5.596e+01 5.049e+02 1.786e+02
s>        ( - -2.919e+00 1 0)
s>        ( - 5.638e+02 1 0))INFO: dtree.c(1315): Comp split 11
INFO: dtree.c(1439): stop. leaf nodes are specific
INFO: dtree.c(1478): Final simple tree
|( QUESTION0_0_R 1 5.163e+02 6.039e+02 9.096e+01
|    ( - 7.392e+02 1 0)
|    ( - 3.810e+02 1 0))
s>    ( QUESTION0_0_R 1 5.163e+02 6.039e+02 9.096e+01
s>        ( - 7.392e+02 1 0)
s>        ( - 3.810e+02 1 0))INFO: dtree.c(1439): stop. leaf nodes are specific
INFO: dtree.c(1478): Final simple tree
|( !QUESTION0_16_R 1 -2.083e+03 6.333e+02 3.068e+02
|    ( QUESTION14 -1 -1.839e+03 4.857e+02 2.502e+02
|        ( - 2.173e+02 1 0)
|        ( QUESTION1 -1 -1.570e+03 4.441e+02 2.094e+02
|            ( - -1.128e+03 4 0)
|            ( !QUESTION9 1 1.642e+00 3.219e+02 4.414e+01
|                ( - 1.386e+01 1 0)
|                ( - 3.097e+02 1 0))))
|    ( - 3.891e+02 1 0))
s>    ( !QUESTION0_16_R 1 -2.083e+03 6.333e+02 3.068e+02
s>        ( QUESTION14 -1 -1.839e+03 4.857e+02 2.502e+02
s>            ( - 2.173e+02 1 0)
s>            ( QUESTION1 -1 -1.570e+03 4.441e+02 2.094e+02
s>                ( - -1.128e+03 4 0)
s>                ( !QUESTION9 1 1.642e+00 3.219e+02 4.414e+01
s>                    ( - 1.386e+01 1 0)
s>                    ( - 3.097e+02 1 0))))
s>        ( - 3.891e+02 1 0))INFO: dtree.c(1315): Comp split 12
INFO: dtree.c(1439): stop. leaf nodes are specific
INFO: dtree.c(1478): Final simple tree
|( QUESTION9 1 -6.898e+02 5.328e+02 1.970e+02
|    ( !QUESTION2_11_L -1 -7.868e+01 2.731e+02 1.284e+02
|        ( - 2.111e+02 1 0)
|        ( - -1.666e+01 1 0))
|    ( !QUESTION0 1 -7.835e+01 4.027e+02 6.861e+01
|        ( - 1.569e+02 1 0)
|        ( - 1.674e+02 1 0)))
s>    ( QUESTION9 1 -6.898e+02 5.328e+02 1.970e+02
s>        ( !QUESTION2_11_L -1 -7.868e+01 2.731e+02 1.284e+02
s>            ( - 2.111e+02 1 0)
s>            ( - -1.666e+01 1 0))
s>        ( !QUESTION0 1 -7.835e+01 4.027e+02 6.861e+01
s>            ( - 1.569e+02 1 0)
s>            ( - 1.674e+02 1 0)))INFO: dtree.c(1315): Comp split 13
INFO: dtree.c(1439): stop. leaf nodes are specific
INFO: dtree.c(1478): Final simple tree
|( QUESTION0_15_R 1 1.739e+03 1.397e+02 1.084e+02
|    ( - 8.923e+02 1 0)
|    ( QUESTION0_0_R 1 9.868e+02 1.250e+02 5.417e+01
|        ( - 5.823e+02 1 0)
|        ( - 5.295e+02 1 0)))
s>    ( QUESTION0_15_R 1 1.739e+03 1.397e+02 1.084e+02
s>        ( - 8.923e+02 1 0)
s>        ( QUESTION0_0_R 1 9.868e+02 1.250e+02 5.417e+01
s>            ( - 5.823e+02 1 0)
s>            ( - 5.295e+02 1 0)))INFO: dtree.c(1439): stop. leaf nodes are specific
INFO: dtree.c(1478): Final simple tree
|( SILENCE 1 3.928e+02 4.784e+02 2.544e+02
|    ( QUESTION0 -1 4.218e+02 4.238e+02 2.234e+02
|        ( - 5.583e+02 1 0)
|        ( - 2.873e+02 1 0))
|    ( - 4.494e+02 1 0))
s>    ( SILENCE 1 3.928e+02 4.784e+02 2.544e+02
s>        ( QUESTION0 -1 4.218e+02 4.238e+02 2.234e+02
s>            ( - 5.583e+02 1 0)
s>            ( - 2.873e+02 1 0))
s>        ( - 4.494e+02 1 0))INFO: dtree.c(1315): Comp split 14
INFO: dtree.c(1315): Comp split 15
INFO: dtree.c(1439): stop. leaf nodes are specific
INFO: dtree.c(1478): Final simple tree
|( QUESTION14 -1 -1.839e+03 4.857e+02 2.502e+02
|    ( - 2.173e+02 1 0)
|    ( QUESTION1 -1 -1.570e+03 4.441e+02 2.094e+02
|        ( - -1.128e+03 4 0)
|        ( !QUESTION9 1 1.642e+00 3.219e+02 4.414e+01
|            ( - 1.386e+01 1 0)
|            ( - 3.097e+02 1 0))))
s>    ( QUESTION14 -1 -1.839e+03 4.857e+02 2.502e+02
s>        ( - 2.173e+02 1 0)
s>        ( QUESTION1 -1 -1.570e+03 4.441e+02 2.094e+02
s>            ( - -1.128e+03 4 0)
s>            ( !QUESTION9 1 1.642e+00 3.219e+02 4.414e+01
s>                ( - 1.386e+01 1 0)
s>                ( - 3.097e+02 1 0))))INFO: dtree.c(1315): Comp split 16
INFO: dtree.c(1315): Comp split 17
INFO: dtree.c(1439): stop. leaf nodes are specific
INFO: dtree.c(1478): Final simple tree
|( QUESTION18 1 1.018e+01 2.972e+02 1.055e+02
|    ( - 3.993e+02 1 0)
|    ( - -9.189e+01 2 0))
s>    ( QUESTION18 1 1.018e+01 2.972e+02 1.055e+02
s>        ( - 3.993e+02 1 0)
s>        ( - -9.189e+01 2 0))INFO: dtree.c(1315): Comp split 18
INFO: dtree.c(1439): stop. leaf nodes are specific
INFO: dtree.c(1478): Final simple tree
|( SILENCE 1 3.161e+01 4.291e+02 2.046e+02
|    ( - 3.131e+02 1 0)
|    ( QUESTION0_0_R 1 1.476e+02 1.777e+02 8.134e+01
|        ( - 1.764e+02 1 0)
|        ( - 1.490e+02 1 0)))
s>    ( SILENCE 1 3.161e+01 4.291e+02 2.046e+02
s>        ( - 3.131e+02 1 0)
s>        ( QUESTION0_0_R 1 1.476e+02 1.777e+02 8.134e+01
s>            ( - 1.764e+02 1 0)
s>            ( - 1.490e+02 1 0)))INFO: dtree.c(1439): stop. leaf nodes are specific
INFO: dtree.c(1478): Final simple tree
|( !QUESTION19 1 3.566e+00 2.325e+02 2.401e+01
|    ( - 1.269e+02 1 0)
|    ( - 1.092e+02 1 0))
s>    ( !QUESTION19 1 3.566e+00 2.325e+02 2.401e+01
s>        ( - 1.269e+02 1 0)
s>        ( - 1.092e+02 1 0))INFO: dtree.c(1315): Comp split 19
INFO: dtree.c(1315): Comp split 20
INFO: dtree.c(1439): stop. leaf nodes are specific
INFO: dtree.c(1478): Final simple tree
|( !QUESTION0 1 -7.835e+01 4.027e+02 6.861e+01
|    ( - 1.569e+02 1 0)
|    ( - 1.674e+02 1 0))
s>    ( !QUESTION0 1 -7.835e+01 4.027e+02 6.861e+01
s>        ( - 1.569e+02 1 0)
s>        ( - 1.674e+02 1 0))INFO: dtree.c(1439): stop. leaf nodes are specific
INFO: dtree.c(1478): Final simple tree
|( !QUESTION2_11_L -1 -7.868e+01 2.731e+02 1.284e+02
|    ( - 2.111e+02 1 0)
|    ( - -1.666e+01 1 0))
s>    ( !QUESTION2_11_L -1 -7.868e+01 2.731e+02 1.284e+02
s>        ( - 2.111e+02 1 0)
s>        ( - -1.666e+01 1 0))INFO: dtree.c(1315): Comp split 21
INFO: dtree.c(1439): stop. leaf nodes are specific
INFO: dtree.c(1478): Final simple tree
|( QUESTION0_5_R 1 -2.307e+02 3.328e+02 7.960e+01
|    ( - -6.886e+01 1 0)
|    ( - 1.710e+02 1 0))
s>    ( QUESTION0_5_R 1 -2.307e+02 3.328e+02 7.960e+01
s>        ( - -6.886e+01 1 0)
s>        ( - 1.710e+02 1 0))INFO: dtree.c(1315): Comp split 22
INFO: dtree.c(1315): Comp split 23
INFO: dtree.c(1439): stop. leaf nodes are specific
INFO: dtree.c(1478): Final simple tree
|( QUESTION0_10_R 1 -2.063e+03 2.088e+02 2.871e+02
|    ( SILENCE -1 -8.471e+02 1.209e+02 9.142e+01
|        ( - -4.472e+02 1 0)
|        ( - -2.790e+02 1 0))
|    ( !SILENCE -1 -1.007e+03 1.527e+02 1.957e+02
|        ( !QUESTION2_3_L -1 -5.553e+02 9.636e+01 1.455e+02
|            ( - -2.653e+02 1 0)
|            ( - -1.936e+02 1 0))
|        ( - -2.993e+02 1 0)))
s>    ( QUESTION0_10_R 1 -2.063e+03 2.088e+02 2.871e+02
s>        ( SILENCE -1 -8.471e+02 1.209e+02 9.142e+01
s>            ( - -4.472e+02 1 0)
s>            ( - -2.790e+02 1 0))
s>        ( !SILENCE -1 -1.007e+03 1.527e+02 1.957e+02
s>            ( !QUESTION2_3_L -1 -5.553e+02 9.636e+01 1.455e+02
s>                ( - -2.653e+02 1 0)
s>                ( - -1.936e+02 1 0))
s>            ( - -2.993e+02 1 0)))INFO: dtree.c(1315): Comp split 24
INFO: dtree.c(1439): stop. leaf nodes are specific
INFO: dtree.c(1478): Final simple tree
|( QUESTION1 -1 -1.570e+03 4.441e+02 2.094e+02
|    ( - -1.128e+03 4 0)
|    ( !QUESTION9 1 1.642e+00 3.219e+02 4.414e+01
|        ( - 1.386e+01 1 0)
|        ( - 3.097e+02 1 0)))
s>    ( QUESTION1 -1 -1.570e+03 4.441e+02 2.094e+02
s>        ( - -1.128e+03 4 0)
s>        ( !QUESTION9 1 1.642e+00 3.219e+02 4.414e+01
s>            ( - 1.386e+01 1 0)
s>            ( - 3.097e+02 1 0)))INFO: dtree.c(1315): Comp split 25
INFO: dtree.c(1439): stop. leaf nodes are specific
INFO: dtree.c(1478): Final simple tree
|( QUESTION0 -1 4.218e+02 4.238e+02 2.234e+02
|    ( - 5.583e+02 1 0)
|    ( - 2.873e+02 1 0))
s>    ( QUESTION0 -1 4.218e+02 4.238e+02 2.234e+02
s>        ( - 5.583e+02 1 0)
s>        ( - 2.873e+02 1 0))INFO: dtree.c(1315): Comp split 26
INFO: dtree.c(1315): Comp split 27
INFO: dtree.c(1439): stop. leaf nodes are specific
INFO: dtree.c(1478): Final simple tree
|( !QUESTION9 1 1.642e+00 3.219e+02 4.414e+01
|    ( - 1.386e+01 1 0)
|    ( - 3.097e+02 1 0))
s>    ( !QUESTION9 1 1.642e+00 3.219e+02 4.414e+01
s>        ( - 1.386e+01 1 0)
s>        ( - 3.097e+02 1 0))INFO: dtree.c(1315): Comp split 28
INFO: dtree.c(1439): stop. leaf nodes are specific
INFO: dtree.c(1478): Final simple tree
|( QUESTION0_0_R 1 1.476e+02 1.777e+02 8.134e+01
|    ( - 1.764e+02 1 0)
|    ( - 1.490e+02 1 0))
s>    ( QUESTION0_0_R 1 1.476e+02 1.777e+02 8.134e+01
s>        ( - 1.764e+02 1 0)
s>        ( - 1.490e+02 1 0))INFO: dtree.c(1315): Comp split 29
INFO: dtree.c(1315): Comp split 30
INFO: dtree.c(1315): Comp split 31
INFO: dtree.c(1315): Comp split 32
INFO: dtree.c(1315): Comp split 33
INFO: dtree.c(1315): Comp split 34
INFO: dtree.c(1315): Comp split 35
INFO: dtree.c(1315): Comp split 36
INFO: dtree.c(1439): stop. leaf nodes are specific
INFO: dtree.c(1478): Final simple tree
|( !SILENCE -1 -1.007e+03 1.527e+02 1.957e+02
|    ( !QUESTION2_3_L -1 -5.553e+02 9.636e+01 1.455e+02
|        ( - -2.653e+02 1 0)
|        ( - -1.936e+02 1 0))
|    ( - -2.993e+02 1 0))
s>    ( !SILENCE -1 -1.007e+03 1.527e+02 1.957e+02
s>        ( !QUESTION2_3_L -1 -5.553e+02 9.636e+01 1.455e+02
s>            ( - -2.653e+02 1 0)
s>            ( - -1.936e+02 1 0))
s>        ( - -2.993e+02 1 0))INFO: dtree.c(1439): stop. leaf nodes are specific
INFO: dtree.c(1478): Final simple tree
|( SILENCE -1 -8.471e+02 1.209e+02 9.142e+01
|    ( - -4.472e+02 1 0)
|    ( - -2.790e+02 1 0))
s>    ( SILENCE -1 -8.471e+02 1.209e+02 9.142e+01
s>        ( - -4.472e+02 1 0)
s>        ( - -2.790e+02 1 0))INFO: dtree.c(1315): Comp split 37
INFO: dtree.c(1315): Comp split 38
INFO: dtree.c(1439): stop. leaf nodes are specific
INFO: dtree.c(1478): Final simple tree
|( !QUESTION2_3_L -1 -5.553e+02 9.636e+01 1.455e+02
|    ( - -2.653e+02 1 0)
|    ( - -1.936e+02 1 0))
s>    ( !QUESTION2_3_L -1 -5.553e+02 9.636e+01 1.455e+02
s>        ( - -2.653e+02 1 0)
s>        ( - -1.936e+02 1 0))INFO: dtree.c(1315): Comp split 39
INFO: dtree.c(1439): stop. leaf nodes are specific
INFO: dtree.c(1478): Final simple tree
|( QUESTION0_0_R 1 9.868e+02 1.250e+02 5.417e+01
|    ( - 5.823e+02 1 0)
|    ( - 5.295e+02 1 0))
s>    ( QUESTION0_0_R 1 9.868e+02 1.250e+02 5.417e+01
s>        ( - 5.823e+02 1 0)
s>        ( - 5.295e+02 1 0))INFO: dtree.c(1315): Comp split 40
INFO: dtree.c(1315): Comp split 41
INFO: dtree.c(1315): Comp split 42
INFO: dtree.c(1315): Comp split 43
INFO: dtree.c(1318): stop. leaf nodes are specific
!!!!!!!!Allocated 66 lines
Sat Mar 30 00:23:59 2013
