INFO: cmd_ln.c(691): Parsing command line:
/usr/libexec/sphinxtrain/bldtree \
	-treefn /home/jerrin/Documents/project/main upload/chakka/trained data builds/tuttorialchakka_1/chakka/trees/chakka.unpruned/E-1.dtree \
	-moddeffn /home/jerrin/Documents/project/main upload/chakka/trained data builds/tuttorialchakka_1/chakka/model_architecture/chakka.untied.mdef \
	-mixwfn /home/jerrin/Documents/project/main upload/chakka/trained data builds/tuttorialchakka_1/chakka/model_parameters/chakka.cd_cont_untied/mixture_weights \
	-ts2cbfn .cont. \
	-mwfloor 1e-08 \
	-psetfn /home/jerrin/Documents/project/main upload/chakka/trained data builds/tuttorialchakka_1/chakka/model_architecture/chakka.tree_questions \
	-phone E \
	-state 1 \
	-stwt 1.0,0.05,0.0 \
	-meanfn /home/jerrin/Documents/project/main upload/chakka/trained data builds/tuttorialchakka_1/chakka/model_parameters/chakka.cd_cont_untied/means \
	-varfn /home/jerrin/Documents/project/main upload/chakka/trained data builds/tuttorialchakka_1/chakka/model_parameters/chakka.cd_cont_untied/variances \
	-fullvar no \
	-ssplitmin 1 \
	-ssplitmax 7 \
	-ssplitthr 0 \
	-csplitmin 1 \
	-csplitmax 2000 \
	-csplitthr 0 

Current configuration:
[NAME]		[DEFLT]	[VALUE]
-allphones	no	no
-cntthresh	0.00001	1.000000e-05
-csplitmax	100	2000
-csplitmin	1	1
-csplitthr	8e-4	0.000000e+00
-example	no	no
-fullvar	no	no
-help		no	no
-meanfn			/home/jerrin/Documents/project/main upload/chakka/trained data builds/tuttorialchakka_1/chakka/model_parameters/chakka.cd_cont_untied/means
-mixwfn			/home/jerrin/Documents/project/main upload/chakka/trained data builds/tuttorialchakka_1/chakka/model_parameters/chakka.cd_cont_untied/mixture_weights
-moddeffn		/home/jerrin/Documents/project/main upload/chakka/trained data builds/tuttorialchakka_1/chakka/model_architecture/chakka.untied.mdef
-mwfloor	1e-4	1.000000e-08
-phone			E
-psetfn			/home/jerrin/Documents/project/main upload/chakka/trained data builds/tuttorialchakka_1/chakka/model_architecture/chakka.tree_questions
-ssplitmax	5	7
-ssplitmin	1	1
-ssplitthr	8e-4	0.000000e+00
-state			1
-stwt			1.0,0.05,0.0,
-treefn			/home/jerrin/Documents/project/main upload/chakka/trained data builds/tuttorialchakka_1/chakka/trees/chakka.unpruned/E-1.dtree
-ts2cbfn	.semi.	.cont.
-varfloor	0.00001	1.000000e-05
-varfn			/home/jerrin/Documents/project/main upload/chakka/trained data builds/tuttorialchakka_1/chakka/model_parameters/chakka.cd_cont_untied/variances

INFO: main.c(223): Reading: /home/jerrin/Documents/project/main upload/chakka/trained data builds/tuttorialchakka_1/chakka/model_architecture/chakka.untied.mdef
INFO: model_def_io.c(573): Model definition info:
INFO: model_def_io.c(574): 347 total models defined (45 base, 302 tri)
INFO: model_def_io.c(575): 1388 total states
INFO: model_def_io.c(576): 1041 total tied states
INFO: model_def_io.c(577): 135 total tied CI states
INFO: model_def_io.c(578): 45 total tied transition matrices
INFO: model_def_io.c(579): 4 max state/model
INFO: model_def_io.c(580): 4 min state/model
INFO: main.c(242): Building trees for [E CH T i] through [E V SH i]
INFO: main.c(268): Covering states |[459 509]| == 51
INFO: main.c(275): Reading: /home/jerrin/Documents/project/main upload/chakka/trained data builds/tuttorialchakka_1/chakka/model_parameters/chakka.cd_cont_untied/mixture_weights
INFO: s3mixw_io.c(172): Read /home/jerrin/Documents/project/main upload/chakka/trained data builds/tuttorialchakka_1/chakka/model_parameters/chakka.cd_cont_untied/mixture_weights [51x1x1 array]
INFO: main.c(311): 17 of 17 models have observation count greater than 0.000010
INFO: main.c(95): nrm stwt: 0.045 0.909 0.045 
INFO: s3gau_io.c(166): Read /home/jerrin/Documents/project/main upload/chakka/trained data builds/tuttorialchakka_1/chakka/model_parameters/chakka.cd_cont_untied/means [1041x1x1 array]
INFO: s3gau_io.c(166): Read /home/jerrin/Documents/project/main upload/chakka/trained data builds/tuttorialchakka_1/chakka/model_parameters/chakka.cd_cont_untied/variances [1041x1x1 array]
INFO: main.c(549): Reading: /home/jerrin/Documents/project/main upload/chakka/trained data builds/tuttorialchakka_1/chakka/model_architecture/chakka.tree_questions
INFO: main.c(587): 174 total simple questions (166 phone; 8 word bndry)
INFO: main.c(589): 40 Left Only questions, and 42 Right Only questions
INFO: dtree.c(1478): Final simple tree
|( QUESTION2 -1 -5.410e+03 2.393e+03 1.038e+03
|    ( - 3.139e+03 1 0)
|    ( QUESTION0_9_R 1 -6.156e+03 1.726e+03 8.796e+02
|        ( QUESTION0_16_R 1 -2.408e+03 7.576e+02 4.266e+02
|            ( !QUESTION2_17_L -1 -1.145e+03 7.854e+02 3.380e+02
|                ( - 3.146e+02 2 0 !QUESTION2_18_L -1 2.601e+02 1.790e+02)
|                ( - -6.741e+02 2 0))
|            ( - -5.052e+02 4 0 !QUESTION6 1 5.168e+02 8.857e+01))
|        ( QUESTION5 -1 -2.022e+03 1.348e+03 4.530e+02
|            ( - 1.871e+03 1 0)
|            ( QUESTION2_8_L -1 -2.545e+03 9.222e+02 3.182e+02
|                ( - -5.115e+00 1 0)
|                ( !QUESTION0_3_R 1 -1.617e+03 6.177e+02 2.383e+02
|                    ( - -6.229e+02 4 0 WDBNDRY_B 0 4.287e+02 1.522e+02)
|                    ( - -3.768e+02 2 0 !QUESTION2_17_L -1 3.240e+02 8.603e+01))))))
s>    ( QUESTION2 -1 -5.410e+03 2.393e+03 1.038e+03
s>        ( - 3.139e+03 1 0)
s>        ( QUESTION0_9_R 1 -6.156e+03 1.726e+03 8.796e+02
s>            ( QUESTION0_16_R 1 -2.408e+03 7.576e+02 4.266e+02
s>                ( !QUESTION2_17_L -1 -1.145e+03 7.854e+02 3.380e+02
s>                    ( - 3.146e+02 2 0 !QUESTION2_18_L -1 2.601e+02 1.790e+02)
s>                    ( - -6.741e+02 2 0))
s>                ( - -5.052e+02 4 0 !QUESTION6 1 5.168e+02 8.857e+01))
s>            ( QUESTION5 -1 -2.022e+03 1.348e+03 4.530e+02
s>                ( - 1.871e+03 1 0)
s>                ( QUESTION2_8_L -1 -2.545e+03 9.222e+02 3.182e+02
s>                    ( - -5.115e+00 1 0)
s>                    ( !QUESTION0_3_R 1 -1.617e+03 6.177e+02 2.383e+02
s>                        ( - -6.229e+02 4 0 WDBNDRY_B 0 4.287e+02 1.522e+02)
s>                        ( - -3.768e+02 2 0 !QUESTION2_17_L -1 3.240e+02 8.603e+01))))))INFO: dtree.c(1315): Comp split 0
INFO: dtree.c(1478): Final simple tree
|( QUESTION0_9_R 1 -6.500e+03 1.548e+03 7.448e+02
|    ( QUESTION0_16_R 1 -2.408e+03 7.576e+02 4.266e+02
|        ( !QUESTION2_17_L -1 -1.145e+03 7.854e+02 3.380e+02
|            ( - 3.146e+02 2 0 !QUESTION2_18_L -1 2.601e+02 1.790e+02)
|            ( - -6.741e+02 2 0))
|        ( !QUESTION6 1 -5.052e+02 5.168e+02 8.857e+01
|            ( - -1.320e+02 3 0 WDBNDRY_E 0 3.154e+02 6.015e+01)
|            ( - 1.436e+02 1 0)))
|    ( QUESTION2_8_L -1 -2.545e+03 9.222e+02 3.182e+02
|        ( - -5.115e+00 1 0)
|        ( !QUESTION0_3_R 1 -1.617e+03 6.177e+02 2.383e+02
|            ( WDBNDRY_B 0 -6.229e+02 4.287e+02 1.522e+02
|                ( - -1.444e+02 2 0 QUESTION2_3_L -1 1.034e+02 6.487e+01)
|                ( - -4.984e+01 2 0 QUESTION2_17_L -1 4.339e+02 8.736e+01))
|            ( - -3.768e+02 2 0 !QUESTION2_17_L -1 3.240e+02 8.603e+01))))
s>    ( QUESTION0_9_R 1 -6.500e+03 1.548e+03 7.448e+02
s>        ( QUESTION0_16_R 1 -2.408e+03 7.576e+02 4.266e+02
s>            ( !QUESTION2_17_L -1 -1.145e+03 7.854e+02 3.380e+02
s>                ( - 3.146e+02 2 0 !QUESTION2_18_L -1 2.601e+02 1.790e+02)
s>                ( - -6.741e+02 2 0))
s>            ( !QUESTION6 1 -5.052e+02 5.168e+02 8.857e+01
s>                ( - -1.320e+02 3 0 WDBNDRY_E 0 3.154e+02 6.015e+01)
s>                ( - 1.436e+02 1 0)))
s>        ( QUESTION2_8_L -1 -2.545e+03 9.222e+02 3.182e+02
s>            ( - -5.115e+00 1 0)
s>            ( !QUESTION0_3_R 1 -1.617e+03 6.177e+02 2.383e+02
s>                ( WDBNDRY_B 0 -6.229e+02 4.287e+02 1.522e+02
s>                    ( - -1.444e+02 2 0 QUESTION2_3_L -1 1.034e+02 6.487e+01)
s>                    ( - -4.984e+01 2 0 QUESTION2_17_L -1 4.339e+02 8.736e+01))
s>                ( - -3.768e+02 2 0 !QUESTION2_17_L -1 3.240e+02 8.603e+01))))INFO: dtree.c(1439): stop. leaf nodes are specific
INFO: dtree.c(1478): Final simple tree
|( !QUESTION2_16_L -1 3.939e+03 1.071e+03 2.937e+02
|    ( - 1.871e+03 1 0)
|    ( - 3.139e+03 1 0))
s>    ( !QUESTION2_16_L -1 3.939e+03 1.071e+03 2.937e+02
s>        ( - 1.871e+03 1 0)
s>        ( - 3.139e+03 1 0))INFO: dtree.c(1315): Comp split 1
INFO: dtree.c(1439): stop. leaf nodes are specific
INFO: dtree.c(1478): Final simple tree
|( QUESTION2_8_L -1 -2.545e+03 9.222e+02 3.182e+02
|    ( - -5.115e+00 1 0)
|    ( !QUESTION0_3_R 1 -1.617e+03 6.177e+02 2.383e+02
|        ( WDBNDRY_B 0 -6.229e+02 4.287e+02 1.522e+02
|            ( QUESTION2_3_L -1 -1.444e+02 1.034e+02 6.487e+01
|                ( - -9.167e+01 1 0)
|                ( - 5.067e+01 1 0))
|            ( QUESTION2_17_L -1 -4.984e+01 4.339e+02 8.736e+01
|                ( - 3.269e+02 1 0)
|                ( - 5.711e+01 1 0)))
|        ( !QUESTION2_17_L -1 -3.768e+02 3.240e+02 8.603e+01
|            ( - 1.069e+02 1 0)
|            ( - -1.597e+02 1 0))))
s>    ( QUESTION2_8_L -1 -2.545e+03 9.222e+02 3.182e+02
s>        ( - -5.115e+00 1 0)
s>        ( !QUESTION0_3_R 1 -1.617e+03 6.177e+02 2.383e+02
s>            ( WDBNDRY_B 0 -6.229e+02 4.287e+02 1.522e+02
s>                ( QUESTION2_3_L -1 -1.444e+02 1.034e+02 6.487e+01
s>                    ( - -9.167e+01 1 0)
s>                    ( - 5.067e+01 1 0))
s>                ( QUESTION2_17_L -1 -4.984e+01 4.339e+02 8.736e+01
s>                    ( - 3.269e+02 1 0)
s>                    ( - 5.711e+01 1 0)))
s>            ( !QUESTION2_17_L -1 -3.768e+02 3.240e+02 8.603e+01
s>                ( - 1.069e+02 1 0)
s>                ( - -1.597e+02 1 0))))INFO: dtree.c(1439): stop. leaf nodes are specific
INFO: dtree.c(1478): Final simple tree
|( QUESTION0_16_R 1 -2.408e+03 7.576e+02 4.266e+02
|    ( !QUESTION2_17_L -1 -1.145e+03 7.854e+02 3.380e+02
|        ( !QUESTION2_18_L -1 3.146e+02 2.601e+02 1.790e+02
|            ( - 2.824e+01 1 0)
|            ( - 5.465e+02 1 0))
|        ( - -6.741e+02 2 0))
|    ( !QUESTION6 1 -5.052e+02 5.168e+02 8.857e+01
|        ( WDBNDRY_E 0 -1.320e+02 3.154e+02 6.015e+01
|            ( - 7.765e+01 1 0)
|            ( QUESTION0_18_R 1 1.057e+02 1.456e+02 4.915e+01
|                ( - 1.599e+02 1 0)
|                ( - 9.142e+01 1 0)))
|        ( - 1.436e+02 1 0)))
s>    ( QUESTION0_16_R 1 -2.408e+03 7.576e+02 4.266e+02
s>        ( !QUESTION2_17_L -1 -1.145e+03 7.854e+02 3.380e+02
s>            ( !QUESTION2_18_L -1 3.146e+02 2.601e+02 1.790e+02
s>                ( - 2.824e+01 1 0)
s>                ( - 5.465e+02 1 0))
s>            ( - -6.741e+02 2 0))
s>        ( !QUESTION6 1 -5.052e+02 5.168e+02 8.857e+01
s>            ( WDBNDRY_E 0 -1.320e+02 3.154e+02 6.015e+01
s>                ( - 7.765e+01 1 0)
s>                ( QUESTION0_18_R 1 1.057e+02 1.456e+02 4.915e+01
s>                    ( - 1.599e+02 1 0)
s>                    ( - 9.142e+01 1 0)))
s>            ( - 1.436e+02 1 0)))INFO: dtree.c(1315): Comp split 2
INFO: dtree.c(1315): Comp split 3
INFO: dtree.c(1439): stop. leaf nodes are specific
INFO: dtree.c(1478): Final simple tree
|( !QUESTION2_18_L -1 3.146e+02 2.601e+02 1.790e+02
|    ( - 2.824e+01 1 0)
|    ( - 5.465e+02 1 0))
s>    ( !QUESTION2_18_L -1 3.146e+02 2.601e+02 1.790e+02
s>        ( - 2.824e+01 1 0)
s>        ( - 5.465e+02 1 0))INFO: dtree.c(1439): stop. leaf nodes are specific
INFO: dtree.c(1478): Final simple tree
|( !QUESTION2 1 -1.774e+03 6.180e+02 2.476e+02
|    ( !QUESTION0_10_R 1 -1.262e+03 4.882e+02 1.984e+02
|        ( !QUESTION17 1 -9.173e+02 3.208e+02 1.700e+02
|            ( - -6.741e+02 2 0)
|            ( - 7.765e+01 1 0))
|        ( - 1.436e+02 1 0))
|    ( QUESTION0_18_R 1 1.057e+02 1.456e+02 4.915e+01
|        ( - 1.599e+02 1 0)
|        ( - 9.142e+01 1 0)))
s>    ( !QUESTION2 1 -1.774e+03 6.180e+02 2.476e+02
s>        ( !QUESTION0_10_R 1 -1.262e+03 4.882e+02 1.984e+02
s>            ( !QUESTION17 1 -9.173e+02 3.208e+02 1.700e+02
s>                ( - -6.741e+02 2 0)
s>                ( - 7.765e+01 1 0))
s>            ( - 1.436e+02 1 0))
s>        ( QUESTION0_18_R 1 1.057e+02 1.456e+02 4.915e+01
s>            ( - 1.599e+02 1 0)
s>            ( - 9.142e+01 1 0)))INFO: dtree.c(1315): Comp split 4
INFO: dtree.c(1439): stop. leaf nodes are specific
INFO: dtree.c(1478): Final simple tree
|( !QUESTION0_3_R 1 -1.617e+03 6.177e+02 2.383e+02
|    ( WDBNDRY_B 0 -6.229e+02 4.287e+02 1.522e+02
|        ( QUESTION2_3_L -1 -1.444e+02 1.034e+02 6.487e+01
|            ( - -9.167e+01 1 0)
|            ( - 5.067e+01 1 0))
|        ( QUESTION2_17_L -1 -4.984e+01 4.339e+02 8.736e+01
|            ( - 3.269e+02 1 0)
|            ( - 5.711e+01 1 0)))
|    ( !QUESTION2_17_L -1 -3.768e+02 3.240e+02 8.603e+01
|        ( - 1.069e+02 1 0)
|        ( - -1.597e+02 1 0)))
s>    ( !QUESTION0_3_R 1 -1.617e+03 6.177e+02 2.383e+02
s>        ( WDBNDRY_B 0 -6.229e+02 4.287e+02 1.522e+02
s>            ( QUESTION2_3_L -1 -1.444e+02 1.034e+02 6.487e+01
s>                ( - -9.167e+01 1 0)
s>                ( - 5.067e+01 1 0))
s>            ( QUESTION2_17_L -1 -4.984e+01 4.339e+02 8.736e+01
s>                ( - 3.269e+02 1 0)
s>                ( - 5.711e+01 1 0)))
s>        ( !QUESTION2_17_L -1 -3.768e+02 3.240e+02 8.603e+01
s>            ( - 1.069e+02 1 0)
s>            ( - -1.597e+02 1 0)))INFO: dtree.c(1315): Comp split 5
INFO: dtree.c(1439): stop. leaf nodes are specific
INFO: dtree.c(1478): Final simple tree
|( !QUESTION0_10_R 1 -1.262e+03 4.882e+02 1.984e+02
|    ( !QUESTION17 1 -9.173e+02 3.208e+02 1.700e+02
|        ( - -6.741e+02 2 0)
|        ( - 7.765e+01 1 0))
|    ( - 1.436e+02 1 0))
s>    ( !QUESTION0_10_R 1 -1.262e+03 4.882e+02 1.984e+02
s>        ( !QUESTION17 1 -9.173e+02 3.208e+02 1.700e+02
s>            ( - -6.741e+02 2 0)
s>            ( - 7.765e+01 1 0))
s>        ( - 1.436e+02 1 0))INFO: dtree.c(1439): stop. leaf nodes are specific
INFO: dtree.c(1478): Final simple tree
|( QUESTION0_18_R 1 1.057e+02 1.456e+02 4.915e+01
|    ( - 1.599e+02 1 0)
|    ( - 9.142e+01 1 0))
s>    ( QUESTION0_18_R 1 1.057e+02 1.456e+02 4.915e+01
s>        ( - 1.599e+02 1 0)
s>        ( - 9.142e+01 1 0))INFO: dtree.c(1315): Comp split 6
INFO: dtree.c(1439): stop. leaf nodes are specific
INFO: dtree.c(1478): Final simple tree
|( WDBNDRY_B 0 -6.229e+02 4.287e+02 1.522e+02
|    ( QUESTION2_3_L -1 -1.444e+02 1.034e+02 6.487e+01
|        ( - -9.167e+01 1 0)
|        ( - 5.067e+01 1 0))
|    ( QUESTION2_17_L -1 -4.984e+01 4.339e+02 8.736e+01
|        ( - 3.269e+02 1 0)
|        ( - 5.711e+01 1 0)))
s>    ( WDBNDRY_B 0 -6.229e+02 4.287e+02 1.522e+02
s>        ( QUESTION2_3_L -1 -1.444e+02 1.034e+02 6.487e+01
s>            ( - -9.167e+01 1 0)
s>            ( - 5.067e+01 1 0))
s>        ( QUESTION2_17_L -1 -4.984e+01 4.339e+02 8.736e+01
s>            ( - 3.269e+02 1 0)
s>            ( - 5.711e+01 1 0)))INFO: dtree.c(1439): stop. leaf nodes are specific
INFO: dtree.c(1478): Final simple tree
|( !QUESTION2_17_L -1 -3.768e+02 3.240e+02 8.603e+01
|    ( - 1.069e+02 1 0)
|    ( - -1.597e+02 1 0))
s>    ( !QUESTION2_17_L -1 -3.768e+02 3.240e+02 8.603e+01
s>        ( - 1.069e+02 1 0)
s>        ( - -1.597e+02 1 0))INFO: dtree.c(1315): Comp split 7
INFO: dtree.c(1439): stop. leaf nodes are specific
INFO: dtree.c(1478): Final simple tree
|( !QUESTION17 1 -9.173e+02 3.208e+02 1.700e+02
|    ( - -6.741e+02 2 0)
|    ( - 7.765e+01 1 0))
s>    ( !QUESTION17 1 -9.173e+02 3.208e+02 1.700e+02
s>        ( - -6.741e+02 2 0)
s>        ( - 7.765e+01 1 0))INFO: dtree.c(1315): Comp split 8
INFO: dtree.c(1439): stop. leaf nodes are specific
INFO: dtree.c(1478): Final simple tree
|( QUESTION2_17_L -1 -4.984e+01 4.339e+02 8.736e+01
|    ( - 3.269e+02 1 0)
|    ( - 5.711e+01 1 0))
s>    ( QUESTION2_17_L -1 -4.984e+01 4.339e+02 8.736e+01
s>        ( - 3.269e+02 1 0)
s>        ( - 5.711e+01 1 0))INFO: dtree.c(1439): stop. leaf nodes are specific
INFO: dtree.c(1478): Final simple tree
|( QUESTION2_3_L -1 -1.444e+02 1.034e+02 6.487e+01
|    ( - -9.167e+01 1 0)
|    ( - 5.067e+01 1 0))
s>    ( QUESTION2_3_L -1 -1.444e+02 1.034e+02 6.487e+01
s>        ( - -9.167e+01 1 0)
s>        ( - 5.067e+01 1 0))INFO: dtree.c(1315): Comp split 9
INFO: dtree.c(1315): Comp split 10
INFO: dtree.c(1315): Comp split 11
INFO: dtree.c(1315): Comp split 12
INFO: dtree.c(1315): Comp split 13
INFO: dtree.c(1315): Comp split 14
INFO: dtree.c(1315): Comp split 15
INFO: dtree.c(1318): stop. leaf nodes are specific
!!!!!!!!Allocated 66 lines
Sat Mar 30 00:24:02 2013
