INFO: cmd_ln.c(691): Parsing command line:
/usr/libexec/sphinxtrain/bldtree \
	-treefn /home/jerrin/Documents/project/main upload/chakka/trained data builds/tuttorialchakka_1/chakka/trees/chakka.unpruned/M-0.dtree \
	-moddeffn /home/jerrin/Documents/project/main upload/chakka/trained data builds/tuttorialchakka_1/chakka/model_architecture/chakka.untied.mdef \
	-mixwfn /home/jerrin/Documents/project/main upload/chakka/trained data builds/tuttorialchakka_1/chakka/model_parameters/chakka.cd_cont_untied/mixture_weights \
	-ts2cbfn .cont. \
	-mwfloor 1e-08 \
	-psetfn /home/jerrin/Documents/project/main upload/chakka/trained data builds/tuttorialchakka_1/chakka/model_architecture/chakka.tree_questions \
	-phone M \
	-state 0 \
	-stwt 1.0,0.05,0.0 \
	-meanfn /home/jerrin/Documents/project/main upload/chakka/trained data builds/tuttorialchakka_1/chakka/model_parameters/chakka.cd_cont_untied/means \
	-varfn /home/jerrin/Documents/project/main upload/chakka/trained data builds/tuttorialchakka_1/chakka/model_parameters/chakka.cd_cont_untied/variances \
	-fullvar no \
	-ssplitmin 1 \
	-ssplitmax 7 \
	-ssplitthr 0 \
	-csplitmin 1 \
	-csplitmax 2000 \
	-csplitthr 0 

Current configuration:
[NAME]		[DEFLT]	[VALUE]
-allphones	no	no
-cntthresh	0.00001	1.000000e-05
-csplitmax	100	2000
-csplitmin	1	1
-csplitthr	8e-4	0.000000e+00
-example	no	no
-fullvar	no	no
-help		no	no
-meanfn			/home/jerrin/Documents/project/main upload/chakka/trained data builds/tuttorialchakka_1/chakka/model_parameters/chakka.cd_cont_untied/means
-mixwfn			/home/jerrin/Documents/project/main upload/chakka/trained data builds/tuttorialchakka_1/chakka/model_parameters/chakka.cd_cont_untied/mixture_weights
-moddeffn		/home/jerrin/Documents/project/main upload/chakka/trained data builds/tuttorialchakka_1/chakka/model_architecture/chakka.untied.mdef
-mwfloor	1e-4	1.000000e-08
-phone			M
-psetfn			/home/jerrin/Documents/project/main upload/chakka/trained data builds/tuttorialchakka_1/chakka/model_architecture/chakka.tree_questions
-ssplitmax	5	7
-ssplitmin	1	1
-ssplitthr	8e-4	0.000000e+00
-state			0
-stwt			1.0,0.05,0.0,
-treefn			/home/jerrin/Documents/project/main upload/chakka/trained data builds/tuttorialchakka_1/chakka/trees/chakka.unpruned/M-0.dtree
-ts2cbfn	.semi.	.cont.
-varfloor	0.00001	1.000000e-05
-varfn			/home/jerrin/Documents/project/main upload/chakka/trained data builds/tuttorialchakka_1/chakka/model_parameters/chakka.cd_cont_untied/variances

INFO: main.c(223): Reading: /home/jerrin/Documents/project/main upload/chakka/trained data builds/tuttorialchakka_1/chakka/model_architecture/chakka.untied.mdef
INFO: model_def_io.c(573): Model definition info:
INFO: model_def_io.c(574): 347 total models defined (45 base, 302 tri)
INFO: model_def_io.c(575): 1388 total states
INFO: model_def_io.c(576): 1041 total tied states
INFO: model_def_io.c(577): 135 total tied CI states
INFO: model_def_io.c(578): 45 total tied transition matrices
INFO: model_def_io.c(579): 4 max state/model
INFO: model_def_io.c(580): 4 min state/model
INFO: main.c(242): Building trees for [M A A i] through [M UU E i]
INFO: main.c(268): Covering states |[690 728]| == 39
INFO: main.c(275): Reading: /home/jerrin/Documents/project/main upload/chakka/trained data builds/tuttorialchakka_1/chakka/model_parameters/chakka.cd_cont_untied/mixture_weights
INFO: s3mixw_io.c(172): Read /home/jerrin/Documents/project/main upload/chakka/trained data builds/tuttorialchakka_1/chakka/model_parameters/chakka.cd_cont_untied/mixture_weights [39x1x1 array]
INFO: main.c(311): 13 of 13 models have observation count greater than 0.000010
INFO: main.c(95): nrm stwt: 0.952 0.048 0.000 
INFO: s3gau_io.c(166): Read /home/jerrin/Documents/project/main upload/chakka/trained data builds/tuttorialchakka_1/chakka/model_parameters/chakka.cd_cont_untied/means [1041x1x1 array]
INFO: s3gau_io.c(166): Read /home/jerrin/Documents/project/main upload/chakka/trained data builds/tuttorialchakka_1/chakka/model_parameters/chakka.cd_cont_untied/variances [1041x1x1 array]
INFO: main.c(549): Reading: /home/jerrin/Documents/project/main upload/chakka/trained data builds/tuttorialchakka_1/chakka/model_architecture/chakka.tree_questions
INFO: main.c(587): 174 total simple questions (166 phone; 8 word bndry)
INFO: main.c(589): 40 Left Only questions, and 42 Right Only questions
INFO: dtree.c(1478): Final simple tree
|( QUESTION19 -1 -2.833e+03 3.087e+03 5.224e+02
|    ( WDBNDRY_B 0 1.030e+03 1.154e+03 3.055e+02
|        ( - 3.283e+02 1 0)
|        ( QUESTION1 1 1.855e+03 8.705e+02 2.820e+02
|            ( - 1.671e+03 2 0 QUESTION2_6_L -1 2.179e+02 1.197e+02)
|            ( QUESTION0_2_R 1 1.054e+03 6.582e+02 1.623e+02
|                ( - 7.029e+02 1 0)
|                ( - 1.010e+03 3 0 QUESTION0_0_R 1 2.396e+02 1.011e+02))))
|    ( !QUESTION2_5_L -1 -7.759e+02 9.578e+02 2.168e+02
|        ( - 6.189e+02 3 0 QUESTION0_0_R 1 3.124e+02 1.241e+02)
|        ( !QUESTION2_19_L -1 -4.371e+02 5.892e+02 9.273e+01
|            ( - 4.494e+02 1 0)
|            ( QUESTION0_1_R 1 -2.973e+02 3.312e+02 7.473e+01
|                ( - -1.939e+02 1 0)
|                ( - 2.278e+02 1 0)))))
s>    ( QUESTION19 -1 -2.833e+03 3.087e+03 5.224e+02
s>        ( WDBNDRY_B 0 1.030e+03 1.154e+03 3.055e+02
s>            ( - 3.283e+02 1 0)
s>            ( QUESTION1 1 1.855e+03 8.705e+02 2.820e+02
s>                ( - 1.671e+03 2 0 QUESTION2_6_L -1 2.179e+02 1.197e+02)
s>                ( QUESTION0_2_R 1 1.054e+03 6.582e+02 1.623e+02
s>                    ( - 7.029e+02 1 0)
s>                    ( - 1.010e+03 3 0 QUESTION0_0_R 1 2.396e+02 1.011e+02))))
s>        ( !QUESTION2_5_L -1 -7.759e+02 9.578e+02 2.168e+02
s>            ( - 6.189e+02 3 0 QUESTION0_0_R 1 3.124e+02 1.241e+02)
s>            ( !QUESTION2_19_L -1 -4.371e+02 5.892e+02 9.273e+01
s>                ( - 4.494e+02 1 0)
s>                ( QUESTION0_1_R 1 -2.973e+02 3.312e+02 7.473e+01
s>                    ( - -1.939e+02 1 0)
s>                    ( - 2.278e+02 1 0)))))INFO: dtree.c(1315): Comp split 0
INFO: dtree.c(1439): stop. leaf nodes are specific
INFO: dtree.c(1478): Final simple tree
|( QUESTION1 1 1.862e+03 8.423e+02 3.000e+02
|    ( QUESTION2_6_L -1 1.671e+03 2.179e+02 1.197e+02
|        ( - 4.913e+02 1 0)
|        ( - 1.398e+03 1 0))
|    ( QUESTION0_2_R 1 1.033e+03 6.757e+02 1.803e+02
|        ( - 7.029e+02 1 0)
|        ( QUESTION0 -1 1.006e+03 4.534e+02 1.191e+02
|            ( - 4.494e+02 1 0)
|            ( QUESTION0_0_R 1 1.010e+03 2.396e+02 1.011e+02
|                ( - 9.579e+02 2 0)
|                ( - 2.912e+02 1 0)))))
s>    ( QUESTION1 1 1.862e+03 8.423e+02 3.000e+02
s>        ( QUESTION2_6_L -1 1.671e+03 2.179e+02 1.197e+02
s>            ( - 4.913e+02 1 0)
s>            ( - 1.398e+03 1 0))
s>        ( QUESTION0_2_R 1 1.033e+03 6.757e+02 1.803e+02
s>            ( - 7.029e+02 1 0)
s>            ( QUESTION0 -1 1.006e+03 4.534e+02 1.191e+02
s>                ( - 4.494e+02 1 0)
s>                ( QUESTION0_0_R 1 1.010e+03 2.396e+02 1.011e+02
s>                    ( - 9.579e+02 2 0)
s>                    ( - 2.912e+02 1 0)))))INFO: dtree.c(1439): stop. leaf nodes are specific
INFO: dtree.c(1478): Final simple tree
|( !QUESTION2_19_L -1 -8.511e+02 9.594e+02 2.224e+02
|    ( QUESTION0_0_R 1 6.189e+02 3.124e+02 1.241e+02
|        ( SILENCE -1 5.625e+02 9.491e+01 8.798e+01
|            ( - 4.207e+02 1 0)
|            ( - 2.366e+02 1 0))
|        ( - 3.689e+02 1 0))
|    ( !QUESTION19 -1 -5.106e+02 5.416e+02 9.829e+01
|        ( QUESTION0_1_R 1 -2.973e+02 3.312e+02 7.473e+01
|            ( - -1.939e+02 1 0)
|            ( - 2.278e+02 1 0))
|        ( - 3.283e+02 1 0)))
s>    ( !QUESTION2_19_L -1 -8.511e+02 9.594e+02 2.224e+02
s>        ( QUESTION0_0_R 1 6.189e+02 3.124e+02 1.241e+02
s>            ( SILENCE -1 5.625e+02 9.491e+01 8.798e+01
s>                ( - 4.207e+02 1 0)
s>                ( - 2.366e+02 1 0))
s>            ( - 3.689e+02 1 0))
s>        ( !QUESTION19 -1 -5.106e+02 5.416e+02 9.829e+01
s>            ( QUESTION0_1_R 1 -2.973e+02 3.312e+02 7.473e+01
s>                ( - -1.939e+02 1 0)
s>                ( - 2.278e+02 1 0))
s>            ( - 3.283e+02 1 0)))INFO: dtree.c(1315): Comp split 1
INFO: dtree.c(1439): stop. leaf nodes are specific
INFO: dtree.c(1478): Final simple tree
|( !QUESTION19 -1 -5.106e+02 5.416e+02 9.829e+01
|    ( QUESTION0_1_R 1 -2.973e+02 3.312e+02 7.473e+01
|        ( - -1.939e+02 1 0)
|        ( - 2.278e+02 1 0))
|    ( - 3.283e+02 1 0))
s>    ( !QUESTION19 -1 -5.106e+02 5.416e+02 9.829e+01
s>        ( QUESTION0_1_R 1 -2.973e+02 3.312e+02 7.473e+01
s>            ( - -1.939e+02 1 0)
s>            ( - 2.278e+02 1 0))
s>        ( - 3.283e+02 1 0))INFO: dtree.c(1439): stop. leaf nodes are specific
INFO: dtree.c(1478): Final simple tree
|( QUESTION0_0_R 1 6.189e+02 3.124e+02 1.241e+02
|    ( SILENCE -1 5.625e+02 9.491e+01 8.798e+01
|        ( - 4.207e+02 1 0)
|        ( - 2.366e+02 1 0))
|    ( - 3.689e+02 1 0))
s>    ( QUESTION0_0_R 1 6.189e+02 3.124e+02 1.241e+02
s>        ( SILENCE -1 5.625e+02 9.491e+01 8.798e+01
s>            ( - 4.207e+02 1 0)
s>            ( - 2.366e+02 1 0))
s>        ( - 3.689e+02 1 0))INFO: dtree.c(1315): Comp split 2
INFO: dtree.c(1439): stop. leaf nodes are specific
INFO: dtree.c(1478): Final simple tree
|( QUESTION0_2_R 1 1.033e+03 6.757e+02 1.803e+02
|    ( - 7.029e+02 1 0)
|    ( QUESTION0 -1 1.006e+03 4.534e+02 1.191e+02
|        ( - 4.494e+02 1 0)
|        ( QUESTION0_0_R 1 1.010e+03 2.396e+02 1.011e+02
|            ( - 9.579e+02 2 0)
|            ( - 2.912e+02 1 0))))
s>    ( QUESTION0_2_R 1 1.033e+03 6.757e+02 1.803e+02
s>        ( - 7.029e+02 1 0)
s>        ( QUESTION0 -1 1.006e+03 4.534e+02 1.191e+02
s>            ( - 4.494e+02 1 0)
s>            ( QUESTION0_0_R 1 1.010e+03 2.396e+02 1.011e+02
s>                ( - 9.579e+02 2 0)
s>                ( - 2.912e+02 1 0))))INFO: dtree.c(1439): stop. leaf nodes are specific
INFO: dtree.c(1478): Final simple tree
|( QUESTION2_6_L -1 1.671e+03 2.179e+02 1.197e+02
|    ( - 4.913e+02 1 0)
|    ( - 1.398e+03 1 0))
s>    ( QUESTION2_6_L -1 1.671e+03 2.179e+02 1.197e+02
s>        ( - 4.913e+02 1 0)
s>        ( - 1.398e+03 1 0))INFO: dtree.c(1315): Comp split 3
INFO: dtree.c(1439): stop. leaf nodes are specific
INFO: dtree.c(1478): Final simple tree
|( QUESTION0 -1 1.006e+03 4.534e+02 1.191e+02
|    ( - 4.494e+02 1 0)
|    ( QUESTION0_0_R 1 1.010e+03 2.396e+02 1.011e+02
|        ( - 9.579e+02 2 0)
|        ( - 2.912e+02 1 0)))
s>    ( QUESTION0 -1 1.006e+03 4.534e+02 1.191e+02
s>        ( - 4.494e+02 1 0)
s>        ( QUESTION0_0_R 1 1.010e+03 2.396e+02 1.011e+02
s>            ( - 9.579e+02 2 0)
s>            ( - 2.912e+02 1 0)))INFO: dtree.c(1315): Comp split 4
INFO: dtree.c(1439): stop. leaf nodes are specific
INFO: dtree.c(1478): Final simple tree
|( QUESTION0_1_R 1 -2.973e+02 3.312e+02 7.473e+01
|    ( - -1.939e+02 1 0)
|    ( - 2.278e+02 1 0))
s>    ( QUESTION0_1_R 1 -2.973e+02 3.312e+02 7.473e+01
s>        ( - -1.939e+02 1 0)
s>        ( - 2.278e+02 1 0))INFO: dtree.c(1315): Comp split 5
INFO: dtree.c(1439): stop. leaf nodes are specific
INFO: dtree.c(1478): Final simple tree
|( QUESTION0_0_R 1 1.010e+03 2.396e+02 1.011e+02
|    ( - 9.579e+02 2 0)
|    ( - 2.912e+02 1 0))
s>    ( QUESTION0_0_R 1 1.010e+03 2.396e+02 1.011e+02
s>        ( - 9.579e+02 2 0)
s>        ( - 2.912e+02 1 0))INFO: dtree.c(1315): Comp split 6
INFO: dtree.c(1315): Comp split 7
INFO: dtree.c(1439): stop. leaf nodes are specific
INFO: dtree.c(1478): Final simple tree
|( SILENCE -1 5.625e+02 9.491e+01 8.798e+01
|    ( - 4.207e+02 1 0)
|    ( - 2.366e+02 1 0))
s>    ( SILENCE -1 5.625e+02 9.491e+01 8.798e+01
s>        ( - 4.207e+02 1 0)
s>        ( - 2.366e+02 1 0))INFO: dtree.c(1315): Comp split 8
INFO: dtree.c(1315): Comp split 9
INFO: dtree.c(1315): Comp split 10
INFO: dtree.c(1315): Comp split 11
INFO: dtree.c(1318): stop. leaf nodes are specific
!!!!!!!!Allocated 66 lines
Sat Mar 30 00:24:00 2013
