INFO: cmd_ln.c(691): Parsing command line:
/usr/libexec/sphinxtrain/bldtree \
	-treefn /home/jerrin/Documents/project/main upload/chakka/trained data builds/tuttorialchakka_1/chakka/trees/chakka.unpruned/S-1.dtree \
	-moddeffn /home/jerrin/Documents/project/main upload/chakka/trained data builds/tuttorialchakka_1/chakka/model_architecture/chakka.untied.mdef \
	-mixwfn /home/jerrin/Documents/project/main upload/chakka/trained data builds/tuttorialchakka_1/chakka/model_parameters/chakka.cd_cont_untied/mixture_weights \
	-ts2cbfn .cont. \
	-mwfloor 1e-08 \
	-psetfn /home/jerrin/Documents/project/main upload/chakka/trained data builds/tuttorialchakka_1/chakka/model_architecture/chakka.tree_questions \
	-phone S \
	-state 1 \
	-stwt 1.0,0.05,0.0 \
	-meanfn /home/jerrin/Documents/project/main upload/chakka/trained data builds/tuttorialchakka_1/chakka/model_parameters/chakka.cd_cont_untied/means \
	-varfn /home/jerrin/Documents/project/main upload/chakka/trained data builds/tuttorialchakka_1/chakka/model_parameters/chakka.cd_cont_untied/variances \
	-fullvar no \
	-ssplitmin 1 \
	-ssplitmax 7 \
	-ssplitthr 0 \
	-csplitmin 1 \
	-csplitmax 2000 \
	-csplitthr 0 

Current configuration:
[NAME]		[DEFLT]	[VALUE]
-allphones	no	no
-cntthresh	0.00001	1.000000e-05
-csplitmax	100	2000
-csplitmin	1	1
-csplitthr	8e-4	0.000000e+00
-example	no	no
-fullvar	no	no
-help		no	no
-meanfn			/home/jerrin/Documents/project/main upload/chakka/trained data builds/tuttorialchakka_1/chakka/model_parameters/chakka.cd_cont_untied/means
-mixwfn			/home/jerrin/Documents/project/main upload/chakka/trained data builds/tuttorialchakka_1/chakka/model_parameters/chakka.cd_cont_untied/mixture_weights
-moddeffn		/home/jerrin/Documents/project/main upload/chakka/trained data builds/tuttorialchakka_1/chakka/model_architecture/chakka.untied.mdef
-mwfloor	1e-4	1.000000e-08
-phone			S
-psetfn			/home/jerrin/Documents/project/main upload/chakka/trained data builds/tuttorialchakka_1/chakka/model_architecture/chakka.tree_questions
-ssplitmax	5	7
-ssplitmin	1	1
-ssplitthr	8e-4	0.000000e+00
-state			1
-stwt			1.0,0.05,0.0,
-treefn			/home/jerrin/Documents/project/main upload/chakka/trained data builds/tuttorialchakka_1/chakka/trees/chakka.unpruned/S-1.dtree
-ts2cbfn	.semi.	.cont.
-varfloor	0.00001	1.000000e-05
-varfn			/home/jerrin/Documents/project/main upload/chakka/trained data builds/tuttorialchakka_1/chakka/model_parameters/chakka.cd_cont_untied/variances

INFO: main.c(223): Reading: /home/jerrin/Documents/project/main upload/chakka/trained data builds/tuttorialchakka_1/chakka/model_architecture/chakka.untied.mdef
INFO: model_def_io.c(573): Model definition info:
INFO: model_def_io.c(574): 347 total models defined (45 base, 302 tri)
INFO: model_def_io.c(575): 1388 total states
INFO: model_def_io.c(576): 1041 total tied states
INFO: model_def_io.c(577): 135 total tied CI states
INFO: model_def_io.c(578): 45 total tied transition matrices
INFO: model_def_io.c(579): 4 max state/model
INFO: model_def_io.c(580): 4 min state/model
INFO: main.c(242): Building trees for [S A AM b] through [S SIL TT b]
INFO: main.c(268): Covering states |[867 893]| == 27
INFO: main.c(275): Reading: /home/jerrin/Documents/project/main upload/chakka/trained data builds/tuttorialchakka_1/chakka/model_parameters/chakka.cd_cont_untied/mixture_weights
INFO: s3mixw_io.c(172): Read /home/jerrin/Documents/project/main upload/chakka/trained data builds/tuttorialchakka_1/chakka/model_parameters/chakka.cd_cont_untied/mixture_weights [27x1x1 array]
INFO: main.c(311): 9 of 9 models have observation count greater than 0.000010
INFO: main.c(95): nrm stwt: 0.045 0.909 0.045 
INFO: s3gau_io.c(166): Read /home/jerrin/Documents/project/main upload/chakka/trained data builds/tuttorialchakka_1/chakka/model_parameters/chakka.cd_cont_untied/means [1041x1x1 array]
INFO: s3gau_io.c(166): Read /home/jerrin/Documents/project/main upload/chakka/trained data builds/tuttorialchakka_1/chakka/model_parameters/chakka.cd_cont_untied/variances [1041x1x1 array]
INFO: main.c(549): Reading: /home/jerrin/Documents/project/main upload/chakka/trained data builds/tuttorialchakka_1/chakka/model_architecture/chakka.tree_questions
INFO: main.c(587): 174 total simple questions (166 phone; 8 word bndry)
INFO: main.c(589): 40 Left Only questions, and 42 Right Only questions
INFO: dtree.c(1478): Final simple tree
|( QUESTION0_0_R 1 1.469e+03 1.070e+03 5.784e+02
|    ( !QUESTION2_11_L -1 7.886e+02 6.642e+02 2.579e+02
|        ( !QUESTION19 1 1.150e+03 2.688e+02 1.970e+02
|            ( - 6.185e+02 2 0 SILENCE -1 1.052e+02 8.232e+01)
|            ( - 8.004e+02 1 0))
|        ( - 3.027e+02 1 0))
|    ( QUESTION1 -1 1.751e+03 8.686e+02 3.205e+02
|        ( - 1.717e+03 1 0)
|        ( !QUESTION0_17_R 1 9.027e+02 6.156e+02 2.435e+02
|            ( !QUESTION2_18_L -1 9.760e+02 4.550e+02 2.007e+02
|                ( SILENCE -1 6.547e+02 1.178e+02 8.104e+01
|                    ( - 2.899e+02 1 0)
|                    ( - 4.826e+02 1 0))
|                ( - 7.763e+02 1 0))
|            ( - 5.423e+02 1 0))))
s>    ( QUESTION0_0_R 1 1.469e+03 1.070e+03 5.784e+02
s>        ( !QUESTION2_11_L -1 7.886e+02 6.642e+02 2.579e+02
s>            ( !QUESTION19 1 1.150e+03 2.688e+02 1.970e+02
s>                ( - 6.185e+02 2 0 SILENCE -1 1.052e+02 8.232e+01)
s>                ( - 8.004e+02 1 0))
s>            ( - 3.027e+02 1 0))
s>        ( QUESTION1 -1 1.751e+03 8.686e+02 3.205e+02
s>            ( - 1.717e+03 1 0)
s>            ( !QUESTION0_17_R 1 9.027e+02 6.156e+02 2.435e+02
s>                ( !QUESTION2_18_L -1 9.760e+02 4.550e+02 2.007e+02
s>                    ( SILENCE -1 6.547e+02 1.178e+02 8.104e+01
s>                        ( - 2.899e+02 1 0)
s>                        ( - 4.826e+02 1 0))
s>                    ( - 7.763e+02 1 0))
s>                ( - 5.423e+02 1 0))))INFO: dtree.c(1315): Comp split 0
INFO: dtree.c(1439): stop. leaf nodes are specific
INFO: dtree.c(1478): Final simple tree
|( QUESTION0_10_R 1 8.303e+02 4.883e+02 1.625e+02
|    ( - 7.763e+02 1 0)
|    ( - 5.423e+02 1 0))
s>    ( QUESTION0_10_R 1 8.303e+02 4.883e+02 1.625e+02
s>        ( - 7.763e+02 1 0)
s>        ( - 5.423e+02 1 0))INFO: dtree.c(1439): stop. leaf nodes are specific
INFO: dtree.c(1478): Final simple tree
|( !QUESTION2 1 1.735e+03 8.265e+02 4.159e+02
|    ( !WDBNDRY_B 0 8.449e+02 7.668e+02 3.389e+02
|        ( - 3.027e+02 1 0)
|        ( !QUESTION4 1 1.309e+03 4.958e+02 2.780e+02
|            ( !QUESTION19 1 1.150e+03 2.688e+02 1.970e+02
|                ( SILENCE -1 6.185e+02 1.052e+02 8.232e+01
|                    ( - 2.694e+02 1 0)
|                    ( - 4.543e+02 1 0))
|                ( - 8.004e+02 1 0))
|            ( SILENCE -1 6.547e+02 1.178e+02 8.104e+01
|                ( - 2.899e+02 1 0)
|                ( - 4.826e+02 1 0))))
|    ( - 1.717e+03 1 0))
s>    ( !QUESTION2 1 1.735e+03 8.265e+02 4.159e+02
s>        ( !WDBNDRY_B 0 8.449e+02 7.668e+02 3.389e+02
s>            ( - 3.027e+02 1 0)
s>            ( !QUESTION4 1 1.309e+03 4.958e+02 2.780e+02
s>                ( !QUESTION19 1 1.150e+03 2.688e+02 1.970e+02
s>                    ( SILENCE -1 6.185e+02 1.052e+02 8.232e+01
s>                        ( - 2.694e+02 1 0)
s>                        ( - 4.543e+02 1 0))
s>                    ( - 8.004e+02 1 0))
s>                ( SILENCE -1 6.547e+02 1.178e+02 8.104e+01
s>                    ( - 2.899e+02 1 0)
s>                    ( - 4.826e+02 1 0))))
s>        ( - 1.717e+03 1 0))INFO: dtree.c(1315): Comp split 1
INFO: dtree.c(1439): stop. leaf nodes are specific
INFO: dtree.c(1478): Final simple tree
|( !QUESTION2_11_L -1 2.282e+03 7.440e+02 3.550e+02
|    ( !QUESTION4 1 1.309e+03 4.958e+02 2.780e+02
|        ( !QUESTION19 1 1.150e+03 2.688e+02 1.970e+02
|            ( SILENCE -1 6.185e+02 1.052e+02 8.232e+01
|                ( - 2.694e+02 1 0)
|                ( - 4.543e+02 1 0))
|            ( - 8.004e+02 1 0))
|        ( SILENCE -1 6.547e+02 1.178e+02 8.104e+01
|            ( - 2.899e+02 1 0)
|            ( - 4.826e+02 1 0)))
|    ( - 1.717e+03 1 0))
s>    ( !QUESTION2_11_L -1 2.282e+03 7.440e+02 3.550e+02
s>        ( !QUESTION4 1 1.309e+03 4.958e+02 2.780e+02
s>            ( !QUESTION19 1 1.150e+03 2.688e+02 1.970e+02
s>                ( SILENCE -1 6.185e+02 1.052e+02 8.232e+01
s>                    ( - 2.694e+02 1 0)
s>                    ( - 4.543e+02 1 0))
s>                ( - 8.004e+02 1 0))
s>            ( SILENCE -1 6.547e+02 1.178e+02 8.104e+01
s>                ( - 2.899e+02 1 0)
s>                ( - 4.826e+02 1 0)))
s>        ( - 1.717e+03 1 0))INFO: dtree.c(1315): Comp split 2
INFO: dtree.c(1439): stop. leaf nodes are specific
INFO: dtree.c(1478): Final simple tree
|( !QUESTION4 1 1.309e+03 4.958e+02 2.780e+02
|    ( !QUESTION19 1 1.150e+03 2.688e+02 1.970e+02
|        ( SILENCE -1 6.185e+02 1.052e+02 8.232e+01
|            ( - 2.694e+02 1 0)
|            ( - 4.543e+02 1 0))
|        ( - 8.004e+02 1 0))
|    ( SILENCE -1 6.547e+02 1.178e+02 8.104e+01
|        ( - 2.899e+02 1 0)
|        ( - 4.826e+02 1 0)))
s>    ( !QUESTION4 1 1.309e+03 4.958e+02 2.780e+02
s>        ( !QUESTION19 1 1.150e+03 2.688e+02 1.970e+02
s>            ( SILENCE -1 6.185e+02 1.052e+02 8.232e+01
s>                ( - 2.694e+02 1 0)
s>                ( - 4.543e+02 1 0))
s>            ( - 8.004e+02 1 0))
s>        ( SILENCE -1 6.547e+02 1.178e+02 8.104e+01
s>            ( - 2.899e+02 1 0)
s>            ( - 4.826e+02 1 0)))INFO: dtree.c(1315): Comp split 3
INFO: dtree.c(1439): stop. leaf nodes are specific
INFO: dtree.c(1478): Final simple tree
|( !QUESTION19 1 1.150e+03 2.688e+02 1.970e+02
|    ( SILENCE -1 6.185e+02 1.052e+02 8.232e+01
|        ( - 2.694e+02 1 0)
|        ( - 4.543e+02 1 0))
|    ( - 8.004e+02 1 0))
s>    ( !QUESTION19 1 1.150e+03 2.688e+02 1.970e+02
s>        ( SILENCE -1 6.185e+02 1.052e+02 8.232e+01
s>            ( - 2.694e+02 1 0)
s>            ( - 4.543e+02 1 0))
s>        ( - 8.004e+02 1 0))INFO: dtree.c(1439): stop. leaf nodes are specific
INFO: dtree.c(1478): Final simple tree
|( SILENCE -1 6.547e+02 1.178e+02 8.104e+01
|    ( - 2.899e+02 1 0)
|    ( - 4.826e+02 1 0))
s>    ( SILENCE -1 6.547e+02 1.178e+02 8.104e+01
s>        ( - 2.899e+02 1 0)
s>        ( - 4.826e+02 1 0))INFO: dtree.c(1315): Comp split 4
INFO: dtree.c(1315): Comp split 5
INFO: dtree.c(1439): stop. leaf nodes are specific
INFO: dtree.c(1478): Final simple tree
|( SILENCE -1 6.185e+02 1.052e+02 8.232e+01
|    ( - 2.694e+02 1 0)
|    ( - 4.543e+02 1 0))
s>    ( SILENCE -1 6.185e+02 1.052e+02 8.232e+01
s>        ( - 2.694e+02 1 0)
s>        ( - 4.543e+02 1 0))INFO: dtree.c(1315): Comp split 6
INFO: dtree.c(1315): Comp split 7
INFO: dtree.c(1315): Comp split 8
INFO: dtree.c(1318): stop. leaf nodes are specific
!!!!!!!!Allocated 66 lines
Sat Mar 30 00:24:00 2013
