INFO: cmd_ln.c(691): Parsing command line:
/usr/libexec/sphinxtrain/bldtree \
	-treefn /home/jerrin/Documents/project/main upload/chakka/trained data builds/tuttorialchakka_1/chakka/trees/chakka.unpruned/N-2.dtree \
	-moddeffn /home/jerrin/Documents/project/main upload/chakka/trained data builds/tuttorialchakka_1/chakka/model_architecture/chakka.untied.mdef \
	-mixwfn /home/jerrin/Documents/project/main upload/chakka/trained data builds/tuttorialchakka_1/chakka/model_parameters/chakka.cd_cont_untied/mixture_weights \
	-ts2cbfn .cont. \
	-mwfloor 1e-08 \
	-psetfn /home/jerrin/Documents/project/main upload/chakka/trained data builds/tuttorialchakka_1/chakka/model_architecture/chakka.tree_questions \
	-phone N \
	-state 2 \
	-stwt 1.0,0.05,0.0 \
	-meanfn /home/jerrin/Documents/project/main upload/chakka/trained data builds/tuttorialchakka_1/chakka/model_parameters/chakka.cd_cont_untied/means \
	-varfn /home/jerrin/Documents/project/main upload/chakka/trained data builds/tuttorialchakka_1/chakka/model_parameters/chakka.cd_cont_untied/variances \
	-fullvar no \
	-ssplitmin 1 \
	-ssplitmax 7 \
	-ssplitthr 0 \
	-csplitmin 1 \
	-csplitmax 2000 \
	-csplitthr 0 

Current configuration:
[NAME]		[DEFLT]	[VALUE]
-allphones	no	no
-cntthresh	0.00001	1.000000e-05
-csplitmax	100	2000
-csplitmin	1	1
-csplitthr	8e-4	0.000000e+00
-example	no	no
-fullvar	no	no
-help		no	no
-meanfn			/home/jerrin/Documents/project/main upload/chakka/trained data builds/tuttorialchakka_1/chakka/model_parameters/chakka.cd_cont_untied/means
-mixwfn			/home/jerrin/Documents/project/main upload/chakka/trained data builds/tuttorialchakka_1/chakka/model_parameters/chakka.cd_cont_untied/mixture_weights
-moddeffn		/home/jerrin/Documents/project/main upload/chakka/trained data builds/tuttorialchakka_1/chakka/model_architecture/chakka.untied.mdef
-mwfloor	1e-4	1.000000e-08
-phone			N
-psetfn			/home/jerrin/Documents/project/main upload/chakka/trained data builds/tuttorialchakka_1/chakka/model_architecture/chakka.tree_questions
-ssplitmax	5	7
-ssplitmin	1	1
-ssplitthr	8e-4	0.000000e+00
-state			2
-stwt			1.0,0.05,0.0,
-treefn			/home/jerrin/Documents/project/main upload/chakka/trained data builds/tuttorialchakka_1/chakka/trees/chakka.unpruned/N-2.dtree
-ts2cbfn	.semi.	.cont.
-varfloor	0.00001	1.000000e-05
-varfn			/home/jerrin/Documents/project/main upload/chakka/trained data builds/tuttorialchakka_1/chakka/model_parameters/chakka.cd_cont_untied/variances

INFO: main.c(223): Reading: /home/jerrin/Documents/project/main upload/chakka/trained data builds/tuttorialchakka_1/chakka/model_architecture/chakka.untied.mdef
INFO: model_def_io.c(573): Model definition info:
INFO: model_def_io.c(574): 347 total models defined (45 base, 302 tri)
INFO: model_def_io.c(575): 1388 total states
INFO: model_def_io.c(576): 1041 total tied states
INFO: model_def_io.c(577): 135 total tied CI states
INFO: model_def_io.c(578): 45 total tied transition matrices
INFO: model_def_io.c(579): 4 max state/model
INFO: model_def_io.c(580): 4 min state/model
INFO: main.c(242): Building trees for [N A EY b] through [N SIL EY b]
INFO: main.c(268): Covering states |[729 761]| == 33
INFO: main.c(275): Reading: /home/jerrin/Documents/project/main upload/chakka/trained data builds/tuttorialchakka_1/chakka/model_parameters/chakka.cd_cont_untied/mixture_weights
INFO: s3mixw_io.c(172): Read /home/jerrin/Documents/project/main upload/chakka/trained data builds/tuttorialchakka_1/chakka/model_parameters/chakka.cd_cont_untied/mixture_weights [33x1x1 array]
INFO: main.c(311): 11 of 11 models have observation count greater than 0.000010
INFO: main.c(95): nrm stwt: 0.000 0.048 0.952 
INFO: s3gau_io.c(166): Read /home/jerrin/Documents/project/main upload/chakka/trained data builds/tuttorialchakka_1/chakka/model_parameters/chakka.cd_cont_untied/means [1041x1x1 array]
INFO: s3gau_io.c(166): Read /home/jerrin/Documents/project/main upload/chakka/trained data builds/tuttorialchakka_1/chakka/model_parameters/chakka.cd_cont_untied/variances [1041x1x1 array]
INFO: main.c(549): Reading: /home/jerrin/Documents/project/main upload/chakka/trained data builds/tuttorialchakka_1/chakka/model_architecture/chakka.tree_questions
INFO: main.c(587): 174 total simple questions (166 phone; 8 word bndry)
INFO: main.c(589): 40 Left Only questions, and 42 Right Only questions
INFO: dtree.c(1478): Final simple tree
|( QUESTION0_0_R 1 -2.775e+03 1.627e+03 3.437e+02
|    ( QUESTION12 1 -5.351e+02 8.594e+02 1.662e+02
|        ( - 5.265e+02 1 0)
|        ( QUESTION0 -1 -2.021e+02 6.497e+02 1.238e+02
|            ( - 2.837e+02 1 0)
|            ( - 1.638e+02 2 0 !QUESTION2_19_L -1 3.746e+02 1.098e+02)))
|    ( !WDBNDRY_I 0 -6.124e+02 6.744e+02 1.775e+02
|        ( WDBNDRY_B 0 -6.057e+02 4.190e+02 1.366e+02
|            ( QUESTION19 -1 -2.763e+01 3.939e+02 4.875e+01
|                ( - 4.592e+02 1 0)
|                ( - -9.294e+01 2 0 !QUESTION2_4_L -1 1.528e+02 2.764e+01))
|            ( - -1.591e+02 2 0 !QUESTION6 1 1.617e+02 8.790e+01))
|        ( !QUESTION6 1 6.677e+02 4.349e+02 4.082e+01
|            ( - 8.130e+02 1 0)
|            ( - 2.896e+02 1 0))))
s>    ( QUESTION0_0_R 1 -2.775e+03 1.627e+03 3.437e+02
s>        ( QUESTION12 1 -5.351e+02 8.594e+02 1.662e+02
s>            ( - 5.265e+02 1 0)
s>            ( QUESTION0 -1 -2.021e+02 6.497e+02 1.238e+02
s>                ( - 2.837e+02 1 0)
s>                ( - 1.638e+02 2 0 !QUESTION2_19_L -1 3.746e+02 1.098e+02)))
s>        ( !WDBNDRY_I 0 -6.124e+02 6.744e+02 1.775e+02
s>            ( WDBNDRY_B 0 -6.057e+02 4.190e+02 1.366e+02
s>                ( QUESTION19 -1 -2.763e+01 3.939e+02 4.875e+01
s>                    ( - 4.592e+02 1 0)
s>                    ( - -9.294e+01 2 0 !QUESTION2_4_L -1 1.528e+02 2.764e+01))
s>                ( - -1.591e+02 2 0 !QUESTION6 1 1.617e+02 8.790e+01))
s>            ( !QUESTION6 1 6.677e+02 4.349e+02 4.082e+01
s>                ( - 8.130e+02 1 0)
s>                ( - 2.896e+02 1 0))))INFO: dtree.c(1315): Comp split 0
INFO: dtree.c(1478): Final simple tree
|( QUESTION2 1 -9.918e+02 6.718e+02 1.915e+02
|    ( - 8.130e+02 1 0)
|    ( !QUESTION9 1 -1.133e+03 6.304e+02 1.667e+02
|        ( WDBNDRY_E 0 -7.863e+02 5.032e+02 1.527e+02
|            ( !QUESTION6 1 -1.591e+02 1.617e+02 8.790e+01
|                ( - 9.946e+01 1 0)
|                ( - -9.676e+01 1 0))
|            ( QUESTION19 -1 -1.241e+02 4.207e+02 6.478e+01
|                ( - 4.592e+02 1 0)
|                ( !QUESTION2_19_L -1 -1.625e+02 3.592e+02 4.367e+01
|                    ( !QUESTION2_4_L -1 -9.294e+01 1.528e+02 2.764e+01
|                        ( - -4.146e+01 1 0)
|                        ( - 1.013e+02 1 0))
|                    ( - 2.896e+02 1 0))))
|        ( - 2.837e+02 1 0)))
s>    ( QUESTION2 1 -9.918e+02 6.718e+02 1.915e+02
s>        ( - 8.130e+02 1 0)
s>        ( !QUESTION9 1 -1.133e+03 6.304e+02 1.667e+02
s>            ( WDBNDRY_E 0 -7.863e+02 5.032e+02 1.527e+02
s>                ( !QUESTION6 1 -1.591e+02 1.617e+02 8.790e+01
s>                    ( - 9.946e+01 1 0)
s>                    ( - -9.676e+01 1 0))
s>                ( QUESTION19 -1 -1.241e+02 4.207e+02 6.478e+01
s>                    ( - 4.592e+02 1 0)
s>                    ( !QUESTION2_19_L -1 -1.625e+02 3.592e+02 4.367e+01
s>                        ( !QUESTION2_4_L -1 -9.294e+01 1.528e+02 2.764e+01
s>                            ( - -4.146e+01 1 0)
s>                            ( - 1.013e+02 1 0))
s>                        ( - 2.896e+02 1 0))))
s>            ( - 2.837e+02 1 0)))INFO: dtree.c(1439): stop. leaf nodes are specific
INFO: dtree.c(1478): Final simple tree
|( QUESTION12 1 -6.924e+01 7.595e+02 1.522e+02
|    ( - 5.265e+02 1 0)
|    ( !QUESTION2_19_L -1 1.638e+02 3.746e+02 1.098e+02
|        ( - 5.164e+02 1 0)
|        ( - 2.198e+01 1 0)))
s>    ( QUESTION12 1 -6.924e+01 7.595e+02 1.522e+02
s>        ( - 5.265e+02 1 0)
s>        ( !QUESTION2_19_L -1 1.638e+02 3.746e+02 1.098e+02
s>            ( - 5.164e+02 1 0)
s>            ( - 2.198e+01 1 0)))INFO: dtree.c(1315): Comp split 1
INFO: dtree.c(1439): stop. leaf nodes are specific
INFO: dtree.c(1478): Final simple tree
|( !QUESTION2_19_L -1 1.638e+02 3.746e+02 1.098e+02
|    ( - 5.164e+02 1 0)
|    ( - 2.198e+01 1 0))
s>    ( !QUESTION2_19_L -1 1.638e+02 3.746e+02 1.098e+02
s>        ( - 5.164e+02 1 0)
s>        ( - 2.198e+01 1 0))INFO: dtree.c(1315): Comp split 2
INFO: dtree.c(1439): stop. leaf nodes are specific
INFO: dtree.c(1478): Final simple tree
|( !QUESTION6 1 6.677e+02 4.349e+02 4.082e+01
|    ( - 8.130e+02 1 0)
|    ( - 2.896e+02 1 0))
s>    ( !QUESTION6 1 6.677e+02 4.349e+02 4.082e+01
s>        ( - 8.130e+02 1 0)
s>        ( - 2.896e+02 1 0))INFO: dtree.c(1439): stop. leaf nodes are specific
INFO: dtree.c(1478): Final simple tree
|( !WDBNDRY_I 0 -9.442e+02 6.222e+02 1.506e+02
|    ( WDBNDRY_B 0 -6.057e+02 4.190e+02 1.366e+02
|        ( QUESTION19 -1 -2.763e+01 3.939e+02 4.875e+01
|            ( - 4.592e+02 1 0)
|            ( !QUESTION2_4_L -1 -9.294e+01 1.528e+02 2.764e+01
|                ( - -4.146e+01 1 0)
|                ( - 1.013e+02 1 0)))
|        ( !QUESTION6 1 -1.591e+02 1.617e+02 8.790e+01
|            ( - 9.946e+01 1 0)
|            ( - -9.676e+01 1 0)))
|    ( - 2.837e+02 1 0))
s>    ( !WDBNDRY_I 0 -9.442e+02 6.222e+02 1.506e+02
s>        ( WDBNDRY_B 0 -6.057e+02 4.190e+02 1.366e+02
s>            ( QUESTION19 -1 -2.763e+01 3.939e+02 4.875e+01
s>                ( - 4.592e+02 1 0)
s>                ( !QUESTION2_4_L -1 -9.294e+01 1.528e+02 2.764e+01
s>                    ( - -4.146e+01 1 0)
s>                    ( - 1.013e+02 1 0)))
s>            ( !QUESTION6 1 -1.591e+02 1.617e+02 8.790e+01
s>                ( - 9.946e+01 1 0)
s>                ( - -9.676e+01 1 0)))
s>        ( - 2.837e+02 1 0))INFO: dtree.c(1315): Comp split 3
INFO: dtree.c(1439): stop. leaf nodes are specific
INFO: dtree.c(1478): Final simple tree
|( WDBNDRY_B 0 -6.057e+02 4.190e+02 1.366e+02
|    ( QUESTION19 -1 -2.763e+01 3.939e+02 4.875e+01
|        ( - 4.592e+02 1 0)
|        ( !QUESTION2_4_L -1 -9.294e+01 1.528e+02 2.764e+01
|            ( - -4.146e+01 1 0)
|            ( - 1.013e+02 1 0)))
|    ( !QUESTION6 1 -1.591e+02 1.617e+02 8.790e+01
|        ( - 9.946e+01 1 0)
|        ( - -9.676e+01 1 0)))
s>    ( WDBNDRY_B 0 -6.057e+02 4.190e+02 1.366e+02
s>        ( QUESTION19 -1 -2.763e+01 3.939e+02 4.875e+01
s>            ( - 4.592e+02 1 0)
s>            ( !QUESTION2_4_L -1 -9.294e+01 1.528e+02 2.764e+01
s>                ( - -4.146e+01 1 0)
s>                ( - 1.013e+02 1 0)))
s>        ( !QUESTION6 1 -1.591e+02 1.617e+02 8.790e+01
s>            ( - 9.946e+01 1 0)
s>            ( - -9.676e+01 1 0)))INFO: dtree.c(1315): Comp split 4
INFO: dtree.c(1315): Comp split 5
INFO: dtree.c(1439): stop. leaf nodes are specific
INFO: dtree.c(1478): Final simple tree
|( QUESTION19 -1 -2.763e+01 3.939e+02 4.875e+01
|    ( - 4.592e+02 1 0)
|    ( !QUESTION2_4_L -1 -9.294e+01 1.528e+02 2.764e+01
|        ( - -4.146e+01 1 0)
|        ( - 1.013e+02 1 0)))
s>    ( QUESTION19 -1 -2.763e+01 3.939e+02 4.875e+01
s>        ( - 4.592e+02 1 0)
s>        ( !QUESTION2_4_L -1 -9.294e+01 1.528e+02 2.764e+01
s>            ( - -4.146e+01 1 0)
s>            ( - 1.013e+02 1 0)))INFO: dtree.c(1439): stop. leaf nodes are specific
INFO: dtree.c(1478): Final simple tree
|( !QUESTION6 1 -1.591e+02 1.617e+02 8.790e+01
|    ( - 9.946e+01 1 0)
|    ( - -9.676e+01 1 0))
s>    ( !QUESTION6 1 -1.591e+02 1.617e+02 8.790e+01
s>        ( - 9.946e+01 1 0)
s>        ( - -9.676e+01 1 0))INFO: dtree.c(1315): Comp split 6
INFO: dtree.c(1439): stop. leaf nodes are specific
INFO: dtree.c(1478): Final simple tree
|( !QUESTION2_4_L -1 -9.294e+01 1.528e+02 2.764e+01
|    ( - -4.146e+01 1 0)
|    ( - 1.013e+02 1 0))
s>    ( !QUESTION2_4_L -1 -9.294e+01 1.528e+02 2.764e+01
s>        ( - -4.146e+01 1 0)
s>        ( - 1.013e+02 1 0))INFO: dtree.c(1315): Comp split 7
INFO: dtree.c(1315): Comp split 8
INFO: dtree.c(1315): Comp split 9
INFO: dtree.c(1315): Comp split 10
INFO: dtree.c(1318): stop. leaf nodes are specific
!!!!!!!!Allocated 66 lines
Sat Mar 30 00:24:03 2013
