INFO: cmd_ln.c(691): Parsing command line:
/usr/libexec/sphinxtrain/bldtree \
	-treefn /home/jerrin/Documents/project/main upload/chakka/trained data builds/tuttorialchakka_1/chakka/trees/chakka.unpruned/AA-1.dtree \
	-moddeffn /home/jerrin/Documents/project/main upload/chakka/trained data builds/tuttorialchakka_1/chakka/model_architecture/chakka.untied.mdef \
	-mixwfn /home/jerrin/Documents/project/main upload/chakka/trained data builds/tuttorialchakka_1/chakka/model_parameters/chakka.cd_cont_untied/mixture_weights \
	-ts2cbfn .cont. \
	-mwfloor 1e-08 \
	-psetfn /home/jerrin/Documents/project/main upload/chakka/trained data builds/tuttorialchakka_1/chakka/model_architecture/chakka.tree_questions \
	-phone AA \
	-state 1 \
	-stwt 1.0,0.05,0.0 \
	-meanfn /home/jerrin/Documents/project/main upload/chakka/trained data builds/tuttorialchakka_1/chakka/model_parameters/chakka.cd_cont_untied/means \
	-varfn /home/jerrin/Documents/project/main upload/chakka/trained data builds/tuttorialchakka_1/chakka/model_parameters/chakka.cd_cont_untied/variances \
	-fullvar no \
	-ssplitmin 1 \
	-ssplitmax 7 \
	-ssplitthr 0 \
	-csplitmin 1 \
	-csplitmax 2000 \
	-csplitthr 0 

Current configuration:
[NAME]		[DEFLT]	[VALUE]
-allphones	no	no
-cntthresh	0.00001	1.000000e-05
-csplitmax	100	2000
-csplitmin	1	1
-csplitthr	8e-4	0.000000e+00
-example	no	no
-fullvar	no	no
-help		no	no
-meanfn			/home/jerrin/Documents/project/main upload/chakka/trained data builds/tuttorialchakka_1/chakka/model_parameters/chakka.cd_cont_untied/means
-mixwfn			/home/jerrin/Documents/project/main upload/chakka/trained data builds/tuttorialchakka_1/chakka/model_parameters/chakka.cd_cont_untied/mixture_weights
-moddeffn		/home/jerrin/Documents/project/main upload/chakka/trained data builds/tuttorialchakka_1/chakka/model_architecture/chakka.untied.mdef
-mwfloor	1e-4	1.000000e-08
-phone			AA
-psetfn			/home/jerrin/Documents/project/main upload/chakka/trained data builds/tuttorialchakka_1/chakka/model_architecture/chakka.tree_questions
-ssplitmax	5	7
-ssplitmin	1	1
-ssplitthr	8e-4	0.000000e+00
-state			1
-stwt			1.0,0.05,0.0,
-treefn			/home/jerrin/Documents/project/main upload/chakka/trained data builds/tuttorialchakka_1/chakka/trees/chakka.unpruned/AA-1.dtree
-ts2cbfn	.semi.	.cont.
-varfloor	0.00001	1.000000e-05
-varfn			/home/jerrin/Documents/project/main upload/chakka/trained data builds/tuttorialchakka_1/chakka/model_parameters/chakka.cd_cont_untied/variances

INFO: main.c(223): Reading: /home/jerrin/Documents/project/main upload/chakka/trained data builds/tuttorialchakka_1/chakka/model_architecture/chakka.untied.mdef
INFO: model_def_io.c(573): Model definition info:
INFO: model_def_io.c(574): 347 total models defined (45 base, 302 tri)
INFO: model_def_io.c(575): 1388 total states
INFO: model_def_io.c(576): 1041 total tied states
INFO: model_def_io.c(577): 135 total tied CI states
INFO: model_def_io.c(578): 45 total tied transition matrices
INFO: model_def_io.c(579): 4 max state/model
INFO: model_def_io.c(580): 4 min state/model
INFO: main.c(242): Building trees for [AA CH RA i] through [AA ZH M i]
INFO: main.c(268): Covering states |[282 335]| == 54
INFO: main.c(275): Reading: /home/jerrin/Documents/project/main upload/chakka/trained data builds/tuttorialchakka_1/chakka/model_parameters/chakka.cd_cont_untied/mixture_weights
INFO: s3mixw_io.c(172): Read /home/jerrin/Documents/project/main upload/chakka/trained data builds/tuttorialchakka_1/chakka/model_parameters/chakka.cd_cont_untied/mixture_weights [54x1x1 array]
INFO: main.c(311): 18 of 18 models have observation count greater than 0.000010
INFO: main.c(95): nrm stwt: 0.045 0.909 0.045 
INFO: s3gau_io.c(166): Read /home/jerrin/Documents/project/main upload/chakka/trained data builds/tuttorialchakka_1/chakka/model_parameters/chakka.cd_cont_untied/means [1041x1x1 array]
INFO: s3gau_io.c(166): Read /home/jerrin/Documents/project/main upload/chakka/trained data builds/tuttorialchakka_1/chakka/model_parameters/chakka.cd_cont_untied/variances [1041x1x1 array]
INFO: main.c(549): Reading: /home/jerrin/Documents/project/main upload/chakka/trained data builds/tuttorialchakka_1/chakka/model_architecture/chakka.tree_questions
INFO: main.c(587): 174 total simple questions (166 phone; 8 word bndry)
INFO: main.c(589): 40 Left Only questions, and 42 Right Only questions
INFO: dtree.c(1478): Final simple tree
|( QUESTION0_1_R 1 4.157e+04 4.023e+03 2.557e+03
|    ( - 1.011e+04 1 0)
|    ( QUESTION8 -1 3.548e+04 2.291e+03 2.316e+03
|        ( - 7.078e+03 3 0 QUESTION0_0_R 1 6.435e+02 3.744e+02)
|        ( QUESTION10 1 3.069e+04 1.946e+03 1.941e+03
|            ( WDBNDRY_B 0 2.189e+04 1.973e+03 1.201e+03
|                ( - 3.857e+03 1 0)
|                ( !QUESTION16 1 2.000e+04 1.821e+03 1.007e+03
|                    ( - 1.097e+04 3 0 !QUESTION18 1 1.056e+03 5.391e+02)
|                    ( !QUESTION0 -1 1.085e+04 1.200e+03 4.679e+02
|                        ( - 2.979e+03 1 0)
|                        ( - 9.072e+03 2 0))))
|            ( QUESTION4 1 1.075e+04 1.454e+03 7.402e+02
|                ( - 3.347e+03 3 0 QUESTION0 -1 6.934e+02 2.173e+02)
|                ( - 8.857e+03 4 0 QUESTION0_16_R 1 1.194e+03 5.229e+02)))))
s>    ( QUESTION0_1_R 1 4.157e+04 4.023e+03 2.557e+03
s>        ( - 1.011e+04 1 0)
s>        ( QUESTION8 -1 3.548e+04 2.291e+03 2.316e+03
s>            ( - 7.078e+03 3 0 QUESTION0_0_R 1 6.435e+02 3.744e+02)
s>            ( QUESTION10 1 3.069e+04 1.946e+03 1.941e+03
s>                ( WDBNDRY_B 0 2.189e+04 1.973e+03 1.201e+03
s>                    ( - 3.857e+03 1 0)
s>                    ( !QUESTION16 1 2.000e+04 1.821e+03 1.007e+03
s>                        ( - 1.097e+04 3 0 !QUESTION18 1 1.056e+03 5.391e+02)
s>                        ( !QUESTION0 -1 1.085e+04 1.200e+03 4.679e+02
s>                            ( - 2.979e+03 1 0)
s>                            ( - 9.072e+03 2 0))))
s>                ( QUESTION4 1 1.075e+04 1.454e+03 7.402e+02
s>                    ( - 3.347e+03 3 0 QUESTION0 -1 6.934e+02 2.173e+02)
s>                    ( - 8.857e+03 4 0 QUESTION0_16_R 1 1.194e+03 5.229e+02)))))INFO: dtree.c(1315): Comp split 0
INFO: dtree.c(1478): Final simple tree
|( QUESTION8 -1 3.548e+04 2.291e+03 2.316e+03
|    ( - 7.078e+03 3 0 QUESTION0_0_R 1 6.435e+02 3.744e+02)
|    ( QUESTION10 1 3.069e+04 1.946e+03 1.941e+03
|        ( WDBNDRY_B 0 2.189e+04 1.973e+03 1.201e+03
|            ( - 3.857e+03 1 0)
|            ( !QUESTION16 1 2.000e+04 1.821e+03 1.007e+03
|                ( - 1.097e+04 3 0 !QUESTION18 1 1.056e+03 5.391e+02)
|                ( !QUESTION0 -1 1.085e+04 1.200e+03 4.679e+02
|                    ( - 2.979e+03 1 0)
|                    ( - 9.072e+03 2 0))))
|        ( QUESTION4 1 1.075e+04 1.454e+03 7.402e+02
|            ( - 3.347e+03 3 0 QUESTION0 -1 6.934e+02 2.173e+02)
|            ( QUESTION0_16_R 1 8.857e+03 1.194e+03 5.229e+02
|                ( - 5.144e+03 2 0 QUESTION2 1 4.622e+02 2.690e+02)
|                ( - 4.907e+03 2 0 QUESTION0_0_R 1 7.859e+02 2.539e+02)))))
s>    ( QUESTION8 -1 3.548e+04 2.291e+03 2.316e+03
s>        ( - 7.078e+03 3 0 QUESTION0_0_R 1 6.435e+02 3.744e+02)
s>        ( QUESTION10 1 3.069e+04 1.946e+03 1.941e+03
s>            ( WDBNDRY_B 0 2.189e+04 1.973e+03 1.201e+03
s>                ( - 3.857e+03 1 0)
s>                ( !QUESTION16 1 2.000e+04 1.821e+03 1.007e+03
s>                    ( - 1.097e+04 3 0 !QUESTION18 1 1.056e+03 5.391e+02)
s>                    ( !QUESTION0 -1 1.085e+04 1.200e+03 4.679e+02
s>                        ( - 2.979e+03 1 0)
s>                        ( - 9.072e+03 2 0))))
s>            ( QUESTION4 1 1.075e+04 1.454e+03 7.402e+02
s>                ( - 3.347e+03 3 0 QUESTION0 -1 6.934e+02 2.173e+02)
s>                ( QUESTION0_16_R 1 8.857e+03 1.194e+03 5.229e+02
s>                    ( - 5.144e+03 2 0 QUESTION2 1 4.622e+02 2.690e+02)
s>                    ( - 4.907e+03 2 0 QUESTION0_0_R 1 7.859e+02 2.539e+02)))))INFO: dtree.c(1315): Comp split 1
INFO: dtree.c(1439): stop. leaf nodes are specific
INFO: dtree.c(1478): Final simple tree
|( !QUESTION2_17_L -1 1.590e+04 1.994e+03 9.391e+02
|    ( QUESTION0_16_R 1 8.822e+03 1.324e+03 5.673e+02
|        ( QUESTION0 -1 3.347e+03 6.934e+02 2.173e+02
|            ( - 2.176e+03 1 0)
|            ( - 1.865e+03 2 0))
|        ( !QUESTION2_19_L -1 6.799e+03 1.098e+03 3.500e+02
|            ( - 3.790e+03 1 0)
|            ( !QUESTION19 -1 4.107e+03 7.739e+02 1.707e+02
|                ( - 1.902e+03 1 0)
|                ( - 2.979e+03 1 0))))
|    ( - 9.072e+03 2 0))
s>    ( !QUESTION2_17_L -1 1.590e+04 1.994e+03 9.391e+02
s>        ( QUESTION0_16_R 1 8.822e+03 1.324e+03 5.673e+02
s>            ( QUESTION0 -1 3.347e+03 6.934e+02 2.173e+02
s>                ( - 2.176e+03 1 0)
s>                ( - 1.865e+03 2 0))
s>            ( !QUESTION2_19_L -1 6.799e+03 1.098e+03 3.500e+02
s>                ( - 3.790e+03 1 0)
s>                ( !QUESTION19 -1 4.107e+03 7.739e+02 1.707e+02
s>                    ( - 1.902e+03 1 0)
s>                    ( - 2.979e+03 1 0))))
s>        ( - 9.072e+03 2 0))INFO: dtree.c(1478): Final simple tree
|( !QUESTION3 -1 2.311e+04 1.701e+03 1.377e+03
|    ( QUESTION2_17_L -1 9.867e+03 1.068e+03 5.685e+02
|        ( QUESTION0_0_R 1 7.078e+03 6.435e+02 3.744e+02
|            ( QUESTION15 1 4.838e+03 4.462e+02 2.543e+02
|                ( - 2.762e+03 1 0)
|                ( - 2.522e+03 1 0))
|            ( - 2.883e+03 1 0))
|        ( - 3.857e+03 1 0))
|    ( QUESTION18 1 1.495e+04 1.222e+03 8.081e+02
|        ( - 8.974e+03 2 0)
|        ( QUESTION0_0_R 1 7.197e+03 1.003e+03 4.028e+02
|            ( - 3.056e+03 1 0)
|            ( QUESTION2 1 5.144e+03 4.622e+02 2.690e+02
|                ( - 2.590e+03 1 0)
|                ( - 3.017e+03 1 0)))))
s>    ( !QUESTION3 -1 2.311e+04 1.701e+03 1.377e+03
s>        ( QUESTION2_17_L -1 9.867e+03 1.068e+03 5.685e+02
s>            ( QUESTION0_0_R 1 7.078e+03 6.435e+02 3.744e+02
s>                ( QUESTION15 1 4.838e+03 4.462e+02 2.543e+02
s>                    ( - 2.762e+03 1 0)
s>                    ( - 2.522e+03 1 0))
s>                ( - 2.883e+03 1 0))
s>            ( - 3.857e+03 1 0))
s>        ( QUESTION18 1 1.495e+04 1.222e+03 8.081e+02
s>            ( - 8.974e+03 2 0)
s>            ( QUESTION0_0_R 1 7.197e+03 1.003e+03 4.028e+02
s>                ( - 3.056e+03 1 0)
s>                ( QUESTION2 1 5.144e+03 4.622e+02 2.690e+02
s>                    ( - 2.590e+03 1 0)
s>                    ( - 3.017e+03 1 0)))))INFO: dtree.c(1315): Comp split 2
INFO: dtree.c(1439): stop. leaf nodes are specific
INFO: dtree.c(1478): Final simple tree
|( QUESTION0_16_R 1 8.822e+03 1.324e+03 5.673e+02
|    ( QUESTION0 -1 3.347e+03 6.934e+02 2.173e+02
|        ( - 2.176e+03 1 0)
|        ( - 1.865e+03 2 0))
|    ( !QUESTION2_19_L -1 6.799e+03 1.098e+03 3.500e+02
|        ( - 3.790e+03 1 0)
|        ( !QUESTION19 -1 4.107e+03 7.739e+02 1.707e+02
|            ( - 1.902e+03 1 0)
|            ( - 2.979e+03 1 0))))
s>    ( QUESTION0_16_R 1 8.822e+03 1.324e+03 5.673e+02
s>        ( QUESTION0 -1 3.347e+03 6.934e+02 2.173e+02
s>            ( - 2.176e+03 1 0)
s>            ( - 1.865e+03 2 0))
s>        ( !QUESTION2_19_L -1 6.799e+03 1.098e+03 3.500e+02
s>            ( - 3.790e+03 1 0)
s>            ( !QUESTION19 -1 4.107e+03 7.739e+02 1.707e+02
s>                ( - 1.902e+03 1 0)
s>                ( - 2.979e+03 1 0))))INFO: dtree.c(1315): Comp split 3
INFO: dtree.c(1439): stop. leaf nodes are specific
INFO: dtree.c(1478): Final simple tree
|( !QUESTION18 1 1.286e+04 1.259e+03 6.744e+02
|    ( QUESTION2 1 5.144e+03 4.622e+02 2.690e+02
|        ( - 2.590e+03 1 0)
|        ( - 3.017e+03 1 0))
|    ( - 8.974e+03 2 0))
s>    ( !QUESTION18 1 1.286e+04 1.259e+03 6.744e+02
s>        ( QUESTION2 1 5.144e+03 4.622e+02 2.690e+02
s>            ( - 2.590e+03 1 0)
s>            ( - 3.017e+03 1 0))
s>        ( - 8.974e+03 2 0))INFO: dtree.c(1439): stop. leaf nodes are specific
INFO: dtree.c(1478): Final simple tree
|( WDBNDRY_B 0 1.203e+04 1.188e+03 7.022e+02
|    ( - 3.857e+03 1 0)
|    ( !QUESTION15 1 9.358e+03 8.609e+02 5.082e+02
|        ( !QUESTION0_0_R 1 4.783e+03 6.229e+02 2.529e+02
|            ( - 2.883e+03 1 0)
|            ( - 2.522e+03 1 0))
|        ( !QUESTION9 -1 5.436e+03 3.815e+02 2.553e+02
|            ( - 3.056e+03 1 0)
|            ( - 2.762e+03 1 0))))
s>    ( WDBNDRY_B 0 1.203e+04 1.188e+03 7.022e+02
s>        ( - 3.857e+03 1 0)
s>        ( !QUESTION15 1 9.358e+03 8.609e+02 5.082e+02
s>            ( !QUESTION0_0_R 1 4.783e+03 6.229e+02 2.529e+02
s>                ( - 2.883e+03 1 0)
s>                ( - 2.522e+03 1 0))
s>            ( !QUESTION9 -1 5.436e+03 3.815e+02 2.553e+02
s>                ( - 3.056e+03 1 0)
s>                ( - 2.762e+03 1 0))))INFO: dtree.c(1315): Comp split 4
INFO: dtree.c(1439): stop. leaf nodes are specific
INFO: dtree.c(1478): Final simple tree
|( !QUESTION2_19_L -1 6.799e+03 1.098e+03 3.500e+02
|    ( - 3.790e+03 1 0)
|    ( !QUESTION19 -1 4.107e+03 7.739e+02 1.707e+02
|        ( - 1.902e+03 1 0)
|        ( - 2.979e+03 1 0)))
s>    ( !QUESTION2_19_L -1 6.799e+03 1.098e+03 3.500e+02
s>        ( - 3.790e+03 1 0)
s>        ( !QUESTION19 -1 4.107e+03 7.739e+02 1.707e+02
s>            ( - 1.902e+03 1 0)
s>            ( - 2.979e+03 1 0)))INFO: dtree.c(1439): stop. leaf nodes are specific
INFO: dtree.c(1478): Final simple tree
|( QUESTION0 -1 3.347e+03 6.934e+02 2.173e+02
|    ( - 2.176e+03 1 0)
|    ( - 1.865e+03 2 0))
s>    ( QUESTION0 -1 3.347e+03 6.934e+02 2.173e+02
s>        ( - 2.176e+03 1 0)
s>        ( - 1.865e+03 2 0))INFO: dtree.c(1315): Comp split 5
INFO: dtree.c(1439): stop. leaf nodes are specific
INFO: dtree.c(1478): Final simple tree
|( QUESTION2 1 5.144e+03 4.622e+02 2.690e+02
|    ( - 2.590e+03 1 0)
|    ( - 3.017e+03 1 0))
s>    ( QUESTION2 1 5.144e+03 4.622e+02 2.690e+02
s>        ( - 2.590e+03 1 0)
s>        ( - 3.017e+03 1 0))INFO: dtree.c(1315): Comp split 6
INFO: dtree.c(1439): stop. leaf nodes are specific
INFO: dtree.c(1478): Final simple tree
|( !QUESTION15 1 9.358e+03 8.609e+02 5.082e+02
|    ( !QUESTION0_0_R 1 4.783e+03 6.229e+02 2.529e+02
|        ( - 2.883e+03 1 0)
|        ( - 2.522e+03 1 0))
|    ( !QUESTION9 -1 5.436e+03 3.815e+02 2.553e+02
|        ( - 3.056e+03 1 0)
|        ( - 2.762e+03 1 0)))
s>    ( !QUESTION15 1 9.358e+03 8.609e+02 5.082e+02
s>        ( !QUESTION0_0_R 1 4.783e+03 6.229e+02 2.529e+02
s>            ( - 2.883e+03 1 0)
s>            ( - 2.522e+03 1 0))
s>        ( !QUESTION9 -1 5.436e+03 3.815e+02 2.553e+02
s>            ( - 3.056e+03 1 0)
s>            ( - 2.762e+03 1 0)))INFO: dtree.c(1315): Comp split 7
INFO: dtree.c(1439): stop. leaf nodes are specific
INFO: dtree.c(1478): Final simple tree
|( !QUESTION19 -1 4.107e+03 7.739e+02 1.707e+02
|    ( - 1.902e+03 1 0)
|    ( - 2.979e+03 1 0))
s>    ( !QUESTION19 -1 4.107e+03 7.739e+02 1.707e+02
s>        ( - 1.902e+03 1 0)
s>        ( - 2.979e+03 1 0))INFO: dtree.c(1315): Comp split 8
INFO: dtree.c(1439): stop. leaf nodes are specific
INFO: dtree.c(1478): Final simple tree
|( !QUESTION9 -1 5.436e+03 3.815e+02 2.553e+02
|    ( - 3.056e+03 1 0)
|    ( - 2.762e+03 1 0))
s>    ( !QUESTION9 -1 5.436e+03 3.815e+02 2.553e+02
s>        ( - 3.056e+03 1 0)
s>        ( - 2.762e+03 1 0))INFO: dtree.c(1439): stop. leaf nodes are specific
INFO: dtree.c(1478): Final simple tree
|( !QUESTION0_0_R 1 4.783e+03 6.229e+02 2.529e+02
|    ( - 2.883e+03 1 0)
|    ( - 2.522e+03 1 0))
s>    ( !QUESTION0_0_R 1 4.783e+03 6.229e+02 2.529e+02
s>        ( - 2.883e+03 1 0)
s>        ( - 2.522e+03 1 0))INFO: dtree.c(1315): Comp split 9
INFO: dtree.c(1315): Comp split 10
INFO: dtree.c(1315): Comp split 11
INFO: dtree.c(1315): Comp split 12
INFO: dtree.c(1315): Comp split 13
INFO: dtree.c(1315): Comp split 14
INFO: dtree.c(1318): stop. leaf nodes are specific
!!!!!!!!Allocated 66 lines
Sat Mar 30 00:24:01 2013
