INFO: cmd_ln.c(691): Parsing command line:
/usr/libexec/sphinxtrain/bldtree \
	-treefn /home/jerrin/Documents/project/main upload/chakka/trained data builds/tuttorialchakka_1/chakka/trees/chakka.unpruned/E-2.dtree \
	-moddeffn /home/jerrin/Documents/project/main upload/chakka/trained data builds/tuttorialchakka_1/chakka/model_architecture/chakka.untied.mdef \
	-mixwfn /home/jerrin/Documents/project/main upload/chakka/trained data builds/tuttorialchakka_1/chakka/model_parameters/chakka.cd_cont_untied/mixture_weights \
	-ts2cbfn .cont. \
	-mwfloor 1e-08 \
	-psetfn /home/jerrin/Documents/project/main upload/chakka/trained data builds/tuttorialchakka_1/chakka/model_architecture/chakka.tree_questions \
	-phone E \
	-state 2 \
	-stwt 1.0,0.05,0.0 \
	-meanfn /home/jerrin/Documents/project/main upload/chakka/trained data builds/tuttorialchakka_1/chakka/model_parameters/chakka.cd_cont_untied/means \
	-varfn /home/jerrin/Documents/project/main upload/chakka/trained data builds/tuttorialchakka_1/chakka/model_parameters/chakka.cd_cont_untied/variances \
	-fullvar no \
	-ssplitmin 1 \
	-ssplitmax 7 \
	-ssplitthr 0 \
	-csplitmin 1 \
	-csplitmax 2000 \
	-csplitthr 0 

Current configuration:
[NAME]		[DEFLT]	[VALUE]
-allphones	no	no
-cntthresh	0.00001	1.000000e-05
-csplitmax	100	2000
-csplitmin	1	1
-csplitthr	8e-4	0.000000e+00
-example	no	no
-fullvar	no	no
-help		no	no
-meanfn			/home/jerrin/Documents/project/main upload/chakka/trained data builds/tuttorialchakka_1/chakka/model_parameters/chakka.cd_cont_untied/means
-mixwfn			/home/jerrin/Documents/project/main upload/chakka/trained data builds/tuttorialchakka_1/chakka/model_parameters/chakka.cd_cont_untied/mixture_weights
-moddeffn		/home/jerrin/Documents/project/main upload/chakka/trained data builds/tuttorialchakka_1/chakka/model_architecture/chakka.untied.mdef
-mwfloor	1e-4	1.000000e-08
-phone			E
-psetfn			/home/jerrin/Documents/project/main upload/chakka/trained data builds/tuttorialchakka_1/chakka/model_architecture/chakka.tree_questions
-ssplitmax	5	7
-ssplitmin	1	1
-ssplitthr	8e-4	0.000000e+00
-state			2
-stwt			1.0,0.05,0.0,
-treefn			/home/jerrin/Documents/project/main upload/chakka/trained data builds/tuttorialchakka_1/chakka/trees/chakka.unpruned/E-2.dtree
-ts2cbfn	.semi.	.cont.
-varfloor	0.00001	1.000000e-05
-varfn			/home/jerrin/Documents/project/main upload/chakka/trained data builds/tuttorialchakka_1/chakka/model_parameters/chakka.cd_cont_untied/variances

INFO: main.c(223): Reading: /home/jerrin/Documents/project/main upload/chakka/trained data builds/tuttorialchakka_1/chakka/model_architecture/chakka.untied.mdef
INFO: model_def_io.c(573): Model definition info:
INFO: model_def_io.c(574): 347 total models defined (45 base, 302 tri)
INFO: model_def_io.c(575): 1388 total states
INFO: model_def_io.c(576): 1041 total tied states
INFO: model_def_io.c(577): 135 total tied CI states
INFO: model_def_io.c(578): 45 total tied transition matrices
INFO: model_def_io.c(579): 4 max state/model
INFO: model_def_io.c(580): 4 min state/model
INFO: main.c(242): Building trees for [E CH T i] through [E V SH i]
INFO: main.c(268): Covering states |[459 509]| == 51
INFO: main.c(275): Reading: /home/jerrin/Documents/project/main upload/chakka/trained data builds/tuttorialchakka_1/chakka/model_parameters/chakka.cd_cont_untied/mixture_weights
INFO: s3mixw_io.c(172): Read /home/jerrin/Documents/project/main upload/chakka/trained data builds/tuttorialchakka_1/chakka/model_parameters/chakka.cd_cont_untied/mixture_weights [51x1x1 array]
INFO: main.c(311): 17 of 17 models have observation count greater than 0.000010
INFO: main.c(95): nrm stwt: 0.000 0.048 0.952 
INFO: s3gau_io.c(166): Read /home/jerrin/Documents/project/main upload/chakka/trained data builds/tuttorialchakka_1/chakka/model_parameters/chakka.cd_cont_untied/means [1041x1x1 array]
INFO: s3gau_io.c(166): Read /home/jerrin/Documents/project/main upload/chakka/trained data builds/tuttorialchakka_1/chakka/model_parameters/chakka.cd_cont_untied/variances [1041x1x1 array]
INFO: main.c(549): Reading: /home/jerrin/Documents/project/main upload/chakka/trained data builds/tuttorialchakka_1/chakka/model_architecture/chakka.tree_questions
INFO: main.c(587): 174 total simple questions (166 phone; 8 word bndry)
INFO: main.c(589): 40 Left Only questions, and 42 Right Only questions
INFO: dtree.c(1478): Final simple tree
|( !QUESTION3 1 -5.383e+03 2.048e+03 8.180e+02
|    ( !QUESTION18 1 -2.909e+03 1.250e+03 4.690e+02
|        ( SILENCE 1 -1.702e+03 9.757e+02 3.156e+02
|            ( - 5.811e+02 2 0 !QUESTION1 -1 2.260e+02 1.088e+02)
|            ( QUESTION0_3_R 1 -1.308e+03 8.381e+02 2.068e+02
|                ( - 1.858e+01 2 0 !QUESTION2_17_L -1 2.817e+02 8.152e+01)
|                ( QUESTION0_0_R 1 -4.882e+02 7.241e+02 1.252e+02
|                    ( - 2.285e+02 1 0)
|                    ( - 7.429e+00 3 0 WDBNDRY_E 0 3.058e+02 6.681e+01))))
|        ( QUESTION2_5_L -1 4.258e+01 9.384e+02 1.534e+02
|            ( - 3.403e+02 1 0)
|            ( - 6.406e+02 3 0 !WDBNDRY_B 0 3.268e+02 1.002e+02)))
|    ( QUESTION4 -1 -4.253e+02 7.799e+02 3.491e+02
|        ( - 1.351e+02 3 0 QUESTION6 1 4.234e+02 2.013e+02)
|        ( - 2.195e+02 2 0 QUESTION1 -1 1.804e+02 1.477e+02)))
s>    ( !QUESTION3 1 -5.383e+03 2.048e+03 8.180e+02
s>        ( !QUESTION18 1 -2.909e+03 1.250e+03 4.690e+02
s>            ( SILENCE 1 -1.702e+03 9.757e+02 3.156e+02
s>                ( - 5.811e+02 2 0 !QUESTION1 -1 2.260e+02 1.088e+02)
s>                ( QUESTION0_3_R 1 -1.308e+03 8.381e+02 2.068e+02
s>                    ( - 1.858e+01 2 0 !QUESTION2_17_L -1 2.817e+02 8.152e+01)
s>                    ( QUESTION0_0_R 1 -4.882e+02 7.241e+02 1.252e+02
s>                        ( - 2.285e+02 1 0)
s>                        ( - 7.429e+00 3 0 WDBNDRY_E 0 3.058e+02 6.681e+01))))
s>            ( QUESTION2_5_L -1 4.258e+01 9.384e+02 1.534e+02
s>                ( - 3.403e+02 1 0)
s>                ( - 6.406e+02 3 0 !WDBNDRY_B 0 3.268e+02 1.002e+02)))
s>        ( QUESTION4 -1 -4.253e+02 7.799e+02 3.491e+02
s>            ( - 1.351e+02 3 0 QUESTION6 1 4.234e+02 2.013e+02)
s>            ( - 2.195e+02 2 0 QUESTION1 -1 1.804e+02 1.477e+02)))INFO: dtree.c(1315): Comp split 0
INFO: dtree.c(1478): Final simple tree
|( !QUESTION18 1 -2.909e+03 1.250e+03 4.690e+02
|    ( SILENCE 1 -1.702e+03 9.757e+02 3.156e+02
|        ( - 5.811e+02 2 0 !QUESTION1 -1 2.260e+02 1.088e+02)
|        ( QUESTION0_3_R 1 -1.308e+03 8.381e+02 2.068e+02
|            ( - 1.858e+01 2 0 !QUESTION2_17_L -1 2.817e+02 8.152e+01)
|            ( QUESTION0_0_R 1 -4.882e+02 7.241e+02 1.252e+02
|                ( - 2.285e+02 1 0)
|                ( WDBNDRY_E 0 7.429e+00 3.058e+02 6.681e+01
|                    ( - 8.973e+01 1 0)
|                    ( - 2.235e+02 2 0 !QUESTION2_17_L -1 1.919e+02 5.661e+01)))))
|    ( QUESTION2_5_L -1 4.258e+01 9.384e+02 1.534e+02
|        ( - 3.403e+02 1 0)
|        ( !WDBNDRY_B 0 6.406e+02 3.268e+02 1.002e+02
|            ( - 5.793e+02 1 0)
|            ( - 3.882e+02 2 0 QUESTION2_3_L -1 1.176e+02 5.065e+01))))
s>    ( !QUESTION18 1 -2.909e+03 1.250e+03 4.690e+02
s>        ( SILENCE 1 -1.702e+03 9.757e+02 3.156e+02
s>            ( - 5.811e+02 2 0 !QUESTION1 -1 2.260e+02 1.088e+02)
s>            ( QUESTION0_3_R 1 -1.308e+03 8.381e+02 2.068e+02
s>                ( - 1.858e+01 2 0 !QUESTION2_17_L -1 2.817e+02 8.152e+01)
s>                ( QUESTION0_0_R 1 -4.882e+02 7.241e+02 1.252e+02
s>                    ( - 2.285e+02 1 0)
s>                    ( WDBNDRY_E 0 7.429e+00 3.058e+02 6.681e+01
s>                        ( - 8.973e+01 1 0)
s>                        ( - 2.235e+02 2 0 !QUESTION2_17_L -1 1.919e+02 5.661e+01)))))
s>        ( QUESTION2_5_L -1 4.258e+01 9.384e+02 1.534e+02
s>            ( - 3.403e+02 1 0)
s>            ( !WDBNDRY_B 0 6.406e+02 3.268e+02 1.002e+02
s>                ( - 5.793e+02 1 0)
s>                ( - 3.882e+02 2 0 QUESTION2_3_L -1 1.176e+02 5.065e+01))))INFO: dtree.c(1439): stop. leaf nodes are specific
INFO: dtree.c(1478): Final simple tree
|( QUESTION4 -1 -4.253e+02 7.799e+02 3.491e+02
|    ( QUESTION6 1 1.351e+02 4.234e+02 2.013e+02
|        ( - 4.121e+02 1 0)
|        ( - 1.465e+02 2 0))
|    ( QUESTION1 -1 2.195e+02 1.804e+02 1.477e+02
|        ( - 9.515e+01 1 0)
|        ( - 3.047e+02 1 0)))
s>    ( QUESTION4 -1 -4.253e+02 7.799e+02 3.491e+02
s>        ( QUESTION6 1 1.351e+02 4.234e+02 2.013e+02
s>            ( - 4.121e+02 1 0)
s>            ( - 1.465e+02 2 0))
s>        ( QUESTION1 -1 2.195e+02 1.804e+02 1.477e+02
s>            ( - 9.515e+01 1 0)
s>            ( - 3.047e+02 1 0)))INFO: dtree.c(1315): Comp split 1
INFO: dtree.c(1478): Final simple tree
|( SILENCE 1 -1.702e+03 9.757e+02 3.156e+02
|    ( !QUESTION1 -1 5.811e+02 2.260e+02 1.088e+02
|        ( - 2.738e+02 1 0)
|        ( - 5.333e+02 1 0))
|    ( QUESTION0_3_R 1 -1.308e+03 8.381e+02 2.068e+02
|        ( !QUESTION2_17_L -1 1.858e+01 2.817e+02 8.152e+01
|            ( - 3.065e+02 1 0)
|            ( - -6.270e+00 1 0))
|        ( QUESTION0_0_R 1 -4.882e+02 7.241e+02 1.252e+02
|            ( - 2.285e+02 1 0)
|            ( WDBNDRY_E 0 7.429e+00 3.058e+02 6.681e+01
|                ( - 8.973e+01 1 0)
|                ( !QUESTION2_17_L -1 2.235e+02 1.919e+02 5.661e+01
|                    ( - 2.338e+02 1 0)
|                    ( - 1.816e+02 1 0))))))
s>    ( SILENCE 1 -1.702e+03 9.757e+02 3.156e+02
s>        ( !QUESTION1 -1 5.811e+02 2.260e+02 1.088e+02
s>            ( - 2.738e+02 1 0)
s>            ( - 5.333e+02 1 0))
s>        ( QUESTION0_3_R 1 -1.308e+03 8.381e+02 2.068e+02
s>            ( !QUESTION2_17_L -1 1.858e+01 2.817e+02 8.152e+01
s>                ( - 3.065e+02 1 0)
s>                ( - -6.270e+00 1 0))
s>            ( QUESTION0_0_R 1 -4.882e+02 7.241e+02 1.252e+02
s>                ( - 2.285e+02 1 0)
s>                ( WDBNDRY_E 0 7.429e+00 3.058e+02 6.681e+01
s>                    ( - 8.973e+01 1 0)
s>                    ( !QUESTION2_17_L -1 2.235e+02 1.919e+02 5.661e+01
s>                        ( - 2.338e+02 1 0)
s>                        ( - 1.816e+02 1 0))))))INFO: dtree.c(1439): stop. leaf nodes are specific
INFO: dtree.c(1478): Final simple tree
|( QUESTION2_5_L -1 4.258e+01 9.384e+02 1.534e+02
|    ( - 3.403e+02 1 0)
|    ( !WDBNDRY_B 0 6.406e+02 3.268e+02 1.002e+02
|        ( - 5.793e+02 1 0)
|        ( QUESTION2_3_L -1 3.882e+02 1.176e+02 5.065e+01
|            ( - 2.435e+02 1 0)
|            ( - 2.623e+02 1 0))))
s>    ( QUESTION2_5_L -1 4.258e+01 9.384e+02 1.534e+02
s>        ( - 3.403e+02 1 0)
s>        ( !WDBNDRY_B 0 6.406e+02 3.268e+02 1.002e+02
s>            ( - 5.793e+02 1 0)
s>            ( QUESTION2_3_L -1 3.882e+02 1.176e+02 5.065e+01
s>                ( - 2.435e+02 1 0)
s>                ( - 2.623e+02 1 0))))INFO: dtree.c(1315): Comp split 2
INFO: dtree.c(1439): stop. leaf nodes are specific
INFO: dtree.c(1478): Final simple tree
|( QUESTION0_0_R 1 -3.306e+02 7.826e+02 1.150e+02
|    ( - 2.285e+02 1 0)
|    ( !QUESTION2_17_L -1 2.235e+02 1.919e+02 5.661e+01
|        ( - 2.338e+02 1 0)
|        ( - 1.816e+02 1 0)))
s>    ( QUESTION0_0_R 1 -3.306e+02 7.826e+02 1.150e+02
s>        ( - 2.285e+02 1 0)
s>        ( !QUESTION2_17_L -1 2.235e+02 1.919e+02 5.661e+01
s>            ( - 2.338e+02 1 0)
s>            ( - 1.816e+02 1 0)))INFO: dtree.c(1439): stop. leaf nodes are specific
INFO: dtree.c(1478): Final simple tree
|( SILENCE 1 -3.424e+02 8.987e+02 2.005e+02
|    ( !QUESTION1 -1 5.811e+02 2.260e+02 1.088e+02
|        ( - 2.738e+02 1 0)
|        ( - 5.333e+02 1 0))
|    ( !QUESTION2_17_L -1 -2.481e+01 2.725e+02 9.172e+01
|        ( - 3.065e+02 1 0)
|        ( !QUESTION17 1 -5.887e+01 1.423e+02 5.022e+01
|            ( - -6.270e+00 1 0)
|            ( - 8.973e+01 1 0))))
s>    ( SILENCE 1 -3.424e+02 8.987e+02 2.005e+02
s>        ( !QUESTION1 -1 5.811e+02 2.260e+02 1.088e+02
s>            ( - 2.738e+02 1 0)
s>            ( - 5.333e+02 1 0))
s>        ( !QUESTION2_17_L -1 -2.481e+01 2.725e+02 9.172e+01
s>            ( - 3.065e+02 1 0)
s>            ( !QUESTION17 1 -5.887e+01 1.423e+02 5.022e+01
s>                ( - -6.270e+00 1 0)
s>                ( - 8.973e+01 1 0))))INFO: dtree.c(1315): Comp split 3
INFO: dtree.c(1439): stop. leaf nodes are specific
INFO: dtree.c(1478): Final simple tree
|( !WDBNDRY_B 0 6.406e+02 3.268e+02 1.002e+02
|    ( - 5.793e+02 1 0)
|    ( QUESTION2_3_L -1 3.882e+02 1.176e+02 5.065e+01
|        ( - 2.435e+02 1 0)
|        ( - 2.623e+02 1 0)))
s>    ( !WDBNDRY_B 0 6.406e+02 3.268e+02 1.002e+02
s>        ( - 5.793e+02 1 0)
s>        ( QUESTION2_3_L -1 3.882e+02 1.176e+02 5.065e+01
s>            ( - 2.435e+02 1 0)
s>            ( - 2.623e+02 1 0)))INFO: dtree.c(1315): Comp split 4
INFO: dtree.c(1439): stop. leaf nodes are specific
INFO: dtree.c(1478): Final simple tree
|( !QUESTION2_17_L -1 -2.481e+01 2.725e+02 9.172e+01
|    ( - 3.065e+02 1 0)
|    ( !QUESTION17 1 -5.887e+01 1.423e+02 5.022e+01
|        ( - -6.270e+00 1 0)
|        ( - 8.973e+01 1 0)))
s>    ( !QUESTION2_17_L -1 -2.481e+01 2.725e+02 9.172e+01
s>        ( - 3.065e+02 1 0)
s>        ( !QUESTION17 1 -5.887e+01 1.423e+02 5.022e+01
s>            ( - -6.270e+00 1 0)
s>            ( - 8.973e+01 1 0)))INFO: dtree.c(1439): stop. leaf nodes are specific
INFO: dtree.c(1478): Final simple tree
|( !QUESTION1 -1 5.811e+02 2.260e+02 1.088e+02
|    ( - 2.738e+02 1 0)
|    ( - 5.333e+02 1 0))
s>    ( !QUESTION1 -1 5.811e+02 2.260e+02 1.088e+02
s>        ( - 2.738e+02 1 0)
s>        ( - 5.333e+02 1 0))INFO: dtree.c(1315): Comp split 5
INFO: dtree.c(1439): stop. leaf nodes are specific
INFO: dtree.c(1478): Final simple tree
|( !QUESTION2_17_L -1 2.235e+02 1.919e+02 5.661e+01
|    ( - 2.338e+02 1 0)
|    ( - 1.816e+02 1 0))
s>    ( !QUESTION2_17_L -1 2.235e+02 1.919e+02 5.661e+01
s>        ( - 2.338e+02 1 0)
s>        ( - 1.816e+02 1 0))INFO: dtree.c(1315): Comp split 6
INFO: dtree.c(1439): stop. leaf nodes are specific
INFO: dtree.c(1478): Final simple tree
|( QUESTION1 -1 2.195e+02 1.804e+02 1.477e+02
|    ( - 9.515e+01 1 0)
|    ( - 3.047e+02 1 0))
s>    ( QUESTION1 -1 2.195e+02 1.804e+02 1.477e+02
s>        ( - 9.515e+01 1 0)
s>        ( - 3.047e+02 1 0))INFO: dtree.c(1439): stop. leaf nodes are specific
INFO: dtree.c(1478): Final simple tree
|( QUESTION6 1 1.351e+02 4.234e+02 2.013e+02
|    ( - 4.121e+02 1 0)
|    ( - 1.465e+02 2 0))
s>    ( QUESTION6 1 1.351e+02 4.234e+02 2.013e+02
s>        ( - 4.121e+02 1 0)
s>        ( - 1.465e+02 2 0))INFO: dtree.c(1315): Comp split 7
INFO: dtree.c(1315): Comp split 8
INFO: dtree.c(1439): stop. leaf nodes are specific
INFO: dtree.c(1478): Final simple tree
|( QUESTION2_3_L -1 3.882e+02 1.176e+02 5.065e+01
|    ( - 2.435e+02 1 0)
|    ( - 2.623e+02 1 0))
s>    ( QUESTION2_3_L -1 3.882e+02 1.176e+02 5.065e+01
s>        ( - 2.435e+02 1 0)
s>        ( - 2.623e+02 1 0))INFO: dtree.c(1315): Comp split 9
INFO: dtree.c(1439): stop. leaf nodes are specific
INFO: dtree.c(1478): Final simple tree
|( !QUESTION17 1 -5.887e+01 1.423e+02 5.022e+01
|    ( - -6.270e+00 1 0)
|    ( - 8.973e+01 1 0))
s>    ( !QUESTION17 1 -5.887e+01 1.423e+02 5.022e+01
s>        ( - -6.270e+00 1 0)
s>        ( - 8.973e+01 1 0))INFO: dtree.c(1315): Comp split 10
INFO: dtree.c(1315): Comp split 11
INFO: dtree.c(1315): Comp split 12
INFO: dtree.c(1315): Comp split 13
INFO: dtree.c(1315): Comp split 14
INFO: dtree.c(1315): Comp split 15
INFO: dtree.c(1318): stop. leaf nodes are specific
!!!!!!!!Allocated 66 lines
Sat Mar 30 00:24:02 2013
