INFO: cmd_ln.c(691): Parsing command line:
/usr/libexec/sphinxtrain/bldtree \
	-treefn /home/jerrin/Documents/project/main upload/chakka/trained data builds/tuttorialchakka_1/chakka/trees/chakka.unpruned/K-1.dtree \
	-moddeffn /home/jerrin/Documents/project/main upload/chakka/trained data builds/tuttorialchakka_1/chakka/model_architecture/chakka.untied.mdef \
	-mixwfn /home/jerrin/Documents/project/main upload/chakka/trained data builds/tuttorialchakka_1/chakka/model_parameters/chakka.cd_cont_untied/mixture_weights \
	-ts2cbfn .cont. \
	-mwfloor 1e-08 \
	-psetfn /home/jerrin/Documents/project/main upload/chakka/trained data builds/tuttorialchakka_1/chakka/model_architecture/chakka.tree_questions \
	-phone K \
	-state 1 \
	-stwt 1.0,0.05,0.0 \
	-meanfn /home/jerrin/Documents/project/main upload/chakka/trained data builds/tuttorialchakka_1/chakka/model_parameters/chakka.cd_cont_untied/means \
	-varfn /home/jerrin/Documents/project/main upload/chakka/trained data builds/tuttorialchakka_1/chakka/model_parameters/chakka.cd_cont_untied/variances \
	-fullvar no \
	-ssplitmin 1 \
	-ssplitmax 7 \
	-ssplitthr 0 \
	-csplitmin 1 \
	-csplitmax 2000 \
	-csplitthr 0 

Current configuration:
[NAME]		[DEFLT]	[VALUE]
-allphones	no	no
-cntthresh	0.00001	1.000000e-05
-csplitmax	100	2000
-csplitmin	1	1
-csplitthr	8e-4	0.000000e+00
-example	no	no
-fullvar	no	no
-help		no	no
-meanfn			/home/jerrin/Documents/project/main upload/chakka/trained data builds/tuttorialchakka_1/chakka/model_parameters/chakka.cd_cont_untied/means
-mixwfn			/home/jerrin/Documents/project/main upload/chakka/trained data builds/tuttorialchakka_1/chakka/model_parameters/chakka.cd_cont_untied/mixture_weights
-moddeffn		/home/jerrin/Documents/project/main upload/chakka/trained data builds/tuttorialchakka_1/chakka/model_architecture/chakka.untied.mdef
-mwfloor	1e-4	1.000000e-08
-phone			K
-psetfn			/home/jerrin/Documents/project/main upload/chakka/trained data builds/tuttorialchakka_1/chakka/model_architecture/chakka.tree_questions
-ssplitmax	5	7
-ssplitmin	1	1
-ssplitthr	8e-4	0.000000e+00
-state			1
-stwt			1.0,0.05,0.0,
-treefn			/home/jerrin/Documents/project/main upload/chakka/trained data builds/tuttorialchakka_1/chakka/trees/chakka.unpruned/K-1.dtree
-ts2cbfn	.semi.	.cont.
-varfloor	0.00001	1.000000e-05
-varfn			/home/jerrin/Documents/project/main upload/chakka/trained data builds/tuttorialchakka_1/chakka/model_parameters/chakka.cd_cont_untied/variances

INFO: main.c(223): Reading: /home/jerrin/Documents/project/main upload/chakka/trained data builds/tuttorialchakka_1/chakka/model_architecture/chakka.untied.mdef
INFO: model_def_io.c(573): Model definition info:
INFO: model_def_io.c(574): 347 total models defined (45 base, 302 tri)
INFO: model_def_io.c(575): 1388 total states
INFO: model_def_io.c(576): 1041 total tied states
INFO: model_def_io.c(577): 135 total tied CI states
INFO: model_def_io.c(578): 45 total tied transition matrices
INFO: model_def_io.c(579): 4 max state/model
INFO: model_def_io.c(580): 4 min state/model
INFO: main.c(242): Building trees for [K A A i] through [K Y K i]
INFO: main.c(268): Covering states |[609 665]| == 57
INFO: main.c(275): Reading: /home/jerrin/Documents/project/main upload/chakka/trained data builds/tuttorialchakka_1/chakka/model_parameters/chakka.cd_cont_untied/mixture_weights
INFO: s3mixw_io.c(172): Read /home/jerrin/Documents/project/main upload/chakka/trained data builds/tuttorialchakka_1/chakka/model_parameters/chakka.cd_cont_untied/mixture_weights [57x1x1 array]
INFO: main.c(311): 19 of 19 models have observation count greater than 0.000010
INFO: main.c(95): nrm stwt: 0.045 0.909 0.045 
INFO: s3gau_io.c(166): Read /home/jerrin/Documents/project/main upload/chakka/trained data builds/tuttorialchakka_1/chakka/model_parameters/chakka.cd_cont_untied/means [1041x1x1 array]
INFO: s3gau_io.c(166): Read /home/jerrin/Documents/project/main upload/chakka/trained data builds/tuttorialchakka_1/chakka/model_parameters/chakka.cd_cont_untied/variances [1041x1x1 array]
INFO: main.c(549): Reading: /home/jerrin/Documents/project/main upload/chakka/trained data builds/tuttorialchakka_1/chakka/model_architecture/chakka.tree_questions
INFO: main.c(587): 174 total simple questions (166 phone; 8 word bndry)
INFO: main.c(589): 40 Left Only questions, and 42 Right Only questions
INFO: dtree.c(1478): Final simple tree
|( !QUESTION19 1 -2.011e+04 3.327e+03 1.344e+03
|    ( !QUESTION8 1 -6.721e+03 2.460e+03 5.542e+02
|        ( - -1.703e+03 4 0 !QUESTION19 -1 8.069e+02 3.102e+02)
|        ( - -2.558e+03 4 0 QUESTION0_5_R 1 6.139e+02 2.440e+02))
|    ( QUESTION1 -1 -1.006e+04 1.364e+03 7.900e+02
|        ( - -2.609e+03 3 0 !QUESTION0_6_R 1 4.246e+02 2.072e+02)
|        ( QUESTION9 -1 -6.090e+03 1.083e+03 5.828e+02
|            ( QUESTION2_6_L -1 -1.538e+03 1.589e+03 1.966e+02
|                ( - 5.319e+02 1 0)
|                ( - -4.816e+02 1 0))
|            ( !QUESTION15 -1 -3.469e+03 8.702e+02 3.862e+02
|                ( QUESTION2_5_L -1 -2.198e+03 1.063e+03 2.996e+02
|                    ( - -7.919e+02 4 0 QUESTION2_6_L -1 6.061e+02 2.189e+02)
|                    ( - -3.430e+02 1 0))
|                ( - -4.007e+02 1 0)))))
s>    ( !QUESTION19 1 -2.011e+04 3.327e+03 1.344e+03
s>        ( !QUESTION8 1 -6.721e+03 2.460e+03 5.542e+02
s>            ( - -1.703e+03 4 0 !QUESTION19 -1 8.069e+02 3.102e+02)
s>            ( - -2.558e+03 4 0 QUESTION0_5_R 1 6.139e+02 2.440e+02))
s>        ( QUESTION1 -1 -1.006e+04 1.364e+03 7.900e+02
s>            ( - -2.609e+03 3 0 !QUESTION0_6_R 1 4.246e+02 2.072e+02)
s>            ( QUESTION9 -1 -6.090e+03 1.083e+03 5.828e+02
s>                ( QUESTION2_6_L -1 -1.538e+03 1.589e+03 1.966e+02
s>                    ( - 5.319e+02 1 0)
s>                    ( - -4.816e+02 1 0))
s>                ( !QUESTION15 -1 -3.469e+03 8.702e+02 3.862e+02
s>                    ( QUESTION2_5_L -1 -2.198e+03 1.063e+03 2.996e+02
s>                        ( - -7.919e+02 4 0 QUESTION2_6_L -1 6.061e+02 2.189e+02)
s>                        ( - -3.430e+02 1 0))
s>                    ( - -4.007e+02 1 0)))))INFO: dtree.c(1315): Comp split 0
INFO: dtree.c(1439): stop. leaf nodes are specific
INFO: dtree.c(1478): Final simple tree
|( !QUESTION19 1 -6.251e+03 2.981e+03 6.517e+02
|    ( !QUESTION19 -1 -1.703e+03 8.069e+02 3.102e+02
|        ( - 3.081e+02 1 0)
|        ( !QUESTION2_6_L -1 -1.204e+03 5.441e+02 1.880e+02
|            ( - 2.522e+02 1 0)
|            ( - -9.120e+02 2 0)))
|    ( QUESTION9 -1 -1.567e+03 1.307e+03 3.415e+02
|        ( - 5.319e+02 1 0)
|        ( QUESTION2_6_L -1 -7.919e+02 6.061e+02 2.189e+02
|            ( - -7.569e+02 2 0)
|            ( QUESTION0 -1 5.711e+02 4.600e+02 8.849e+01
|                ( - 3.804e+02 1 0)
|                ( - 6.506e+02 1 0)))))
s>    ( !QUESTION19 1 -6.251e+03 2.981e+03 6.517e+02
s>        ( !QUESTION19 -1 -1.703e+03 8.069e+02 3.102e+02
s>            ( - 3.081e+02 1 0)
s>            ( !QUESTION2_6_L -1 -1.204e+03 5.441e+02 1.880e+02
s>                ( - 2.522e+02 1 0)
s>                ( - -9.120e+02 2 0)))
s>        ( QUESTION9 -1 -1.567e+03 1.307e+03 3.415e+02
s>            ( - 5.319e+02 1 0)
s>            ( QUESTION2_6_L -1 -7.919e+02 6.061e+02 2.189e+02
s>                ( - -7.569e+02 2 0)
s>                ( QUESTION0 -1 5.711e+02 4.600e+02 8.849e+01
s>                    ( - 3.804e+02 1 0)
s>                    ( - 6.506e+02 1 0)))))INFO: dtree.c(1478): Final simple tree
|( !QUESTION0_4_R 1 -1.049e+04 1.937e+03 6.925e+02
|    ( !QUESTION2_17_L -1 -5.566e+03 7.997e+02 4.047e+02
|        ( !QUESTION9 -1 -2.446e+03 7.747e+02 2.413e+02
|            ( !QUESTION2_19_L -1 -1.190e+03 4.460e+02 1.673e+02
|                ( - -3.430e+02 1 0)
|                ( - -4.007e+02 1 0))
|            ( - -4.816e+02 1 0))
|        ( - -2.320e+03 2 0))
|    ( !QUESTION10 1 -2.983e+03 6.750e+02 2.878e+02
|        ( QUESTION19 1 -1.713e+03 4.990e+02 1.809e+02
|            ( - 1.359e+02 1 0)
|            ( - -1.350e+03 1 0))
|        ( !QUESTION2_17_L -1 -5.945e+02 5.771e+02 1.070e+02
|            ( - -6.228e+01 2 0 !QUESTION2_19_L -1 3.144e+02 4.802e+01)
|            ( - 4.486e+01 1 0))))
s>    ( !QUESTION0_4_R 1 -1.049e+04 1.937e+03 6.925e+02
s>        ( !QUESTION2_17_L -1 -5.566e+03 7.997e+02 4.047e+02
s>            ( !QUESTION9 -1 -2.446e+03 7.747e+02 2.413e+02
s>                ( !QUESTION2_19_L -1 -1.190e+03 4.460e+02 1.673e+02
s>                    ( - -3.430e+02 1 0)
s>                    ( - -4.007e+02 1 0))
s>                ( - -4.816e+02 1 0))
s>            ( - -2.320e+03 2 0))
s>        ( !QUESTION10 1 -2.983e+03 6.750e+02 2.878e+02
s>            ( QUESTION19 1 -1.713e+03 4.990e+02 1.809e+02
s>                ( - 1.359e+02 1 0)
s>                ( - -1.350e+03 1 0))
s>            ( !QUESTION2_17_L -1 -5.945e+02 5.771e+02 1.070e+02
s>                ( - -6.228e+01 2 0 !QUESTION2_19_L -1 3.144e+02 4.802e+01)
s>                ( - 4.486e+01 1 0))))INFO: dtree.c(1315): Comp split 1
INFO: dtree.c(1439): stop. leaf nodes are specific
INFO: dtree.c(1478): Final simple tree
|( QUESTION9 -1 -1.567e+03 1.307e+03 3.415e+02
|    ( - 5.319e+02 1 0)
|    ( QUESTION2_6_L -1 -7.919e+02 6.061e+02 2.189e+02
|        ( - -7.569e+02 2 0)
|        ( QUESTION0 -1 5.711e+02 4.600e+02 8.849e+01
|            ( - 3.804e+02 1 0)
|            ( - 6.506e+02 1 0))))
s>    ( QUESTION9 -1 -1.567e+03 1.307e+03 3.415e+02
s>        ( - 5.319e+02 1 0)
s>        ( QUESTION2_6_L -1 -7.919e+02 6.061e+02 2.189e+02
s>            ( - -7.569e+02 2 0)
s>            ( QUESTION0 -1 5.711e+02 4.600e+02 8.849e+01
s>                ( - 3.804e+02 1 0)
s>                ( - 6.506e+02 1 0))))INFO: dtree.c(1439): stop. leaf nodes are specific
INFO: dtree.c(1478): Final simple tree
|( !QUESTION19 -1 -1.703e+03 8.069e+02 3.102e+02
|    ( - 3.081e+02 1 0)
|    ( !QUESTION2_6_L -1 -1.204e+03 5.441e+02 1.880e+02
|        ( - 2.522e+02 1 0)
|        ( - -9.120e+02 2 0)))
s>    ( !QUESTION19 -1 -1.703e+03 8.069e+02 3.102e+02
s>        ( - 3.081e+02 1 0)
s>        ( !QUESTION2_6_L -1 -1.204e+03 5.441e+02 1.880e+02
s>            ( - 2.522e+02 1 0)
s>            ( - -9.120e+02 2 0)))INFO: dtree.c(1315): Comp split 2
INFO: dtree.c(1439): stop. leaf nodes are specific
INFO: dtree.c(1478): Final simple tree
|( !QUESTION10 1 -2.983e+03 6.750e+02 2.878e+02
|    ( QUESTION19 1 -1.713e+03 4.990e+02 1.809e+02
|        ( - 1.359e+02 1 0)
|        ( - -1.350e+03 1 0))
|    ( !QUESTION2_17_L -1 -5.945e+02 5.771e+02 1.070e+02
|        ( !QUESTION2_19_L -1 -6.228e+01 3.144e+02 4.802e+01
|            ( - 1.759e+02 1 0)
|            ( - 7.621e+01 1 0))
|        ( - 4.486e+01 1 0)))
s>    ( !QUESTION10 1 -2.983e+03 6.750e+02 2.878e+02
s>        ( QUESTION19 1 -1.713e+03 4.990e+02 1.809e+02
s>            ( - 1.359e+02 1 0)
s>            ( - -1.350e+03 1 0))
s>        ( !QUESTION2_17_L -1 -5.945e+02 5.771e+02 1.070e+02
s>            ( !QUESTION2_19_L -1 -6.228e+01 3.144e+02 4.802e+01
s>                ( - 1.759e+02 1 0)
s>                ( - 7.621e+01 1 0))
s>            ( - 4.486e+01 1 0)))INFO: dtree.c(1439): stop. leaf nodes are specific
INFO: dtree.c(1478): Final simple tree
|( !QUESTION2_17_L -1 -5.566e+03 7.997e+02 4.047e+02
|    ( !QUESTION9 -1 -2.446e+03 7.747e+02 2.413e+02
|        ( !QUESTION2_19_L -1 -1.190e+03 4.460e+02 1.673e+02
|            ( - -3.430e+02 1 0)
|            ( - -4.007e+02 1 0))
|        ( - -4.816e+02 1 0))
|    ( - -2.320e+03 2 0))
s>    ( !QUESTION2_17_L -1 -5.566e+03 7.997e+02 4.047e+02
s>        ( !QUESTION9 -1 -2.446e+03 7.747e+02 2.413e+02
s>            ( !QUESTION2_19_L -1 -1.190e+03 4.460e+02 1.673e+02
s>                ( - -3.430e+02 1 0)
s>                ( - -4.007e+02 1 0))
s>            ( - -4.816e+02 1 0))
s>        ( - -2.320e+03 2 0))INFO: dtree.c(1315): Comp split 3
INFO: dtree.c(1439): stop. leaf nodes are specific
INFO: dtree.c(1478): Final simple tree
|( QUESTION2_6_L -1 -7.919e+02 6.061e+02 2.189e+02
|    ( - -7.569e+02 2 0)
|    ( QUESTION0 -1 5.711e+02 4.600e+02 8.849e+01
|        ( - 3.804e+02 1 0)
|        ( - 6.506e+02 1 0)))
s>    ( QUESTION2_6_L -1 -7.919e+02 6.061e+02 2.189e+02
s>        ( - -7.569e+02 2 0)
s>        ( QUESTION0 -1 5.711e+02 4.600e+02 8.849e+01
s>            ( - 3.804e+02 1 0)
s>            ( - 6.506e+02 1 0)))INFO: dtree.c(1315): Comp split 4
INFO: dtree.c(1439): stop. leaf nodes are specific
INFO: dtree.c(1478): Final simple tree
|( !QUESTION2_19_L -1 -1.190e+03 4.460e+02 1.673e+02
|    ( - -3.430e+02 1 0)
|    ( - -4.007e+02 1 0))
s>    ( !QUESTION2_19_L -1 -1.190e+03 4.460e+02 1.673e+02
s>        ( - -3.430e+02 1 0)
s>        ( - -4.007e+02 1 0))INFO: dtree.c(1439): stop. leaf nodes are specific
INFO: dtree.c(1478): Final simple tree
|( !QUESTION2_19_L -1 -3.270e+03 4.680e+02 2.374e+02
|    ( - -2.320e+03 2 0)
|    ( - -4.816e+02 1 0))
s>    ( !QUESTION2_19_L -1 -3.270e+03 4.680e+02 2.374e+02
s>        ( - -2.320e+03 2 0)
s>        ( - -4.816e+02 1 0))INFO: dtree.c(1315): Comp split 5
INFO: dtree.c(1439): stop. leaf nodes are specific
INFO: dtree.c(1478): Final simple tree
|( !QUESTION9 1 -1.885e+03 4.898e+02 2.088e+02
|    ( WDBNDRY_B 0 -4.522e+01 3.570e+02 7.177e+01
|        ( - 1.759e+02 1 0)
|        ( - 1.359e+02 1 0))
|    ( - -1.350e+03 1 0))
s>    ( !QUESTION9 1 -1.885e+03 4.898e+02 2.088e+02
s>        ( WDBNDRY_B 0 -4.522e+01 3.570e+02 7.177e+01
s>            ( - 1.759e+02 1 0)
s>            ( - 1.359e+02 1 0))
s>        ( - -1.350e+03 1 0))INFO: dtree.c(1439): stop. leaf nodes are specific
INFO: dtree.c(1478): Final simple tree
|( !QUESTION2_19_L -1 -2.849e+02 4.060e+02 7.898e+01
|    ( - 4.486e+01 1 0)
|    ( - 7.621e+01 1 0))
s>    ( !QUESTION2_19_L -1 -2.849e+02 4.060e+02 7.898e+01
s>        ( - 4.486e+01 1 0)
s>        ( - 7.621e+01 1 0))INFO: dtree.c(1315): Comp split 6
INFO: dtree.c(1439): stop. leaf nodes are specific
INFO: dtree.c(1478): Final simple tree
|( !QUESTION2_6_L -1 -1.204e+03 5.441e+02 1.880e+02
|    ( - 2.522e+02 1 0)
|    ( - -9.120e+02 2 0))
s>    ( !QUESTION2_6_L -1 -1.204e+03 5.441e+02 1.880e+02
s>        ( - 2.522e+02 1 0)
s>        ( - -9.120e+02 2 0))INFO: dtree.c(1315): Comp split 7
INFO: dtree.c(1439): stop. leaf nodes are specific
INFO: dtree.c(1478): Final simple tree
|( QUESTION0 -1 5.711e+02 4.600e+02 8.849e+01
|    ( - 3.804e+02 1 0)
|    ( - 6.506e+02 1 0))
s>    ( QUESTION0 -1 5.711e+02 4.600e+02 8.849e+01
s>        ( - 3.804e+02 1 0)
s>        ( - 6.506e+02 1 0))INFO: dtree.c(1315): Comp split 8
INFO: dtree.c(1315): Comp split 9
INFO: dtree.c(1439): stop. leaf nodes are specific
INFO: dtree.c(1478): Final simple tree
|( WDBNDRY_B 0 -4.522e+01 3.570e+02 7.177e+01
|    ( - 1.759e+02 1 0)
|    ( - 1.359e+02 1 0))
s>    ( WDBNDRY_B 0 -4.522e+01 3.570e+02 7.177e+01
s>        ( - 1.759e+02 1 0)
s>        ( - 1.359e+02 1 0))INFO: dtree.c(1315): Comp split 10
INFO: dtree.c(1315): Comp split 11
INFO: dtree.c(1315): Comp split 12
INFO: dtree.c(1315): Comp split 13
INFO: dtree.c(1315): Comp split 14
INFO: dtree.c(1315): Comp split 15
INFO: dtree.c(1318): stop. leaf nodes are specific
!!!!!!!!Allocated 66 lines
Sat Mar 30 00:24:02 2013
