INFO: cmd_ln.c(691): Parsing command line:
/usr/libexec/sphinxtrain/bldtree \
	-treefn /home/jerrin/Documents/project/main upload/chakka/trained data builds/tuttorialchakka_1/chakka/trees/chakka.unpruned/Y-2.dtree \
	-moddeffn /home/jerrin/Documents/project/main upload/chakka/trained data builds/tuttorialchakka_1/chakka/model_architecture/chakka.untied.mdef \
	-mixwfn /home/jerrin/Documents/project/main upload/chakka/trained data builds/tuttorialchakka_1/chakka/model_parameters/chakka.cd_cont_untied/mixture_weights \
	-ts2cbfn .cont. \
	-mwfloor 1e-08 \
	-psetfn /home/jerrin/Documents/project/main upload/chakka/trained data builds/tuttorialchakka_1/chakka/model_architecture/chakka.tree_questions \
	-phone Y \
	-state 2 \
	-stwt 1.0,0.05,0.0 \
	-meanfn /home/jerrin/Documents/project/main upload/chakka/trained data builds/tuttorialchakka_1/chakka/model_parameters/chakka.cd_cont_untied/means \
	-varfn /home/jerrin/Documents/project/main upload/chakka/trained data builds/tuttorialchakka_1/chakka/model_parameters/chakka.cd_cont_untied/variances \
	-fullvar no \
	-ssplitmin 1 \
	-ssplitmax 7 \
	-ssplitthr 0 \
	-csplitmin 1 \
	-csplitmax 2000 \
	-csplitthr 0 

Current configuration:
[NAME]		[DEFLT]	[VALUE]
-allphones	no	no
-cntthresh	0.00001	1.000000e-05
-csplitmax	100	2000
-csplitmin	1	1
-csplitthr	8e-4	0.000000e+00
-example	no	no
-fullvar	no	no
-help		no	no
-meanfn			/home/jerrin/Documents/project/main upload/chakka/trained data builds/tuttorialchakka_1/chakka/model_parameters/chakka.cd_cont_untied/means
-mixwfn			/home/jerrin/Documents/project/main upload/chakka/trained data builds/tuttorialchakka_1/chakka/model_parameters/chakka.cd_cont_untied/mixture_weights
-moddeffn		/home/jerrin/Documents/project/main upload/chakka/trained data builds/tuttorialchakka_1/chakka/model_architecture/chakka.untied.mdef
-mwfloor	1e-4	1.000000e-08
-phone			Y
-psetfn			/home/jerrin/Documents/project/main upload/chakka/trained data builds/tuttorialchakka_1/chakka/model_architecture/chakka.tree_questions
-ssplitmax	5	7
-ssplitmin	1	1
-ssplitthr	8e-4	0.000000e+00
-state			2
-stwt			1.0,0.05,0.0,
-treefn			/home/jerrin/Documents/project/main upload/chakka/trained data builds/tuttorialchakka_1/chakka/trees/chakka.unpruned/Y-2.dtree
-ts2cbfn	.semi.	.cont.
-varfloor	0.00001	1.000000e-05
-varfn			/home/jerrin/Documents/project/main upload/chakka/trained data builds/tuttorialchakka_1/chakka/model_parameters/chakka.cd_cont_untied/variances

INFO: main.c(223): Reading: /home/jerrin/Documents/project/main upload/chakka/trained data builds/tuttorialchakka_1/chakka/model_architecture/chakka.untied.mdef
INFO: model_def_io.c(573): Model definition info:
INFO: model_def_io.c(574): 347 total models defined (45 base, 302 tri)
INFO: model_def_io.c(575): 1388 total states
INFO: model_def_io.c(576): 1041 total tied states
INFO: model_def_io.c(577): 135 total tied CI states
INFO: model_def_io.c(578): 45 total tied transition matrices
INFO: model_def_io.c(579): 4 max state/model
INFO: model_def_io.c(580): 4 min state/model
INFO: main.c(242): Building trees for [Y A AM i] through [Y T AA i]
INFO: main.c(268): Covering states |[1011 1034]| == 24
INFO: main.c(275): Reading: /home/jerrin/Documents/project/main upload/chakka/trained data builds/tuttorialchakka_1/chakka/model_parameters/chakka.cd_cont_untied/mixture_weights
INFO: s3mixw_io.c(172): Read /home/jerrin/Documents/project/main upload/chakka/trained data builds/tuttorialchakka_1/chakka/model_parameters/chakka.cd_cont_untied/mixture_weights [24x1x1 array]
INFO: main.c(311): 8 of 8 models have observation count greater than 0.000010
INFO: main.c(95): nrm stwt: 0.000 0.048 0.952 
INFO: s3gau_io.c(166): Read /home/jerrin/Documents/project/main upload/chakka/trained data builds/tuttorialchakka_1/chakka/model_parameters/chakka.cd_cont_untied/means [1041x1x1 array]
INFO: s3gau_io.c(166): Read /home/jerrin/Documents/project/main upload/chakka/trained data builds/tuttorialchakka_1/chakka/model_parameters/chakka.cd_cont_untied/variances [1041x1x1 array]
INFO: main.c(549): Reading: /home/jerrin/Documents/project/main upload/chakka/trained data builds/tuttorialchakka_1/chakka/model_architecture/chakka.tree_questions
INFO: main.c(587): 174 total simple questions (166 phone; 8 word bndry)
INFO: main.c(589): 40 Left Only questions, and 42 Right Only questions
INFO: dtree.c(1478): Final simple tree
|( !QUESTION9 1 -2.916e+03 1.894e+03 4.020e+02
|    ( QUESTION3 -1 -1.829e+03 1.366e+03 1.675e+02
|        ( QUESTION4 -1 1.174e+03 1.164e+02 5.369e+01
|            ( - 6.956e+02 1 0)
|            ( - 5.946e+02 1 0))
|        ( QUESTION1 -1 -1.637e+03 1.124e+03 1.138e+02
|            ( - 4.908e+02 1 0)
|            ( !QUESTION19 1 -1.004e+03 8.604e+02 8.065e+01
|                ( - 1.157e+02 1 0)
|                ( - -2.594e+02 1 0))))
|    ( !QUESTION0_8_R 1 8.072e+02 1.242e+03 2.345e+02
|        ( !QUESTION0 -1 1.038e+03 5.215e+02 1.670e+02
|            ( - 1.357e+03 1 0)
|            ( - 2.023e+02 1 0))
|        ( - 1.011e+03 1 0)))
s>    ( !QUESTION9 1 -2.916e+03 1.894e+03 4.020e+02
s>        ( QUESTION3 -1 -1.829e+03 1.366e+03 1.675e+02
s>            ( QUESTION4 -1 1.174e+03 1.164e+02 5.369e+01
s>                ( - 6.956e+02 1 0)
s>                ( - 5.946e+02 1 0))
s>            ( QUESTION1 -1 -1.637e+03 1.124e+03 1.138e+02
s>                ( - 4.908e+02 1 0)
s>                ( !QUESTION19 1 -1.004e+03 8.604e+02 8.065e+01
s>                    ( - 1.157e+02 1 0)
s>                    ( - -2.594e+02 1 0))))
s>        ( !QUESTION0_8_R 1 8.072e+02 1.242e+03 2.345e+02
s>            ( !QUESTION0 -1 1.038e+03 5.215e+02 1.670e+02
s>                ( - 1.357e+03 1 0)
s>                ( - 2.023e+02 1 0))
s>            ( - 1.011e+03 1 0)))INFO: dtree.c(1315): Comp split 0
INFO: dtree.c(1439): stop. leaf nodes are specific
INFO: dtree.c(1478): Final simple tree
|( !QUESTION0_8_R 1 1.664e+02 1.183e+03 2.676e+02
|    ( !QUESTION19 1 3.378e+02 1.191e+03 2.001e+02
|        ( !QUESTION0 -1 1.038e+03 5.215e+02 1.670e+02
|            ( - 1.357e+03 1 0)
|            ( - 2.023e+02 1 0))
|        ( - 4.908e+02 1 0))
|    ( - 1.011e+03 1 0))
s>    ( !QUESTION0_8_R 1 1.664e+02 1.183e+03 2.676e+02
s>        ( !QUESTION19 1 3.378e+02 1.191e+03 2.001e+02
s>            ( !QUESTION0 -1 1.038e+03 5.215e+02 1.670e+02
s>                ( - 1.357e+03 1 0)
s>                ( - 2.023e+02 1 0))
s>            ( - 4.908e+02 1 0))
s>        ( - 1.011e+03 1 0))INFO: dtree.c(1439): stop. leaf nodes are specific
INFO: dtree.c(1478): Final simple tree
|( QUESTION0_0_R 1 -1.103e+03 1.312e+03 1.343e+02
|    ( !QUESTION2_19_L -1 9.415e+01 8.203e+02 9.303e+01
|        ( QUESTION4 -1 1.174e+03 1.164e+02 5.369e+01
|            ( - 6.956e+02 1 0)
|            ( - 5.946e+02 1 0))
|        ( - -2.594e+02 1 0))
|    ( - 1.157e+02 1 0))
s>    ( QUESTION0_0_R 1 -1.103e+03 1.312e+03 1.343e+02
s>        ( !QUESTION2_19_L -1 9.415e+01 8.203e+02 9.303e+01
s>            ( QUESTION4 -1 1.174e+03 1.164e+02 5.369e+01
s>                ( - 6.956e+02 1 0)
s>                ( - 5.946e+02 1 0))
s>            ( - -2.594e+02 1 0))
s>        ( - 1.157e+02 1 0))INFO: dtree.c(1315): Comp split 1
INFO: dtree.c(1439): stop. leaf nodes are specific
INFO: dtree.c(1478): Final simple tree
|( !QUESTION2_19_L -1 9.415e+01 8.203e+02 9.303e+01
|    ( QUESTION4 -1 1.174e+03 1.164e+02 5.369e+01
|        ( - 6.956e+02 1 0)
|        ( - 5.946e+02 1 0))
|    ( - -2.594e+02 1 0))
s>    ( !QUESTION2_19_L -1 9.415e+01 8.203e+02 9.303e+01
s>        ( QUESTION4 -1 1.174e+03 1.164e+02 5.369e+01
s>            ( - 6.956e+02 1 0)
s>            ( - 5.946e+02 1 0))
s>        ( - -2.594e+02 1 0))INFO: dtree.c(1315): Comp split 2
INFO: dtree.c(1439): stop. leaf nodes are specific
INFO: dtree.c(1478): Final simple tree
|( !QUESTION0 -1 1.038e+03 5.215e+02 1.670e+02
|    ( - 1.357e+03 1 0)
|    ( - 2.023e+02 1 0))
s>    ( !QUESTION0 -1 1.038e+03 5.215e+02 1.670e+02
s>        ( - 1.357e+03 1 0)
s>        ( - 2.023e+02 1 0))INFO: dtree.c(1439): stop. leaf nodes are specific
INFO: dtree.c(1478): Final simple tree
|( !QUESTION0_1_R 1 4.227e+02 1.079e+03 1.006e+02
|    ( - 1.011e+03 1 0)
|    ( - 4.908e+02 1 0))
s>    ( !QUESTION0_1_R 1 4.227e+02 1.079e+03 1.006e+02
s>        ( - 1.011e+03 1 0)
s>        ( - 4.908e+02 1 0))INFO: dtree.c(1315): Comp split 3
INFO: dtree.c(1315): Comp split 4
INFO: dtree.c(1439): stop. leaf nodes are specific
INFO: dtree.c(1478): Final simple tree
|( QUESTION4 -1 1.174e+03 1.164e+02 5.369e+01
|    ( - 6.956e+02 1 0)
|    ( - 5.946e+02 1 0))
s>    ( QUESTION4 -1 1.174e+03 1.164e+02 5.369e+01
s>        ( - 6.956e+02 1 0)
s>        ( - 5.946e+02 1 0))INFO: dtree.c(1315): Comp split 5
INFO: dtree.c(1315): Comp split 6
INFO: dtree.c(1315): Comp split 7
INFO: dtree.c(1318): stop. leaf nodes are specific
!!!!!!!!Allocated 66 lines
Sat Mar 30 00:24:00 2013
