INFO: cmd_ln.c(691): Parsing command line:
/usr/libexec/sphinxtrain/bldtree \
	-treefn /home/jerrin/Documents/project/main upload/chakka/trained data builds/tuttorialchakka_1/chakka/trees/chakka.unpruned/K-2.dtree \
	-moddeffn /home/jerrin/Documents/project/main upload/chakka/trained data builds/tuttorialchakka_1/chakka/model_architecture/chakka.untied.mdef \
	-mixwfn /home/jerrin/Documents/project/main upload/chakka/trained data builds/tuttorialchakka_1/chakka/model_parameters/chakka.cd_cont_untied/mixture_weights \
	-ts2cbfn .cont. \
	-mwfloor 1e-08 \
	-psetfn /home/jerrin/Documents/project/main upload/chakka/trained data builds/tuttorialchakka_1/chakka/model_architecture/chakka.tree_questions \
	-phone K \
	-state 2 \
	-stwt 1.0,0.05,0.0 \
	-meanfn /home/jerrin/Documents/project/main upload/chakka/trained data builds/tuttorialchakka_1/chakka/model_parameters/chakka.cd_cont_untied/means \
	-varfn /home/jerrin/Documents/project/main upload/chakka/trained data builds/tuttorialchakka_1/chakka/model_parameters/chakka.cd_cont_untied/variances \
	-fullvar no \
	-ssplitmin 1 \
	-ssplitmax 7 \
	-ssplitthr 0 \
	-csplitmin 1 \
	-csplitmax 2000 \
	-csplitthr 0 

Current configuration:
[NAME]		[DEFLT]	[VALUE]
-allphones	no	no
-cntthresh	0.00001	1.000000e-05
-csplitmax	100	2000
-csplitmin	1	1
-csplitthr	8e-4	0.000000e+00
-example	no	no
-fullvar	no	no
-help		no	no
-meanfn			/home/jerrin/Documents/project/main upload/chakka/trained data builds/tuttorialchakka_1/chakka/model_parameters/chakka.cd_cont_untied/means
-mixwfn			/home/jerrin/Documents/project/main upload/chakka/trained data builds/tuttorialchakka_1/chakka/model_parameters/chakka.cd_cont_untied/mixture_weights
-moddeffn		/home/jerrin/Documents/project/main upload/chakka/trained data builds/tuttorialchakka_1/chakka/model_architecture/chakka.untied.mdef
-mwfloor	1e-4	1.000000e-08
-phone			K
-psetfn			/home/jerrin/Documents/project/main upload/chakka/trained data builds/tuttorialchakka_1/chakka/model_architecture/chakka.tree_questions
-ssplitmax	5	7
-ssplitmin	1	1
-ssplitthr	8e-4	0.000000e+00
-state			2
-stwt			1.0,0.05,0.0,
-treefn			/home/jerrin/Documents/project/main upload/chakka/trained data builds/tuttorialchakka_1/chakka/trees/chakka.unpruned/K-2.dtree
-ts2cbfn	.semi.	.cont.
-varfloor	0.00001	1.000000e-05
-varfn			/home/jerrin/Documents/project/main upload/chakka/trained data builds/tuttorialchakka_1/chakka/model_parameters/chakka.cd_cont_untied/variances

INFO: main.c(223): Reading: /home/jerrin/Documents/project/main upload/chakka/trained data builds/tuttorialchakka_1/chakka/model_architecture/chakka.untied.mdef
INFO: model_def_io.c(573): Model definition info:
INFO: model_def_io.c(574): 347 total models defined (45 base, 302 tri)
INFO: model_def_io.c(575): 1388 total states
INFO: model_def_io.c(576): 1041 total tied states
INFO: model_def_io.c(577): 135 total tied CI states
INFO: model_def_io.c(578): 45 total tied transition matrices
INFO: model_def_io.c(579): 4 max state/model
INFO: model_def_io.c(580): 4 min state/model
INFO: main.c(242): Building trees for [K A A i] through [K Y K i]
INFO: main.c(268): Covering states |[609 665]| == 57
INFO: main.c(275): Reading: /home/jerrin/Documents/project/main upload/chakka/trained data builds/tuttorialchakka_1/chakka/model_parameters/chakka.cd_cont_untied/mixture_weights
INFO: s3mixw_io.c(172): Read /home/jerrin/Documents/project/main upload/chakka/trained data builds/tuttorialchakka_1/chakka/model_parameters/chakka.cd_cont_untied/mixture_weights [57x1x1 array]
INFO: main.c(311): 19 of 19 models have observation count greater than 0.000010
INFO: main.c(95): nrm stwt: 0.000 0.048 0.952 
INFO: s3gau_io.c(166): Read /home/jerrin/Documents/project/main upload/chakka/trained data builds/tuttorialchakka_1/chakka/model_parameters/chakka.cd_cont_untied/means [1041x1x1 array]
INFO: s3gau_io.c(166): Read /home/jerrin/Documents/project/main upload/chakka/trained data builds/tuttorialchakka_1/chakka/model_parameters/chakka.cd_cont_untied/variances [1041x1x1 array]
INFO: main.c(549): Reading: /home/jerrin/Documents/project/main upload/chakka/trained data builds/tuttorialchakka_1/chakka/model_architecture/chakka.tree_questions
INFO: main.c(587): 174 total simple questions (166 phone; 8 word bndry)
INFO: main.c(589): 40 Left Only questions, and 42 Right Only questions
INFO: dtree.c(1478): Final simple tree
|( !QUESTION19 1 -2.026e+04 3.916e+03 1.417e+03
|    ( QUESTION9 1 -9.658e+03 2.270e+03 6.310e+02
|        ( - -8.286e+02 1 0)
|        ( !QUESTION19 -1 -6.559e+03 1.317e+03 5.070e+02
|            ( QUESTION0_0_R 1 -1.799e+03 1.311e+03 2.019e+02
|                ( - -4.662e+02 2 0 WDBNDRY_B 0 4.645e+02 8.848e+01)
|                ( - -2.231e+01 1 0))
|            ( - -3.443e+03 4 0 QUESTION2_6_L -1 5.380e+02 3.052e+02)))
|    ( QUESTION2_18_L -1 -6.691e+03 1.608e+03 7.864e+02
|        ( !QUESTION19 -1 2.435e+01 1.154e+03 2.645e+02
|            ( - 1.112e+03 1 0)
|            ( - 6.684e+01 2 0))
|        ( QUESTION1 -1 -5.107e+03 8.553e+02 5.219e+02
|            ( - -2.048e+03 3 0 QUESTION0_1_R 1 4.747e+02 2.349e+02)
|            ( - -2.203e+03 5 0 QUESTION9 -1 8.223e+02 2.869e+02))))
s>    ( !QUESTION19 1 -2.026e+04 3.916e+03 1.417e+03
s>        ( QUESTION9 1 -9.658e+03 2.270e+03 6.310e+02
s>            ( - -8.286e+02 1 0)
s>            ( !QUESTION19 -1 -6.559e+03 1.317e+03 5.070e+02
s>                ( QUESTION0_0_R 1 -1.799e+03 1.311e+03 2.019e+02
s>                    ( - -4.662e+02 2 0 WDBNDRY_B 0 4.645e+02 8.848e+01)
s>                    ( - -2.231e+01 1 0))
s>                ( - -3.443e+03 4 0 QUESTION2_6_L -1 5.380e+02 3.052e+02)))
s>        ( QUESTION2_18_L -1 -6.691e+03 1.608e+03 7.864e+02
s>            ( !QUESTION19 -1 2.435e+01 1.154e+03 2.645e+02
s>                ( - 1.112e+03 1 0)
s>                ( - 6.684e+01 2 0))
s>            ( QUESTION1 -1 -5.107e+03 8.553e+02 5.219e+02
s>                ( - -2.048e+03 3 0 QUESTION0_1_R 1 4.747e+02 2.349e+02)
s>                ( - -2.203e+03 5 0 QUESTION9 -1 8.223e+02 2.869e+02))))INFO: dtree.c(1315): Comp split 0
INFO: dtree.c(1439): stop. leaf nodes are specific
INFO: dtree.c(1478): Final simple tree
|( !QUESTION19 -1 -6.559e+03 1.317e+03 5.070e+02
|    ( QUESTION0_0_R 1 -1.799e+03 1.311e+03 2.019e+02
|        ( WDBNDRY_B 0 -4.662e+02 4.645e+02 8.848e+01
|            ( - 1.676e+02 1 0)
|            ( - -1.694e+02 1 0))
|        ( - -2.231e+01 1 0))
|    ( QUESTION2_6_L -1 -3.443e+03 5.380e+02 3.052e+02
|        ( - -1.535e+03 2 0)
|        ( !QUESTION10 1 -1.370e+03 2.820e+02 1.012e+02
|            ( - -1.172e+03 1 0)
|            ( - 8.439e+01 1 0))))
s>    ( !QUESTION19 -1 -6.559e+03 1.317e+03 5.070e+02
s>        ( QUESTION0_0_R 1 -1.799e+03 1.311e+03 2.019e+02
s>            ( WDBNDRY_B 0 -4.662e+02 4.645e+02 8.848e+01
s>                ( - 1.676e+02 1 0)
s>                ( - -1.694e+02 1 0))
s>            ( - -2.231e+01 1 0))
s>        ( QUESTION2_6_L -1 -3.443e+03 5.380e+02 3.052e+02
s>            ( - -1.535e+03 2 0)
s>            ( !QUESTION10 1 -1.370e+03 2.820e+02 1.012e+02
s>                ( - -1.172e+03 1 0)
s>                ( - 8.439e+01 1 0))))INFO: dtree.c(1478): Final simple tree
|( !QUESTION2_17_L -1 -9.782e+03 2.716e+03 9.103e+02
|    ( QUESTION9 -1 -3.121e+03 1.088e+03 5.514e+02
|        ( !QUESTION2_19_L -1 -4.882e+02 1.508e+03 1.944e+02
|            ( - 1.112e+03 1 0)
|            ( - -9.144e+01 1 0))
|        ( WDBNDRY_B 0 -1.544e+03 7.699e+02 3.571e+02
|            ( - -4.701e+01 1 0)
|            ( QUESTION11 -1 -7.273e+02 6.877e+02 2.870e+02
|                ( - -6.833e+01 1 0)
|                ( QUESTION19 -1 2.868e+01 4.852e+02 2.271e+02
|                    ( - 8.811e+00 3 0 QUESTION2_19_L -1 3.854e+02 1.876e+02)
|                    ( - 5.051e+02 1 0)))))
|    ( !QUESTION19 1 -3.946e+03 1.068e+03 3.589e+02
|        ( - -8.286e+02 1 0)
|        ( - -2.048e+03 3 0 QUESTION0_1_R 1 4.747e+02 2.349e+02)))
s>    ( !QUESTION2_17_L -1 -9.782e+03 2.716e+03 9.103e+02
s>        ( QUESTION9 -1 -3.121e+03 1.088e+03 5.514e+02
s>            ( !QUESTION2_19_L -1 -4.882e+02 1.508e+03 1.944e+02
s>                ( - 1.112e+03 1 0)
s>                ( - -9.144e+01 1 0))
s>            ( WDBNDRY_B 0 -1.544e+03 7.699e+02 3.571e+02
s>                ( - -4.701e+01 1 0)
s>                ( QUESTION11 -1 -7.273e+02 6.877e+02 2.870e+02
s>                    ( - -6.833e+01 1 0)
s>                    ( QUESTION19 -1 2.868e+01 4.852e+02 2.271e+02
s>                        ( - 8.811e+00 3 0 QUESTION2_19_L -1 3.854e+02 1.876e+02)
s>                        ( - 5.051e+02 1 0)))))
s>        ( !QUESTION19 1 -3.946e+03 1.068e+03 3.589e+02
s>            ( - -8.286e+02 1 0)
s>            ( - -2.048e+03 3 0 QUESTION0_1_R 1 4.747e+02 2.349e+02)))INFO: dtree.c(1315): Comp split 1
INFO: dtree.c(1439): stop. leaf nodes are specific
INFO: dtree.c(1478): Final simple tree
|( QUESTION9 -1 -1.988e+03 1.556e+03 5.013e+02
|    ( - 1.112e+03 1 0)
|    ( WDBNDRY_B 0 -1.544e+03 7.699e+02 3.571e+02
|        ( - -4.701e+01 1 0)
|        ( QUESTION11 -1 -7.273e+02 6.877e+02 2.870e+02
|            ( - -6.833e+01 1 0)
|            ( QUESTION19 -1 2.868e+01 4.852e+02 2.271e+02
|                ( QUESTION2_19_L -1 8.811e+00 3.854e+02 1.876e+02
|                    ( - 3.273e+02 1 0)
|                    ( - 6.684e+01 2 0))
|                ( - 5.051e+02 1 0)))))
s>    ( QUESTION9 -1 -1.988e+03 1.556e+03 5.013e+02
s>        ( - 1.112e+03 1 0)
s>        ( WDBNDRY_B 0 -1.544e+03 7.699e+02 3.571e+02
s>            ( - -4.701e+01 1 0)
s>            ( QUESTION11 -1 -7.273e+02 6.877e+02 2.870e+02
s>                ( - -6.833e+01 1 0)
s>                ( QUESTION19 -1 2.868e+01 4.852e+02 2.271e+02
s>                    ( QUESTION2_19_L -1 8.811e+00 3.854e+02 1.876e+02
s>                        ( - 3.273e+02 1 0)
s>                        ( - 6.684e+01 2 0))
s>                    ( - 5.051e+02 1 0)))))INFO: dtree.c(1439): stop. leaf nodes are specific
INFO: dtree.c(1478): Final simple tree
|( !QUESTION0_4_R 1 -5.036e+03 1.345e+03 4.090e+02
|    ( !QUESTION2_19_L -1 -2.589e+03 6.208e+02 2.217e+02
|        ( - -1.877e+03 2 0)
|        ( - -9.144e+01 1 0))
|    ( QUESTION0_5_R 1 -1.102e+03 5.770e+02 1.873e+02
|        ( - 3.035e+02 1 0)
|        ( - -8.286e+02 1 0)))
s>    ( !QUESTION0_4_R 1 -5.036e+03 1.345e+03 4.090e+02
s>        ( !QUESTION2_19_L -1 -2.589e+03 6.208e+02 2.217e+02
s>            ( - -1.877e+03 2 0)
s>            ( - -9.144e+01 1 0))
s>        ( QUESTION0_5_R 1 -1.102e+03 5.770e+02 1.873e+02
s>            ( - 3.035e+02 1 0)
s>            ( - -8.286e+02 1 0)))INFO: dtree.c(1315): Comp split 2
INFO: dtree.c(1439): stop. leaf nodes are specific
INFO: dtree.c(1478): Final simple tree
|( WDBNDRY_B 0 -1.544e+03 7.699e+02 3.571e+02
|    ( - -4.701e+01 1 0)
|    ( QUESTION11 -1 -7.273e+02 6.877e+02 2.870e+02
|        ( - -6.833e+01 1 0)
|        ( QUESTION19 -1 2.868e+01 4.852e+02 2.271e+02
|            ( QUESTION2_19_L -1 8.811e+00 3.854e+02 1.876e+02
|                ( - 3.273e+02 1 0)
|                ( - 6.684e+01 2 0))
|            ( - 5.051e+02 1 0))))
s>    ( WDBNDRY_B 0 -1.544e+03 7.699e+02 3.571e+02
s>        ( - -4.701e+01 1 0)
s>        ( QUESTION11 -1 -7.273e+02 6.877e+02 2.870e+02
s>            ( - -6.833e+01 1 0)
s>            ( QUESTION19 -1 2.868e+01 4.852e+02 2.271e+02
s>                ( QUESTION2_19_L -1 8.811e+00 3.854e+02 1.876e+02
s>                    ( - 3.273e+02 1 0)
s>                    ( - 6.684e+01 2 0))
s>                ( - 5.051e+02 1 0))))INFO: dtree.c(1315): Comp split 3
INFO: dtree.c(1439): stop. leaf nodes are specific
INFO: dtree.c(1478): Final simple tree
|( WDBNDRY_B 0 -4.662e+02 4.645e+02 8.848e+01
|    ( - 1.676e+02 1 0)
|    ( - -1.694e+02 1 0))
s>    ( WDBNDRY_B 0 -4.662e+02 4.645e+02 8.848e+01
s>        ( - 1.676e+02 1 0)
s>        ( - -1.694e+02 1 0))INFO: dtree.c(1439): stop. leaf nodes are specific
INFO: dtree.c(1478): Final simple tree
|( QUESTION0 -1 -4.689e+03 1.224e+03 4.186e+02
|    ( - -2.231e+01 1 0)
|    ( QUESTION2_6_L -1 -3.443e+03 5.380e+02 3.052e+02
|        ( - -1.535e+03 2 0)
|        ( !QUESTION10 1 -1.370e+03 2.820e+02 1.012e+02
|            ( - -1.172e+03 1 0)
|            ( - 8.439e+01 1 0))))
s>    ( QUESTION0 -1 -4.689e+03 1.224e+03 4.186e+02
s>        ( - -2.231e+01 1 0)
s>        ( QUESTION2_6_L -1 -3.443e+03 5.380e+02 3.052e+02
s>            ( - -1.535e+03 2 0)
s>            ( !QUESTION10 1 -1.370e+03 2.820e+02 1.012e+02
s>                ( - -1.172e+03 1 0)
s>                ( - 8.439e+01 1 0))))INFO: dtree.c(1315): Comp split 4
INFO: dtree.c(1439): stop. leaf nodes are specific
INFO: dtree.c(1478): Final simple tree
|( QUESTION0_5_R 1 -1.102e+03 5.770e+02 1.873e+02
|    ( - 3.035e+02 1 0)
|    ( - -8.286e+02 1 0))
s>    ( QUESTION0_5_R 1 -1.102e+03 5.770e+02 1.873e+02
s>        ( - 3.035e+02 1 0)
s>        ( - -8.286e+02 1 0))INFO: dtree.c(1439): stop. leaf nodes are specific
INFO: dtree.c(1478): Final simple tree
|( !QUESTION2_19_L -1 -2.589e+03 6.208e+02 2.217e+02
|    ( - -1.877e+03 2 0)
|    ( - -9.144e+01 1 0))
s>    ( !QUESTION2_19_L -1 -2.589e+03 6.208e+02 2.217e+02
s>        ( - -1.877e+03 2 0)
s>        ( - -9.144e+01 1 0))INFO: dtree.c(1315): Comp split 5
INFO: dtree.c(1439): stop. leaf nodes are specific
INFO: dtree.c(1478): Final simple tree
|( QUESTION2_6_L -1 -3.443e+03 5.380e+02 3.052e+02
|    ( - -1.535e+03 2 0)
|    ( !QUESTION10 1 -1.370e+03 2.820e+02 1.012e+02
|        ( - -1.172e+03 1 0)
|        ( - 8.439e+01 1 0)))
s>    ( QUESTION2_6_L -1 -3.443e+03 5.380e+02 3.052e+02
s>        ( - -1.535e+03 2 0)
s>        ( !QUESTION10 1 -1.370e+03 2.820e+02 1.012e+02
s>            ( - -1.172e+03 1 0)
s>            ( - 8.439e+01 1 0)))INFO: dtree.c(1315): Comp split 6
INFO: dtree.c(1439): stop. leaf nodes are specific
INFO: dtree.c(1478): Final simple tree
|( QUESTION19 -1 2.868e+01 4.852e+02 2.271e+02
|    ( QUESTION2_19_L -1 8.811e+00 3.854e+02 1.876e+02
|        ( - 3.273e+02 1 0)
|        ( - 6.684e+01 2 0))
|    ( - 5.051e+02 1 0))
s>    ( QUESTION19 -1 2.868e+01 4.852e+02 2.271e+02
s>        ( QUESTION2_19_L -1 8.811e+00 3.854e+02 1.876e+02
s>            ( - 3.273e+02 1 0)
s>            ( - 6.684e+01 2 0))
s>        ( - 5.051e+02 1 0))INFO: dtree.c(1439): stop. leaf nodes are specific
INFO: dtree.c(1478): Final simple tree
|( !QUESTION2_19_L -1 -5.109e+02 3.956e+02 1.299e+02
|    ( - -4.701e+01 1 0)
|    ( - -6.833e+01 1 0))
s>    ( !QUESTION2_19_L -1 -5.109e+02 3.956e+02 1.299e+02
s>        ( - -4.701e+01 1 0)
s>        ( - -6.833e+01 1 0))INFO: dtree.c(1315): Comp split 7
INFO: dtree.c(1315): Comp split 8
INFO: dtree.c(1315): Comp split 9
INFO: dtree.c(1439): stop. leaf nodes are specific
INFO: dtree.c(1478): Final simple tree
|( !QUESTION2_19_L -1 -1.713e+03 2.619e+02 2.199e+02
|    ( - -1.535e+03 2 0)
|    ( - 8.439e+01 1 0))
s>    ( !QUESTION2_19_L -1 -1.713e+03 2.619e+02 2.199e+02
s>        ( - -1.535e+03 2 0)
s>        ( - 8.439e+01 1 0))INFO: dtree.c(1315): Comp split 10
INFO: dtree.c(1439): stop. leaf nodes are specific
INFO: dtree.c(1478): Final simple tree
|( QUESTION2_19_L -1 8.811e+00 3.854e+02 1.876e+02
|    ( - 3.273e+02 1 0)
|    ( - 6.684e+01 2 0))
s>    ( QUESTION2_19_L -1 8.811e+00 3.854e+02 1.876e+02
s>        ( - 3.273e+02 1 0)
s>        ( - 6.684e+01 2 0))INFO: dtree.c(1315): Comp split 11
INFO: dtree.c(1315): Comp split 12
INFO: dtree.c(1315): Comp split 13
INFO: dtree.c(1315): Comp split 14
INFO: dtree.c(1315): Comp split 15
INFO: dtree.c(1318): stop. leaf nodes are specific
!!!!!!!!Allocated 66 lines
Sat Mar 30 00:24:02 2013
