INFO: cmd_ln.c(691): Parsing command line:
/usr/libexec/sphinxtrain/bldtree \
	-treefn /home/jerrin/Documents/project/main upload/chakka/trained data builds/tuttorialchakka_1/chakka/trees/chakka.unpruned/AM-1.dtree \
	-moddeffn /home/jerrin/Documents/project/main upload/chakka/trained data builds/tuttorialchakka_1/chakka/model_architecture/chakka.untied.mdef \
	-mixwfn /home/jerrin/Documents/project/main upload/chakka/trained data builds/tuttorialchakka_1/chakka/model_parameters/chakka.cd_cont_untied/mixture_weights \
	-ts2cbfn .cont. \
	-mwfloor 1e-08 \
	-psetfn /home/jerrin/Documents/project/main upload/chakka/trained data builds/tuttorialchakka_1/chakka/model_architecture/chakka.tree_questions \
	-phone AM \
	-state 1 \
	-stwt 1.0,0.05,0.0 \
	-meanfn /home/jerrin/Documents/project/main upload/chakka/trained data builds/tuttorialchakka_1/chakka/model_parameters/chakka.cd_cont_untied/means \
	-varfn /home/jerrin/Documents/project/main upload/chakka/trained data builds/tuttorialchakka_1/chakka/model_parameters/chakka.cd_cont_untied/variances \
	-fullvar no \
	-ssplitmin 1 \
	-ssplitmax 7 \
	-ssplitthr 0 \
	-csplitmin 1 \
	-csplitmax 2000 \
	-csplitthr 0 

Current configuration:
[NAME]		[DEFLT]	[VALUE]
-allphones	no	no
-cntthresh	0.00001	1.000000e-05
-csplitmax	100	2000
-csplitmin	1	1
-csplitthr	8e-4	0.000000e+00
-example	no	no
-fullvar	no	no
-help		no	no
-meanfn			/home/jerrin/Documents/project/main upload/chakka/trained data builds/tuttorialchakka_1/chakka/model_parameters/chakka.cd_cont_untied/means
-mixwfn			/home/jerrin/Documents/project/main upload/chakka/trained data builds/tuttorialchakka_1/chakka/model_parameters/chakka.cd_cont_untied/mixture_weights
-moddeffn		/home/jerrin/Documents/project/main upload/chakka/trained data builds/tuttorialchakka_1/chakka/model_architecture/chakka.untied.mdef
-mwfloor	1e-4	1.000000e-08
-phone			AM
-psetfn			/home/jerrin/Documents/project/main upload/chakka/trained data builds/tuttorialchakka_1/chakka/model_architecture/chakka.tree_questions
-ssplitmax	5	7
-ssplitmin	1	1
-ssplitthr	8e-4	0.000000e+00
-state			1
-stwt			1.0,0.05,0.0,
-treefn			/home/jerrin/Documents/project/main upload/chakka/trained data builds/tuttorialchakka_1/chakka/trees/chakka.unpruned/AM-1.dtree
-ts2cbfn	.semi.	.cont.
-varfloor	0.00001	1.000000e-05
-varfn			/home/jerrin/Documents/project/main upload/chakka/trained data builds/tuttorialchakka_1/chakka/model_parameters/chakka.cd_cont_untied/variances

INFO: main.c(223): Reading: /home/jerrin/Documents/project/main upload/chakka/trained data builds/tuttorialchakka_1/chakka/model_architecture/chakka.untied.mdef
INFO: model_def_io.c(573): Model definition info:
INFO: model_def_io.c(574): 347 total models defined (45 base, 302 tri)
INFO: model_def_io.c(575): 1388 total states
INFO: model_def_io.c(576): 1041 total tied states
INFO: model_def_io.c(577): 135 total tied CI states
INFO: model_def_io.c(578): 45 total tied transition matrices
INFO: model_def_io.c(579): 4 max state/model
INFO: model_def_io.c(580): 4 min state/model
INFO: main.c(242): Building trees for [AM D A e] through [AM Y SS e]
INFO: main.c(268): Covering states |[336 380]| == 45
INFO: main.c(275): Reading: /home/jerrin/Documents/project/main upload/chakka/trained data builds/tuttorialchakka_1/chakka/model_parameters/chakka.cd_cont_untied/mixture_weights
INFO: s3mixw_io.c(172): Read /home/jerrin/Documents/project/main upload/chakka/trained data builds/tuttorialchakka_1/chakka/model_parameters/chakka.cd_cont_untied/mixture_weights [45x1x1 array]
INFO: main.c(311): 15 of 15 models have observation count greater than 0.000010
INFO: main.c(95): nrm stwt: 0.045 0.909 0.045 
INFO: s3gau_io.c(166): Read /home/jerrin/Documents/project/main upload/chakka/trained data builds/tuttorialchakka_1/chakka/model_parameters/chakka.cd_cont_untied/means [1041x1x1 array]
INFO: s3gau_io.c(166): Read /home/jerrin/Documents/project/main upload/chakka/trained data builds/tuttorialchakka_1/chakka/model_parameters/chakka.cd_cont_untied/variances [1041x1x1 array]
INFO: main.c(549): Reading: /home/jerrin/Documents/project/main upload/chakka/trained data builds/tuttorialchakka_1/chakka/model_architecture/chakka.tree_questions
INFO: main.c(587): 174 total simple questions (166 phone; 8 word bndry)
INFO: main.c(589): 40 Left Only questions, and 42 Right Only questions
INFO: dtree.c(1478): Final simple tree
|( !SILENCE 1 1.467e+03 1.997e+03 1.560e+03
|    ( WDBNDRY_E 0 3.046e+03 1.578e+03 7.474e+02
|        ( QUESTION0 -1 4.034e+03 3.769e+02 7.005e+02
|            ( !QUESTION0_16_R 1 3.340e+03 2.709e+02 5.593e+02
|                ( - 3.142e+03 5 0 !QUESTION14 -1 2.325e+02 4.756e+02)
|                ( - 4.685e+02 1 0))
|            ( - 1.071e+03 1 0))
|        ( - 5.905e+02 1 0))
|    ( QUESTION0 -1 4.176e+02 6.363e+02 8.122e+02
|        ( !QUESTION2_14_L -1 4.443e+02 3.365e+02 5.351e+02
|            ( - 5.082e+02 4 0 QUESTION17 -1 2.062e+02 2.651e+02)
|            ( !QUESTION2_16_L -1 2.726e+02 3.048e+02 2.700e+02
|                ( - 1.443e+02 1 0)
|                ( - 4.331e+02 1 0)))
|        ( - 6.096e+02 1 0)))
s>    ( !SILENCE 1 1.467e+03 1.997e+03 1.560e+03
s>        ( WDBNDRY_E 0 3.046e+03 1.578e+03 7.474e+02
s>            ( QUESTION0 -1 4.034e+03 3.769e+02 7.005e+02
s>                ( !QUESTION0_16_R 1 3.340e+03 2.709e+02 5.593e+02
s>                    ( - 3.142e+03 5 0 !QUESTION14 -1 2.325e+02 4.756e+02)
s>                    ( - 4.685e+02 1 0))
s>                ( - 1.071e+03 1 0))
s>            ( - 5.905e+02 1 0))
s>        ( QUESTION0 -1 4.176e+02 6.363e+02 8.122e+02
s>            ( !QUESTION2_14_L -1 4.443e+02 3.365e+02 5.351e+02
s>                ( - 5.082e+02 4 0 QUESTION17 -1 2.062e+02 2.651e+02)
s>                ( !QUESTION2_16_L -1 2.726e+02 3.048e+02 2.700e+02
s>                    ( - 1.443e+02 1 0)
s>                    ( - 4.331e+02 1 0)))
s>            ( - 6.096e+02 1 0)))INFO: dtree.c(1315): Comp split 0
INFO: dtree.c(1439): stop. leaf nodes are specific
INFO: dtree.c(1478): Final simple tree
|( QUESTION0 -1 4.034e+03 3.769e+02 7.005e+02
|    ( !QUESTION0_16_R 1 3.340e+03 2.709e+02 5.593e+02
|        ( !QUESTION14 -1 3.142e+03 2.325e+02 4.756e+02
|            ( QUESTION0_1_R 1 1.833e+03 1.790e+02 3.228e+02
|                ( - 1.139e+03 1 0)
|                ( !QUESTION2_18_L -1 8.738e+02 1.146e+02 1.459e+02
|                    ( - 3.982e+02 1 0)
|                    ( - 5.902e+02 1 0)))
|            ( !QUESTION19 1 1.541e+03 9.165e+01 1.528e+02
|                ( - 7.777e+02 1 0)
|                ( - 8.553e+02 1 0)))
|        ( - 4.685e+02 1 0))
|    ( - 1.071e+03 1 0))
s>    ( QUESTION0 -1 4.034e+03 3.769e+02 7.005e+02
s>        ( !QUESTION0_16_R 1 3.340e+03 2.709e+02 5.593e+02
s>            ( !QUESTION14 -1 3.142e+03 2.325e+02 4.756e+02
s>                ( QUESTION0_1_R 1 1.833e+03 1.790e+02 3.228e+02
s>                    ( - 1.139e+03 1 0)
s>                    ( !QUESTION2_18_L -1 8.738e+02 1.146e+02 1.459e+02
s>                        ( - 3.982e+02 1 0)
s>                        ( - 5.902e+02 1 0)))
s>                ( !QUESTION19 1 1.541e+03 9.165e+01 1.528e+02
s>                    ( - 7.777e+02 1 0)
s>                    ( - 8.553e+02 1 0)))
s>            ( - 4.685e+02 1 0))
s>        ( - 1.071e+03 1 0))INFO: dtree.c(1478): Final simple tree
|( !WDBNDRY_E 0 -3.649e+02 1.373e+03 8.590e+02
|    ( - 5.905e+02 1 0)
|    ( QUESTION0 -1 4.176e+02 6.363e+02 8.122e+02
|        ( !QUESTION2_14_L -1 4.443e+02 3.365e+02 5.351e+02
|            ( QUESTION17 -1 5.082e+02 2.062e+02 2.651e+02
|                ( - 5.034e+02 1 0)
|                ( QUESTION6 -1 2.111e+02 1.836e+02 1.959e+02
|                    ( - 1.763e+02 1 0)
|                    ( QUESTION1 -1 2.183e+02 1.307e+02 1.562e+02
|                        ( - 1.887e+02 1 0)
|                        ( - 1.603e+02 1 0))))
|            ( !QUESTION2_16_L -1 2.726e+02 3.048e+02 2.700e+02
|                ( - 1.443e+02 1 0)
|                ( - 4.331e+02 1 0)))
|        ( - 6.096e+02 1 0)))
s>    ( !WDBNDRY_E 0 -3.649e+02 1.373e+03 8.590e+02
s>        ( - 5.905e+02 1 0)
s>        ( QUESTION0 -1 4.176e+02 6.363e+02 8.122e+02
s>            ( !QUESTION2_14_L -1 4.443e+02 3.365e+02 5.351e+02
s>                ( QUESTION17 -1 5.082e+02 2.062e+02 2.651e+02
s>                    ( - 5.034e+02 1 0)
s>                    ( QUESTION6 -1 2.111e+02 1.836e+02 1.959e+02
s>                        ( - 1.763e+02 1 0)
s>                        ( QUESTION1 -1 2.183e+02 1.307e+02 1.562e+02
s>                            ( - 1.887e+02 1 0)
s>                            ( - 1.603e+02 1 0))))
s>                ( !QUESTION2_16_L -1 2.726e+02 3.048e+02 2.700e+02
s>                    ( - 1.443e+02 1 0)
s>                    ( - 4.331e+02 1 0)))
s>            ( - 6.096e+02 1 0)))INFO: dtree.c(1315): Comp split 1
INFO: dtree.c(1439): stop. leaf nodes are specific
INFO: dtree.c(1478): Final simple tree
|( QUESTION0 -1 4.176e+02 6.363e+02 8.122e+02
|    ( !QUESTION2_14_L -1 4.443e+02 3.365e+02 5.351e+02
|        ( QUESTION17 -1 5.082e+02 2.062e+02 2.651e+02
|            ( - 5.034e+02 1 0)
|            ( QUESTION6 -1 2.111e+02 1.836e+02 1.959e+02
|                ( - 1.763e+02 1 0)
|                ( QUESTION1 -1 2.183e+02 1.307e+02 1.562e+02
|                    ( - 1.887e+02 1 0)
|                    ( - 1.603e+02 1 0))))
|        ( !QUESTION2_16_L -1 2.726e+02 3.048e+02 2.700e+02
|            ( - 1.443e+02 1 0)
|            ( - 4.331e+02 1 0)))
|    ( - 6.096e+02 1 0))
s>    ( QUESTION0 -1 4.176e+02 6.363e+02 8.122e+02
s>        ( !QUESTION2_14_L -1 4.443e+02 3.365e+02 5.351e+02
s>            ( QUESTION17 -1 5.082e+02 2.062e+02 2.651e+02
s>                ( - 5.034e+02 1 0)
s>                ( QUESTION6 -1 2.111e+02 1.836e+02 1.959e+02
s>                    ( - 1.763e+02 1 0)
s>                    ( QUESTION1 -1 2.183e+02 1.307e+02 1.562e+02
s>                        ( - 1.887e+02 1 0)
s>                        ( - 1.603e+02 1 0))))
s>            ( !QUESTION2_16_L -1 2.726e+02 3.048e+02 2.700e+02
s>                ( - 1.443e+02 1 0)
s>                ( - 4.331e+02 1 0)))
s>        ( - 6.096e+02 1 0))INFO: dtree.c(1315): Comp split 2
INFO: dtree.c(1439): stop. leaf nodes are specific
INFO: dtree.c(1478): Final simple tree
|( !QUESTION2_14_L -1 4.443e+02 3.365e+02 5.351e+02
|    ( QUESTION17 -1 5.082e+02 2.062e+02 2.651e+02
|        ( - 5.034e+02 1 0)
|        ( QUESTION6 -1 2.111e+02 1.836e+02 1.959e+02
|            ( - 1.763e+02 1 0)
|            ( QUESTION1 -1 2.183e+02 1.307e+02 1.562e+02
|                ( - 1.887e+02 1 0)
|                ( - 1.603e+02 1 0))))
|    ( !QUESTION2_16_L -1 2.726e+02 3.048e+02 2.700e+02
|        ( - 1.443e+02 1 0)
|        ( - 4.331e+02 1 0)))
s>    ( !QUESTION2_14_L -1 4.443e+02 3.365e+02 5.351e+02
s>        ( QUESTION17 -1 5.082e+02 2.062e+02 2.651e+02
s>            ( - 5.034e+02 1 0)
s>            ( QUESTION6 -1 2.111e+02 1.836e+02 1.959e+02
s>                ( - 1.763e+02 1 0)
s>                ( QUESTION1 -1 2.183e+02 1.307e+02 1.562e+02
s>                    ( - 1.887e+02 1 0)
s>                    ( - 1.603e+02 1 0))))
s>        ( !QUESTION2_16_L -1 2.726e+02 3.048e+02 2.700e+02
s>            ( - 1.443e+02 1 0)
s>            ( - 4.331e+02 1 0)))INFO: dtree.c(1315): Comp split 3
INFO: dtree.c(1439): stop. leaf nodes are specific
INFO: dtree.c(1478): Final simple tree
|( !QUESTION14 -1 3.142e+03 2.325e+02 4.756e+02
|    ( QUESTION0_1_R 1 1.833e+03 1.790e+02 3.228e+02
|        ( - 1.139e+03 1 0)
|        ( !QUESTION2_18_L -1 8.738e+02 1.146e+02 1.459e+02
|            ( - 3.982e+02 1 0)
|            ( - 5.902e+02 1 0)))
|    ( !QUESTION19 1 1.541e+03 9.165e+01 1.528e+02
|        ( - 7.777e+02 1 0)
|        ( - 8.553e+02 1 0)))
s>    ( !QUESTION14 -1 3.142e+03 2.325e+02 4.756e+02
s>        ( QUESTION0_1_R 1 1.833e+03 1.790e+02 3.228e+02
s>            ( - 1.139e+03 1 0)
s>            ( !QUESTION2_18_L -1 8.738e+02 1.146e+02 1.459e+02
s>                ( - 3.982e+02 1 0)
s>                ( - 5.902e+02 1 0)))
s>        ( !QUESTION19 1 1.541e+03 9.165e+01 1.528e+02
s>            ( - 7.777e+02 1 0)
s>            ( - 8.553e+02 1 0)))INFO: dtree.c(1439): stop. leaf nodes are specific
INFO: dtree.c(1478): Final simple tree
|( QUESTION2_18_L -1 1.275e+03 2.640e+02 2.249e+02
|    ( - 1.071e+03 1 0)
|    ( - 4.685e+02 1 0))
s>    ( QUESTION2_18_L -1 1.275e+03 2.640e+02 2.249e+02
s>        ( - 1.071e+03 1 0)
s>        ( - 4.685e+02 1 0))INFO: dtree.c(1315): Comp split 4
INFO: dtree.c(1439): stop. leaf nodes are specific
INFO: dtree.c(1478): Final simple tree
|( QUESTION1 -1 2.183e+02 1.307e+02 1.562e+02
|    ( - 1.887e+02 1 0)
|    ( - 1.603e+02 1 0))
s>    ( QUESTION1 -1 2.183e+02 1.307e+02 1.562e+02
s>        ( - 1.887e+02 1 0)
s>        ( - 1.603e+02 1 0))INFO: dtree.c(1439): stop. leaf nodes are specific
INFO: dtree.c(1478): Final simple tree
|( QUESTION7 -1 5.946e+02 2.983e+02 3.789e+02
|    ( - 4.331e+02 1 0)
|    ( QUESTION2_18_L -1 4.598e+02 2.097e+02 2.988e+02
|        ( - 5.034e+02 1 0)
|        ( QUESTION1 -1 1.661e+02 1.544e+02 2.297e+02
|            ( - 1.763e+02 1 0)
|            ( - 1.443e+02 1 0))))
s>    ( QUESTION7 -1 5.946e+02 2.983e+02 3.789e+02
s>        ( - 4.331e+02 1 0)
s>        ( QUESTION2_18_L -1 4.598e+02 2.097e+02 2.988e+02
s>            ( - 5.034e+02 1 0)
s>            ( QUESTION1 -1 1.661e+02 1.544e+02 2.297e+02
s>                ( - 1.763e+02 1 0)
s>                ( - 1.443e+02 1 0))))INFO: dtree.c(1315): Comp split 5
INFO: dtree.c(1439): stop. leaf nodes are specific
INFO: dtree.c(1478): Final simple tree
|( QUESTION2_18_L -1 4.598e+02 2.097e+02 2.988e+02
|    ( - 5.034e+02 1 0)
|    ( QUESTION1 -1 1.661e+02 1.544e+02 2.297e+02
|        ( - 1.763e+02 1 0)
|        ( - 1.443e+02 1 0)))
s>    ( QUESTION2_18_L -1 4.598e+02 2.097e+02 2.988e+02
s>        ( - 5.034e+02 1 0)
s>        ( QUESTION1 -1 1.661e+02 1.544e+02 2.297e+02
s>            ( - 1.763e+02 1 0)
s>            ( - 1.443e+02 1 0)))INFO: dtree.c(1315): Comp split 6
INFO: dtree.c(1315): Comp split 7
INFO: dtree.c(1439): stop. leaf nodes are specific
INFO: dtree.c(1478): Final simple tree
|( QUESTION0_1_R 1 1.833e+03 1.790e+02 3.228e+02
|    ( - 1.139e+03 1 0)
|    ( !QUESTION2_18_L -1 8.738e+02 1.146e+02 1.459e+02
|        ( - 3.982e+02 1 0)
|        ( - 5.902e+02 1 0)))
s>    ( QUESTION0_1_R 1 1.833e+03 1.790e+02 3.228e+02
s>        ( - 1.139e+03 1 0)
s>        ( !QUESTION2_18_L -1 8.738e+02 1.146e+02 1.459e+02
s>            ( - 3.982e+02 1 0)
s>            ( - 5.902e+02 1 0)))INFO: dtree.c(1439): stop. leaf nodes are specific
INFO: dtree.c(1478): Final simple tree
|( !QUESTION19 1 1.541e+03 9.165e+01 1.528e+02
|    ( - 7.777e+02 1 0)
|    ( - 8.553e+02 1 0))
s>    ( !QUESTION19 1 1.541e+03 9.165e+01 1.528e+02
s>        ( - 7.777e+02 1 0)
s>        ( - 8.553e+02 1 0))INFO: dtree.c(1315): Comp split 8
INFO: dtree.c(1439): stop. leaf nodes are specific
INFO: dtree.c(1478): Final simple tree
|( QUESTION1 -1 1.661e+02 1.544e+02 2.297e+02
|    ( - 1.763e+02 1 0)
|    ( - 1.443e+02 1 0))
s>    ( QUESTION1 -1 1.661e+02 1.544e+02 2.297e+02
s>        ( - 1.763e+02 1 0)
s>        ( - 1.443e+02 1 0))INFO: dtree.c(1315): Comp split 9
INFO: dtree.c(1439): stop. leaf nodes are specific
INFO: dtree.c(1478): Final simple tree
|( !QUESTION2_18_L -1 8.738e+02 1.146e+02 1.459e+02
|    ( - 3.982e+02 1 0)
|    ( - 5.902e+02 1 0))
s>    ( !QUESTION2_18_L -1 8.738e+02 1.146e+02 1.459e+02
s>        ( - 3.982e+02 1 0)
s>        ( - 5.902e+02 1 0))INFO: dtree.c(1315): Comp split 10
INFO: dtree.c(1315): Comp split 11
INFO: dtree.c(1315): Comp split 12
INFO: dtree.c(1315): Comp split 13
INFO: dtree.c(1315): Comp split 14
INFO: dtree.c(1318): stop. leaf nodes are specific
!!!!!!!!Allocated 66 lines
Sat Mar 30 00:24:00 2013
