INFO: cmd_ln.c(691): Parsing command line:
/usr/libexec/sphinxtrain/bldtree \
	-treefn /home/jerrin/Documents/project/main upload/chakka/trained data builds/tuttorialchakka_1/chakka/trees/chakka.unpruned/S-0.dtree \
	-moddeffn /home/jerrin/Documents/project/main upload/chakka/trained data builds/tuttorialchakka_1/chakka/model_architecture/chakka.untied.mdef \
	-mixwfn /home/jerrin/Documents/project/main upload/chakka/trained data builds/tuttorialchakka_1/chakka/model_parameters/chakka.cd_cont_untied/mixture_weights \
	-ts2cbfn .cont. \
	-mwfloor 1e-08 \
	-psetfn /home/jerrin/Documents/project/main upload/chakka/trained data builds/tuttorialchakka_1/chakka/model_architecture/chakka.tree_questions \
	-phone S \
	-state 0 \
	-stwt 1.0,0.05,0.0 \
	-meanfn /home/jerrin/Documents/project/main upload/chakka/trained data builds/tuttorialchakka_1/chakka/model_parameters/chakka.cd_cont_untied/means \
	-varfn /home/jerrin/Documents/project/main upload/chakka/trained data builds/tuttorialchakka_1/chakka/model_parameters/chakka.cd_cont_untied/variances \
	-fullvar no \
	-ssplitmin 1 \
	-ssplitmax 7 \
	-ssplitthr 0 \
	-csplitmin 1 \
	-csplitmax 2000 \
	-csplitthr 0 

Current configuration:
[NAME]		[DEFLT]	[VALUE]
-allphones	no	no
-cntthresh	0.00001	1.000000e-05
-csplitmax	100	2000
-csplitmin	1	1
-csplitthr	8e-4	0.000000e+00
-example	no	no
-fullvar	no	no
-help		no	no
-meanfn			/home/jerrin/Documents/project/main upload/chakka/trained data builds/tuttorialchakka_1/chakka/model_parameters/chakka.cd_cont_untied/means
-mixwfn			/home/jerrin/Documents/project/main upload/chakka/trained data builds/tuttorialchakka_1/chakka/model_parameters/chakka.cd_cont_untied/mixture_weights
-moddeffn		/home/jerrin/Documents/project/main upload/chakka/trained data builds/tuttorialchakka_1/chakka/model_architecture/chakka.untied.mdef
-mwfloor	1e-4	1.000000e-08
-phone			S
-psetfn			/home/jerrin/Documents/project/main upload/chakka/trained data builds/tuttorialchakka_1/chakka/model_architecture/chakka.tree_questions
-ssplitmax	5	7
-ssplitmin	1	1
-ssplitthr	8e-4	0.000000e+00
-state			0
-stwt			1.0,0.05,0.0,
-treefn			/home/jerrin/Documents/project/main upload/chakka/trained data builds/tuttorialchakka_1/chakka/trees/chakka.unpruned/S-0.dtree
-ts2cbfn	.semi.	.cont.
-varfloor	0.00001	1.000000e-05
-varfn			/home/jerrin/Documents/project/main upload/chakka/trained data builds/tuttorialchakka_1/chakka/model_parameters/chakka.cd_cont_untied/variances

INFO: main.c(223): Reading: /home/jerrin/Documents/project/main upload/chakka/trained data builds/tuttorialchakka_1/chakka/model_architecture/chakka.untied.mdef
INFO: model_def_io.c(573): Model definition info:
INFO: model_def_io.c(574): 347 total models defined (45 base, 302 tri)
INFO: model_def_io.c(575): 1388 total states
INFO: model_def_io.c(576): 1041 total tied states
INFO: model_def_io.c(577): 135 total tied CI states
INFO: model_def_io.c(578): 45 total tied transition matrices
INFO: model_def_io.c(579): 4 max state/model
INFO: model_def_io.c(580): 4 min state/model
INFO: main.c(242): Building trees for [S A AM b] through [S SIL TT b]
INFO: main.c(268): Covering states |[867 893]| == 27
INFO: main.c(275): Reading: /home/jerrin/Documents/project/main upload/chakka/trained data builds/tuttorialchakka_1/chakka/model_parameters/chakka.cd_cont_untied/mixture_weights
INFO: s3mixw_io.c(172): Read /home/jerrin/Documents/project/main upload/chakka/trained data builds/tuttorialchakka_1/chakka/model_parameters/chakka.cd_cont_untied/mixture_weights [27x1x1 array]
INFO: main.c(311): 9 of 9 models have observation count greater than 0.000010
INFO: main.c(95): nrm stwt: 0.952 0.048 0.000 
INFO: s3gau_io.c(166): Read /home/jerrin/Documents/project/main upload/chakka/trained data builds/tuttorialchakka_1/chakka/model_parameters/chakka.cd_cont_untied/means [1041x1x1 array]
INFO: s3gau_io.c(166): Read /home/jerrin/Documents/project/main upload/chakka/trained data builds/tuttorialchakka_1/chakka/model_parameters/chakka.cd_cont_untied/variances [1041x1x1 array]
INFO: main.c(549): Reading: /home/jerrin/Documents/project/main upload/chakka/trained data builds/tuttorialchakka_1/chakka/model_architecture/chakka.tree_questions
INFO: main.c(587): 174 total simple questions (166 phone; 8 word bndry)
INFO: main.c(589): 40 Left Only questions, and 42 Right Only questions
INFO: dtree.c(1478): Final simple tree
|( QUESTION19 -1 -1.417e+03 2.406e+03 4.889e+02
|    ( QUESTION0_15_R 1 -2.562e+02 6.776e+02 1.767e+02
|        ( - 4.273e+02 1 0)
|        ( WDBNDRY_B 0 -5.947e+00 4.656e+02 1.184e+02
|            ( - 2.387e+02 1 0)
|            ( - 2.210e+02 1 0)))
|    ( WDBNDRY_B 0 1.245e+03 9.726e+02 3.122e+02
|        ( QUESTION8 1 6.595e+02 3.057e+02 2.008e+02
|            ( - 4.030e+02 1 0)
|            ( QUESTION0_0_R 1 5.623e+02 2.286e+02 1.671e+02
|                ( - 4.349e+02 1 0)
|                ( - 3.560e+02 2 0 SILENCE -1 1.859e+02 6.901e+01)))
|        ( QUESTION0_0_R 1 1.558e+03 4.349e+02 1.113e+02
|            ( - 7.650e+02 1 0)
|            ( - 1.228e+03 1 0))))
s>    ( QUESTION19 -1 -1.417e+03 2.406e+03 4.889e+02
s>        ( QUESTION0_15_R 1 -2.562e+02 6.776e+02 1.767e+02
s>            ( - 4.273e+02 1 0)
s>            ( WDBNDRY_B 0 -5.947e+00 4.656e+02 1.184e+02
s>                ( - 2.387e+02 1 0)
s>                ( - 2.210e+02 1 0)))
s>        ( WDBNDRY_B 0 1.245e+03 9.726e+02 3.122e+02
s>            ( QUESTION8 1 6.595e+02 3.057e+02 2.008e+02
s>                ( - 4.030e+02 1 0)
s>                ( QUESTION0_0_R 1 5.623e+02 2.286e+02 1.671e+02
s>                    ( - 4.349e+02 1 0)
s>                    ( - 3.560e+02 2 0 SILENCE -1 1.859e+02 6.901e+01)))
s>            ( QUESTION0_0_R 1 1.558e+03 4.349e+02 1.113e+02
s>                ( - 7.650e+02 1 0)
s>                ( - 1.228e+03 1 0))))INFO: dtree.c(1315): Comp split 0
INFO: dtree.c(1439): stop. leaf nodes are specific
INFO: dtree.c(1478): Final simple tree
|( WDBNDRY_B 0 1.314e+03 9.619e+02 3.312e+02
|    ( QUESTION8 1 7.175e+02 3.266e+02 2.199e+02
|        ( SILENCE -1 4.819e+02 1.598e+02 5.277e+01
|            ( - 4.030e+02 1 0)
|            ( - 2.387e+02 1 0))
|        ( QUESTION0_0_R 1 5.623e+02 2.286e+02 1.671e+02
|            ( - 4.349e+02 1 0)
|            ( SILENCE -1 3.560e+02 1.859e+02 6.901e+01
|                ( - 2.200e+02 1 0)
|                ( - 3.218e+02 1 0))))
|    ( QUESTION0_0_R 1 1.558e+03 4.349e+02 1.113e+02
|        ( - 7.650e+02 1 0)
|        ( - 1.228e+03 1 0)))
s>    ( WDBNDRY_B 0 1.314e+03 9.619e+02 3.312e+02
s>        ( QUESTION8 1 7.175e+02 3.266e+02 2.199e+02
s>            ( SILENCE -1 4.819e+02 1.598e+02 5.277e+01
s>                ( - 4.030e+02 1 0)
s>                ( - 2.387e+02 1 0))
s>            ( QUESTION0_0_R 1 5.623e+02 2.286e+02 1.671e+02
s>                ( - 4.349e+02 1 0)
s>                ( SILENCE -1 3.560e+02 1.859e+02 6.901e+01
s>                    ( - 2.200e+02 1 0)
s>                    ( - 3.218e+02 1 0))))
s>        ( QUESTION0_0_R 1 1.558e+03 4.349e+02 1.113e+02
s>            ( - 7.650e+02 1 0)
s>            ( - 1.228e+03 1 0)))INFO: dtree.c(1439): stop. leaf nodes are specific
INFO: dtree.c(1478): Final simple tree
|( !QUESTION2_19_L -1 7.202e+01 5.763e+02 1.577e+02
|    ( - 2.210e+02 1 0)
|    ( - 4.273e+02 1 0))
s>    ( !QUESTION2_19_L -1 7.202e+01 5.763e+02 1.577e+02
s>        ( - 2.210e+02 1 0)
s>        ( - 4.273e+02 1 0))INFO: dtree.c(1315): Comp split 1
INFO: dtree.c(1439): stop. leaf nodes are specific
INFO: dtree.c(1478): Final simple tree
|( QUESTION8 1 7.175e+02 3.266e+02 2.199e+02
|    ( SILENCE -1 4.819e+02 1.598e+02 5.277e+01
|        ( - 4.030e+02 1 0)
|        ( - 2.387e+02 1 0))
|    ( QUESTION0_0_R 1 5.623e+02 2.286e+02 1.671e+02
|        ( - 4.349e+02 1 0)
|        ( SILENCE -1 3.560e+02 1.859e+02 6.901e+01
|            ( - 2.200e+02 1 0)
|            ( - 3.218e+02 1 0))))
s>    ( QUESTION8 1 7.175e+02 3.266e+02 2.199e+02
s>        ( SILENCE -1 4.819e+02 1.598e+02 5.277e+01
s>            ( - 4.030e+02 1 0)
s>            ( - 2.387e+02 1 0))
s>        ( QUESTION0_0_R 1 5.623e+02 2.286e+02 1.671e+02
s>            ( - 4.349e+02 1 0)
s>            ( SILENCE -1 3.560e+02 1.859e+02 6.901e+01
s>                ( - 2.200e+02 1 0)
s>                ( - 3.218e+02 1 0))))INFO: dtree.c(1439): stop. leaf nodes are specific
INFO: dtree.c(1478): Final simple tree
|( QUESTION0_0_R 1 1.558e+03 4.349e+02 1.113e+02
|    ( - 7.650e+02 1 0)
|    ( - 1.228e+03 1 0))
s>    ( QUESTION0_0_R 1 1.558e+03 4.349e+02 1.113e+02
s>        ( - 7.650e+02 1 0)
s>        ( - 1.228e+03 1 0))INFO: dtree.c(1315): Comp split 2
INFO: dtree.c(1315): Comp split 3
INFO: dtree.c(1315): Comp split 4
INFO: dtree.c(1439): stop. leaf nodes are specific
INFO: dtree.c(1478): Final simple tree
|( QUESTION0_0_R 1 5.623e+02 2.286e+02 1.671e+02
|    ( - 4.349e+02 1 0)
|    ( SILENCE -1 3.560e+02 1.859e+02 6.901e+01
|        ( - 2.200e+02 1 0)
|        ( - 3.218e+02 1 0)))
s>    ( QUESTION0_0_R 1 5.623e+02 2.286e+02 1.671e+02
s>        ( - 4.349e+02 1 0)
s>        ( SILENCE -1 3.560e+02 1.859e+02 6.901e+01
s>            ( - 2.200e+02 1 0)
s>            ( - 3.218e+02 1 0)))INFO: dtree.c(1439): stop. leaf nodes are specific
INFO: dtree.c(1478): Final simple tree
|( SILENCE -1 4.819e+02 1.598e+02 5.277e+01
|    ( - 4.030e+02 1 0)
|    ( - 2.387e+02 1 0))
s>    ( SILENCE -1 4.819e+02 1.598e+02 5.277e+01
s>        ( - 4.030e+02 1 0)
s>        ( - 2.387e+02 1 0))INFO: dtree.c(1315): Comp split 5
INFO: dtree.c(1439): stop. leaf nodes are specific
INFO: dtree.c(1478): Final simple tree
|( SILENCE -1 5.998e+02 1.569e+02 1.206e+02
|    ( - 4.349e+02 1 0)
|    ( - 3.218e+02 1 0))
s>    ( SILENCE -1 5.998e+02 1.569e+02 1.206e+02
s>        ( - 4.349e+02 1 0)
s>        ( - 3.218e+02 1 0))INFO: dtree.c(1315): Comp split 6
INFO: dtree.c(1315): Comp split 7
INFO: dtree.c(1315): Comp split 8
INFO: dtree.c(1318): stop. leaf nodes are specific
!!!!!!!!Allocated 66 lines
Sat Mar 30 00:24:00 2013
