INFO: cmd_ln.c(691): Parsing command line:
/usr/libexec/sphinxtrain/bldtree \
	-treefn /home/jerrin/Documents/project/main upload/chakka/trained data builds/tuttorialchakka_1/chakka/trees/chakka.unpruned/D-0.dtree \
	-moddeffn /home/jerrin/Documents/project/main upload/chakka/trained data builds/tuttorialchakka_1/chakka/model_architecture/chakka.untied.mdef \
	-mixwfn /home/jerrin/Documents/project/main upload/chakka/trained data builds/tuttorialchakka_1/chakka/model_parameters/chakka.cd_cont_untied/mixture_weights \
	-ts2cbfn .cont. \
	-mwfloor 1e-08 \
	-psetfn /home/jerrin/Documents/project/main upload/chakka/trained data builds/tuttorialchakka_1/chakka/model_architecture/chakka.tree_questions \
	-phone D \
	-state 0 \
	-stwt 1.0,0.05,0.0 \
	-meanfn /home/jerrin/Documents/project/main upload/chakka/trained data builds/tuttorialchakka_1/chakka/model_parameters/chakka.cd_cont_untied/means \
	-varfn /home/jerrin/Documents/project/main upload/chakka/trained data builds/tuttorialchakka_1/chakka/model_parameters/chakka.cd_cont_untied/variances \
	-fullvar no \
	-ssplitmin 1 \
	-ssplitmax 7 \
	-ssplitthr 0 \
	-csplitmin 1 \
	-csplitmax 2000 \
	-csplitthr 0 

Current configuration:
[NAME]		[DEFLT]	[VALUE]
-allphones	no	no
-cntthresh	0.00001	1.000000e-05
-csplitmax	100	2000
-csplitmin	1	1
-csplitthr	8e-4	0.000000e+00
-example	no	no
-fullvar	no	no
-help		no	no
-meanfn			/home/jerrin/Documents/project/main upload/chakka/trained data builds/tuttorialchakka_1/chakka/model_parameters/chakka.cd_cont_untied/means
-mixwfn			/home/jerrin/Documents/project/main upload/chakka/trained data builds/tuttorialchakka_1/chakka/model_parameters/chakka.cd_cont_untied/mixture_weights
-moddeffn		/home/jerrin/Documents/project/main upload/chakka/trained data builds/tuttorialchakka_1/chakka/model_architecture/chakka.untied.mdef
-mwfloor	1e-4	1.000000e-08
-phone			D
-psetfn			/home/jerrin/Documents/project/main upload/chakka/trained data builds/tuttorialchakka_1/chakka/model_architecture/chakka.tree_questions
-ssplitmax	5	7
-ssplitmin	1	1
-ssplitthr	8e-4	0.000000e+00
-state			0
-stwt			1.0,0.05,0.0,
-treefn			/home/jerrin/Documents/project/main upload/chakka/trained data builds/tuttorialchakka_1/chakka/trees/chakka.unpruned/D-0.dtree
-ts2cbfn	.semi.	.cont.
-varfloor	0.00001	1.000000e-05
-varfn			/home/jerrin/Documents/project/main upload/chakka/trained data builds/tuttorialchakka_1/chakka/model_parameters/chakka.cd_cont_untied/variances

INFO: main.c(223): Reading: /home/jerrin/Documents/project/main upload/chakka/trained data builds/tuttorialchakka_1/chakka/model_architecture/chakka.untied.mdef
INFO: model_def_io.c(573): Model definition info:
INFO: model_def_io.c(574): 347 total models defined (45 base, 302 tri)
INFO: model_def_io.c(575): 1388 total states
INFO: model_def_io.c(576): 1041 total tied states
INFO: model_def_io.c(577): 135 total tied CI states
INFO: model_def_io.c(578): 45 total tied transition matrices
INFO: model_def_io.c(579): 4 max state/model
INFO: model_def_io.c(580): 4 min state/model
INFO: main.c(242): Building trees for [D A A i] through [D UU T e]
INFO: main.c(268): Covering states |[402 437]| == 36
INFO: main.c(275): Reading: /home/jerrin/Documents/project/main upload/chakka/trained data builds/tuttorialchakka_1/chakka/model_parameters/chakka.cd_cont_untied/mixture_weights
INFO: s3mixw_io.c(172): Read /home/jerrin/Documents/project/main upload/chakka/trained data builds/tuttorialchakka_1/chakka/model_parameters/chakka.cd_cont_untied/mixture_weights [36x1x1 array]
INFO: main.c(311): 12 of 12 models have observation count greater than 0.000010
INFO: main.c(95): nrm stwt: 0.952 0.048 0.000 
INFO: s3gau_io.c(166): Read /home/jerrin/Documents/project/main upload/chakka/trained data builds/tuttorialchakka_1/chakka/model_parameters/chakka.cd_cont_untied/means [1041x1x1 array]
INFO: s3gau_io.c(166): Read /home/jerrin/Documents/project/main upload/chakka/trained data builds/tuttorialchakka_1/chakka/model_parameters/chakka.cd_cont_untied/variances [1041x1x1 array]
INFO: main.c(549): Reading: /home/jerrin/Documents/project/main upload/chakka/trained data builds/tuttorialchakka_1/chakka/model_architecture/chakka.tree_questions
INFO: main.c(587): 174 total simple questions (166 phone; 8 word bndry)
INFO: main.c(589): 40 Left Only questions, and 42 Right Only questions
INFO: dtree.c(1478): Final simple tree
|( QUESTION5 -1 -8.165e+03 3.833e+03 6.700e+02
|    ( QUESTION0 1 1.405e+03 8.545e+02 1.874e+02
|        ( - 1.871e+03 1 0)
|        ( - 3.880e+02 2 0))
|    ( QUESTION0_0_R 1 -5.736e+03 1.571e+03 4.826e+02
|        ( QUESTION0_1_R 1 -2.276e+03 1.249e+03 2.230e+02
|            ( QUESTION0 -1 -9.860e+02 6.040e+02 1.412e+02
|                ( - -9.538e+01 1 0)
|                ( - -2.866e+02 1 0))
|            ( - -4.107e+01 2 0 !QUESTION2_19_L -1 1.845e+02 8.174e+01))
|        ( QUESTION2_6_L -1 -1.888e+03 1.282e+03 2.597e+02
|            ( - -4.661e+02 2 0)
|            ( WDBNDRY_E 0 -1.404e+02 1.060e+03 1.405e+02
|                ( - 3.703e+02 2 0 SILENCE 1 2.023e+02 8.654e+01)
|                ( - 5.496e+02 1 0)))))
s>    ( QUESTION5 -1 -8.165e+03 3.833e+03 6.700e+02
s>        ( QUESTION0 1 1.405e+03 8.545e+02 1.874e+02
s>            ( - 1.871e+03 1 0)
s>            ( - 3.880e+02 2 0))
s>        ( QUESTION0_0_R 1 -5.736e+03 1.571e+03 4.826e+02
s>            ( QUESTION0_1_R 1 -2.276e+03 1.249e+03 2.230e+02
s>                ( QUESTION0 -1 -9.860e+02 6.040e+02 1.412e+02
s>                    ( - -9.538e+01 1 0)
s>                    ( - -2.866e+02 1 0))
s>                ( - -4.107e+01 2 0 !QUESTION2_19_L -1 1.845e+02 8.174e+01))
s>            ( QUESTION2_6_L -1 -1.888e+03 1.282e+03 2.597e+02
s>                ( - -4.661e+02 2 0)
s>                ( WDBNDRY_E 0 -1.404e+02 1.060e+03 1.405e+02
s>                    ( - 3.703e+02 2 0 SILENCE 1 2.023e+02 8.654e+01)
s>                    ( - 5.496e+02 1 0)))))INFO: dtree.c(1315): Comp split 0
INFO: dtree.c(1478): Final simple tree
|( QUESTION0_0_R 1 -5.736e+03 1.571e+03 4.826e+02
|    ( QUESTION0_1_R 1 -2.276e+03 1.249e+03 2.230e+02
|        ( QUESTION0 -1 -9.860e+02 6.040e+02 1.412e+02
|            ( - -9.538e+01 1 0)
|            ( - -2.866e+02 1 0))
|        ( !QUESTION2_19_L -1 -4.107e+01 1.845e+02 8.174e+01
|            ( - 1.454e+02 1 0)
|            ( - -2.033e+00 1 0)))
|    ( QUESTION2_6_L -1 -1.888e+03 1.282e+03 2.597e+02
|        ( - -4.661e+02 2 0)
|        ( WDBNDRY_E 0 -1.404e+02 1.060e+03 1.405e+02
|            ( SILENCE 1 3.703e+02 2.023e+02 8.654e+01
|                ( - 4.051e+02 1 0)
|                ( - 1.675e+02 1 0))
|            ( - 5.496e+02 1 0))))
s>    ( QUESTION0_0_R 1 -5.736e+03 1.571e+03 4.826e+02
s>        ( QUESTION0_1_R 1 -2.276e+03 1.249e+03 2.230e+02
s>            ( QUESTION0 -1 -9.860e+02 6.040e+02 1.412e+02
s>                ( - -9.538e+01 1 0)
s>                ( - -2.866e+02 1 0))
s>            ( !QUESTION2_19_L -1 -4.107e+01 1.845e+02 8.174e+01
s>                ( - 1.454e+02 1 0)
s>                ( - -2.033e+00 1 0)))
s>        ( QUESTION2_6_L -1 -1.888e+03 1.282e+03 2.597e+02
s>            ( - -4.661e+02 2 0)
s>            ( WDBNDRY_E 0 -1.404e+02 1.060e+03 1.405e+02
s>                ( SILENCE 1 3.703e+02 2.023e+02 8.654e+01
s>                    ( - 4.051e+02 1 0)
s>                    ( - 1.675e+02 1 0))
s>                ( - 5.496e+02 1 0))))INFO: dtree.c(1439): stop. leaf nodes are specific
INFO: dtree.c(1478): Final simple tree
|( QUESTION0 1 1.405e+03 8.545e+02 1.874e+02
|    ( - 1.871e+03 1 0)
|    ( - 3.880e+02 2 0))
s>    ( QUESTION0 1 1.405e+03 8.545e+02 1.874e+02
s>        ( - 1.871e+03 1 0)
s>        ( - 3.880e+02 2 0))INFO: dtree.c(1315): Comp split 1
INFO: dtree.c(1439): stop. leaf nodes are specific
INFO: dtree.c(1478): Final simple tree
|( QUESTION2_6_L -1 -1.888e+03 1.282e+03 2.597e+02
|    ( - -4.661e+02 2 0)
|    ( WDBNDRY_E 0 -1.404e+02 1.060e+03 1.405e+02
|        ( SILENCE 1 3.703e+02 2.023e+02 8.654e+01
|            ( - 4.051e+02 1 0)
|            ( - 1.675e+02 1 0))
|        ( - 5.496e+02 1 0)))
s>    ( QUESTION2_6_L -1 -1.888e+03 1.282e+03 2.597e+02
s>        ( - -4.661e+02 2 0)
s>        ( WDBNDRY_E 0 -1.404e+02 1.060e+03 1.405e+02
s>            ( SILENCE 1 3.703e+02 2.023e+02 8.654e+01
s>                ( - 4.051e+02 1 0)
s>                ( - 1.675e+02 1 0))
s>            ( - 5.496e+02 1 0)))INFO: dtree.c(1439): stop. leaf nodes are specific
INFO: dtree.c(1478): Final simple tree
|( QUESTION0_1_R 1 -2.276e+03 1.249e+03 2.230e+02
|    ( QUESTION0 -1 -9.860e+02 6.040e+02 1.412e+02
|        ( - -9.538e+01 1 0)
|        ( - -2.866e+02 1 0))
|    ( !QUESTION2_19_L -1 -4.107e+01 1.845e+02 8.174e+01
|        ( - 1.454e+02 1 0)
|        ( - -2.033e+00 1 0)))
s>    ( QUESTION0_1_R 1 -2.276e+03 1.249e+03 2.230e+02
s>        ( QUESTION0 -1 -9.860e+02 6.040e+02 1.412e+02
s>            ( - -9.538e+01 1 0)
s>            ( - -2.866e+02 1 0))
s>        ( !QUESTION2_19_L -1 -4.107e+01 1.845e+02 8.174e+01
s>            ( - 1.454e+02 1 0)
s>            ( - -2.033e+00 1 0)))INFO: dtree.c(1315): Comp split 2
INFO: dtree.c(1439): stop. leaf nodes are specific
INFO: dtree.c(1478): Final simple tree
|( WDBNDRY_E 0 -1.404e+02 1.060e+03 1.405e+02
|    ( SILENCE 1 3.703e+02 2.023e+02 8.654e+01
|        ( - 4.051e+02 1 0)
|        ( - 1.675e+02 1 0))
|    ( - 5.496e+02 1 0))
s>    ( WDBNDRY_E 0 -1.404e+02 1.060e+03 1.405e+02
s>        ( SILENCE 1 3.703e+02 2.023e+02 8.654e+01
s>            ( - 4.051e+02 1 0)
s>            ( - 1.675e+02 1 0))
s>        ( - 5.496e+02 1 0))INFO: dtree.c(1315): Comp split 3
INFO: dtree.c(1439): stop. leaf nodes are specific
INFO: dtree.c(1478): Final simple tree
|( !QUESTION2_19_L -1 -4.107e+01 1.845e+02 8.174e+01
|    ( - 1.454e+02 1 0)
|    ( - -2.033e+00 1 0))
s>    ( !QUESTION2_19_L -1 -4.107e+01 1.845e+02 8.174e+01
s>        ( - 1.454e+02 1 0)
s>        ( - -2.033e+00 1 0))INFO: dtree.c(1439): stop. leaf nodes are specific
INFO: dtree.c(1478): Final simple tree
|( QUESTION0 -1 -9.860e+02 6.040e+02 1.412e+02
|    ( - -9.538e+01 1 0)
|    ( - -2.866e+02 1 0))
s>    ( QUESTION0 -1 -9.860e+02 6.040e+02 1.412e+02
s>        ( - -9.538e+01 1 0)
s>        ( - -2.866e+02 1 0))INFO: dtree.c(1315): Comp split 4
INFO: dtree.c(1439): stop. leaf nodes are specific
INFO: dtree.c(1478): Final simple tree
|( SILENCE 1 3.703e+02 2.023e+02 8.654e+01
|    ( - 4.051e+02 1 0)
|    ( - 1.675e+02 1 0))
s>    ( SILENCE 1 3.703e+02 2.023e+02 8.654e+01
s>        ( - 4.051e+02 1 0)
s>        ( - 1.675e+02 1 0))INFO: dtree.c(1315): Comp split 5
INFO: dtree.c(1315): Comp split 6
INFO: dtree.c(1315): Comp split 7
INFO: dtree.c(1315): Comp split 8
INFO: dtree.c(1315): Comp split 9
INFO: dtree.c(1318): stop. leaf nodes are specific
!!!!!!!!Allocated 66 lines
Sat Mar 30 00:24:03 2013
