INFO: cmd_ln.c(691): Parsing command line:
/usr/libexec/sphinxtrain/bldtree \
	-treefn /home/jerrin/Documents/project/main upload/chakka/trained data builds/tuttorialchakka_1/chakka/trees/chakka.unpruned/N-1.dtree \
	-moddeffn /home/jerrin/Documents/project/main upload/chakka/trained data builds/tuttorialchakka_1/chakka/model_architecture/chakka.untied.mdef \
	-mixwfn /home/jerrin/Documents/project/main upload/chakka/trained data builds/tuttorialchakka_1/chakka/model_parameters/chakka.cd_cont_untied/mixture_weights \
	-ts2cbfn .cont. \
	-mwfloor 1e-08 \
	-psetfn /home/jerrin/Documents/project/main upload/chakka/trained data builds/tuttorialchakka_1/chakka/model_architecture/chakka.tree_questions \
	-phone N \
	-state 1 \
	-stwt 1.0,0.05,0.0 \
	-meanfn /home/jerrin/Documents/project/main upload/chakka/trained data builds/tuttorialchakka_1/chakka/model_parameters/chakka.cd_cont_untied/means \
	-varfn /home/jerrin/Documents/project/main upload/chakka/trained data builds/tuttorialchakka_1/chakka/model_parameters/chakka.cd_cont_untied/variances \
	-fullvar no \
	-ssplitmin 1 \
	-ssplitmax 7 \
	-ssplitthr 0 \
	-csplitmin 1 \
	-csplitmax 2000 \
	-csplitthr 0 

Current configuration:
[NAME]		[DEFLT]	[VALUE]
-allphones	no	no
-cntthresh	0.00001	1.000000e-05
-csplitmax	100	2000
-csplitmin	1	1
-csplitthr	8e-4	0.000000e+00
-example	no	no
-fullvar	no	no
-help		no	no
-meanfn			/home/jerrin/Documents/project/main upload/chakka/trained data builds/tuttorialchakka_1/chakka/model_parameters/chakka.cd_cont_untied/means
-mixwfn			/home/jerrin/Documents/project/main upload/chakka/trained data builds/tuttorialchakka_1/chakka/model_parameters/chakka.cd_cont_untied/mixture_weights
-moddeffn		/home/jerrin/Documents/project/main upload/chakka/trained data builds/tuttorialchakka_1/chakka/model_architecture/chakka.untied.mdef
-mwfloor	1e-4	1.000000e-08
-phone			N
-psetfn			/home/jerrin/Documents/project/main upload/chakka/trained data builds/tuttorialchakka_1/chakka/model_architecture/chakka.tree_questions
-ssplitmax	5	7
-ssplitmin	1	1
-ssplitthr	8e-4	0.000000e+00
-state			1
-stwt			1.0,0.05,0.0,
-treefn			/home/jerrin/Documents/project/main upload/chakka/trained data builds/tuttorialchakka_1/chakka/trees/chakka.unpruned/N-1.dtree
-ts2cbfn	.semi.	.cont.
-varfloor	0.00001	1.000000e-05
-varfn			/home/jerrin/Documents/project/main upload/chakka/trained data builds/tuttorialchakka_1/chakka/model_parameters/chakka.cd_cont_untied/variances

INFO: main.c(223): Reading: /home/jerrin/Documents/project/main upload/chakka/trained data builds/tuttorialchakka_1/chakka/model_architecture/chakka.untied.mdef
INFO: model_def_io.c(573): Model definition info:
INFO: model_def_io.c(574): 347 total models defined (45 base, 302 tri)
INFO: model_def_io.c(575): 1388 total states
INFO: model_def_io.c(576): 1041 total tied states
INFO: model_def_io.c(577): 135 total tied CI states
INFO: model_def_io.c(578): 45 total tied transition matrices
INFO: model_def_io.c(579): 4 max state/model
INFO: model_def_io.c(580): 4 min state/model
INFO: main.c(242): Building trees for [N A EY b] through [N SIL EY b]
INFO: main.c(268): Covering states |[729 761]| == 33
INFO: main.c(275): Reading: /home/jerrin/Documents/project/main upload/chakka/trained data builds/tuttorialchakka_1/chakka/model_parameters/chakka.cd_cont_untied/mixture_weights
INFO: s3mixw_io.c(172): Read /home/jerrin/Documents/project/main upload/chakka/trained data builds/tuttorialchakka_1/chakka/model_parameters/chakka.cd_cont_untied/mixture_weights [33x1x1 array]
INFO: main.c(311): 11 of 11 models have observation count greater than 0.000010
INFO: main.c(95): nrm stwt: 0.045 0.909 0.045 
INFO: s3gau_io.c(166): Read /home/jerrin/Documents/project/main upload/chakka/trained data builds/tuttorialchakka_1/chakka/model_parameters/chakka.cd_cont_untied/means [1041x1x1 array]
INFO: s3gau_io.c(166): Read /home/jerrin/Documents/project/main upload/chakka/trained data builds/tuttorialchakka_1/chakka/model_parameters/chakka.cd_cont_untied/variances [1041x1x1 array]
INFO: main.c(549): Reading: /home/jerrin/Documents/project/main upload/chakka/trained data builds/tuttorialchakka_1/chakka/model_architecture/chakka.tree_questions
INFO: main.c(587): 174 total simple questions (166 phone; 8 word bndry)
INFO: main.c(589): 40 Left Only questions, and 42 Right Only questions
INFO: dtree.c(1478): Final simple tree
|( QUESTION10 -1 -1.091e+03 1.378e+03 3.334e+02
|    ( QUESTION11 -1 1.057e+03 9.217e+02 1.138e+02
|        ( !QUESTION9 1 2.682e+02 4.620e+02 5.072e+01
|            ( - 3.882e+02 2 0 !QUESTION6 1 1.093e+02 4.272e+01)
|            ( - 3.420e+02 1 0))
|        ( !QUESTION6 1 1.710e+03 5.252e+02 6.310e+01
|            ( - 1.450e+03 1 0)
|            ( - 7.859e+02 1 0)))
|    ( QUESTION2_6_L -1 -7.693e+02 8.271e+02 2.196e+02
|        ( QUESTION0_1_R 1 2.988e+02 4.189e+02 1.336e+02
|            ( - 2.625e+02 1 0)
|            ( - 4.552e+02 1 0))
|        ( !QUESTION18 1 -2.409e+02 5.465e+02 8.594e+01
|            ( - -4.645e+01 3 0 QUESTION19 -1 2.465e+02 3.626e+01)
|            ( - 3.520e+02 1 0))))
s>    ( QUESTION10 -1 -1.091e+03 1.378e+03 3.334e+02
s>        ( QUESTION11 -1 1.057e+03 9.217e+02 1.138e+02
s>            ( !QUESTION9 1 2.682e+02 4.620e+02 5.072e+01
s>                ( - 3.882e+02 2 0 !QUESTION6 1 1.093e+02 4.272e+01)
s>                ( - 3.420e+02 1 0))
s>            ( !QUESTION6 1 1.710e+03 5.252e+02 6.310e+01
s>                ( - 1.450e+03 1 0)
s>                ( - 7.859e+02 1 0)))
s>        ( QUESTION2_6_L -1 -7.693e+02 8.271e+02 2.196e+02
s>            ( QUESTION0_1_R 1 2.988e+02 4.189e+02 1.336e+02
s>                ( - 2.625e+02 1 0)
s>                ( - 4.552e+02 1 0))
s>            ( !QUESTION18 1 -2.409e+02 5.465e+02 8.594e+01
s>                ( - -4.645e+01 3 0 QUESTION19 -1 2.465e+02 3.626e+01)
s>                ( - 3.520e+02 1 0))))INFO: dtree.c(1315): Comp split 0
INFO: dtree.c(1478): Final simple tree
|( QUESTION2 1 3.857e+02 8.730e+02 1.501e+02
|    ( - 1.450e+03 1 0)
|    ( !QUESTION2_18_L -1 -1.909e+02 6.581e+02 1.163e+02
|        ( !QUESTION10 -1 1.991e+02 5.404e+02 6.559e+01
|            ( QUESTION19 -1 -4.645e+01 2.465e+02 3.626e+01
|                ( - 1.722e+02 1 0)
|                ( !QUESTION2_4_L -1 2.781e+01 1.429e+02 2.715e+01
|                    ( - 4.705e+01 1 0)
|                    ( - 1.237e+02 1 0)))
|            ( - 7.859e+02 1 0))
|        ( !QUESTION9 1 2.682e+02 4.620e+02 5.072e+01
|            ( !QUESTION6 1 3.882e+02 1.093e+02 4.272e+01
|                ( - 2.732e+02 1 0)
|                ( - 2.243e+02 1 0))
|            ( - 3.420e+02 1 0))))
s>    ( QUESTION2 1 3.857e+02 8.730e+02 1.501e+02
s>        ( - 1.450e+03 1 0)
s>        ( !QUESTION2_18_L -1 -1.909e+02 6.581e+02 1.163e+02
s>            ( !QUESTION10 -1 1.991e+02 5.404e+02 6.559e+01
s>                ( QUESTION19 -1 -4.645e+01 2.465e+02 3.626e+01
s>                    ( - 1.722e+02 1 0)
s>                    ( !QUESTION2_4_L -1 2.781e+01 1.429e+02 2.715e+01
s>                        ( - 4.705e+01 1 0)
s>                        ( - 1.237e+02 1 0)))
s>                ( - 7.859e+02 1 0))
s>            ( !QUESTION9 1 2.682e+02 4.620e+02 5.072e+01
s>                ( !QUESTION6 1 3.882e+02 1.093e+02 4.272e+01
s>                    ( - 2.732e+02 1 0)
s>                    ( - 2.243e+02 1 0))
s>                ( - 3.420e+02 1 0))))INFO: dtree.c(1439): stop. leaf nodes are specific
INFO: dtree.c(1478): Final simple tree
|( QUESTION13 1 -6.266e+01 7.134e+02 1.833e+02
|    ( - 3.520e+02 1 0)
|    ( QUESTION0_1_R 1 2.988e+02 4.189e+02 1.336e+02
|        ( - 2.625e+02 1 0)
|        ( - 4.552e+02 1 0)))
s>    ( QUESTION13 1 -6.266e+01 7.134e+02 1.833e+02
s>        ( - 3.520e+02 1 0)
s>        ( QUESTION0_1_R 1 2.988e+02 4.189e+02 1.336e+02
s>            ( - 2.625e+02 1 0)
s>            ( - 4.552e+02 1 0)))INFO: dtree.c(1315): Comp split 1
INFO: dtree.c(1439): stop. leaf nodes are specific
INFO: dtree.c(1478): Final simple tree
|( !QUESTION2_18_L -1 -3.355e+02 5.573e+02 8.697e+01
|    ( QUESTION19 -1 -4.645e+01 2.465e+02 3.626e+01
|        ( - 1.722e+02 1 0)
|        ( !QUESTION2_4_L -1 2.781e+01 1.429e+02 2.715e+01
|            ( - 4.705e+01 1 0)
|            ( - 1.237e+02 1 0)))
|    ( !QUESTION9 1 2.682e+02 4.620e+02 5.072e+01
|        ( !QUESTION6 1 3.882e+02 1.093e+02 4.272e+01
|            ( - 2.732e+02 1 0)
|            ( - 2.243e+02 1 0))
|        ( - 3.420e+02 1 0)))
s>    ( !QUESTION2_18_L -1 -3.355e+02 5.573e+02 8.697e+01
s>        ( QUESTION19 -1 -4.645e+01 2.465e+02 3.626e+01
s>            ( - 1.722e+02 1 0)
s>            ( !QUESTION2_4_L -1 2.781e+01 1.429e+02 2.715e+01
s>                ( - 4.705e+01 1 0)
s>                ( - 1.237e+02 1 0)))
s>        ( !QUESTION9 1 2.682e+02 4.620e+02 5.072e+01
s>            ( !QUESTION6 1 3.882e+02 1.093e+02 4.272e+01
s>                ( - 2.732e+02 1 0)
s>                ( - 2.243e+02 1 0))
s>            ( - 3.420e+02 1 0)))INFO: dtree.c(1439): stop. leaf nodes are specific
INFO: dtree.c(1478): Final simple tree
|( !QUESTION6 1 1.710e+03 5.252e+02 6.310e+01
|    ( - 1.450e+03 1 0)
|    ( - 7.859e+02 1 0))
s>    ( !QUESTION6 1 1.710e+03 5.252e+02 6.310e+01
s>        ( - 1.450e+03 1 0)
s>        ( - 7.859e+02 1 0))INFO: dtree.c(1315): Comp split 2
INFO: dtree.c(1439): stop. leaf nodes are specific
INFO: dtree.c(1478): Final simple tree
|( QUESTION0_1_R 1 2.988e+02 4.189e+02 1.336e+02
|    ( - 2.625e+02 1 0)
|    ( - 4.552e+02 1 0))
s>    ( QUESTION0_1_R 1 2.988e+02 4.189e+02 1.336e+02
s>        ( - 2.625e+02 1 0)
s>        ( - 4.552e+02 1 0))INFO: dtree.c(1315): Comp split 3
INFO: dtree.c(1439): stop. leaf nodes are specific
INFO: dtree.c(1478): Final simple tree
|( !QUESTION9 1 2.682e+02 4.620e+02 5.072e+01
|    ( !QUESTION6 1 3.882e+02 1.093e+02 4.272e+01
|        ( - 2.732e+02 1 0)
|        ( - 2.243e+02 1 0))
|    ( - 3.420e+02 1 0))
s>    ( !QUESTION9 1 2.682e+02 4.620e+02 5.072e+01
s>        ( !QUESTION6 1 3.882e+02 1.093e+02 4.272e+01
s>            ( - 2.732e+02 1 0)
s>            ( - 2.243e+02 1 0))
s>        ( - 3.420e+02 1 0))INFO: dtree.c(1439): stop. leaf nodes are specific
INFO: dtree.c(1478): Final simple tree
|( QUESTION19 -1 -4.645e+01 2.465e+02 3.626e+01
|    ( - 1.722e+02 1 0)
|    ( !QUESTION2_4_L -1 2.781e+01 1.429e+02 2.715e+01
|        ( - 4.705e+01 1 0)
|        ( - 1.237e+02 1 0)))
s>    ( QUESTION19 -1 -4.645e+01 2.465e+02 3.626e+01
s>        ( - 1.722e+02 1 0)
s>        ( !QUESTION2_4_L -1 2.781e+01 1.429e+02 2.715e+01
s>            ( - 4.705e+01 1 0)
s>            ( - 1.237e+02 1 0)))INFO: dtree.c(1315): Comp split 4
INFO: dtree.c(1315): Comp split 5
INFO: dtree.c(1439): stop. leaf nodes are specific
INFO: dtree.c(1478): Final simple tree
|( !QUESTION6 1 3.882e+02 1.093e+02 4.272e+01
|    ( - 2.732e+02 1 0)
|    ( - 2.243e+02 1 0))
s>    ( !QUESTION6 1 3.882e+02 1.093e+02 4.272e+01
s>        ( - 2.732e+02 1 0)
s>        ( - 2.243e+02 1 0))INFO: dtree.c(1315): Comp split 6
INFO: dtree.c(1315): Comp split 7
INFO: dtree.c(1439): stop. leaf nodes are specific
INFO: dtree.c(1478): Final simple tree
|( !QUESTION2_4_L -1 2.781e+01 1.429e+02 2.715e+01
|    ( - 4.705e+01 1 0)
|    ( - 1.237e+02 1 0))
s>    ( !QUESTION2_4_L -1 2.781e+01 1.429e+02 2.715e+01
s>        ( - 4.705e+01 1 0)
s>        ( - 1.237e+02 1 0))INFO: dtree.c(1315): Comp split 8
INFO: dtree.c(1315): Comp split 9
INFO: dtree.c(1315): Comp split 10
INFO: dtree.c(1318): stop. leaf nodes are specific
!!!!!!!!Allocated 66 lines
Sat Mar 30 00:24:03 2013
