INFO: cmd_ln.c(691): Parsing command line:
/usr/libexec/sphinxtrain/bldtree \
	-treefn /home/jerrin/Documents/project/main upload/chakka/trained data builds/tuttorialchakka_1/chakka/trees/chakka.unpruned/U-2.dtree \
	-moddeffn /home/jerrin/Documents/project/main upload/chakka/trained data builds/tuttorialchakka_1/chakka/model_architecture/chakka.untied.mdef \
	-mixwfn /home/jerrin/Documents/project/main upload/chakka/trained data builds/tuttorialchakka_1/chakka/model_parameters/chakka.cd_cont_untied/mixture_weights \
	-ts2cbfn .cont. \
	-mwfloor 1e-08 \
	-psetfn /home/jerrin/Documents/project/main upload/chakka/trained data builds/tuttorialchakka_1/chakka/model_architecture/chakka.tree_questions \
	-phone U \
	-state 2 \
	-stwt 1.0,0.05,0.0 \
	-meanfn /home/jerrin/Documents/project/main upload/chakka/trained data builds/tuttorialchakka_1/chakka/model_parameters/chakka.cd_cont_untied/means \
	-varfn /home/jerrin/Documents/project/main upload/chakka/trained data builds/tuttorialchakka_1/chakka/model_parameters/chakka.cd_cont_untied/variances \
	-fullvar no \
	-ssplitmin 1 \
	-ssplitmax 7 \
	-ssplitthr 0 \
	-csplitmin 1 \
	-csplitmax 2000 \
	-csplitthr 0 

Current configuration:
[NAME]		[DEFLT]	[VALUE]
-allphones	no	no
-cntthresh	0.00001	1.000000e-05
-csplitmax	100	2000
-csplitmin	1	1
-csplitthr	8e-4	0.000000e+00
-example	no	no
-fullvar	no	no
-help		no	no
-meanfn			/home/jerrin/Documents/project/main upload/chakka/trained data builds/tuttorialchakka_1/chakka/model_parameters/chakka.cd_cont_untied/means
-mixwfn			/home/jerrin/Documents/project/main upload/chakka/trained data builds/tuttorialchakka_1/chakka/model_parameters/chakka.cd_cont_untied/mixture_weights
-moddeffn		/home/jerrin/Documents/project/main upload/chakka/trained data builds/tuttorialchakka_1/chakka/model_architecture/chakka.untied.mdef
-mwfloor	1e-4	1.000000e-08
-phone			U
-psetfn			/home/jerrin/Documents/project/main upload/chakka/trained data builds/tuttorialchakka_1/chakka/model_architecture/chakka.tree_questions
-ssplitmax	5	7
-ssplitmin	1	1
-ssplitthr	8e-4	0.000000e+00
-state			2
-stwt			1.0,0.05,0.0,
-treefn			/home/jerrin/Documents/project/main upload/chakka/trained data builds/tuttorialchakka_1/chakka/trees/chakka.unpruned/U-2.dtree
-ts2cbfn	.semi.	.cont.
-varfloor	0.00001	1.000000e-05
-varfn			/home/jerrin/Documents/project/main upload/chakka/trained data builds/tuttorialchakka_1/chakka/model_parameters/chakka.cd_cont_untied/variances

INFO: main.c(223): Reading: /home/jerrin/Documents/project/main upload/chakka/trained data builds/tuttorialchakka_1/chakka/model_architecture/chakka.untied.mdef
INFO: model_def_io.c(573): Model definition info:
INFO: model_def_io.c(574): 347 total models defined (45 base, 302 tri)
INFO: model_def_io.c(575): 1388 total states
INFO: model_def_io.c(576): 1041 total tied states
INFO: model_def_io.c(577): 135 total tied CI states
INFO: model_def_io.c(578): 45 total tied transition matrices
INFO: model_def_io.c(579): 4 max state/model
INFO: model_def_io.c(580): 4 min state/model
INFO: main.c(242): Building trees for [U DA DA e] through [U Y K i]
INFO: main.c(268): Covering states |[957 980]| == 24
INFO: main.c(275): Reading: /home/jerrin/Documents/project/main upload/chakka/trained data builds/tuttorialchakka_1/chakka/model_parameters/chakka.cd_cont_untied/mixture_weights
INFO: s3mixw_io.c(172): Read /home/jerrin/Documents/project/main upload/chakka/trained data builds/tuttorialchakka_1/chakka/model_parameters/chakka.cd_cont_untied/mixture_weights [24x1x1 array]
INFO: main.c(311): 8 of 8 models have observation count greater than 0.000010
INFO: main.c(95): nrm stwt: 0.000 0.048 0.952 
INFO: s3gau_io.c(166): Read /home/jerrin/Documents/project/main upload/chakka/trained data builds/tuttorialchakka_1/chakka/model_parameters/chakka.cd_cont_untied/means [1041x1x1 array]
INFO: s3gau_io.c(166): Read /home/jerrin/Documents/project/main upload/chakka/trained data builds/tuttorialchakka_1/chakka/model_parameters/chakka.cd_cont_untied/variances [1041x1x1 array]
INFO: main.c(549): Reading: /home/jerrin/Documents/project/main upload/chakka/trained data builds/tuttorialchakka_1/chakka/model_architecture/chakka.tree_questions
INFO: main.c(587): 174 total simple questions (166 phone; 8 word bndry)
INFO: main.c(589): 40 Left Only questions, and 42 Right Only questions
INFO: dtree.c(1478): Final simple tree
|( WDBNDRY_E 0 -9.240e+02 1.042e+03 2.873e+02
|    ( !QUESTION2 1 7.932e+02 1.691e+02 5.938e+01
|        ( - 4.101e+02 1 0)
|        ( - 5.522e+02 1 0))
|    ( QUESTION8 -1 -6.750e+02 1.031e+03 2.279e+02
|        ( !QUESTION15 1 6.235e+02 8.091e+02 1.164e+02
|            ( !QUESTION2_19_L -1 9.485e+02 3.244e+02 4.555e+01
|                ( - 4.247e+02 1 0)
|                ( - 8.482e+02 1 0))
|            ( - 4.840e+02 1 0))
|        ( !QUESTION2_10_L -1 -2.679e+02 8.965e+02 1.115e+02
|            ( QUESTION2_18_L -1 4.694e+02 1.611e+02 9.845e+01
|                ( - 2.184e+02 1 0)
|                ( - 4.121e+02 1 0))
|            ( - 1.592e+02 1 0))))
s>    ( WDBNDRY_E 0 -9.240e+02 1.042e+03 2.873e+02
s>        ( !QUESTION2 1 7.932e+02 1.691e+02 5.938e+01
s>            ( - 4.101e+02 1 0)
s>            ( - 5.522e+02 1 0))
s>        ( QUESTION8 -1 -6.750e+02 1.031e+03 2.279e+02
s>            ( !QUESTION15 1 6.235e+02 8.091e+02 1.164e+02
s>                ( !QUESTION2_19_L -1 9.485e+02 3.244e+02 4.555e+01
s>                    ( - 4.247e+02 1 0)
s>                    ( - 8.482e+02 1 0))
s>                ( - 4.840e+02 1 0))
s>            ( !QUESTION2_10_L -1 -2.679e+02 8.965e+02 1.115e+02
s>                ( QUESTION2_18_L -1 4.694e+02 1.611e+02 9.845e+01
s>                    ( - 2.184e+02 1 0)
s>                    ( - 4.121e+02 1 0))
s>                ( - 1.592e+02 1 0))))INFO: dtree.c(1315): Comp split 0
INFO: dtree.c(1439): stop. leaf nodes are specific
INFO: dtree.c(1478): Final simple tree
|( QUESTION2_18_L -1 4.694e+02 1.611e+02 9.845e+01
|    ( - 2.184e+02 1 0)
|    ( - 4.121e+02 1 0))
s>    ( QUESTION2_18_L -1 4.694e+02 1.611e+02 9.845e+01
s>        ( - 2.184e+02 1 0)
s>        ( - 4.121e+02 1 0))INFO: dtree.c(1439): stop. leaf nodes are specific
INFO: dtree.c(1478): Final simple tree
|( !QUESTION2_16_L -1 -2.460e+02 1.002e+03 1.888e+02
|    ( QUESTION4 1 -3.700e+01 8.449e+02 1.294e+02
|        ( !QUESTION2_19_L -1 9.485e+02 3.244e+02 4.555e+01
|            ( - 4.247e+02 1 0)
|            ( - 8.482e+02 1 0))
|        ( QUESTION2_14_L -1 -1.406e+02 7.839e+02 8.389e+01
|            ( - 4.840e+02 1 0)
|            ( - 1.592e+02 1 0)))
|    ( !QUESTION2 1 7.932e+02 1.691e+02 5.938e+01
|        ( - 4.101e+02 1 0)
|        ( - 5.522e+02 1 0)))
s>    ( !QUESTION2_16_L -1 -2.460e+02 1.002e+03 1.888e+02
s>        ( QUESTION4 1 -3.700e+01 8.449e+02 1.294e+02
s>            ( !QUESTION2_19_L -1 9.485e+02 3.244e+02 4.555e+01
s>                ( - 4.247e+02 1 0)
s>                ( - 8.482e+02 1 0))
s>            ( QUESTION2_14_L -1 -1.406e+02 7.839e+02 8.389e+01
s>                ( - 4.840e+02 1 0)
s>                ( - 1.592e+02 1 0)))
s>        ( !QUESTION2 1 7.932e+02 1.691e+02 5.938e+01
s>            ( - 4.101e+02 1 0)
s>            ( - 5.522e+02 1 0)))INFO: dtree.c(1315): Comp split 1
INFO: dtree.c(1439): stop. leaf nodes are specific
INFO: dtree.c(1478): Final simple tree
|( QUESTION4 1 -3.700e+01 8.449e+02 1.294e+02
|    ( !QUESTION2_19_L -1 9.485e+02 3.244e+02 4.555e+01
|        ( - 4.247e+02 1 0)
|        ( - 8.482e+02 1 0))
|    ( QUESTION2_14_L -1 -1.406e+02 7.839e+02 8.389e+01
|        ( - 4.840e+02 1 0)
|        ( - 1.592e+02 1 0)))
s>    ( QUESTION4 1 -3.700e+01 8.449e+02 1.294e+02
s>        ( !QUESTION2_19_L -1 9.485e+02 3.244e+02 4.555e+01
s>            ( - 4.247e+02 1 0)
s>            ( - 8.482e+02 1 0))
s>        ( QUESTION2_14_L -1 -1.406e+02 7.839e+02 8.389e+01
s>            ( - 4.840e+02 1 0)
s>            ( - 1.592e+02 1 0)))INFO: dtree.c(1439): stop. leaf nodes are specific
INFO: dtree.c(1478): Final simple tree
|( !QUESTION2 1 7.932e+02 1.691e+02 5.938e+01
|    ( - 4.101e+02 1 0)
|    ( - 5.522e+02 1 0))
s>    ( !QUESTION2 1 7.932e+02 1.691e+02 5.938e+01
s>        ( - 4.101e+02 1 0)
s>        ( - 5.522e+02 1 0))INFO: dtree.c(1315): Comp split 2
INFO: dtree.c(1439): stop. leaf nodes are specific
INFO: dtree.c(1478): Final simple tree
|( QUESTION2_14_L -1 -1.406e+02 7.839e+02 8.389e+01
|    ( - 4.840e+02 1 0)
|    ( - 1.592e+02 1 0))
s>    ( QUESTION2_14_L -1 -1.406e+02 7.839e+02 8.389e+01
s>        ( - 4.840e+02 1 0)
s>        ( - 1.592e+02 1 0))INFO: dtree.c(1439): stop. leaf nodes are specific
INFO: dtree.c(1478): Final simple tree
|( !QUESTION2_19_L -1 9.485e+02 3.244e+02 4.555e+01
|    ( - 4.247e+02 1 0)
|    ( - 8.482e+02 1 0))
s>    ( !QUESTION2_19_L -1 9.485e+02 3.244e+02 4.555e+01
s>        ( - 4.247e+02 1 0)
s>        ( - 8.482e+02 1 0))INFO: dtree.c(1315): Comp split 3
INFO: dtree.c(1315): Comp split 4
INFO: dtree.c(1315): Comp split 5
INFO: dtree.c(1315): Comp split 6
INFO: dtree.c(1315): Comp split 7
INFO: dtree.c(1318): stop. leaf nodes are specific
!!!!!!!!Allocated 66 lines
Sat Mar 30 00:24:04 2013
