INFO: cmd_ln.c(691): Parsing command line:
/usr/libexec/sphinxtrain/bldtree \
	-treefn /home/jerrin/Documents/project/main upload/chakka/trained data builds/tuttorialchakka_1/chakka/trees/chakka.unpruned/CH-2.dtree \
	-moddeffn /home/jerrin/Documents/project/main upload/chakka/trained data builds/tuttorialchakka_1/chakka/model_architecture/chakka.untied.mdef \
	-mixwfn /home/jerrin/Documents/project/main upload/chakka/trained data builds/tuttorialchakka_1/chakka/model_parameters/chakka.cd_cont_untied/mixture_weights \
	-ts2cbfn .cont. \
	-mwfloor 1e-08 \
	-psetfn /home/jerrin/Documents/project/main upload/chakka/trained data builds/tuttorialchakka_1/chakka/model_architecture/chakka.tree_questions \
	-phone CH \
	-state 2 \
	-stwt 1.0,0.05,0.0 \
	-meanfn /home/jerrin/Documents/project/main upload/chakka/trained data builds/tuttorialchakka_1/chakka/model_parameters/chakka.cd_cont_untied/means \
	-varfn /home/jerrin/Documents/project/main upload/chakka/trained data builds/tuttorialchakka_1/chakka/model_parameters/chakka.cd_cont_untied/variances \
	-fullvar no \
	-ssplitmin 1 \
	-ssplitmax 7 \
	-ssplitthr 0 \
	-csplitmin 1 \
	-csplitmax 2000 \
	-csplitthr 0 

Current configuration:
[NAME]		[DEFLT]	[VALUE]
-allphones	no	no
-cntthresh	0.00001	1.000000e-05
-csplitmax	100	2000
-csplitmin	1	1
-csplitthr	8e-4	0.000000e+00
-example	no	no
-fullvar	no	no
-help		no	no
-meanfn			/home/jerrin/Documents/project/main upload/chakka/trained data builds/tuttorialchakka_1/chakka/model_parameters/chakka.cd_cont_untied/means
-mixwfn			/home/jerrin/Documents/project/main upload/chakka/trained data builds/tuttorialchakka_1/chakka/model_parameters/chakka.cd_cont_untied/mixture_weights
-moddeffn		/home/jerrin/Documents/project/main upload/chakka/trained data builds/tuttorialchakka_1/chakka/model_architecture/chakka.untied.mdef
-mwfloor	1e-4	1.000000e-08
-phone			CH
-psetfn			/home/jerrin/Documents/project/main upload/chakka/trained data builds/tuttorialchakka_1/chakka/model_architecture/chakka.tree_questions
-ssplitmax	5	7
-ssplitmin	1	1
-ssplitthr	8e-4	0.000000e+00
-state			2
-stwt			1.0,0.05,0.0,
-treefn			/home/jerrin/Documents/project/main upload/chakka/trained data builds/tuttorialchakka_1/chakka/trees/chakka.unpruned/CH-2.dtree
-ts2cbfn	.semi.	.cont.
-varfloor	0.00001	1.000000e-05
-varfn			/home/jerrin/Documents/project/main upload/chakka/trained data builds/tuttorialchakka_1/chakka/model_parameters/chakka.cd_cont_untied/variances

INFO: main.c(223): Reading: /home/jerrin/Documents/project/main upload/chakka/trained data builds/tuttorialchakka_1/chakka/model_architecture/chakka.untied.mdef
INFO: model_def_io.c(573): Model definition info:
INFO: model_def_io.c(574): 347 total models defined (45 base, 302 tri)
INFO: model_def_io.c(575): 1388 total states
INFO: model_def_io.c(576): 1041 total tied states
INFO: model_def_io.c(577): 135 total tied CI states
INFO: model_def_io.c(578): 45 total tied transition matrices
INFO: model_def_io.c(579): 4 max state/model
INFO: model_def_io.c(580): 4 min state/model
INFO: main.c(242): Building trees for [CH A E i] through [CH SIL A b]
INFO: main.c(268): Covering states |[390 401]| == 12
INFO: main.c(275): Reading: /home/jerrin/Documents/project/main upload/chakka/trained data builds/tuttorialchakka_1/chakka/model_parameters/chakka.cd_cont_untied/mixture_weights
INFO: s3mixw_io.c(172): Read /home/jerrin/Documents/project/main upload/chakka/trained data builds/tuttorialchakka_1/chakka/model_parameters/chakka.cd_cont_untied/mixture_weights [12x1x1 array]
INFO: main.c(311): 4 of 4 models have observation count greater than 0.000010
INFO: main.c(95): nrm stwt: 0.000 0.048 0.952 
INFO: s3gau_io.c(166): Read /home/jerrin/Documents/project/main upload/chakka/trained data builds/tuttorialchakka_1/chakka/model_parameters/chakka.cd_cont_untied/means [1041x1x1 array]
INFO: s3gau_io.c(166): Read /home/jerrin/Documents/project/main upload/chakka/trained data builds/tuttorialchakka_1/chakka/model_parameters/chakka.cd_cont_untied/variances [1041x1x1 array]
INFO: main.c(549): Reading: /home/jerrin/Documents/project/main upload/chakka/trained data builds/tuttorialchakka_1/chakka/model_architecture/chakka.tree_questions
INFO: main.c(587): 174 total simple questions (166 phone; 8 word bndry)
INFO: main.c(589): 40 Left Only questions, and 42 Right Only questions
INFO: dtree.c(1439): stop. leaf nodes are specific
INFO: dtree.c(1478): Final simple tree
|( !QUESTION19 1 -1.057e+03 6.915e+02 1.629e+02
|    ( - 1.666e+02 1 0)
|    ( !QUESTION19 -1 -5.323e+02 4.338e+02 1.349e+02
|        ( !QUESTION2_19_L -1 -2.070e+02 7.606e+01 7.335e+01
|            ( - -1.486e+02 1 0)
|            ( - 1.766e+01 1 0))
|        ( - 1.085e+02 1 0)))
s>    ( !QUESTION19 1 -1.057e+03 6.915e+02 1.629e+02
s>        ( - 1.666e+02 1 0)
s>        ( !QUESTION19 -1 -5.323e+02 4.338e+02 1.349e+02
s>            ( !QUESTION2_19_L -1 -2.070e+02 7.606e+01 7.335e+01
s>                ( - -1.486e+02 1 0)
s>                ( - 1.766e+01 1 0))
s>            ( - 1.085e+02 1 0)))INFO: dtree.c(1315): Comp split 0
INFO: dtree.c(1439): stop. leaf nodes are specific
INFO: dtree.c(1478): Final simple tree
|( !QUESTION19 -1 -5.323e+02 4.338e+02 1.349e+02
|    ( !QUESTION2_19_L -1 -2.070e+02 7.606e+01 7.335e+01
|        ( - -1.486e+02 1 0)
|        ( - 1.766e+01 1 0))
|    ( - 1.085e+02 1 0))
s>    ( !QUESTION19 -1 -5.323e+02 4.338e+02 1.349e+02
s>        ( !QUESTION2_19_L -1 -2.070e+02 7.606e+01 7.335e+01
s>            ( - -1.486e+02 1 0)
s>            ( - 1.766e+01 1 0))
s>        ( - 1.085e+02 1 0))INFO: dtree.c(1315): Comp split 1
INFO: dtree.c(1439): stop. leaf nodes are specific
INFO: dtree.c(1478): Final simple tree
|( !QUESTION2_19_L -1 -2.070e+02 7.606e+01 7.335e+01
|    ( - -1.486e+02 1 0)
|    ( - 1.766e+01 1 0))
s>    ( !QUESTION2_19_L -1 -2.070e+02 7.606e+01 7.335e+01
s>        ( - -1.486e+02 1 0)
s>        ( - 1.766e+01 1 0))INFO: dtree.c(1315): Comp split 2
INFO: dtree.c(1315): Comp split 3
INFO: dtree.c(1318): stop. leaf nodes are specific
!!!!!!!!Allocated 66 lines
Sat Mar 30 00:24:01 2013
