INFO: cmd_ln.c(691): Parsing command line:
/usr/libexec/sphinxtrain/bldtree \
	-treefn /home/jerrin/Documents/project/main upload/chakka/trained data builds/tuttorialchakka_1/chakka/trees/chakka.unpruned/A-2.dtree \
	-moddeffn /home/jerrin/Documents/project/main upload/chakka/trained data builds/tuttorialchakka_1/chakka/model_architecture/chakka.untied.mdef \
	-mixwfn /home/jerrin/Documents/project/main upload/chakka/trained data builds/tuttorialchakka_1/chakka/model_parameters/chakka.cd_cont_untied/mixture_weights \
	-ts2cbfn .cont. \
	-mwfloor 1e-08 \
	-psetfn /home/jerrin/Documents/project/main upload/chakka/trained data builds/tuttorialchakka_1/chakka/model_architecture/chakka.tree_questions \
	-phone A \
	-state 2 \
	-stwt 1.0,0.05,0.0 \
	-meanfn /home/jerrin/Documents/project/main upload/chakka/trained data builds/tuttorialchakka_1/chakka/model_parameters/chakka.cd_cont_untied/means \
	-varfn /home/jerrin/Documents/project/main upload/chakka/trained data builds/tuttorialchakka_1/chakka/model_parameters/chakka.cd_cont_untied/variances \
	-fullvar no \
	-ssplitmin 1 \
	-ssplitmax 7 \
	-ssplitthr 0 \
	-csplitmin 1 \
	-csplitmax 2000 \
	-csplitthr 0 

Current configuration:
[NAME]		[DEFLT]	[VALUE]
-allphones	no	no
-cntthresh	0.00001	1.000000e-05
-csplitmax	100	2000
-csplitmin	1	1
-csplitthr	8e-4	0.000000e+00
-example	no	no
-fullvar	no	no
-help		no	no
-meanfn			/home/jerrin/Documents/project/main upload/chakka/trained data builds/tuttorialchakka_1/chakka/model_parameters/chakka.cd_cont_untied/means
-mixwfn			/home/jerrin/Documents/project/main upload/chakka/trained data builds/tuttorialchakka_1/chakka/model_parameters/chakka.cd_cont_untied/mixture_weights
-moddeffn		/home/jerrin/Documents/project/main upload/chakka/trained data builds/tuttorialchakka_1/chakka/model_architecture/chakka.untied.mdef
-mwfloor	1e-4	1.000000e-08
-phone			A
-psetfn			/home/jerrin/Documents/project/main upload/chakka/trained data builds/tuttorialchakka_1/chakka/model_architecture/chakka.tree_questions
-ssplitmax	5	7
-ssplitmin	1	1
-ssplitthr	8e-4	0.000000e+00
-state			2
-stwt			1.0,0.05,0.0,
-treefn			/home/jerrin/Documents/project/main upload/chakka/trained data builds/tuttorialchakka_1/chakka/trees/chakka.unpruned/A-2.dtree
-ts2cbfn	.semi.	.cont.
-varfloor	0.00001	1.000000e-05
-varfn			/home/jerrin/Documents/project/main upload/chakka/trained data builds/tuttorialchakka_1/chakka/model_parameters/chakka.cd_cont_untied/variances

INFO: main.c(223): Reading: /home/jerrin/Documents/project/main upload/chakka/trained data builds/tuttorialchakka_1/chakka/model_architecture/chakka.untied.mdef
INFO: model_def_io.c(573): Model definition info:
INFO: model_def_io.c(574): 347 total models defined (45 base, 302 tri)
INFO: model_def_io.c(575): 1388 total states
INFO: model_def_io.c(576): 1041 total tied states
INFO: model_def_io.c(577): 135 total tied CI states
INFO: model_def_io.c(578): 45 total tied transition matrices
INFO: model_def_io.c(579): 4 max state/model
INFO: model_def_io.c(580): 4 min state/model
INFO: main.c(242): Building trees for [A A D b] through [A ZH K i]
INFO: main.c(268): Covering states |[135 281]| == 147
INFO: main.c(275): Reading: /home/jerrin/Documents/project/main upload/chakka/trained data builds/tuttorialchakka_1/chakka/model_parameters/chakka.cd_cont_untied/mixture_weights
INFO: s3mixw_io.c(172): Read /home/jerrin/Documents/project/main upload/chakka/trained data builds/tuttorialchakka_1/chakka/model_parameters/chakka.cd_cont_untied/mixture_weights [147x1x1 array]
INFO: main.c(311): 49 of 49 models have observation count greater than 0.000010
INFO: main.c(95): nrm stwt: 0.000 0.048 0.952 
INFO: s3gau_io.c(166): Read /home/jerrin/Documents/project/main upload/chakka/trained data builds/tuttorialchakka_1/chakka/model_parameters/chakka.cd_cont_untied/means [1041x1x1 array]
INFO: s3gau_io.c(166): Read /home/jerrin/Documents/project/main upload/chakka/trained data builds/tuttorialchakka_1/chakka/model_parameters/chakka.cd_cont_untied/variances [1041x1x1 array]
INFO: main.c(549): Reading: /home/jerrin/Documents/project/main upload/chakka/trained data builds/tuttorialchakka_1/chakka/model_architecture/chakka.tree_questions
INFO: main.c(587): 174 total simple questions (166 phone; 8 word bndry)
INFO: main.c(589): 40 Left Only questions, and 42 Right Only questions
INFO: dtree.c(1478): Final simple tree
|( WDBNDRY_E 0 -2.521e+04 1.317e+04 3.622e+03
|    ( QUESTION0_15_R 1 2.579e+03 7.402e+03 1.873e+03
|        ( QUESTION5 -1 1.161e+04 1.870e+03 7.692e+02
|            ( - 1.206e+04 1 0)
|            ( - 1.422e+03 2 0 QUESTION2_18_L -1 3.411e+02 1.891e+02))
|        ( - -1.627e+03 8 0 !QUESTION0_0_R 1 7.406e+02 1.104e+03))
|    ( !QUESTION0_3_R 1 -1.461e+04 4.891e+03 1.749e+03
|        ( !QUESTION0_9_R 1 -1.305e+04 3.267e+03 1.449e+03
|            ( - -2.418e+03 16 0 QUESTION2_8_L -1 1.627e+03 6.110e+02)
|            ( !QUESTION5 1 -7.364e+03 2.239e+03 8.378e+02
|                ( - -3.478e+03 11 0 !QUESTION4 -1 1.417e+03 6.085e+02)
|                ( - -1.648e+03 7 0 !QUESTION4 -1 5.514e+02 2.293e+02)))
|        ( !QUESTION2_10_L -1 3.325e+03 2.550e+03 3.004e+02
|            ( - 5.942e+03 3 0 !QUESTION2_14_L -1 1.259e+03 2.513e+02)
|            ( - -6.629e+01 1 0))))
s>    ( WDBNDRY_E 0 -2.521e+04 1.317e+04 3.622e+03
s>        ( QUESTION0_15_R 1 2.579e+03 7.402e+03 1.873e+03
s>            ( QUESTION5 -1 1.161e+04 1.870e+03 7.692e+02
s>                ( - 1.206e+04 1 0)
s>                ( - 1.422e+03 2 0 QUESTION2_18_L -1 3.411e+02 1.891e+02))
s>            ( - -1.627e+03 8 0 !QUESTION0_0_R 1 7.406e+02 1.104e+03))
s>        ( !QUESTION0_3_R 1 -1.461e+04 4.891e+03 1.749e+03
s>            ( !QUESTION0_9_R 1 -1.305e+04 3.267e+03 1.449e+03
s>                ( - -2.418e+03 16 0 QUESTION2_8_L -1 1.627e+03 6.110e+02)
s>                ( !QUESTION5 1 -7.364e+03 2.239e+03 8.378e+02
s>                    ( - -3.478e+03 11 0 !QUESTION4 -1 1.417e+03 6.085e+02)
s>                    ( - -1.648e+03 7 0 !QUESTION4 -1 5.514e+02 2.293e+02)))
s>            ( !QUESTION2_10_L -1 3.325e+03 2.550e+03 3.004e+02
s>                ( - 5.942e+03 3 0 !QUESTION2_14_L -1 1.259e+03 2.513e+02)
s>                ( - -6.629e+01 1 0))))INFO: dtree.c(1315): Comp split 0
INFO: dtree.c(1478): Final simple tree
|( !QUESTION0_3_R 1 -1.461e+04 4.891e+03 1.749e+03
|    ( !QUESTION0_9_R 1 -1.305e+04 3.267e+03 1.449e+03
|        ( QUESTION2_8_L -1 -2.418e+03 1.627e+03 6.110e+02
|            ( - 3.377e+02 7 0 !QUESTION9 1 1.093e+03 2.765e+02)
|            ( - -1.129e+03 9 0 !QUESTION18 1 9.289e+02 3.345e+02))
|        ( !QUESTION5 1 -7.364e+03 2.239e+03 8.378e+02
|            ( !QUESTION4 -1 -3.478e+03 1.417e+03 6.085e+02
|                ( - -3.142e+03 9 0 QUESTION2_13_L -1 1.029e+03 4.212e+02)
|                ( - 1.081e+03 2 0))
|            ( - -1.648e+03 7 0 !QUESTION4 -1 5.514e+02 2.293e+02)))
|    ( !QUESTION2_10_L -1 3.325e+03 2.550e+03 3.004e+02
|        ( !QUESTION2_14_L -1 5.942e+03 1.259e+03 2.513e+02
|            ( - 3.807e+03 2 0 !QUESTION9 -1 9.848e+02 1.472e+02)
|            ( - 3.394e+03 1 0))
|        ( - -6.629e+01 1 0)))
s>    ( !QUESTION0_3_R 1 -1.461e+04 4.891e+03 1.749e+03
s>        ( !QUESTION0_9_R 1 -1.305e+04 3.267e+03 1.449e+03
s>            ( QUESTION2_8_L -1 -2.418e+03 1.627e+03 6.110e+02
s>                ( - 3.377e+02 7 0 !QUESTION9 1 1.093e+03 2.765e+02)
s>                ( - -1.129e+03 9 0 !QUESTION18 1 9.289e+02 3.345e+02))
s>            ( !QUESTION5 1 -7.364e+03 2.239e+03 8.378e+02
s>                ( !QUESTION4 -1 -3.478e+03 1.417e+03 6.085e+02
s>                    ( - -3.142e+03 9 0 QUESTION2_13_L -1 1.029e+03 4.212e+02)
s>                    ( - 1.081e+03 2 0))
s>                ( - -1.648e+03 7 0 !QUESTION4 -1 5.514e+02 2.293e+02)))
s>        ( !QUESTION2_10_L -1 3.325e+03 2.550e+03 3.004e+02
s>            ( !QUESTION2_14_L -1 5.942e+03 1.259e+03 2.513e+02
s>                ( - 3.807e+03 2 0 !QUESTION9 -1 9.848e+02 1.472e+02)
s>                ( - 3.394e+03 1 0))
s>            ( - -6.629e+01 1 0)))INFO: dtree.c(1478): Final simple tree
|( QUESTION0_15_R 1 2.579e+03 7.402e+03 1.873e+03
|    ( QUESTION5 -1 1.161e+04 1.870e+03 7.692e+02
|        ( - 1.206e+04 1 0)
|        ( - 1.422e+03 2 0 QUESTION2_18_L -1 3.411e+02 1.891e+02))
|    ( !QUESTION0_0_R 1 -1.627e+03 7.406e+02 1.104e+03
|        ( !QUESTION0 -1 -1.150e+03 7.181e+02 9.974e+02
|            ( - 3.296e+02 1 0)
|            ( !QUESTION4 -1 -7.617e+02 3.964e+02 9.000e+02
|                ( - -3.383e+01 1 0)
|                ( SILENCE 1 -3.315e+02 3.809e+02 5.319e+02
|                    ( - -5.988e+02 1 0)
|                    ( - 6.482e+02 2 0 !QUESTION0_13_R 1 1.312e+02 1.110e+02))))
|        ( QUESTION0_1_R 1 2.642e+02 4.591e+02 1.065e+02
|            ( - 1.562e+02 1 0)
|            ( - 5.672e+02 2 0 QUESTION2_17_L -1 1.746e+02 9.377e+01))))
s>    ( QUESTION0_15_R 1 2.579e+03 7.402e+03 1.873e+03
s>        ( QUESTION5 -1 1.161e+04 1.870e+03 7.692e+02
s>            ( - 1.206e+04 1 0)
s>            ( - 1.422e+03 2 0 QUESTION2_18_L -1 3.411e+02 1.891e+02))
s>        ( !QUESTION0_0_R 1 -1.627e+03 7.406e+02 1.104e+03
s>            ( !QUESTION0 -1 -1.150e+03 7.181e+02 9.974e+02
s>                ( - 3.296e+02 1 0)
s>                ( !QUESTION4 -1 -7.617e+02 3.964e+02 9.000e+02
s>                    ( - -3.383e+01 1 0)
s>                    ( SILENCE 1 -3.315e+02 3.809e+02 5.319e+02
s>                        ( - -5.988e+02 1 0)
s>                        ( - 6.482e+02 2 0 !QUESTION0_13_R 1 1.312e+02 1.110e+02))))
s>            ( QUESTION0_1_R 1 2.642e+02 4.591e+02 1.065e+02
s>                ( - 1.562e+02 1 0)
s>                ( - 5.672e+02 2 0 QUESTION2_17_L -1 1.746e+02 9.377e+01))))INFO: dtree.c(1315): Comp split 1
INFO: dtree.c(1478): Final simple tree
|( !QUESTION0_15_R 1 -1.403e+03 1.199e+03 1.293e+03
|    ( !QUESTION0_0_R 1 -1.627e+03 7.406e+02 1.104e+03
|        ( !QUESTION0 -1 -1.150e+03 7.181e+02 9.974e+02
|            ( - 3.296e+02 1 0)
|            ( !QUESTION4 -1 -7.617e+02 3.964e+02 9.000e+02
|                ( - -3.383e+01 1 0)
|                ( SILENCE 1 -3.315e+02 3.809e+02 5.319e+02
|                    ( - -5.988e+02 1 0)
|                    ( - 6.482e+02 2 0 !QUESTION0_13_R 1 1.312e+02 1.110e+02))))
|        ( QUESTION0_1_R 1 2.642e+02 4.591e+02 1.065e+02
|            ( - 1.562e+02 1 0)
|            ( - 5.672e+02 2 0 QUESTION2_17_L -1 1.746e+02 9.377e+01)))
|    ( QUESTION2_18_L -1 1.422e+03 3.411e+02 1.891e+02
|        ( - 6.557e+02 1 0)
|        ( - 1.107e+03 1 0)))
s>    ( !QUESTION0_15_R 1 -1.403e+03 1.199e+03 1.293e+03
s>        ( !QUESTION0_0_R 1 -1.627e+03 7.406e+02 1.104e+03
s>            ( !QUESTION0 -1 -1.150e+03 7.181e+02 9.974e+02
s>                ( - 3.296e+02 1 0)
s>                ( !QUESTION4 -1 -7.617e+02 3.964e+02 9.000e+02
s>                    ( - -3.383e+01 1 0)
s>                    ( SILENCE 1 -3.315e+02 3.809e+02 5.319e+02
s>                        ( - -5.988e+02 1 0)
s>                        ( - 6.482e+02 2 0 !QUESTION0_13_R 1 1.312e+02 1.110e+02))))
s>            ( QUESTION0_1_R 1 2.642e+02 4.591e+02 1.065e+02
s>                ( - 1.562e+02 1 0)
s>                ( - 5.672e+02 2 0 QUESTION2_17_L -1 1.746e+02 9.377e+01)))
s>        ( QUESTION2_18_L -1 1.422e+03 3.411e+02 1.891e+02
s>            ( - 6.557e+02 1 0)
s>            ( - 1.107e+03 1 0)))INFO: dtree.c(1315): Comp split 2
INFO: dtree.c(1439): stop. leaf nodes are specific
INFO: dtree.c(1478): Final simple tree
|( !QUESTION2_14_L -1 5.942e+03 1.259e+03 2.513e+02
|    ( !QUESTION9 -1 3.807e+03 9.848e+02 1.472e+02
|        ( - 3.237e+03 1 0)
|        ( - 1.555e+03 1 0))
|    ( - 3.394e+03 1 0))
s>    ( !QUESTION2_14_L -1 5.942e+03 1.259e+03 2.513e+02
s>        ( !QUESTION9 -1 3.807e+03 9.848e+02 1.472e+02
s>            ( - 3.237e+03 1 0)
s>            ( - 1.555e+03 1 0))
s>        ( - 3.394e+03 1 0))INFO: dtree.c(1478): Final simple tree
|( QUESTION0_0_R 1 -1.435e+04 3.298e+03 1.498e+03
|    ( QUESTION2_8_L -1 -3.688e+03 1.458e+03 6.601e+02
|        ( !QUESTION0 1 -1.102e+03 1.746e+03 3.256e+02
|            ( - -2.592e+02 2 0 QUESTION0_3_R 1 6.062e+02 9.177e+01)
|            ( - 9.032e+02 6 0 QUESTION6 -1 6.065e+02 2.338e+02))
|        ( !QUESTION18 1 -1.129e+03 9.289e+02 3.345e+02
|            ( - -7.363e+02 7 0 !QUESTION2_18_L -1 3.775e+02 2.755e+02)
|            ( - 5.362e+02 2 0 !QUESTION2_18_L -1 2.735e+02 5.903e+01)))
|    ( !QUESTION5 1 -7.364e+03 2.239e+03 8.378e+02
|        ( !QUESTION4 -1 -3.478e+03 1.417e+03 6.085e+02
|            ( QUESTION2_13_L -1 -3.142e+03 1.029e+03 4.212e+02
|                ( - -3.417e+02 2 0 QUESTION0_16_R 1 8.710e+02 1.170e+02)
|                ( - -1.771e+03 7 0 QUESTION2_6_L -1 8.731e+02 3.042e+02))
|            ( - 1.081e+03 2 0))
|        ( - -1.648e+03 7 0 !QUESTION4 -1 5.514e+02 2.293e+02)))
s>    ( QUESTION0_0_R 1 -1.435e+04 3.298e+03 1.498e+03
s>        ( QUESTION2_8_L -1 -3.688e+03 1.458e+03 6.601e+02
s>            ( !QUESTION0 1 -1.102e+03 1.746e+03 3.256e+02
s>                ( - -2.592e+02 2 0 QUESTION0_3_R 1 6.062e+02 9.177e+01)
s>                ( - 9.032e+02 6 0 QUESTION6 -1 6.065e+02 2.338e+02))
s>            ( !QUESTION18 1 -1.129e+03 9.289e+02 3.345e+02
s>                ( - -7.363e+02 7 0 !QUESTION2_18_L -1 3.775e+02 2.755e+02)
s>                ( - 5.362e+02 2 0 !QUESTION2_18_L -1 2.735e+02 5.903e+01)))
s>        ( !QUESTION5 1 -7.364e+03 2.239e+03 8.378e+02
s>            ( !QUESTION4 -1 -3.478e+03 1.417e+03 6.085e+02
s>                ( QUESTION2_13_L -1 -3.142e+03 1.029e+03 4.212e+02
s>                    ( - -3.417e+02 2 0 QUESTION0_16_R 1 8.710e+02 1.170e+02)
s>                    ( - -1.771e+03 7 0 QUESTION2_6_L -1 8.731e+02 3.042e+02))
s>                ( - 1.081e+03 2 0))
s>            ( - -1.648e+03 7 0 !QUESTION4 -1 5.514e+02 2.293e+02)))INFO: dtree.c(1315): Comp split 3
INFO: dtree.c(1478): Final simple tree
|( QUESTION4 -1 -1.736e+03 1.045e+03 4.915e+02
|    ( - 1.081e+03 2 0)
|    ( QUESTION2_6_L -1 -1.771e+03 8.731e+02 3.042e+02
|        ( !QUESTION0_20_R 1 -4.859e+02 1.051e+03 1.856e+02
|            ( QUESTION10 -1 6.504e+02 1.193e+03 1.419e+02
|                ( - 1.327e+03 1 0)
|                ( QUESTION2_17_L -1 5.160e+02 6.131e+02 8.658e+01
|                    ( - 2.471e+02 1 0)
|                    ( - 8.820e+02 1 0)))
|            ( - -8.538e+01 1 0))
|        ( WDBNDRY_B 0 -4.120e+02 4.547e+02 1.185e+02
|            ( !QUESTION2_4_L -1 1.502e+00 6.815e+01 5.864e+01
|                ( - 5.120e+01 1 0)
|                ( - 1.845e+01 1 0))
|            ( - 4.124e+01 1 0))))
s>    ( QUESTION4 -1 -1.736e+03 1.045e+03 4.915e+02
s>        ( - 1.081e+03 2 0)
s>        ( QUESTION2_6_L -1 -1.771e+03 8.731e+02 3.042e+02
s>            ( !QUESTION0_20_R 1 -4.859e+02 1.051e+03 1.856e+02
s>                ( QUESTION10 -1 6.504e+02 1.193e+03 1.419e+02
s>                    ( - 1.327e+03 1 0)
s>                    ( QUESTION2_17_L -1 5.160e+02 6.131e+02 8.658e+01
s>                        ( - 2.471e+02 1 0)
s>                        ( - 8.820e+02 1 0)))
s>                ( - -8.538e+01 1 0))
s>            ( WDBNDRY_B 0 -4.120e+02 4.547e+02 1.185e+02
s>                ( !QUESTION2_4_L -1 1.502e+00 6.815e+01 5.864e+01
s>                    ( - 5.120e+01 1 0)
s>                    ( - 1.845e+01 1 0))
s>                ( - 4.124e+01 1 0))))INFO: dtree.c(1478): Final simple tree
|( !QUESTION0_4_R 1 -9.014e+03 2.372e+03 1.006e+03
|    ( QUESTION5 -1 -4.224e+03 1.144e+03 3.954e+02
|        ( - -3.821e+02 2 0 QUESTION0_0_R 1 4.410e+02 7.110e+01)
|        ( QUESTION2_13_L -1 -2.698e+03 1.024e+03 3.243e+02
|            ( QUESTION0_16_R 1 -3.417e+02 8.710e+02 1.170e+02
|                ( - 3.061e+02 1 0)
|                ( - 2.232e+02 1 0))
|            ( - -1.332e+03 6 0 QUESTION2_5_L -1 4.979e+02 2.073e+02)))
|    ( QUESTION2_8_L -1 -2.418e+03 1.627e+03 6.110e+02
|        ( !QUESTION9 1 3.377e+02 1.093e+03 2.765e+02
|            ( - 3.836e+02 3 0 !QUESTION0 1 4.642e+02 7.872e+01)
|            ( - 1.047e+03 4 0 QUESTION2_12_L -1 7.179e+02 1.978e+02))
|        ( !QUESTION18 1 -1.129e+03 9.289e+02 3.345e+02
|            ( - -7.363e+02 7 0 !QUESTION2_18_L -1 3.775e+02 2.755e+02)
|            ( - 5.362e+02 2 0 !QUESTION2_18_L -1 2.735e+02 5.903e+01))))
s>    ( !QUESTION0_4_R 1 -9.014e+03 2.372e+03 1.006e+03
s>        ( QUESTION5 -1 -4.224e+03 1.144e+03 3.954e+02
s>            ( - -3.821e+02 2 0 QUESTION0_0_R 1 4.410e+02 7.110e+01)
s>            ( QUESTION2_13_L -1 -2.698e+03 1.024e+03 3.243e+02
s>                ( QUESTION0_16_R 1 -3.417e+02 8.710e+02 1.170e+02
s>                    ( - 3.061e+02 1 0)
s>                    ( - 2.232e+02 1 0))
s>                ( - -1.332e+03 6 0 QUESTION2_5_L -1 4.979e+02 2.073e+02)))
s>        ( QUESTION2_8_L -1 -2.418e+03 1.627e+03 6.110e+02
s>            ( !QUESTION9 1 3.377e+02 1.093e+03 2.765e+02
s>                ( - 3.836e+02 3 0 !QUESTION0 1 4.642e+02 7.872e+01)
s>                ( - 1.047e+03 4 0 QUESTION2_12_L -1 7.179e+02 1.978e+02))
s>            ( !QUESTION18 1 -1.129e+03 9.289e+02 3.345e+02
s>                ( - -7.363e+02 7 0 !QUESTION2_18_L -1 3.775e+02 2.755e+02)
s>                ( - 5.362e+02 2 0 !QUESTION2_18_L -1 2.735e+02 5.903e+01))))INFO: dtree.c(1315): Comp split 4
INFO: dtree.c(1439): stop. leaf nodes are specific
INFO: dtree.c(1478): Final simple tree
|( QUESTION2_12_L -1 1.047e+03 7.179e+02 1.978e+02
|    ( - 1.801e+02 1 0)
|    ( QUESTION2_14_L -1 1.585e+03 5.416e+02 1.752e+02
|        ( - 7.875e+02 1 0)
|        ( !QUESTION2 -1 1.339e+03 3.379e+02 9.938e+01
|            ( - 9.697e+02 1 0)
|            ( - 7.074e+02 1 0))))
s>    ( QUESTION2_12_L -1 1.047e+03 7.179e+02 1.978e+02
s>        ( - 1.801e+02 1 0)
s>        ( QUESTION2_14_L -1 1.585e+03 5.416e+02 1.752e+02
s>            ( - 7.875e+02 1 0)
s>            ( !QUESTION2 -1 1.339e+03 3.379e+02 9.938e+01
s>                ( - 9.697e+02 1 0)
s>                ( - 7.074e+02 1 0))))INFO: dtree.c(1478): Final simple tree
|( !QUESTION1 1 -7.462e+03 1.968e+03 8.086e+02
|    ( QUESTION0 1 -2.443e+03 1.083e+03 4.623e+02
|        ( QUESTION18 1 -1.101e+03 8.010e+02 3.705e+02
|            ( - 4.049e+02 3 0 !QUESTION2_10_L -1 4.901e+02 7.103e+01)
|            ( - -7.047e+02 8 0 QUESTION2_18_L -1 3.622e+02 2.995e+02))
|        ( QUESTION0_3_R 1 -2.592e+02 6.062e+02 9.177e+01
|            ( - -6.629e+01 1 0)
|            ( - 4.133e+02 1 0)))
|    ( !QUESTION7 1 -3.052e+03 1.062e+03 3.463e+02
|        ( QUESTION0_16_R 1 -3.417e+02 8.710e+02 1.170e+02
|            ( - 3.061e+02 1 0)
|            ( - 2.232e+02 1 0))
|        ( !QUESTION4 -1 -1.648e+03 5.514e+02 2.293e+02
|            ( - -4.058e+02 5 0 !QUESTION2_15_L -1 3.702e+02 8.713e+01)
|            ( - -6.903e+02 2 0))))
s>    ( !QUESTION1 1 -7.462e+03 1.968e+03 8.086e+02
s>        ( QUESTION0 1 -2.443e+03 1.083e+03 4.623e+02
s>            ( QUESTION18 1 -1.101e+03 8.010e+02 3.705e+02
s>                ( - 4.049e+02 3 0 !QUESTION2_10_L -1 4.901e+02 7.103e+01)
s>                ( - -7.047e+02 8 0 QUESTION2_18_L -1 3.622e+02 2.995e+02))
s>            ( QUESTION0_3_R 1 -2.592e+02 6.062e+02 9.177e+01
s>                ( - -6.629e+01 1 0)
s>                ( - 4.133e+02 1 0)))
s>        ( !QUESTION7 1 -3.052e+03 1.062e+03 3.463e+02
s>            ( QUESTION0_16_R 1 -3.417e+02 8.710e+02 1.170e+02
s>                ( - 3.061e+02 1 0)
s>                ( - 2.232e+02 1 0))
s>            ( !QUESTION4 -1 -1.648e+03 5.514e+02 2.293e+02
s>                ( - -4.058e+02 5 0 !QUESTION2_15_L -1 3.702e+02 8.713e+01)
s>                ( - -6.903e+02 2 0))))INFO: dtree.c(1315): Comp split 5
INFO: dtree.c(1478): Final simple tree
|( !QUESTION7 1 -3.052e+03 1.062e+03 3.463e+02
|    ( QUESTION0_16_R 1 -3.417e+02 8.710e+02 1.170e+02
|        ( - 3.061e+02 1 0)
|        ( - 2.232e+02 1 0))
|    ( !QUESTION4 -1 -1.648e+03 5.514e+02 2.293e+02
|        ( !QUESTION2_15_L -1 -4.058e+02 3.702e+02 8.713e+01
|            ( !QUESTION2_2_L -1 -1.608e+02 1.575e+02 6.513e+01
|                ( SILENCE -1 1.926e+00 8.762e+01 2.199e+01
|                    ( - 6.463e+01 1 0)
|                    ( - 2.492e+01 1 0))
|                ( QUESTION2_3_L -1 -5.258e+00 8.745e+01 4.314e+01
|                    ( - 9.676e+01 1 0)
|                    ( - -1.457e+01 1 0)))
|            ( - 1.252e+02 1 0))
|        ( - -6.903e+02 2 0)))
s>    ( !QUESTION7 1 -3.052e+03 1.062e+03 3.463e+02
s>        ( QUESTION0_16_R 1 -3.417e+02 8.710e+02 1.170e+02
s>            ( - 3.061e+02 1 0)
s>            ( - 2.232e+02 1 0))
s>        ( !QUESTION4 -1 -1.648e+03 5.514e+02 2.293e+02
s>            ( !QUESTION2_15_L -1 -4.058e+02 3.702e+02 8.713e+01
s>                ( !QUESTION2_2_L -1 -1.608e+02 1.575e+02 6.513e+01
s>                    ( SILENCE -1 1.926e+00 8.762e+01 2.199e+01
s>                        ( - 6.463e+01 1 0)
s>                        ( - 2.492e+01 1 0))
s>                    ( QUESTION2_3_L -1 -5.258e+00 8.745e+01 4.314e+01
s>                        ( - 9.676e+01 1 0)
s>                        ( - -1.457e+01 1 0)))
s>                ( - 1.252e+02 1 0))
s>            ( - -6.903e+02 2 0)))INFO: dtree.c(1478): Final simple tree
|( QUESTION0 1 -2.443e+03 1.083e+03 4.623e+02
|    ( QUESTION18 1 -1.101e+03 8.010e+02 3.705e+02
|        ( !QUESTION2_10_L -1 4.049e+02 4.901e+02 7.103e+01
|            ( - 5.362e+02 2 0 !QUESTION2_18_L -1 2.735e+02 5.903e+01)
|            ( - 3.588e+02 1 0))
|        ( QUESTION2_18_L -1 -7.047e+02 3.622e+02 2.995e+02
|            ( - 2.867e+02 1 0)
|            ( !QUESTION0_5_R 1 -6.292e+02 3.617e+02 2.905e+02
|                ( !QUESTION1 -1 -6.455e+02 3.294e+02 2.665e+02
|                    ( - 3.214e+02 2 0 !QUESTION14 -1 2.326e+02 7.479e+01)
|                    ( - -6.376e+02 4 0))
|                ( - 3.781e+02 1 0))))
|    ( QUESTION0_3_R 1 -2.592e+02 6.062e+02 9.177e+01
|        ( - -6.629e+01 1 0)
|        ( - 4.133e+02 1 0)))
s>    ( QUESTION0 1 -2.443e+03 1.083e+03 4.623e+02
s>        ( QUESTION18 1 -1.101e+03 8.010e+02 3.705e+02
s>            ( !QUESTION2_10_L -1 4.049e+02 4.901e+02 7.103e+01
s>                ( - 5.362e+02 2 0 !QUESTION2_18_L -1 2.735e+02 5.903e+01)
s>                ( - 3.588e+02 1 0))
s>            ( QUESTION2_18_L -1 -7.047e+02 3.622e+02 2.995e+02
s>                ( - 2.867e+02 1 0)
s>                ( !QUESTION0_5_R 1 -6.292e+02 3.617e+02 2.905e+02
s>                    ( !QUESTION1 -1 -6.455e+02 3.294e+02 2.665e+02
s>                        ( - 3.214e+02 2 0 !QUESTION14 -1 2.326e+02 7.479e+01)
s>                        ( - -6.376e+02 4 0))
s>                    ( - 3.781e+02 1 0))))
s>        ( QUESTION0_3_R 1 -2.592e+02 6.062e+02 9.177e+01
s>            ( - -6.629e+01 1 0)
s>            ( - 4.133e+02 1 0)))INFO: dtree.c(1315): Comp split 6
INFO: dtree.c(1439): stop. leaf nodes are specific
INFO: dtree.c(1478): Final simple tree
|( !QUESTION2_7_L -1 -1.126e+03 1.198e+03 4.361e+02
|    ( !QUESTION2_19_L -1 -7.493e+02 4.269e+02 1.622e+02
|        ( !QUESTION2_18_L -1 -3.636e+02 2.797e+02 1.023e+02
|            ( !QUESTION2_4_L -1 1.502e+00 6.815e+01 5.864e+01
|                ( - 5.120e+01 1 0)
|                ( - 1.845e+01 1 0))
|            ( - -8.538e+01 1 0))
|        ( - 4.124e+01 1 0))
|    ( !QUESTION2_17_L -1 8.215e+02 8.343e+02 2.739e+02
|        ( - 8.820e+02 1 0)
|        ( !QUESTION17 1 7.738e+02 5.540e+02 2.200e+02
|            ( - 1.081e+03 2 0)
|            ( - 2.471e+02 1 0))))
s>    ( !QUESTION2_7_L -1 -1.126e+03 1.198e+03 4.361e+02
s>        ( !QUESTION2_19_L -1 -7.493e+02 4.269e+02 1.622e+02
s>            ( !QUESTION2_18_L -1 -3.636e+02 2.797e+02 1.023e+02
s>                ( !QUESTION2_4_L -1 1.502e+00 6.815e+01 5.864e+01
s>                    ( - 5.120e+01 1 0)
s>                    ( - 1.845e+01 1 0))
s>                ( - -8.538e+01 1 0))
s>            ( - 4.124e+01 1 0))
s>        ( !QUESTION2_17_L -1 8.215e+02 8.343e+02 2.739e+02
s>            ( - 8.820e+02 1 0)
s>            ( !QUESTION17 1 7.738e+02 5.540e+02 2.200e+02
s>                ( - 1.081e+03 2 0)
s>                ( - 2.471e+02 1 0))))INFO: dtree.c(1315): Comp split 7
INFO: dtree.c(1439): stop. leaf nodes are specific
INFO: dtree.c(1478): Final simple tree
|( !QUESTION2_18_L -1 1.488e+03 5.309e+02 3.975e+02
|    ( QUESTION0_10_R 1 1.410e+03 3.454e+02 2.351e+02
|        ( !QUESTION0_13_R 1 6.482e+02 1.312e+02 1.110e+02
|            ( - 4.141e+02 1 0)
|            ( - 3.652e+02 1 0))
|        ( - 1.107e+03 1 0))
|    ( SILENCE 1 6.085e+02 3.767e+02 1.624e+02
|        ( - 3.296e+02 1 0)
|        ( - 6.557e+02 1 0)))
s>    ( !QUESTION2_18_L -1 1.488e+03 5.309e+02 3.975e+02
s>        ( QUESTION0_10_R 1 1.410e+03 3.454e+02 2.351e+02
s>            ( !QUESTION0_13_R 1 6.482e+02 1.312e+02 1.110e+02
s>                ( - 4.141e+02 1 0)
s>                ( - 3.652e+02 1 0))
s>            ( - 1.107e+03 1 0))
s>        ( SILENCE 1 6.085e+02 3.767e+02 1.624e+02
s>            ( - 3.296e+02 1 0)
s>            ( - 6.557e+02 1 0)))INFO: dtree.c(1439): stop. leaf nodes are specific
INFO: dtree.c(1478): Final simple tree
|( !SILENCE 1 -1.465e+03 6.845e+02 8.955e+02
|    ( QUESTION0_1_R 1 2.642e+02 4.591e+02 1.065e+02
|        ( - 1.562e+02 1 0)
|        ( QUESTION2_17_L -1 5.672e+02 1.746e+02 9.377e+01
|            ( - 2.943e+02 1 0)
|            ( - 4.474e+02 1 0)))
|    ( !QUESTION4 -1 -1.044e+03 4.118e+02 7.890e+02
|        ( - -3.383e+01 1 0)
|        ( - -5.988e+02 1 0)))
s>    ( !SILENCE 1 -1.465e+03 6.845e+02 8.955e+02
s>        ( QUESTION0_1_R 1 2.642e+02 4.591e+02 1.065e+02
s>            ( - 1.562e+02 1 0)
s>            ( QUESTION2_17_L -1 5.672e+02 1.746e+02 9.377e+01
s>                ( - 2.943e+02 1 0)
s>                ( - 4.474e+02 1 0)))
s>        ( !QUESTION4 -1 -1.044e+03 4.118e+02 7.890e+02
s>            ( - -3.383e+01 1 0)
s>            ( - -5.988e+02 1 0)))INFO: dtree.c(1315): Comp split 8
INFO: dtree.c(1439): stop. leaf nodes are specific
INFO: dtree.c(1478): Final simple tree
|( !QUESTION9 -1 3.807e+03 9.848e+02 1.472e+02
|    ( - 3.237e+03 1 0)
|    ( - 1.555e+03 1 0))
s>    ( !QUESTION9 -1 3.807e+03 9.848e+02 1.472e+02
s>        ( - 3.237e+03 1 0)
s>        ( - 1.555e+03 1 0))INFO: dtree.c(1315): Comp split 9
INFO: dtree.c(1439): stop. leaf nodes are specific
INFO: dtree.c(1478): Final simple tree
|( !QUESTION2_19_L -1 -7.493e+02 4.269e+02 1.622e+02
|    ( !QUESTION2_18_L -1 -3.636e+02 2.797e+02 1.023e+02
|        ( !QUESTION2_4_L -1 1.502e+00 6.815e+01 5.864e+01
|            ( - 5.120e+01 1 0)
|            ( - 1.845e+01 1 0))
|        ( - -8.538e+01 1 0))
|    ( - 4.124e+01 1 0))
s>    ( !QUESTION2_19_L -1 -7.493e+02 4.269e+02 1.622e+02
s>        ( !QUESTION2_18_L -1 -3.636e+02 2.797e+02 1.023e+02
s>            ( !QUESTION2_4_L -1 1.502e+00 6.815e+01 5.864e+01
s>                ( - 5.120e+01 1 0)
s>                ( - 1.845e+01 1 0))
s>            ( - -8.538e+01 1 0))
s>        ( - 4.124e+01 1 0))INFO: dtree.c(1439): stop. leaf nodes are specific
INFO: dtree.c(1478): Final simple tree
|( !QUESTION2_17_L -1 8.215e+02 8.343e+02 2.739e+02
|    ( - 8.820e+02 1 0)
|    ( !QUESTION17 1 7.738e+02 5.540e+02 2.200e+02
|        ( - 1.081e+03 2 0)
|        ( - 2.471e+02 1 0)))
s>    ( !QUESTION2_17_L -1 8.215e+02 8.343e+02 2.739e+02
s>        ( - 8.820e+02 1 0)
s>        ( !QUESTION17 1 7.738e+02 5.540e+02 2.200e+02
s>            ( - 1.081e+03 2 0)
s>            ( - 2.471e+02 1 0)))INFO: dtree.c(1315): Comp split 10
INFO: dtree.c(1439): stop. leaf nodes are specific
INFO: dtree.c(1478): Final simple tree
|( !QUESTION2_8_L -1 -7.101e+02 4.083e+02 3.115e+02
|    ( !QUESTION2_18_L -1 -7.363e+02 3.775e+02 2.755e+02
|        ( !QUESTION1 -1 -6.455e+02 3.294e+02 2.665e+02
|            ( !QUESTION14 -1 3.214e+02 2.326e+02 7.479e+01
|                ( - 3.634e+02 1 0)
|                ( - 1.907e+02 1 0))
|            ( - -6.376e+02 4 0))
|        ( - 2.867e+02 1 0))
|    ( QUESTION0_5_R 1 4.345e+02 3.023e+02 3.604e+01
|        ( - 3.781e+02 1 0)
|        ( - 3.588e+02 1 0)))
s>    ( !QUESTION2_8_L -1 -7.101e+02 4.083e+02 3.115e+02
s>        ( !QUESTION2_18_L -1 -7.363e+02 3.775e+02 2.755e+02
s>            ( !QUESTION1 -1 -6.455e+02 3.294e+02 2.665e+02
s>                ( !QUESTION14 -1 3.214e+02 2.326e+02 7.479e+01
s>                    ( - 3.634e+02 1 0)
s>                    ( - 1.907e+02 1 0))
s>                ( - -6.376e+02 4 0))
s>            ( - 2.867e+02 1 0))
s>        ( QUESTION0_5_R 1 4.345e+02 3.023e+02 3.604e+01
s>            ( - 3.781e+02 1 0)
s>            ( - 3.588e+02 1 0)))INFO: dtree.c(1439): stop. leaf nodes are specific
INFO: dtree.c(1478): Final simple tree
|( !QUESTION2_9_L -1 -5.765e+02 8.535e+02 1.508e+02
|    ( !QUESTION2_18_L -1 5.362e+02 2.735e+02 5.903e+01
|        ( - 3.763e+02 1 0)
|        ( - 4.335e+02 1 0))
|    ( QUESTION0_3_R 1 -2.592e+02 6.062e+02 9.177e+01
|        ( - -6.629e+01 1 0)
|        ( - 4.133e+02 1 0)))
s>    ( !QUESTION2_9_L -1 -5.765e+02 8.535e+02 1.508e+02
s>        ( !QUESTION2_18_L -1 5.362e+02 2.735e+02 5.903e+01
s>            ( - 3.763e+02 1 0)
s>            ( - 4.335e+02 1 0))
s>        ( QUESTION0_3_R 1 -2.592e+02 6.062e+02 9.177e+01
s>            ( - -6.629e+01 1 0)
s>            ( - 4.133e+02 1 0)))INFO: dtree.c(1315): Comp split 11
INFO: dtree.c(1439): stop. leaf nodes are specific
INFO: dtree.c(1478): Final simple tree
|( QUESTION0_16_R 1 -3.417e+02 8.710e+02 1.170e+02
|    ( - 3.061e+02 1 0)
|    ( - 2.232e+02 1 0))
s>    ( QUESTION0_16_R 1 -3.417e+02 8.710e+02 1.170e+02
s>        ( - 3.061e+02 1 0)
s>        ( - 2.232e+02 1 0))INFO: dtree.c(1439): stop. leaf nodes are specific
INFO: dtree.c(1478): Final simple tree
|( !QUESTION4 -1 -1.648e+03 5.514e+02 2.293e+02
|    ( !QUESTION2_15_L -1 -4.058e+02 3.702e+02 8.713e+01
|        ( !QUESTION2_2_L -1 -1.608e+02 1.575e+02 6.513e+01
|            ( SILENCE -1 1.926e+00 8.762e+01 2.199e+01
|                ( - 6.463e+01 1 0)
|                ( - 2.492e+01 1 0))
|            ( QUESTION2_3_L -1 -5.258e+00 8.745e+01 4.314e+01
|                ( - 9.676e+01 1 0)
|                ( - -1.457e+01 1 0)))
|        ( - 1.252e+02 1 0))
|    ( - -6.903e+02 2 0))
s>    ( !QUESTION4 -1 -1.648e+03 5.514e+02 2.293e+02
s>        ( !QUESTION2_15_L -1 -4.058e+02 3.702e+02 8.713e+01
s>            ( !QUESTION2_2_L -1 -1.608e+02 1.575e+02 6.513e+01
s>                ( SILENCE -1 1.926e+00 8.762e+01 2.199e+01
s>                    ( - 6.463e+01 1 0)
s>                    ( - 2.492e+01 1 0))
s>                ( QUESTION2_3_L -1 -5.258e+00 8.745e+01 4.314e+01
s>                    ( - 9.676e+01 1 0)
s>                    ( - -1.457e+01 1 0)))
s>            ( - 1.252e+02 1 0))
s>        ( - -6.903e+02 2 0))INFO: dtree.c(1315): Comp split 12
INFO: dtree.c(1315): Comp split 13
INFO: dtree.c(1315): Comp split 14
INFO: dtree.c(1439): stop. leaf nodes are specific
INFO: dtree.c(1478): Final simple tree
|( QUESTION0_3_R 1 -2.592e+02 6.062e+02 9.177e+01
|    ( - -6.629e+01 1 0)
|    ( - 4.133e+02 1 0))
s>    ( QUESTION0_3_R 1 -2.592e+02 6.062e+02 9.177e+01
s>        ( - -6.629e+01 1 0)
s>        ( - 4.133e+02 1 0))INFO: dtree.c(1439): stop. leaf nodes are specific
INFO: dtree.c(1478): Final simple tree
|( !QUESTION2_18_L -1 5.362e+02 2.735e+02 5.903e+01
|    ( - 3.763e+02 1 0)
|    ( - 4.335e+02 1 0))
s>    ( !QUESTION2_18_L -1 5.362e+02 2.735e+02 5.903e+01
s>        ( - 3.763e+02 1 0)
s>        ( - 4.335e+02 1 0))INFO: dtree.c(1315): Comp split 15
INFO: dtree.c(1439): stop. leaf nodes are specific
INFO: dtree.c(1478): Final simple tree
|( !QUESTION17 1 7.738e+02 5.540e+02 2.200e+02
|    ( - 1.081e+03 2 0)
|    ( - 2.471e+02 1 0))
s>    ( !QUESTION17 1 7.738e+02 5.540e+02 2.200e+02
s>        ( - 1.081e+03 2 0)
s>        ( - 2.471e+02 1 0))INFO: dtree.c(1315): Comp split 16
INFO: dtree.c(1439): stop. leaf nodes are specific
INFO: dtree.c(1478): Final simple tree
|( QUESTION2_14_L -1 1.585e+03 5.416e+02 1.752e+02
|    ( - 7.875e+02 1 0)
|    ( !QUESTION2 -1 1.339e+03 3.379e+02 9.938e+01
|        ( - 9.697e+02 1 0)
|        ( - 7.074e+02 1 0)))
s>    ( QUESTION2_14_L -1 1.585e+03 5.416e+02 1.752e+02
s>        ( - 7.875e+02 1 0)
s>        ( !QUESTION2 -1 1.339e+03 3.379e+02 9.938e+01
s>            ( - 9.697e+02 1 0)
s>            ( - 7.074e+02 1 0)))INFO: dtree.c(1315): Comp split 17
INFO: dtree.c(1439): stop. leaf nodes are specific
INFO: dtree.c(1478): Final simple tree
|( QUESTION0_1_R 1 2.642e+02 4.591e+02 1.065e+02
|    ( - 1.562e+02 1 0)
|    ( QUESTION2_17_L -1 5.672e+02 1.746e+02 9.377e+01
|        ( - 2.943e+02 1 0)
|        ( - 4.474e+02 1 0)))
s>    ( QUESTION0_1_R 1 2.642e+02 4.591e+02 1.065e+02
s>        ( - 1.562e+02 1 0)
s>        ( QUESTION2_17_L -1 5.672e+02 1.746e+02 9.377e+01
s>            ( - 2.943e+02 1 0)
s>            ( - 4.474e+02 1 0)))INFO: dtree.c(1439): stop. leaf nodes are specific
INFO: dtree.c(1478): Final simple tree
|( !QUESTION4 -1 -1.044e+03 4.118e+02 7.890e+02
|    ( - -3.383e+01 1 0)
|    ( - -5.988e+02 1 0))
s>    ( !QUESTION4 -1 -1.044e+03 4.118e+02 7.890e+02
s>        ( - -3.383e+01 1 0)
s>        ( - -5.988e+02 1 0))INFO: dtree.c(1315): Comp split 18
INFO: dtree.c(1315): Comp split 19
INFO: dtree.c(1439): stop. leaf nodes are specific
INFO: dtree.c(1478): Final simple tree
|( WDBNDRY_B 0 -7.562e+02 9.087e+01 1.511e+02
|    ( - 2.492e+01 1 0)
|    ( - -6.903e+02 2 0))
s>    ( WDBNDRY_B 0 -7.562e+02 9.087e+01 1.511e+02
s>        ( - 2.492e+01 1 0)
s>        ( - -6.903e+02 2 0))INFO: dtree.c(1439): stop. leaf nodes are specific
INFO: dtree.c(1478): Final simple tree
|( !QUESTION2_15_L -1 -3.114e+02 3.588e+02 7.814e+01
|    ( SILENCE -1 -7.790e+01 1.373e+02 5.614e+01
|        ( - 6.463e+01 1 0)
|        ( QUESTION2_3_L -1 -5.258e+00 8.745e+01 4.314e+01
|            ( - 9.676e+01 1 0)
|            ( - -1.457e+01 1 0)))
|    ( - 1.252e+02 1 0))
s>    ( !QUESTION2_15_L -1 -3.114e+02 3.588e+02 7.814e+01
s>        ( SILENCE -1 -7.790e+01 1.373e+02 5.614e+01
s>            ( - 6.463e+01 1 0)
s>            ( QUESTION2_3_L -1 -5.258e+00 8.745e+01 4.314e+01
s>                ( - 9.676e+01 1 0)
s>                ( - -1.457e+01 1 0)))
s>        ( - 1.252e+02 1 0))INFO: dtree.c(1315): Comp split 20
INFO: dtree.c(1315): Comp split 21
INFO: dtree.c(1439): stop. leaf nodes are specific
INFO: dtree.c(1478): Final simple tree
|( !QUESTION2 -1 1.339e+03 3.379e+02 9.938e+01
|    ( - 9.697e+02 1 0)
|    ( - 7.074e+02 1 0))
s>    ( !QUESTION2 -1 1.339e+03 3.379e+02 9.938e+01
s>        ( - 9.697e+02 1 0)
s>        ( - 7.074e+02 1 0))INFO: dtree.c(1315): Comp split 22
INFO: dtree.c(1439): stop. leaf nodes are specific
INFO: dtree.c(1478): Final simple tree
|( QUESTION0_10_R 1 1.410e+03 3.454e+02 2.351e+02
|    ( !QUESTION0_13_R 1 6.482e+02 1.312e+02 1.110e+02
|        ( - 4.141e+02 1 0)
|        ( - 3.652e+02 1 0))
|    ( - 1.107e+03 1 0))
s>    ( QUESTION0_10_R 1 1.410e+03 3.454e+02 2.351e+02
s>        ( !QUESTION0_13_R 1 6.482e+02 1.312e+02 1.110e+02
s>            ( - 4.141e+02 1 0)
s>            ( - 3.652e+02 1 0))
s>        ( - 1.107e+03 1 0))INFO: dtree.c(1439): stop. leaf nodes are specific
INFO: dtree.c(1478): Final simple tree
|( SILENCE 1 6.085e+02 3.767e+02 1.624e+02
|    ( - 3.296e+02 1 0)
|    ( - 6.557e+02 1 0))
s>    ( SILENCE 1 6.085e+02 3.767e+02 1.624e+02
s>        ( - 3.296e+02 1 0)
s>        ( - 6.557e+02 1 0))INFO: dtree.c(1315): Comp split 23
INFO: dtree.c(1439): stop. leaf nodes are specific
INFO: dtree.c(1478): Final simple tree
|( !QUESTION1 -1 -6.455e+02 3.294e+02 2.665e+02
|    ( !QUESTION14 -1 3.214e+02 2.326e+02 7.479e+01
|        ( - 3.634e+02 1 0)
|        ( - 1.907e+02 1 0))
|    ( - -6.376e+02 4 0))
s>    ( !QUESTION1 -1 -6.455e+02 3.294e+02 2.665e+02
s>        ( !QUESTION14 -1 3.214e+02 2.326e+02 7.479e+01
s>            ( - 3.634e+02 1 0)
s>            ( - 1.907e+02 1 0))
s>        ( - -6.376e+02 4 0))INFO: dtree.c(1439): stop. leaf nodes are specific
INFO: dtree.c(1478): Final simple tree
|( !QUESTION2_18_L -1 4.265e+02 2.948e+02 4.504e+01
|    ( QUESTION0_5_R 1 4.345e+02 3.023e+02 3.604e+01
|        ( - 3.781e+02 1 0)
|        ( - 3.588e+02 1 0))
|    ( - 2.867e+02 1 0))
s>    ( !QUESTION2_18_L -1 4.265e+02 2.948e+02 4.504e+01
s>        ( QUESTION0_5_R 1 4.345e+02 3.023e+02 3.604e+01
s>            ( - 3.781e+02 1 0)
s>            ( - 3.588e+02 1 0))
s>        ( - 2.867e+02 1 0))INFO: dtree.c(1315): Comp split 24
INFO: dtree.c(1439): stop. leaf nodes are specific
INFO: dtree.c(1478): Final simple tree
|( QUESTION2_17_L -1 5.672e+02 1.746e+02 9.377e+01
|    ( - 2.943e+02 1 0)
|    ( - 4.474e+02 1 0))
s>    ( QUESTION2_17_L -1 5.672e+02 1.746e+02 9.377e+01
s>        ( - 2.943e+02 1 0)
s>        ( - 4.474e+02 1 0))INFO: dtree.c(1315): Comp split 25
INFO: dtree.c(1439): stop. leaf nodes are specific
INFO: dtree.c(1478): Final simple tree
|( !QUESTION2_18_L -1 -3.636e+02 2.797e+02 1.023e+02
|    ( !QUESTION2_4_L -1 1.502e+00 6.815e+01 5.864e+01
|        ( - 5.120e+01 1 0)
|        ( - 1.845e+01 1 0))
|    ( - -8.538e+01 1 0))
s>    ( !QUESTION2_18_L -1 -3.636e+02 2.797e+02 1.023e+02
s>        ( !QUESTION2_4_L -1 1.502e+00 6.815e+01 5.864e+01
s>            ( - 5.120e+01 1 0)
s>            ( - 1.845e+01 1 0))
s>        ( - -8.538e+01 1 0))INFO: dtree.c(1315): Comp split 26
INFO: dtree.c(1315): Comp split 27
INFO: dtree.c(1315): Comp split 28
INFO: dtree.c(1439): stop. leaf nodes are specific
INFO: dtree.c(1478): Final simple tree
|( SILENCE -1 -7.790e+01 1.373e+02 5.614e+01
|    ( - 6.463e+01 1 0)
|    ( QUESTION2_3_L -1 -5.258e+00 8.745e+01 4.314e+01
|        ( - 9.676e+01 1 0)
|        ( - -1.457e+01 1 0)))
s>    ( SILENCE -1 -7.790e+01 1.373e+02 5.614e+01
s>        ( - 6.463e+01 1 0)
s>        ( QUESTION2_3_L -1 -5.258e+00 8.745e+01 4.314e+01
s>            ( - 9.676e+01 1 0)
s>            ( - -1.457e+01 1 0)))INFO: dtree.c(1315): Comp split 29
INFO: dtree.c(1439): stop. leaf nodes are specific
INFO: dtree.c(1478): Final simple tree
|( !QUESTION0_13_R 1 6.482e+02 1.312e+02 1.110e+02
|    ( - 4.141e+02 1 0)
|    ( - 3.652e+02 1 0))
s>    ( !QUESTION0_13_R 1 6.482e+02 1.312e+02 1.110e+02
s>        ( - 4.141e+02 1 0)
s>        ( - 3.652e+02 1 0))INFO: dtree.c(1315): Comp split 30
INFO: dtree.c(1315): Comp split 31
INFO: dtree.c(1439): stop. leaf nodes are specific
INFO: dtree.c(1478): Final simple tree
|( !QUESTION14 -1 3.214e+02 2.326e+02 7.479e+01
|    ( - 3.634e+02 1 0)
|    ( - 1.907e+02 1 0))
s>    ( !QUESTION14 -1 3.214e+02 2.326e+02 7.479e+01
s>        ( - 3.634e+02 1 0)
s>        ( - 1.907e+02 1 0))INFO: dtree.c(1315): Comp split 32
INFO: dtree.c(1439): stop. leaf nodes are specific
INFO: dtree.c(1478): Final simple tree
|( QUESTION0_5_R 1 4.345e+02 3.023e+02 3.604e+01
|    ( - 3.781e+02 1 0)
|    ( - 3.588e+02 1 0))
s>    ( QUESTION0_5_R 1 4.345e+02 3.023e+02 3.604e+01
s>        ( - 3.781e+02 1 0)
s>        ( - 3.588e+02 1 0))INFO: dtree.c(1315): Comp split 33
INFO: dtree.c(1315): Comp split 34
INFO: dtree.c(1439): stop. leaf nodes are specific
INFO: dtree.c(1478): Final simple tree
|( !QUESTION2_4_L -1 1.502e+00 6.815e+01 5.864e+01
|    ( - 5.120e+01 1 0)
|    ( - 1.845e+01 1 0))
s>    ( !QUESTION2_4_L -1 1.502e+00 6.815e+01 5.864e+01
s>        ( - 5.120e+01 1 0)
s>        ( - 1.845e+01 1 0))INFO: dtree.c(1315): Comp split 35
INFO: dtree.c(1315): Comp split 36
INFO: dtree.c(1315): Comp split 37
INFO: dtree.c(1315): Comp split 38
INFO: dtree.c(1439): stop. leaf nodes are specific
INFO: dtree.c(1478): Final simple tree
|( QUESTION2_3_L -1 -5.258e+00 8.745e+01 4.314e+01
|    ( - 9.676e+01 1 0)
|    ( - -1.457e+01 1 0))
s>    ( QUESTION2_3_L -1 -5.258e+00 8.745e+01 4.314e+01
s>        ( - 9.676e+01 1 0)
s>        ( - -1.457e+01 1 0))INFO: dtree.c(1315): Comp split 39
INFO: dtree.c(1315): Comp split 40
INFO: dtree.c(1315): Comp split 41
INFO: dtree.c(1315): Comp split 42
INFO: dtree.c(1315): Comp split 43
INFO: dtree.c(1318): stop. leaf nodes are specific
!!!!!!!!Allocated 66 lines
Sat Mar 30 00:24:00 2013
