INFO: cmd_ln.c(691): Parsing command line:
/usr/libexec/sphinxtrain/bldtree \
	-treefn /home/jerrin/Documents/project/main upload/chakka/trained data builds/tuttorialchakka_1/chakka/trees/chakka.unpruned/T-1.dtree \
	-moddeffn /home/jerrin/Documents/project/main upload/chakka/trained data builds/tuttorialchakka_1/chakka/model_architecture/chakka.untied.mdef \
	-mixwfn /home/jerrin/Documents/project/main upload/chakka/trained data builds/tuttorialchakka_1/chakka/model_parameters/chakka.cd_cont_untied/mixture_weights \
	-ts2cbfn .cont. \
	-mwfloor 1e-08 \
	-psetfn /home/jerrin/Documents/project/main upload/chakka/trained data builds/tuttorialchakka_1/chakka/model_architecture/chakka.tree_questions \
	-phone T \
	-state 1 \
	-stwt 1.0,0.05,0.0 \
	-meanfn /home/jerrin/Documents/project/main upload/chakka/trained data builds/tuttorialchakka_1/chakka/model_parameters/chakka.cd_cont_untied/means \
	-varfn /home/jerrin/Documents/project/main upload/chakka/trained data builds/tuttorialchakka_1/chakka/model_parameters/chakka.cd_cont_untied/variances \
	-fullvar no \
	-ssplitmin 1 \
	-ssplitmax 7 \
	-ssplitthr 0 \
	-csplitmin 1 \
	-csplitmax 2000 \
	-csplitthr 0 

Current configuration:
[NAME]		[DEFLT]	[VALUE]
-allphones	no	no
-cntthresh	0.00001	1.000000e-05
-csplitmax	100	2000
-csplitmin	1	1
-csplitthr	8e-4	0.000000e+00
-example	no	no
-fullvar	no	no
-help		no	no
-meanfn			/home/jerrin/Documents/project/main upload/chakka/trained data builds/tuttorialchakka_1/chakka/model_parameters/chakka.cd_cont_untied/means
-mixwfn			/home/jerrin/Documents/project/main upload/chakka/trained data builds/tuttorialchakka_1/chakka/model_parameters/chakka.cd_cont_untied/mixture_weights
-moddeffn		/home/jerrin/Documents/project/main upload/chakka/trained data builds/tuttorialchakka_1/chakka/model_architecture/chakka.untied.mdef
-mwfloor	1e-4	1.000000e-08
-phone			T
-psetfn			/home/jerrin/Documents/project/main upload/chakka/trained data builds/tuttorialchakka_1/chakka/model_architecture/chakka.tree_questions
-ssplitmax	5	7
-ssplitmin	1	1
-ssplitthr	8e-4	0.000000e+00
-state			1
-stwt			1.0,0.05,0.0,
-treefn			/home/jerrin/Documents/project/main upload/chakka/trained data builds/tuttorialchakka_1/chakka/trees/chakka.unpruned/T-1.dtree
-ts2cbfn	.semi.	.cont.
-varfloor	0.00001	1.000000e-05
-varfn			/home/jerrin/Documents/project/main upload/chakka/trained data builds/tuttorialchakka_1/chakka/model_parameters/chakka.cd_cont_untied/variances

INFO: main.c(223): Reading: /home/jerrin/Documents/project/main upload/chakka/trained data builds/tuttorialchakka_1/chakka/model_architecture/chakka.untied.mdef
INFO: model_def_io.c(573): Model definition info:
INFO: model_def_io.c(574): 347 total models defined (45 base, 302 tri)
INFO: model_def_io.c(575): 1388 total states
INFO: model_def_io.c(576): 1041 total tied states
INFO: model_def_io.c(577): 135 total tied CI states
INFO: model_def_io.c(578): 45 total tied transition matrices
INFO: model_def_io.c(579): 4 max state/model
INFO: model_def_io.c(580): 4 min state/model
INFO: main.c(242): Building trees for [T A AA b] through [T T A i]
INFO: main.c(268): Covering states |[909 953]| == 45
INFO: main.c(275): Reading: /home/jerrin/Documents/project/main upload/chakka/trained data builds/tuttorialchakka_1/chakka/model_parameters/chakka.cd_cont_untied/mixture_weights
INFO: s3mixw_io.c(172): Read /home/jerrin/Documents/project/main upload/chakka/trained data builds/tuttorialchakka_1/chakka/model_parameters/chakka.cd_cont_untied/mixture_weights [45x1x1 array]
INFO: main.c(311): 15 of 15 models have observation count greater than 0.000010
INFO: main.c(95): nrm stwt: 0.045 0.909 0.045 
INFO: s3gau_io.c(166): Read /home/jerrin/Documents/project/main upload/chakka/trained data builds/tuttorialchakka_1/chakka/model_parameters/chakka.cd_cont_untied/means [1041x1x1 array]
INFO: s3gau_io.c(166): Read /home/jerrin/Documents/project/main upload/chakka/trained data builds/tuttorialchakka_1/chakka/model_parameters/chakka.cd_cont_untied/variances [1041x1x1 array]
INFO: main.c(549): Reading: /home/jerrin/Documents/project/main upload/chakka/trained data builds/tuttorialchakka_1/chakka/model_architecture/chakka.tree_questions
INFO: main.c(587): 174 total simple questions (166 phone; 8 word bndry)
INFO: main.c(589): 40 Left Only questions, and 42 Right Only questions
INFO: dtree.c(1478): Final simple tree
|( QUESTION2_18_L -1 -3.544e+03 1.050e+03 5.789e+02
|    ( !WDBNDRY_I 0 -1.685e+03 7.896e+02 1.779e+02
|        ( - 3.123e+02 1 0)
|        ( QUESTION0_3_R 1 -1.208e+03 4.084e+02 1.334e+02
|            ( - 1.283e+02 1 0)
|            ( - -9.281e+02 3 0 QUESTION0_1_R 1 2.770e+02 1.073e+02)))
|    ( QUESTION0_0_R 1 -8.089e+02 9.109e+02 4.009e+02
|        ( !QUESTION0_7_R 1 -2.209e+02 6.346e+02 3.657e+02
|            ( WDBNDRY_B 0 2.914e+02 3.682e+02 3.305e+02
|                ( !SILENCE -1 4.425e+02 3.281e+02 1.459e+02
|                    ( - 9.013e+02 2 0 QUESTION0 -1 1.942e+02 7.093e+01)
|                    ( - -1.307e+02 3 0 QUESTION0_1_R 1 2.146e+02 7.501e+01))
|                ( - 2.171e+02 3 0 QUESTION0_1_R 1 2.863e+02 1.845e+02))
|            ( - 1.223e+02 1 0))
|        ( - 3.230e+02 1 0)))
s>    ( QUESTION2_18_L -1 -3.544e+03 1.050e+03 5.789e+02
s>        ( !WDBNDRY_I 0 -1.685e+03 7.896e+02 1.779e+02
s>            ( - 3.123e+02 1 0)
s>            ( QUESTION0_3_R 1 -1.208e+03 4.084e+02 1.334e+02
s>                ( - 1.283e+02 1 0)
s>                ( - -9.281e+02 3 0 QUESTION0_1_R 1 2.770e+02 1.073e+02)))
s>        ( QUESTION0_0_R 1 -8.089e+02 9.109e+02 4.009e+02
s>            ( !QUESTION0_7_R 1 -2.209e+02 6.346e+02 3.657e+02
s>                ( WDBNDRY_B 0 2.914e+02 3.682e+02 3.305e+02
s>                    ( !SILENCE -1 4.425e+02 3.281e+02 1.459e+02
s>                        ( - 9.013e+02 2 0 QUESTION0 -1 1.942e+02 7.093e+01)
s>                        ( - -1.307e+02 3 0 QUESTION0_1_R 1 2.146e+02 7.501e+01))
s>                    ( - 2.171e+02 3 0 QUESTION0_1_R 1 2.863e+02 1.845e+02))
s>                ( - 1.223e+02 1 0))
s>            ( - 3.230e+02 1 0)))INFO: dtree.c(1315): Comp split 0
INFO: dtree.c(1478): Final simple tree
|( !QUESTION0_5_R 1 -3.627e+02 7.743e+02 4.101e+02
|    ( WDBNDRY_B 0 2.914e+02 3.682e+02 3.305e+02
|        ( !SILENCE -1 4.425e+02 3.281e+02 1.459e+02
|            ( - 9.013e+02 2 0 QUESTION0 -1 1.942e+02 7.093e+01)
|            ( QUESTION0_1_R 1 -1.307e+02 2.146e+02 7.501e+01
|                ( - 1.619e+01 2 0)
|                ( - 6.776e+01 1 0)))
|        ( QUESTION0_1_R 1 2.171e+02 2.863e+02 1.845e+02
|            ( - 1.912e+02 1 0)
|            ( !QUESTION2_19_L -1 3.123e+02 2.030e+02 1.263e+02
|                ( - 2.767e+02 1 0)
|                ( - 2.386e+02 1 0))))
|    ( !QUESTION2_18_L -1 1.202e+02 3.144e+02 7.969e+01
|        ( - 1.223e+02 1 0)
|        ( - 3.123e+02 1 0)))
s>    ( !QUESTION0_5_R 1 -3.627e+02 7.743e+02 4.101e+02
s>        ( WDBNDRY_B 0 2.914e+02 3.682e+02 3.305e+02
s>            ( !SILENCE -1 4.425e+02 3.281e+02 1.459e+02
s>                ( - 9.013e+02 2 0 QUESTION0 -1 1.942e+02 7.093e+01)
s>                ( QUESTION0_1_R 1 -1.307e+02 2.146e+02 7.501e+01
s>                    ( - 1.619e+01 2 0)
s>                    ( - 6.776e+01 1 0)))
s>            ( QUESTION0_1_R 1 2.171e+02 2.863e+02 1.845e+02
s>                ( - 1.912e+02 1 0)
s>                ( !QUESTION2_19_L -1 3.123e+02 2.030e+02 1.263e+02
s>                    ( - 2.767e+02 1 0)
s>                    ( - 2.386e+02 1 0))))
s>        ( !QUESTION2_18_L -1 1.202e+02 3.144e+02 7.969e+01
s>            ( - 1.223e+02 1 0)
s>            ( - 3.123e+02 1 0)))INFO: dtree.c(1439): stop. leaf nodes are specific
INFO: dtree.c(1478): Final simple tree
|( QUESTION0_0_R 1 -1.603e+03 7.178e+02 1.687e+02
|    ( QUESTION0_3_R 1 -1.208e+03 4.084e+02 1.334e+02
|        ( - 1.283e+02 1 0)
|        ( QUESTION0_1_R 1 -9.281e+02 2.770e+02 1.073e+02
|            ( - -1.048e+02 1 0)
|            ( QUESTION0_5_R 1 -5.463e+02 2.489e+02 7.022e+01
|                ( - -3.745e+01 1 0)
|                ( - -2.600e+02 1 0))))
|    ( - 3.230e+02 1 0))
s>    ( QUESTION0_0_R 1 -1.603e+03 7.178e+02 1.687e+02
s>        ( QUESTION0_3_R 1 -1.208e+03 4.084e+02 1.334e+02
s>            ( - 1.283e+02 1 0)
s>            ( QUESTION0_1_R 1 -9.281e+02 2.770e+02 1.073e+02
s>                ( - -1.048e+02 1 0)
s>                ( QUESTION0_5_R 1 -5.463e+02 2.489e+02 7.022e+01
s>                    ( - -3.745e+01 1 0)
s>                    ( - -2.600e+02 1 0))))
s>        ( - 3.230e+02 1 0))INFO: dtree.c(1315): Comp split 1
INFO: dtree.c(1439): stop. leaf nodes are specific
INFO: dtree.c(1478): Final simple tree
|( !QUESTION2_18_L -1 1.202e+02 3.144e+02 7.969e+01
|    ( - 1.223e+02 1 0)
|    ( - 3.123e+02 1 0))
s>    ( !QUESTION2_18_L -1 1.202e+02 3.144e+02 7.969e+01
s>        ( - 1.223e+02 1 0)
s>        ( - 3.123e+02 1 0))INFO: dtree.c(1439): stop. leaf nodes are specific
INFO: dtree.c(1478): Final simple tree
|( WDBNDRY_B 0 2.914e+02 3.682e+02 3.305e+02
|    ( !SILENCE -1 4.425e+02 3.281e+02 1.459e+02
|        ( QUESTION0 -1 9.013e+02 1.942e+02 7.093e+01
|            ( - 5.496e+02 1 0)
|            ( - 5.459e+02 1 0))
|        ( QUESTION0_1_R 1 -1.307e+02 2.146e+02 7.501e+01
|            ( - 1.619e+01 2 0)
|            ( - 6.776e+01 1 0)))
|    ( QUESTION0_1_R 1 2.171e+02 2.863e+02 1.845e+02
|        ( - 1.912e+02 1 0)
|        ( !QUESTION2_19_L -1 3.123e+02 2.030e+02 1.263e+02
|            ( - 2.767e+02 1 0)
|            ( - 2.386e+02 1 0))))
s>    ( WDBNDRY_B 0 2.914e+02 3.682e+02 3.305e+02
s>        ( !SILENCE -1 4.425e+02 3.281e+02 1.459e+02
s>            ( QUESTION0 -1 9.013e+02 1.942e+02 7.093e+01
s>                ( - 5.496e+02 1 0)
s>                ( - 5.459e+02 1 0))
s>            ( QUESTION0_1_R 1 -1.307e+02 2.146e+02 7.501e+01
s>                ( - 1.619e+01 2 0)
s>                ( - 6.776e+01 1 0)))
s>        ( QUESTION0_1_R 1 2.171e+02 2.863e+02 1.845e+02
s>            ( - 1.912e+02 1 0)
s>            ( !QUESTION2_19_L -1 3.123e+02 2.030e+02 1.263e+02
s>                ( - 2.767e+02 1 0)
s>                ( - 2.386e+02 1 0))))INFO: dtree.c(1315): Comp split 2
INFO: dtree.c(1439): stop. leaf nodes are specific
INFO: dtree.c(1478): Final simple tree
|( QUESTION0_3_R 1 -1.208e+03 4.084e+02 1.334e+02
|    ( - 1.283e+02 1 0)
|    ( QUESTION0_1_R 1 -9.281e+02 2.770e+02 1.073e+02
|        ( - -1.048e+02 1 0)
|        ( QUESTION0_5_R 1 -5.463e+02 2.489e+02 7.022e+01
|            ( - -3.745e+01 1 0)
|            ( - -2.600e+02 1 0))))
s>    ( QUESTION0_3_R 1 -1.208e+03 4.084e+02 1.334e+02
s>        ( - 1.283e+02 1 0)
s>        ( QUESTION0_1_R 1 -9.281e+02 2.770e+02 1.073e+02
s>            ( - -1.048e+02 1 0)
s>            ( QUESTION0_5_R 1 -5.463e+02 2.489e+02 7.022e+01
s>                ( - -3.745e+01 1 0)
s>                ( - -2.600e+02 1 0))))INFO: dtree.c(1315): Comp split 3
INFO: dtree.c(1439): stop. leaf nodes are specific
INFO: dtree.c(1478): Final simple tree
|( QUESTION0_1_R 1 -9.281e+02 2.770e+02 1.073e+02
|    ( - -1.048e+02 1 0)
|    ( QUESTION0_5_R 1 -5.463e+02 2.489e+02 7.022e+01
|        ( - -3.745e+01 1 0)
|        ( - -2.600e+02 1 0)))
s>    ( QUESTION0_1_R 1 -9.281e+02 2.770e+02 1.073e+02
s>        ( - -1.048e+02 1 0)
s>        ( QUESTION0_5_R 1 -5.463e+02 2.489e+02 7.022e+01
s>            ( - -3.745e+01 1 0)
s>            ( - -2.600e+02 1 0)))INFO: dtree.c(1315): Comp split 4
INFO: dtree.c(1439): stop. leaf nodes are specific
INFO: dtree.c(1478): Final simple tree
|( !QUESTION0_1_R 1 1.467e+01 2.756e+02 2.365e+02
|    ( !QUESTION2_19_L -1 3.123e+02 2.030e+02 1.263e+02
|        ( - 2.767e+02 1 0)
|        ( - 2.386e+02 1 0))
|    ( !QUESTION2_10_L -1 -2.197e+01 2.294e+02 1.103e+02
|        ( - 1.619e+01 2 0)
|        ( - 1.912e+02 1 0)))
s>    ( !QUESTION0_1_R 1 1.467e+01 2.756e+02 2.365e+02
s>        ( !QUESTION2_19_L -1 3.123e+02 2.030e+02 1.263e+02
s>            ( - 2.767e+02 1 0)
s>            ( - 2.386e+02 1 0))
s>        ( !QUESTION2_10_L -1 -2.197e+01 2.294e+02 1.103e+02
s>            ( - 1.619e+01 2 0)
s>            ( - 1.912e+02 1 0)))INFO: dtree.c(1439): stop. leaf nodes are specific
INFO: dtree.c(1478): Final simple tree
|( QUESTION2_5_L -1 6.757e+02 2.933e+02 9.393e+01
|    ( QUESTION0 -1 9.013e+02 1.942e+02 7.093e+01
|        ( - 5.496e+02 1 0)
|        ( - 5.459e+02 1 0))
|    ( - 6.776e+01 1 0))
s>    ( QUESTION2_5_L -1 6.757e+02 2.933e+02 9.393e+01
s>        ( QUESTION0 -1 9.013e+02 1.942e+02 7.093e+01
s>            ( - 5.496e+02 1 0)
s>            ( - 5.459e+02 1 0))
s>        ( - 6.776e+01 1 0))INFO: dtree.c(1315): Comp split 5
INFO: dtree.c(1315): Comp split 6
INFO: dtree.c(1439): stop. leaf nodes are specific
INFO: dtree.c(1478): Final simple tree
|( QUESTION0 -1 9.013e+02 1.942e+02 7.093e+01
|    ( - 5.496e+02 1 0)
|    ( - 5.459e+02 1 0))
s>    ( QUESTION0 -1 9.013e+02 1.942e+02 7.093e+01
s>        ( - 5.496e+02 1 0)
s>        ( - 5.459e+02 1 0))INFO: dtree.c(1315): Comp split 7
INFO: dtree.c(1439): stop. leaf nodes are specific
INFO: dtree.c(1478): Final simple tree
|( QUESTION0_5_R 1 -5.463e+02 2.489e+02 7.022e+01
|    ( - -3.745e+01 1 0)
|    ( - -2.600e+02 1 0))
s>    ( QUESTION0_5_R 1 -5.463e+02 2.489e+02 7.022e+01
s>        ( - -3.745e+01 1 0)
s>        ( - -2.600e+02 1 0))INFO: dtree.c(1315): Comp split 8
INFO: dtree.c(1439): stop. leaf nodes are specific
INFO: dtree.c(1478): Final simple tree
|( !QUESTION2_10_L -1 -2.197e+01 2.294e+02 1.103e+02
|    ( - 1.619e+01 2 0)
|    ( - 1.912e+02 1 0))
s>    ( !QUESTION2_10_L -1 -2.197e+01 2.294e+02 1.103e+02
s>        ( - 1.619e+01 2 0)
s>        ( - 1.912e+02 1 0))INFO: dtree.c(1439): stop. leaf nodes are specific
INFO: dtree.c(1478): Final simple tree
|( !QUESTION2_19_L -1 3.123e+02 2.030e+02 1.263e+02
|    ( - 2.767e+02 1 0)
|    ( - 2.386e+02 1 0))
s>    ( !QUESTION2_19_L -1 3.123e+02 2.030e+02 1.263e+02
s>        ( - 2.767e+02 1 0)
s>        ( - 2.386e+02 1 0))INFO: dtree.c(1315): Comp split 9
INFO: dtree.c(1315): Comp split 10
INFO: dtree.c(1315): Comp split 11
INFO: dtree.c(1315): Comp split 12
INFO: dtree.c(1315): Comp split 13
INFO: dtree.c(1318): stop. leaf nodes are specific
!!!!!!!!Allocated 66 lines
Sat Mar 30 00:24:03 2013
