INFO: cmd_ln.c(691): Parsing command line:
/usr/libexec/sphinxtrain/bldtree \
	-treefn /home/jerrin/Documents/project/main upload/chakka/trained data builds/tuttorialchakka_1/chakka/trees/chakka.unpruned/AM-0.dtree \
	-moddeffn /home/jerrin/Documents/project/main upload/chakka/trained data builds/tuttorialchakka_1/chakka/model_architecture/chakka.untied.mdef \
	-mixwfn /home/jerrin/Documents/project/main upload/chakka/trained data builds/tuttorialchakka_1/chakka/model_parameters/chakka.cd_cont_untied/mixture_weights \
	-ts2cbfn .cont. \
	-mwfloor 1e-08 \
	-psetfn /home/jerrin/Documents/project/main upload/chakka/trained data builds/tuttorialchakka_1/chakka/model_architecture/chakka.tree_questions \
	-phone AM \
	-state 0 \
	-stwt 1.0,0.05,0.0 \
	-meanfn /home/jerrin/Documents/project/main upload/chakka/trained data builds/tuttorialchakka_1/chakka/model_parameters/chakka.cd_cont_untied/means \
	-varfn /home/jerrin/Documents/project/main upload/chakka/trained data builds/tuttorialchakka_1/chakka/model_parameters/chakka.cd_cont_untied/variances \
	-fullvar no \
	-ssplitmin 1 \
	-ssplitmax 7 \
	-ssplitthr 0 \
	-csplitmin 1 \
	-csplitmax 2000 \
	-csplitthr 0 

Current configuration:
[NAME]		[DEFLT]	[VALUE]
-allphones	no	no
-cntthresh	0.00001	1.000000e-05
-csplitmax	100	2000
-csplitmin	1	1
-csplitthr	8e-4	0.000000e+00
-example	no	no
-fullvar	no	no
-help		no	no
-meanfn			/home/jerrin/Documents/project/main upload/chakka/trained data builds/tuttorialchakka_1/chakka/model_parameters/chakka.cd_cont_untied/means
-mixwfn			/home/jerrin/Documents/project/main upload/chakka/trained data builds/tuttorialchakka_1/chakka/model_parameters/chakka.cd_cont_untied/mixture_weights
-moddeffn		/home/jerrin/Documents/project/main upload/chakka/trained data builds/tuttorialchakka_1/chakka/model_architecture/chakka.untied.mdef
-mwfloor	1e-4	1.000000e-08
-phone			AM
-psetfn			/home/jerrin/Documents/project/main upload/chakka/trained data builds/tuttorialchakka_1/chakka/model_architecture/chakka.tree_questions
-ssplitmax	5	7
-ssplitmin	1	1
-ssplitthr	8e-4	0.000000e+00
-state			0
-stwt			1.0,0.05,0.0,
-treefn			/home/jerrin/Documents/project/main upload/chakka/trained data builds/tuttorialchakka_1/chakka/trees/chakka.unpruned/AM-0.dtree
-ts2cbfn	.semi.	.cont.
-varfloor	0.00001	1.000000e-05
-varfn			/home/jerrin/Documents/project/main upload/chakka/trained data builds/tuttorialchakka_1/chakka/model_parameters/chakka.cd_cont_untied/variances

INFO: main.c(223): Reading: /home/jerrin/Documents/project/main upload/chakka/trained data builds/tuttorialchakka_1/chakka/model_architecture/chakka.untied.mdef
INFO: model_def_io.c(573): Model definition info:
INFO: model_def_io.c(574): 347 total models defined (45 base, 302 tri)
INFO: model_def_io.c(575): 1388 total states
INFO: model_def_io.c(576): 1041 total tied states
INFO: model_def_io.c(577): 135 total tied CI states
INFO: model_def_io.c(578): 45 total tied transition matrices
INFO: model_def_io.c(579): 4 max state/model
INFO: model_def_io.c(580): 4 min state/model
INFO: main.c(242): Building trees for [AM D A e] through [AM Y SS e]
INFO: main.c(268): Covering states |[336 380]| == 45
INFO: main.c(275): Reading: /home/jerrin/Documents/project/main upload/chakka/trained data builds/tuttorialchakka_1/chakka/model_parameters/chakka.cd_cont_untied/mixture_weights
INFO: s3mixw_io.c(172): Read /home/jerrin/Documents/project/main upload/chakka/trained data builds/tuttorialchakka_1/chakka/model_parameters/chakka.cd_cont_untied/mixture_weights [45x1x1 array]
INFO: main.c(311): 15 of 15 models have observation count greater than 0.000010
INFO: main.c(95): nrm stwt: 0.952 0.048 0.000 
INFO: s3gau_io.c(166): Read /home/jerrin/Documents/project/main upload/chakka/trained data builds/tuttorialchakka_1/chakka/model_parameters/chakka.cd_cont_untied/means [1041x1x1 array]
INFO: s3gau_io.c(166): Read /home/jerrin/Documents/project/main upload/chakka/trained data builds/tuttorialchakka_1/chakka/model_parameters/chakka.cd_cont_untied/variances [1041x1x1 array]
INFO: main.c(549): Reading: /home/jerrin/Documents/project/main upload/chakka/trained data builds/tuttorialchakka_1/chakka/model_architecture/chakka.tree_questions
INFO: main.c(587): 174 total simple questions (166 phone; 8 word bndry)
INFO: main.c(589): 40 Left Only questions, and 42 Right Only questions
INFO: dtree.c(1478): Final simple tree
|( QUESTION0 -1 -5.098e+03 2.173e+03 8.590e+02
|    ( WDBNDRY_E 0 -3.230e+03 1.355e+03 6.380e+02
|        ( QUESTION2_13_L -1 -1.980e+03 7.185e+02 5.638e+02
|            ( QUESTION2_16_L -1 -5.622e+02 4.017e+02 2.436e+02
|                ( - 2.624e+02 2 0 SILENCE 1 1.448e+02 6.400e+01)
|                ( SILENCE 1 -4.228e+02 2.855e+02 1.796e+02
|                    ( - -3.370e+02 1 0)
|                    ( - 1.997e+02 2 0 QUESTION0_1_R 1 6.699e+01 5.512e+01)))
|            ( QUESTION14 -1 -6.993e+02 4.895e+02 3.202e+02
|                ( - 4.280e+02 1 0)
|                ( QUESTION0_1_R 1 -6.377e+02 2.631e+02 2.692e+02
|                    ( - -1.229e+01 1 0)
|                    ( - -3.624e+02 5 0 QUESTION6 -1 2.388e+02 1.893e+02))))
|        ( - 1.048e+02 1 0))
|    ( - 3.053e+02 2 0 !SILENCE 1 2.344e+02 2.210e+02))
s>    ( QUESTION0 -1 -5.098e+03 2.173e+03 8.590e+02
s>        ( WDBNDRY_E 0 -3.230e+03 1.355e+03 6.380e+02
s>            ( QUESTION2_13_L -1 -1.980e+03 7.185e+02 5.638e+02
s>                ( QUESTION2_16_L -1 -5.622e+02 4.017e+02 2.436e+02
s>                    ( - 2.624e+02 2 0 SILENCE 1 1.448e+02 6.400e+01)
s>                    ( SILENCE 1 -4.228e+02 2.855e+02 1.796e+02
s>                        ( - -3.370e+02 1 0)
s>                        ( - 1.997e+02 2 0 QUESTION0_1_R 1 6.699e+01 5.512e+01)))
s>                ( QUESTION14 -1 -6.993e+02 4.895e+02 3.202e+02
s>                    ( - 4.280e+02 1 0)
s>                    ( QUESTION0_1_R 1 -6.377e+02 2.631e+02 2.692e+02
s>                        ( - -1.229e+01 1 0)
s>                        ( - -3.624e+02 5 0 QUESTION6 -1 2.388e+02 1.893e+02))))
s>            ( - 1.048e+02 1 0))
s>        ( - 3.053e+02 2 0 !SILENCE 1 2.344e+02 2.210e+02))INFO: dtree.c(1315): Comp split 0
INFO: dtree.c(1439): stop. leaf nodes are specific
INFO: dtree.c(1478): Final simple tree
|( !SILENCE 1 3.053e+02 2.344e+02 2.210e+02
|    ( - 2.204e+02 1 0)
|    ( - 3.193e+02 1 0))
s>    ( !SILENCE 1 3.053e+02 2.344e+02 2.210e+02
s>        ( - 2.204e+02 1 0)
s>        ( - 3.193e+02 1 0))INFO: dtree.c(1478): Final simple tree
|( WDBNDRY_E 0 -3.230e+03 1.355e+03 6.380e+02
|    ( QUESTION2_13_L -1 -1.980e+03 7.185e+02 5.638e+02
|        ( QUESTION2_16_L -1 -5.622e+02 4.017e+02 2.436e+02
|            ( - 2.624e+02 2 0 SILENCE 1 1.448e+02 6.400e+01)
|            ( SILENCE 1 -4.228e+02 2.855e+02 1.796e+02
|                ( - -3.370e+02 1 0)
|                ( - 1.997e+02 2 0 QUESTION0_1_R 1 6.699e+01 5.512e+01)))
|        ( QUESTION14 -1 -6.993e+02 4.895e+02 3.202e+02
|            ( - 4.280e+02 1 0)
|            ( QUESTION0_1_R 1 -6.377e+02 2.631e+02 2.692e+02
|                ( - -1.229e+01 1 0)
|                ( QUESTION6 -1 -3.624e+02 2.388e+02 1.893e+02
|                    ( - -1.379e+02 2 0 SILENCE 1 6.978e+01 6.303e+01)
|                    ( - 1.430e+01 3 0 !QUESTION2_18_L -1 1.665e+02 1.263e+02)))))
|    ( - 1.048e+02 1 0))
s>    ( WDBNDRY_E 0 -3.230e+03 1.355e+03 6.380e+02
s>        ( QUESTION2_13_L -1 -1.980e+03 7.185e+02 5.638e+02
s>            ( QUESTION2_16_L -1 -5.622e+02 4.017e+02 2.436e+02
s>                ( - 2.624e+02 2 0 SILENCE 1 1.448e+02 6.400e+01)
s>                ( SILENCE 1 -4.228e+02 2.855e+02 1.796e+02
s>                    ( - -3.370e+02 1 0)
s>                    ( - 1.997e+02 2 0 QUESTION0_1_R 1 6.699e+01 5.512e+01)))
s>            ( QUESTION14 -1 -6.993e+02 4.895e+02 3.202e+02
s>                ( - 4.280e+02 1 0)
s>                ( QUESTION0_1_R 1 -6.377e+02 2.631e+02 2.692e+02
s>                    ( - -1.229e+01 1 0)
s>                    ( QUESTION6 -1 -3.624e+02 2.388e+02 1.893e+02
s>                        ( - -1.379e+02 2 0 SILENCE 1 6.978e+01 6.303e+01)
s>                        ( - 1.430e+01 3 0 !QUESTION2_18_L -1 1.665e+02 1.263e+02)))))
s>        ( - 1.048e+02 1 0))INFO: dtree.c(1315): Comp split 1
INFO: dtree.c(1478): Final simple tree
|( QUESTION2_13_L -1 -1.980e+03 7.185e+02 5.638e+02
|    ( QUESTION2_16_L -1 -5.622e+02 4.017e+02 2.436e+02
|        ( - 2.624e+02 2 0 SILENCE 1 1.448e+02 6.400e+01)
|        ( SILENCE 1 -4.228e+02 2.855e+02 1.796e+02
|            ( - -3.370e+02 1 0)
|            ( - 1.997e+02 2 0 QUESTION0_1_R 1 6.699e+01 5.512e+01)))
|    ( QUESTION14 -1 -6.993e+02 4.895e+02 3.202e+02
|        ( - 4.280e+02 1 0)
|        ( QUESTION0_1_R 1 -6.377e+02 2.631e+02 2.692e+02
|            ( - -1.229e+01 1 0)
|            ( QUESTION6 -1 -3.624e+02 2.388e+02 1.893e+02
|                ( - -1.379e+02 2 0 SILENCE 1 6.978e+01 6.303e+01)
|                ( !QUESTION2_18_L -1 1.430e+01 1.665e+02 1.263e+02
|                    ( - -2.565e+01 1 0)
|                    ( - 2.065e+02 2 0 SILENCE 1 7.345e+01 6.068e+01))))))
s>    ( QUESTION2_13_L -1 -1.980e+03 7.185e+02 5.638e+02
s>        ( QUESTION2_16_L -1 -5.622e+02 4.017e+02 2.436e+02
s>            ( - 2.624e+02 2 0 SILENCE 1 1.448e+02 6.400e+01)
s>            ( SILENCE 1 -4.228e+02 2.855e+02 1.796e+02
s>                ( - -3.370e+02 1 0)
s>                ( - 1.997e+02 2 0 QUESTION0_1_R 1 6.699e+01 5.512e+01)))
s>        ( QUESTION14 -1 -6.993e+02 4.895e+02 3.202e+02
s>            ( - 4.280e+02 1 0)
s>            ( QUESTION0_1_R 1 -6.377e+02 2.631e+02 2.692e+02
s>                ( - -1.229e+01 1 0)
s>                ( QUESTION6 -1 -3.624e+02 2.388e+02 1.893e+02
s>                    ( - -1.379e+02 2 0 SILENCE 1 6.978e+01 6.303e+01)
s>                    ( !QUESTION2_18_L -1 1.430e+01 1.665e+02 1.263e+02
s>                        ( - -2.565e+01 1 0)
s>                        ( - 2.065e+02 2 0 SILENCE 1 7.345e+01 6.068e+01))))))INFO: dtree.c(1315): Comp split 2
INFO: dtree.c(1439): stop. leaf nodes are specific
INFO: dtree.c(1478): Final simple tree
|( QUESTION0_1_R 1 -6.377e+02 2.631e+02 2.692e+02
|    ( - -1.229e+01 1 0)
|    ( QUESTION6 -1 -3.624e+02 2.388e+02 1.893e+02
|        ( SILENCE 1 -1.379e+02 6.978e+01 6.303e+01
|            ( - 1.600e+00 1 0)
|            ( - -6.973e+01 1 0))
|        ( !QUESTION2_18_L -1 1.430e+01 1.665e+02 1.263e+02
|            ( - -2.565e+01 1 0)
|            ( SILENCE 1 2.065e+02 7.345e+01 6.068e+01
|                ( - 1.502e+02 1 0)
|                ( - 1.297e+02 1 0)))))
s>    ( QUESTION0_1_R 1 -6.377e+02 2.631e+02 2.692e+02
s>        ( - -1.229e+01 1 0)
s>        ( QUESTION6 -1 -3.624e+02 2.388e+02 1.893e+02
s>            ( SILENCE 1 -1.379e+02 6.978e+01 6.303e+01
s>                ( - 1.600e+00 1 0)
s>                ( - -6.973e+01 1 0))
s>            ( !QUESTION2_18_L -1 1.430e+01 1.665e+02 1.263e+02
s>                ( - -2.565e+01 1 0)
s>                ( SILENCE 1 2.065e+02 7.345e+01 6.068e+01
s>                    ( - 1.502e+02 1 0)
s>                    ( - 1.297e+02 1 0)))))INFO: dtree.c(1439): stop. leaf nodes are specific
INFO: dtree.c(1478): Final simple tree
|( !QUESTION1 -1 -4.393e+02 3.760e+02 2.947e+02
|    ( !QUESTION2_18_L -1 -3.256e+02 3.309e+02 2.307e+02
|        ( SILENCE 1 -4.228e+02 2.855e+02 1.796e+02
|            ( - -3.370e+02 1 0)
|            ( QUESTION0_1_R 1 1.997e+02 6.699e+01 5.512e+01
|                ( - 6.913e+01 1 0)
|                ( - 1.976e+02 1 0)))
|        ( - 4.280e+02 1 0))
|    ( SILENCE 1 2.624e+02 1.448e+02 6.400e+01
|        ( - 2.956e+02 1 0)
|        ( - 1.115e+02 1 0)))
s>    ( !QUESTION1 -1 -4.393e+02 3.760e+02 2.947e+02
s>        ( !QUESTION2_18_L -1 -3.256e+02 3.309e+02 2.307e+02
s>            ( SILENCE 1 -4.228e+02 2.855e+02 1.796e+02
s>                ( - -3.370e+02 1 0)
s>                ( QUESTION0_1_R 1 1.997e+02 6.699e+01 5.512e+01
s>                    ( - 6.913e+01 1 0)
s>                    ( - 1.976e+02 1 0)))
s>            ( - 4.280e+02 1 0))
s>        ( SILENCE 1 2.624e+02 1.448e+02 6.400e+01
s>            ( - 2.956e+02 1 0)
s>            ( - 1.115e+02 1 0)))INFO: dtree.c(1315): Comp split 3
INFO: dtree.c(1439): stop. leaf nodes are specific
INFO: dtree.c(1478): Final simple tree
|( SILENCE 1 -4.228e+02 2.855e+02 1.796e+02
|    ( - -3.370e+02 1 0)
|    ( QUESTION0_1_R 1 1.997e+02 6.699e+01 5.512e+01
|        ( - 6.913e+01 1 0)
|        ( - 1.976e+02 1 0)))
s>    ( SILENCE 1 -4.228e+02 2.855e+02 1.796e+02
s>        ( - -3.370e+02 1 0)
s>        ( QUESTION0_1_R 1 1.997e+02 6.699e+01 5.512e+01
s>            ( - 6.913e+01 1 0)
s>            ( - 1.976e+02 1 0)))INFO: dtree.c(1439): stop. leaf nodes are specific
INFO: dtree.c(1478): Final simple tree
|( QUESTION1 -1 3.921e+02 2.982e+02 1.151e+02
|    ( SILENCE 1 2.624e+02 1.448e+02 6.400e+01
|        ( - 2.956e+02 1 0)
|        ( - 1.115e+02 1 0))
|    ( - 4.280e+02 1 0))
s>    ( QUESTION1 -1 3.921e+02 2.982e+02 1.151e+02
s>        ( SILENCE 1 2.624e+02 1.448e+02 6.400e+01
s>            ( - 2.956e+02 1 0)
s>            ( - 1.115e+02 1 0))
s>        ( - 4.280e+02 1 0))INFO: dtree.c(1315): Comp split 4
INFO: dtree.c(1439): stop. leaf nodes are specific
INFO: dtree.c(1478): Final simple tree
|( SILENCE 1 2.624e+02 1.448e+02 6.400e+01
|    ( - 2.956e+02 1 0)
|    ( - 1.115e+02 1 0))
s>    ( SILENCE 1 2.624e+02 1.448e+02 6.400e+01
s>        ( - 2.956e+02 1 0)
s>        ( - 1.115e+02 1 0))INFO: dtree.c(1315): Comp split 5
INFO: dtree.c(1439): stop. leaf nodes are specific
INFO: dtree.c(1478): Final simple tree
|( QUESTION0_1_R 1 1.997e+02 6.699e+01 5.512e+01
|    ( - 6.913e+01 1 0)
|    ( - 1.976e+02 1 0))
s>    ( QUESTION0_1_R 1 1.997e+02 6.699e+01 5.512e+01
s>        ( - 6.913e+01 1 0)
s>        ( - 1.976e+02 1 0))INFO: dtree.c(1315): Comp split 6
INFO: dtree.c(1439): stop. leaf nodes are specific
INFO: dtree.c(1478): Final simple tree
|( QUESTION6 -1 -3.624e+02 2.388e+02 1.893e+02
|    ( SILENCE 1 -1.379e+02 6.978e+01 6.303e+01
|        ( - 1.600e+00 1 0)
|        ( - -6.973e+01 1 0))
|    ( !QUESTION2_18_L -1 1.430e+01 1.665e+02 1.263e+02
|        ( - -2.565e+01 1 0)
|        ( SILENCE 1 2.065e+02 7.345e+01 6.068e+01
|            ( - 1.502e+02 1 0)
|            ( - 1.297e+02 1 0))))
s>    ( QUESTION6 -1 -3.624e+02 2.388e+02 1.893e+02
s>        ( SILENCE 1 -1.379e+02 6.978e+01 6.303e+01
s>            ( - 1.600e+00 1 0)
s>            ( - -6.973e+01 1 0))
s>        ( !QUESTION2_18_L -1 1.430e+01 1.665e+02 1.263e+02
s>            ( - -2.565e+01 1 0)
s>            ( SILENCE 1 2.065e+02 7.345e+01 6.068e+01
s>                ( - 1.502e+02 1 0)
s>                ( - 1.297e+02 1 0))))INFO: dtree.c(1315): Comp split 7
INFO: dtree.c(1439): stop. leaf nodes are specific
INFO: dtree.c(1478): Final simple tree
|( !QUESTION2_18_L -1 1.430e+01 1.665e+02 1.263e+02
|    ( - -2.565e+01 1 0)
|    ( SILENCE 1 2.065e+02 7.345e+01 6.068e+01
|        ( - 1.502e+02 1 0)
|        ( - 1.297e+02 1 0)))
s>    ( !QUESTION2_18_L -1 1.430e+01 1.665e+02 1.263e+02
s>        ( - -2.565e+01 1 0)
s>        ( SILENCE 1 2.065e+02 7.345e+01 6.068e+01
s>            ( - 1.502e+02 1 0)
s>            ( - 1.297e+02 1 0)))INFO: dtree.c(1439): stop. leaf nodes are specific
INFO: dtree.c(1478): Final simple tree
|( SILENCE 1 -1.379e+02 6.978e+01 6.303e+01
|    ( - 1.600e+00 1 0)
|    ( - -6.973e+01 1 0))
s>    ( SILENCE 1 -1.379e+02 6.978e+01 6.303e+01
s>        ( - 1.600e+00 1 0)
s>        ( - -6.973e+01 1 0))INFO: dtree.c(1315): Comp split 8
INFO: dtree.c(1315): Comp split 9
INFO: dtree.c(1439): stop. leaf nodes are specific
INFO: dtree.c(1478): Final simple tree
|( SILENCE 1 2.065e+02 7.345e+01 6.068e+01
|    ( - 1.502e+02 1 0)
|    ( - 1.297e+02 1 0))
s>    ( SILENCE 1 2.065e+02 7.345e+01 6.068e+01
s>        ( - 1.502e+02 1 0)
s>        ( - 1.297e+02 1 0))INFO: dtree.c(1315): Comp split 10
INFO: dtree.c(1315): Comp split 11
INFO: dtree.c(1315): Comp split 12
INFO: dtree.c(1315): Comp split 13
INFO: dtree.c(1315): Comp split 14
INFO: dtree.c(1318): stop. leaf nodes are specific
!!!!!!!!Allocated 66 lines
Sat Mar 30 00:24:00 2013
